#
# A fatal error has been detected by the Java Runtime Environment:
#
#  EXCEPTION_ACCESS_VIOLATION (0xc0000005) at pc=0x00000206c4b99008, pid=31056, tid=30240
#
# JRE version: OpenJDK Runtime Environment Corretto-17.0.2.8.1 (17.0.2+8) (build 17.0.2+8-LTS)
# Java VM: OpenJDK 64-Bit Server VM Corretto-17.0.2.8.1 (17.0.2+8-LTS, mixed mode, sharing, tiered, compressed oops, compressed class ptrs, g1 gc, windows-amd64)
# Problematic frame:
# C  0x00000206c4b99008
#
# No core dump will be written. Minidumps are not enabled by default on client versions of Windows
#
# If you would like to submit a bug report, please visit:
#   https://github.com/corretto/corretto-17/issues/
# The crash happened outside the Java Virtual Machine in native code.
# See problematic frame for where to report the bug.
#

---------------  S U M M A R Y ------------

Command Line: -Djava.library.path=C:\normal\Codes\Code-Java\Rikaishi-Nikui\rikaishi_nikui\minecraft\versions\1.17.1-Fabric 0.11.6/natives/ net.fabricmc.loader.launch.knot.KnotClient --username zhuaidadaya --version 1.17.1-Fabric 0.11.6 --gameDir C:\normal\Codes\Code-Java\Rikaishi-Nikui\rikaishi_nikui\minecraft\versions\1.17.1-Fabric 0.11.6 --assetsDir C:\normal\Codes\Code-Java\Rikaishi-Nikui\rikaishi_nikui\minecraft\assets --assetIndex 1.17 --uuid 9991b809-2687-4902-ad16-8e77a6b88d3f --accessToken 9991b809-2687-4902-ad16-8e77a6b88d3f --userProperties {} --userType Legacy --width 854 --height 480

Host: Intel(R) Core(TM) i5-10600 CPU @ 3.30GHz, 12 cores, 63G,  Windows 10 , 64 bit Build 19041 (10.0.19041.1348)
Time: Sun Mar 13 16:48:16 2022  Windows 10 , 64 bit Build 19041 (10.0.19041.1348) elapsed time: 19.605244 seconds (0d 0h 0m 19s)

---------------  T H R E A D  ---------------

Current thread (0x00000206fb6de1b0):  JavaThread "Render thread" [_thread_in_native, id=30240, stack(0x0000004158600000,0x0000004158700000)]

Stack: [0x0000004158600000,0x0000004158700000],  sp=0x00000041586fe328,  free space=1016k
Native frames: (J=compiled Java code, j=interpreted, Vv=VM code, C=native code)
C  0x00000206c4b99008

Java frames: (J=compiled Java code, j=interpreted, Vv=VM code)
j  org.lwjgl.system.JNI.invokePI(JJ)I+0
j  org.lwjgl.glfw.GLFW.nglfwGetError(J)I+6
j  org.lwjgl.glfw.GLFW.glfwGetError(Lorg/lwjgl/PointerBuffer;)I+15
j  net.minecraft.class_1041.method_4492(Ljava/util/function/BiConsumer;)V+19
j  com.mojang.blaze3d.platform.GLX._initGlfw()Ljava/util/function/LongSupplier;+13
j  com.mojang.blaze3d.systems.RenderSystem.initBackendSystem()Ljava/util/function/LongSupplier;+8
j  net.minecraft.class_310.<init>(Lnet/minecraft/class_542;)V+700
j  net.minecraft.client.main.Main.main([Ljava/lang/String;)V+1224
v  ~StubRoutines::call_stub
j  jdk.internal.reflect.NativeMethodAccessorImpl.invoke0(Ljava/lang/reflect/Method;Ljava/lang/Object;[Ljava/lang/Object;)Ljava/lang/Object;+0 java.base@17.0.2
j  jdk.internal.reflect.NativeMethodAccessorImpl.invoke(Ljava/lang/Object;[Ljava/lang/Object;)Ljava/lang/Object;+133 java.base@17.0.2
j  jdk.internal.reflect.DelegatingMethodAccessorImpl.invoke(Ljava/lang/Object;[Ljava/lang/Object;)Ljava/lang/Object;+6 java.base@17.0.2
j  java.lang.reflect.Method.invoke(Ljava/lang/Object;[Ljava/lang/Object;)Ljava/lang/Object;+59 java.base@17.0.2
j  net.fabricmc.loader.game.MinecraftGameProvider.launch(Ljava/lang/ClassLoader;)V+71
j  net.fabricmc.loader.launch.knot.Knot.launch(Ljava/lang/ClassLoader;)V+23
j  net.fabricmc.loader.launch.knot.KnotClient.main([Ljava/lang/String;)V+39
v  ~StubRoutines::call_stub

siginfo: EXCEPTION_ACCESS_VIOLATION (0xc0000005), data execution prevention violation at address 0x00000206c4b99008


Register to memory mapping:

RIP=0x00000206c4b99008 points into unknown readable memory: 0x0000000000000000 | 00 00 00 00 00 00 00 00
RAX=0x00007ff929f91a60 lwjgl.dll
RBX={method} {0x00000206cb335ea0} 'invokePI' '(JJ)I' in 'org/lwjgl/system/JNI'
RCX=0x00007ff93aad2030 glfw.dll
RDX=0x00000041586fe3d0 is pointing into the stack for thread: 0x00000206fb6de1b0
RSP=0x00000041586fe328 is pointing into the stack for thread: 0x00000206fb6de1b0
RBP=0x00000041586fe3c0 is pointing into the stack for thread: 0x00000206fb6de1b0
RSI=0x00000206be34ef08 is pointing into metadata
RDI=0x0000000000000001 is an unknown value
R8 =0x00007ff93aad2030 glfw.dll
R9 =0x00000206c4b99008 points into unknown readable memory: 0x0000000000000000 | 00 00 00 00 00 00 00 00
R10=0x0000020687a1d5f2 is at code_begin+946 in an Interpreter codelet
method entry point (kind = native)  [0x0000020687a1d240, 0x0000020687a1dbc0]  2432 bytes
R11=0x00000004551cc458 is an oop: java.lang.Class 
{0x00000004551cc458} - klass: 'java/lang/Class'
 - ---- fields (total size 14 words):
 - private volatile transient 'classRedefinedCount' 'I' @12  0
 - private volatile transient 'cachedConstructor' 'Ljava/lang/reflect/Constructor;' @40  NULL (0)
 - private transient 'name' 'Ljava/lang/String;' @44  "org.lwjgl.system.JNI"{0x00000004551cc4d8} (8aa3989b)
 - private transient 'module' 'Ljava/lang/Module;' @48  a 'java/lang/Module'{0x00000004029cfe58} (80539fcb)
 - private final 'classLoader' 'Ljava/lang/ClassLoader;' @52  a 'jdk/internal/loader/ClassLoaders$AppClassLoader'{0x0000000402a6a998} (8054d533)
 - private transient 'classData' 'Ljava/lang/Object;' @56  NULL (0)
 - private transient 'packageName' 'Ljava/lang/String;' @60  "org.lwjgl.system"{0x000000041d287cd0} (83a50f9a)
 - private final 'componentType' 'Ljava/lang/Class;' @64  NULL (0)
 - private volatile transient 'reflectionData' 'Ljava/lang/ref/SoftReference;' @68  NULL (0)
 - private volatile transient 'genericInfo' 'Lsun/reflect/generics/repository/ClassRepository;' @72  NULL (0)
 - private volatile transient 'enumConstants' '[Ljava/lang/Object;' @76  NULL (0)
 - private volatile transient 'enumConstantDirectory' 'Ljava/util/Map;' @80  NULL (0)
 - private volatile transient 'annotationData' 'Ljava/lang/Class$AnnotationData;' @84  NULL (0)
 - private volatile transient 'annotationType' 'Lsun/reflect/annotation/AnnotationType;' @88  NULL (0)
 - transient 'classValueMap' 'Ljava/lang/ClassValue$ClassValueMap;' @92  NULL (0)
 - signature: Lorg/lwjgl/system/JNI;
 - fake entry for mirror: 'org/lwjgl/system/JNI'
 - fake entry for array: NULL
 - fake entry for oop_size: 14
 - fake entry for static_oop_field_count: 0
R12=0x0 is NULL
R13={method} {0x00000206cb335ea0} 'invokePI' '(JJ)I' in 'org/lwjgl/system/JNI'
R14=0x00000041586fe3f8 is pointing into the stack for thread: 0x00000206fb6de1b0
R15=0x00000206fb6de1b0 is a thread


Registers:
RAX=0x00007ff929f91a60, RBX=0x00000206cb335e98, RCX=0x00007ff93aad2030, RDX=0x00000041586fe3d0
RSP=0x00000041586fe328, RBP=0x00000041586fe3c0, RSI=0x00000206be34ef08, RDI=0x0000000000000001
R8 =0x00007ff93aad2030, R9 =0x00000206c4b99008, R10=0x0000020687a1d5f2, R11=0x00000004551cc458
R12=0x0000000000000000, R13=0x00000206cb335e98, R14=0x00000041586fe3f8, R15=0x00000206fb6de1b0
RIP=0x00000206c4b99008, EFLAGS=0x0000000000010206

Top of Stack: (sp=0x00000041586fe328)
0x00000041586fe328:   0000020687a1d621 00000206cb335e98
0x00000041586fe338:   00000041586fe448 0000000000000001
0x00000041586fe348:   0000020687a1d352 00000206cb335e98
0x00000041586fe358:   00000206be34ef08 3ff0000000000000
0x00000041586fe368:   00000206fb6de1b0 0000020687a1d2f6
0x00000041586fe378:   00000041586fe378 00000206cb335e98
0x00000041586fe388:   00000041586fe3f8 00000206cb365c68
0x00000041586fe398:   0000000000000000 00000004551cc458
0x00000041586fe3a8:   00000206cb335e98 0000000000000000
0x00000041586fe3b8:   00000041586fe3e0 00000041586fe448
0x00000041586fe3c8:   0000020687a19612 00000004551cc458
0x00000041586fe3d8:   0000020687a1af76 00000206c4b99008
0x00000041586fe3e8:   0000000000000000 00007ff93aad2030
0x00000041586fe3f8:   0000000000000000 00000041586fe400
0x00000041586fe408:   00000206cab4cbbe 00000041586fe470
0x00000041586fe418:   00000206cab59608 0000000000000000 

Instructions: (pc=0x00000206c4b99008)
0x00000206c4b98f08:   00 00 00 00 00 00 00 00 00 00 00 00 00 00 00 00
0x00000206c4b98f18:   00 00 00 00 00 00 00 00 00 00 00 00 00 00 43 00
0x00000206c4b98f28:   3a 00 5c 00 6e 00 6f 00 72 00 6d 00 61 00 6c 00
0x00000206c4b98f38:   5c 00 43 00 6f 00 64 00 65 00 73 00 5c 00 43 00
0x00000206c4b98f48:   6f 00 64 00 65 00 2d 00 4a 00 61 00 76 00 61 00
0x00000206c4b98f58:   5c 00 52 00 69 00 6b 00 61 00 69 00 73 00 68 00
0x00000206c4b98f68:   69 00 2d 00 4e 00 69 00 6b 00 75 00 69 00 5c 00
0x00000206c4b98f78:   72 00 69 00 6b 00 61 00 69 00 73 00 68 00 69 00
0x00000206c4b98f88:   5f 00 6e 00 69 00 6b 00 75 00 69 00 5c 00 6d 00
0x00000206c4b98f98:   69 00 6e 00 65 00 63 00 72 00 61 00 66 00 74 00
0x00000206c4b98fa8:   5c 00 76 00 65 00 72 00 73 00 69 00 6f 00 6e 00
0x00000206c4b98fb8:   73 00 5c 00 31 00 2e 00 31 00 37 00 2e 00 31 00
0x00000206c4b98fc8:   2d 00 46 00 61 00 62 00 72 00 69 00 63 00 20 00
0x00000206c4b98fd8:   30 00 2e 00 31 00 31 00 2e 00 36 00 5c 00 67 6c
0x00000206c4b98fe8:   66 77 53 65 74 67 67 6c 66 67 6c 66 77 67 6c 66
0x00000206c4b98ff8:   77 47 65 74 50 72 6f 63 41 64 64 72 65 73 73 00
0x00000206c4b99008:   00 00 00 00 00 00 00 00 00 00 00 00 00 00 00 00
0x00000206c4b99018:   5b 79 b3 fe 43 e1 92 00 a0 05 7f bc 06 02 00 00
0x00000206c4b99028:   a0 c2 6b c0 06 02 00 00 a0 05 7f bc 06 02 00 00
0x00000206c4b99038:   a0 c2 6b c0 06 02 00 00 00 00 00 00 00 00 00 00
0x00000206c4b99048:   00 00 00 00 00 00 00 00 00 00 00 00 00 00 00 00
0x00000206c4b99058:   00 00 00 00 00 00 00 00 00 00 00 00 00 00 00 00
0x00000206c4b99068:   00 00 00 00 00 00 00 00 00 00 00 00 00 00 00 00
0x00000206c4b99078:   00 00 00 00 00 00 00 00 00 00 00 00 00 00 00 00
0x00000206c4b99088:   00 00 00 00 00 00 00 00 00 00 00 00 00 00 00 00
0x00000206c4b99098:   00 00 00 00 00 00 00 00 00 00 00 00 00 00 00 00
0x00000206c4b990a8:   00 00 00 00 00 00 00 00 00 00 00 00 00 00 00 00
0x00000206c4b990b8:   00 00 00 00 00 00 00 00 00 00 00 00 00 00 00 00
0x00000206c4b990c8:   00 00 00 00 00 00 00 00 00 00 00 00 00 00 00 00
0x00000206c4b990d8:   00 00 00 00 00 00 00 00 00 00 00 00 00 00 00 00
0x00000206c4b990e8:   00 00 00 00 00 00 00 00 00 00 00 00 00 00 00 00
0x00000206c4b990f8:   00 00 00 00 00 00 00 00 00 00 00 00 00 00 00 00 


Stack slot to memory mapping:
stack at sp + 0 slots: 0x0000020687a1d621 is at code_begin+993 in an Interpreter codelet
method entry point (kind = native)  [0x0000020687a1d240, 0x0000020687a1dbc0]  2432 bytes
stack at sp + 1 slots: {method} {0x00000206cb335ea0} 'invokePI' '(JJ)I' in 'org/lwjgl/system/JNI'
stack at sp + 2 slots: 0x00000041586fe448 is pointing into the stack for thread: 0x00000206fb6de1b0
stack at sp + 3 slots: 0x0000000000000001 is an unknown value
stack at sp + 4 slots: 0x0000020687a1d352 is at code_begin+274 in an Interpreter codelet
method entry point (kind = native)  [0x0000020687a1d240, 0x0000020687a1dbc0]  2432 bytes
stack at sp + 5 slots: {method} {0x00000206cb335ea0} 'invokePI' '(JJ)I' in 'org/lwjgl/system/JNI'
stack at sp + 6 slots: 0x00000206be34ef08 is pointing into metadata
stack at sp + 7 slots: 0x3ff0000000000000 is an unknown value


---------------  P R O C E S S  ---------------

Threads class SMR info:
_java_thread_list=0x00000206c48d8770, length=35, elements={
0x00000206fb6de1b0, 0x00000206ffee59d0, 0x00000206ffee6490, 0x00000206bb3cf850,
0x00000206bb3d0310, 0x00000206bb3d2be0, 0x00000206bb3d34a0, 0x00000206bb3d4090,
0x00000206bb3d7e90, 0x00000206bb3e27b0, 0x00000206bb509ce0, 0x00000206bb513d50,
0x00000206bd09d7c0, 0x00000206bf4f3a10, 0x00000206bf4f6090, 0x00000206bf4f9580,
0x00000206bf4f4880, 0x00000206bf4f73d0, 0x00000206bf4f9a50, 0x00000206bf4f7d70,
0x00000206bf4f9f20, 0x00000206bf4f3ee0, 0x00000206bf4f8240, 0x00000206bf4f43b0,
0x00000206bf4fa3f0, 0x00000206bf4fa8c0, 0x00000206bf4f8be0, 0x00000206bf4f5220,
0x00000206bf4f8710, 0x00000206c4bb68a0, 0x00000206bf4f56f0, 0x00000206c4bb4f50,
0x00000206bf4f90b0, 0x00000206bf4f3070, 0x00000206bd09c950
}

Java Threads: ( => current thread )
=>0x00000206fb6de1b0 JavaThread "Render thread" [_thread_in_native, id=30240, stack(0x0000004158600000,0x0000004158700000)]
  0x00000206ffee59d0 JavaThread "Reference Handler" daemon [_thread_blocked, id=30284, stack(0x0000004158d00000,0x0000004158e00000)]
  0x00000206ffee6490 JavaThread "Finalizer" daemon [_thread_blocked, id=29068, stack(0x0000004158e00000,0x0000004158f00000)]
  0x00000206bb3cf850 JavaThread "Signal Dispatcher" daemon [_thread_blocked, id=29852, stack(0x0000004158f00000,0x0000004159000000)]
  0x00000206bb3d0310 JavaThread "Attach Listener" daemon [_thread_blocked, id=35652, stack(0x0000004159000000,0x0000004159100000)]
  0x00000206bb3d2be0 JavaThread "Service Thread" daemon [_thread_blocked, id=37160, stack(0x0000004159100000,0x0000004159200000)]
  0x00000206bb3d34a0 JavaThread "Monitor Deflation Thread" daemon [_thread_blocked, id=38260, stack(0x0000004159200000,0x0000004159300000)]
  0x00000206bb3d4090 JavaThread "C2 CompilerThread0" daemon [_thread_in_native, id=11384, stack(0x0000004159300000,0x0000004159400000)]
  0x00000206bb3d7e90 JavaThread "C1 CompilerThread0" daemon [_thread_blocked, id=24148, stack(0x0000004159400000,0x0000004159500000)]
  0x00000206bb3e27b0 JavaThread "Sweeper thread" daemon [_thread_blocked, id=1584, stack(0x0000004159500000,0x0000004159600000)]
  0x00000206bb509ce0 JavaThread "Notification Thread" daemon [_thread_blocked, id=25440, stack(0x0000004159600000,0x0000004159700000)]
  0x00000206bb513d50 JavaThread "Common-Cleaner" daemon [_thread_blocked, id=41580, stack(0x0000004159800000,0x0000004159900000)]
  0x00000206bd09d7c0 JavaThread "Worker-Bootstrap-1" daemon [_thread_in_Java, id=5924, stack(0x000000415af00000,0x000000415b000000)]
  0x00000206bf4f3a10 JavaThread "Timer hack thread" daemon [_thread_blocked, id=41336, stack(0x000000415b000000,0x000000415b100000)]
  0x00000206bf4f6090 JavaThread "Snooper Timer" daemon [_thread_blocked, id=25272, stack(0x000000415b100000,0x000000415b200000)]
  0x00000206bf4f9580 JavaThread "Keep-Alive-Timer" daemon [_thread_blocked, id=35596, stack(0x000000415b300000,0x000000415b400000)]
  0x00000206bf4f4880 JavaThread "ForkJoinPool.commonPool-worker-1" daemon [_thread_blocked, id=24796, stack(0x000000415b400000,0x000000415b500000)]
  0x00000206bf4f73d0 JavaThread "ForkJoinPool.commonPool-worker-2" daemon [_thread_blocked, id=12932, stack(0x000000415b500000,0x000000415b600000)]
  0x00000206bf4f9a50 JavaThread "ForkJoinPool.commonPool-worker-3" daemon [_thread_blocked, id=12144, stack(0x000000415b900000,0x000000415ba00000)]
  0x00000206bf4f7d70 JavaThread "ForkJoinPool.commonPool-worker-4" daemon [_thread_blocked, id=34668, stack(0x000000415ba00000,0x000000415bb00000)]
  0x00000206bf4f9f20 JavaThread "ForkJoinPool.commonPool-worker-5" daemon [_thread_blocked, id=23404, stack(0x000000415bb00000,0x000000415bc00000)]
  0x00000206bf4f3ee0 JavaThread "ForkJoinPool.commonPool-worker-7" daemon [_thread_blocked, id=29808, stack(0x000000415bc00000,0x000000415bd00000)]
  0x00000206bf4f8240 JavaThread "ForkJoinPool.commonPool-worker-6" daemon [_thread_blocked, id=43204, stack(0x000000415bd00000,0x000000415be00000)]
  0x00000206bf4f43b0 JavaThread "ForkJoinPool.commonPool-worker-8" daemon [_thread_blocked, id=33392, stack(0x000000415be00000,0x000000415bf00000)]
  0x00000206bf4fa3f0 JavaThread "ForkJoinPool.commonPool-worker-9" daemon [_thread_blocked, id=42224, stack(0x000000415bf00000,0x000000415c000000)]
  0x00000206bf4fa8c0 JavaThread "ForkJoinPool.commonPool-worker-10" daemon [_thread_blocked, id=30636, stack(0x000000415c000000,0x000000415c100000)]
  0x00000206bf4f8be0 JavaThread "ForkJoinPool.commonPool-worker-11" daemon [_thread_blocked, id=19852, stack(0x000000415c100000,0x000000415c200000)]
  0x00000206bf4f5220 JavaThread "CullThread" [_thread_blocked, id=31584, stack(0x000000415c300000,0x000000415c400000)]
  0x00000206bf4f8710 JavaThread "ModMdo sub listener thread" [_thread_blocked, id=43248, stack(0x000000415c400000,0x000000415c500000)]
  0x00000206c4bb68a0 JavaThread "C2 CompilerThread1" daemon [_thread_in_native, id=20404, stack(0x0000004159900000,0x0000004159a00000)]
  0x00000206bf4f56f0 JavaThread "Thread-97" [_thread_blocked, id=17164, stack(0x0000004159a00000,0x0000004159b00000)]
  0x00000206c4bb4f50 JavaThread "C2 CompilerThread2" daemon [_thread_in_native, id=19688, stack(0x000000415c200000,0x000000415c300000)]
  0x00000206bf4f90b0 JavaThread "FileSystemWatchService" daemon [_thread_in_native, id=43684, stack(0x000000415c500000,0x000000415c600000)]
  0x00000206bf4f3070 JavaThread "replaymod-config-watcher" daemon [_thread_blocked, id=22164, stack(0x000000415c600000,0x000000415c700000)]
  0x00000206bd09c950 JavaThread "Thread-100" [_thread_in_native, id=33304, stack(0x000000415c700000,0x000000415c800000)]

Other Threads:
  0x00000206ffede000 VMThread "VM Thread" [stack: 0x0000004158c00000,0x0000004158d00000] [id=19388]
  0x00000206fb7bd220 WatcherThread [stack: 0x0000004159700000,0x0000004159800000] [id=41568]
  0x00000206fb7a8670 GCTaskThread "GC Thread#0" [stack: 0x0000004158700000,0x0000004158800000] [id=22972]
  0x00000206bc88c2a0 GCTaskThread "GC Thread#1" [stack: 0x0000004159b00000,0x0000004159c00000] [id=24560]
  0x00000206bc53cdc0 GCTaskThread "GC Thread#2" [stack: 0x0000004159c00000,0x0000004159d00000] [id=19364]
  0x00000206bc53d070 GCTaskThread "GC Thread#3" [stack: 0x0000004159d00000,0x0000004159e00000] [id=33964]
  0x00000206bc658060 GCTaskThread "GC Thread#4" [stack: 0x0000004159e00000,0x0000004159f00000] [id=33064]
  0x00000206bc880780 GCTaskThread "GC Thread#5" [stack: 0x0000004159f00000,0x000000415a000000] [id=36608]
  0x00000206bc880a30 GCTaskThread "GC Thread#6" [stack: 0x000000415a000000,0x000000415a100000] [id=35292]
  0x00000206bc880ce0 GCTaskThread "GC Thread#7" [stack: 0x000000415a100000,0x000000415a200000] [id=30832]
  0x00000206bc880f90 GCTaskThread "GC Thread#8" [stack: 0x000000415a200000,0x000000415a300000] [id=17040]
  0x00000206bc881240 GCTaskThread "GC Thread#9" [stack: 0x000000415a300000,0x000000415a400000] [id=20552]
  0x00000206fb7b92e0 ConcurrentGCThread "G1 Main Marker" [stack: 0x0000004158800000,0x0000004158900000] [id=16560]
  0x00000206fb7b9aa0 ConcurrentGCThread "G1 Conc#0" [stack: 0x0000004158900000,0x0000004158a00000] [id=30460]
  0x00000206bfe51e60 ConcurrentGCThread "G1 Conc#1" [stack: 0x000000415a900000,0x000000415aa00000] [id=25568]
  0x00000206bfe52110 ConcurrentGCThread "G1 Conc#2" [stack: 0x000000415aa00000,0x000000415ab00000] [id=36352]
  0x00000206ffeb3010 ConcurrentGCThread "G1 Refine#0" [stack: 0x0000004158a00000,0x0000004158b00000] [id=4052]
  0x00000206bcab0640 ConcurrentGCThread "G1 Refine#1" [stack: 0x000000415a400000,0x000000415a500000] [id=17520]
  0x00000206bc8dfd20 ConcurrentGCThread "G1 Refine#2" [stack: 0x000000415a500000,0x000000415a600000] [id=11856]
  0x00000206bc9d92d0 ConcurrentGCThread "G1 Refine#3" [stack: 0x000000415a600000,0x000000415a700000] [id=35036]
  0x00000206bc920530 ConcurrentGCThread "G1 Refine#4" [stack: 0x000000415a700000,0x000000415a800000] [id=31536]
  0x00000206bc773e90 ConcurrentGCThread "G1 Refine#5" [stack: 0x000000415a800000,0x000000415a900000] [id=34732]
  0x00000206bd01b860 ConcurrentGCThread "G1 Refine#6" [stack: 0x000000415ab00000,0x000000415ac00000] [id=28028]
  0x00000206bd3f9b00 ConcurrentGCThread "G1 Refine#7" [stack: 0x000000415b600000,0x000000415b700000] [id=31552]
  0x00000206beb12a10 ConcurrentGCThread "G1 Refine#8" [stack: 0x000000415b700000,0x000000415b800000] [id=35844]
  0x00000206bfe79890 ConcurrentGCThread "G1 Refine#9" [stack: 0x000000415b800000,0x000000415b900000] [id=43048]
  0x00000206ffeb37e0 ConcurrentGCThread "G1 Service" [stack: 0x0000004158b00000,0x0000004158c00000] [id=37052]

Threads with active compile tasks:
C2 CompilerThread0    19645 11555       4       jdk.internal.jimage.BasicImageReader::verifyLocation (39 bytes)
C2 CompilerThread1    19645 11351 %     4       org.objectweb.asm.ClassReader::readCode @ 1738 (5109 bytes)
C2 CompilerThread2    19645 11532       4       com.google.gson.internal.bind.TypeAdapters$16::read (38 bytes)

VM state: not at safepoint (normal execution)

VM Mutex/Monitor currently owned by a thread: None

Heap address: 0x0000000402000000, size: 16352 MB, Compressed Oops mode: Zero based, Oop shift amount: 3

CDS archive(s) mapped at: [0x0000000800000000-0x0000000800bc0000-0x0000000800bc0000), size 12320768, SharedBaseAddress: 0x0000000800000000, ArchiveRelocationMode: 0.
Compressed class space mapped at: 0x0000000800c00000-0x0000000840c00000, reserved size: 1073741824
Narrow klass base: 0x0000000800000000, Narrow klass shift: 0, Narrow klass range: 0x100000000

GC Precious Log:
 CPUs: 12 total, 12 available
 Memory: 65398M
 Large Page Support: Disabled
 NUMA Support: Disabled
 Compressed Oops: Enabled (Zero based)
 Heap Region Size: 8M
 Heap Min Capacity: 8M
 Heap Initial Capacity: 1G
 Heap Max Capacity: 16352M
 Pre-touch: Disabled
 Parallel Workers: 10
 Concurrent Workers: 3
 Concurrent Refinement Workers: 10
 Periodic GC: Disabled

Heap:
 garbage-first heap   total 1695744K, used 703798K [0x0000000402000000, 0x0000000800000000)
  region size 8192K, 49 young (401408K), 6 survivors (49152K)
 Metaspace       used 70225K, committed 70848K, reserved 1114112K
  class space    used 9954K, committed 10240K, reserved 1048576K

Heap Regions: E=young(eden), S=young(survivor), O=old, HS=humongous(starts), HC=humongous(continues), CS=collection set, F=free, OA=open archive, CA=closed archive, TAMS=top-at-mark-start (previous, next)
|   0|0x0000000402000000, 0x0000000402800000, 0x0000000402800000|100%| O|  |TAMS 0x0000000402800000, 0x0000000402000000| Untracked 
|   1|0x0000000402800000, 0x0000000403000000, 0x0000000403000000|100%| O|  |TAMS 0x0000000403000000, 0x0000000402800000| Untracked 
|   2|0x0000000403000000, 0x0000000403800000, 0x0000000403800000|100%| O|  |TAMS 0x0000000403800000, 0x0000000403000000| Untracked 
|   3|0x0000000403800000, 0x0000000404000000, 0x0000000404000000|100%| O|  |TAMS 0x0000000404000000, 0x0000000403800000| Untracked 
|   4|0x0000000404000000, 0x0000000404800000, 0x0000000404800000|100%| O|  |TAMS 0x0000000404800000, 0x0000000404000000| Untracked 
|   5|0x0000000404800000, 0x0000000405000000, 0x0000000405000000|100%| O|  |TAMS 0x0000000405000000, 0x0000000404800000| Untracked 
|   6|0x0000000405000000, 0x0000000405800000, 0x0000000405800000|100%| O|  |TAMS 0x0000000405800000, 0x0000000405000000| Untracked 
|   7|0x0000000405800000, 0x0000000406000000, 0x0000000406000000|100%|HS|  |TAMS 0x0000000406000000, 0x0000000405800000| Complete 
|   8|0x0000000406000000, 0x0000000406800000, 0x0000000406800000|100%| O|  |TAMS 0x0000000406800000, 0x0000000406000000| Untracked 
|   9|0x0000000406800000, 0x0000000407000000, 0x0000000407000000|100%| O|  |TAMS 0x0000000407000000, 0x0000000406800000| Untracked 
|  10|0x0000000407000000, 0x0000000407800000, 0x0000000407800000|100%| O|  |TAMS 0x0000000407800000, 0x0000000407000000| Untracked 
|  11|0x0000000407800000, 0x0000000407d97800, 0x0000000408000000| 69%| O|  |TAMS 0x0000000407d97800, 0x0000000407800000| Untracked 
|  12|0x0000000408000000, 0x0000000408000000, 0x0000000408800000|  0%| F|  |TAMS 0x0000000408000000, 0x0000000408000000| Untracked 
|  13|0x0000000408800000, 0x0000000408800000, 0x0000000409000000|  0%| F|  |TAMS 0x0000000408800000, 0x0000000408800000| Untracked 
|  14|0x0000000409000000, 0x0000000409000000, 0x0000000409800000|  0%| F|  |TAMS 0x0000000409000000, 0x0000000409000000| Untracked 
|  15|0x0000000409800000, 0x0000000409800000, 0x000000040a000000|  0%| F|  |TAMS 0x0000000409800000, 0x0000000409800000| Untracked 
|  16|0x000000040a000000, 0x000000040a000000, 0x000000040a800000|  0%| F|  |TAMS 0x000000040a000000, 0x000000040a000000| Untracked 
|  17|0x000000040a800000, 0x000000040b000000, 0x000000040b000000|100%| O|  |TAMS 0x000000040b000000, 0x000000040a800000| Untracked 
|  18|0x000000040b000000, 0x000000040b800000, 0x000000040b800000|100%| O|  |TAMS 0x000000040b800000, 0x000000040b000000| Untracked 
|  19|0x000000040b800000, 0x000000040c000000, 0x000000040c000000|100%| O|  |TAMS 0x000000040c000000, 0x000000040b800000| Untracked 
|  20|0x000000040c000000, 0x000000040c800000, 0x000000040c800000|100%| O|  |TAMS 0x000000040c800000, 0x000000040c000000| Untracked 
|  21|0x000000040c800000, 0x000000040d000000, 0x000000040d000000|100%| O|  |TAMS 0x000000040d000000, 0x000000040c800000| Untracked 
|  22|0x000000040d000000, 0x000000040d800000, 0x000000040d800000|100%| O|  |TAMS 0x000000040d800000, 0x000000040d000000| Untracked 
|  23|0x000000040d800000, 0x000000040e000000, 0x000000040e000000|100%| O|  |TAMS 0x000000040e000000, 0x000000040d800000| Untracked 
|  24|0x000000040e000000, 0x000000040e000000, 0x000000040e800000|  0%| F|  |TAMS 0x000000040e000000, 0x000000040e000000| Untracked 
|  25|0x000000040e800000, 0x000000040e800000, 0x000000040f000000|  0%| F|  |TAMS 0x000000040e800000, 0x000000040e800000| Untracked 
|  26|0x000000040f000000, 0x000000040f000000, 0x000000040f800000|  0%| F|  |TAMS 0x000000040f000000, 0x000000040f000000| Untracked 
|  27|0x000000040f800000, 0x000000040f800000, 0x0000000410000000|  0%| F|  |TAMS 0x000000040f800000, 0x000000040f800000| Untracked 
|  28|0x0000000410000000, 0x0000000410000000, 0x0000000410800000|  0%| F|  |TAMS 0x0000000410000000, 0x0000000410000000| Untracked 
|  29|0x0000000410800000, 0x0000000411000000, 0x0000000411000000|100%| O|  |TAMS 0x0000000411000000, 0x0000000410800000| Untracked 
|  30|0x0000000411000000, 0x0000000411800000, 0x0000000411800000|100%| O|  |TAMS 0x0000000411800000, 0x0000000411000000| Untracked 
|  31|0x0000000411800000, 0x0000000412000000, 0x0000000412000000|100%| O|  |TAMS 0x0000000412000000, 0x0000000411800000| Untracked 
|  32|0x0000000412000000, 0x00000004126c2a00, 0x0000000412800000| 84%| O|  |TAMS 0x00000004126c2a00, 0x0000000412000000| Untracked 
|  33|0x0000000412800000, 0x0000000412800000, 0x0000000413000000|  0%| F|  |TAMS 0x0000000412800000, 0x0000000412800000| Untracked 
|  34|0x0000000413000000, 0x0000000413000000, 0x0000000413800000|  0%| F|  |TAMS 0x0000000413000000, 0x0000000413000000| Untracked 
|  35|0x0000000413800000, 0x0000000413800000, 0x0000000414000000|  0%| F|  |TAMS 0x0000000413800000, 0x0000000413800000| Untracked 
|  36|0x0000000414000000, 0x0000000414000000, 0x0000000414800000|  0%| F|  |TAMS 0x0000000414000000, 0x0000000414000000| Untracked 
|  37|0x0000000414800000, 0x0000000414800000, 0x0000000415000000|  0%| F|  |TAMS 0x0000000414800000, 0x0000000414800000| Untracked 
|  38|0x0000000415000000, 0x0000000415000000, 0x0000000415800000|  0%| F|  |TAMS 0x0000000415000000, 0x0000000415000000| Untracked 
|  39|0x0000000415800000, 0x0000000415800000, 0x0000000416000000|  0%| F|  |TAMS 0x0000000415800000, 0x0000000415800000| Untracked 
|  40|0x0000000416000000, 0x0000000416000000, 0x0000000416800000|  0%| F|  |TAMS 0x0000000416000000, 0x0000000416000000| Untracked 
|  41|0x0000000416800000, 0x0000000416800000, 0x0000000417000000|  0%| F|  |TAMS 0x0000000416800000, 0x0000000416800000| Untracked 
|  42|0x0000000417000000, 0x0000000417000000, 0x0000000417800000|  0%| F|  |TAMS 0x0000000417000000, 0x0000000417000000| Untracked 
|  43|0x0000000417800000, 0x0000000417ce2c58, 0x0000000418000000| 61%| S|CS|TAMS 0x0000000417800000, 0x0000000417800000| Complete 
|  44|0x0000000418000000, 0x0000000418800000, 0x0000000418800000|100%| S|CS|TAMS 0x0000000418000000, 0x0000000418000000| Complete 
|  45|0x0000000418800000, 0x0000000419000000, 0x0000000419000000|100%| S|CS|TAMS 0x0000000418800000, 0x0000000418800000| Complete 
|  46|0x0000000419000000, 0x0000000419000000, 0x0000000419800000|  0%| F|  |TAMS 0x0000000419000000, 0x0000000419000000| Untracked 
|  47|0x0000000419800000, 0x0000000419800000, 0x000000041a000000|  0%| F|  |TAMS 0x0000000419800000, 0x0000000419800000| Untracked 
|  48|0x000000041a000000, 0x000000041a636400, 0x000000041a800000| 77%| O|  |TAMS 0x000000041a636400, 0x000000041a000000| Complete 
|  49|0x000000041a800000, 0x000000041b000000, 0x000000041b000000|100%|HS|  |TAMS 0x000000041b000000, 0x000000041a800000| Complete 
|  50|0x000000041b000000, 0x000000041b800000, 0x000000041b800000|100%|HC|  |TAMS 0x000000041b800000, 0x000000041b000000| Complete 
|  51|0x000000041b800000, 0x000000041c000000, 0x000000041c000000|100%| O|  |TAMS 0x000000041c000000, 0x000000041b800000| Untracked 
|  52|0x000000041c000000, 0x000000041c800000, 0x000000041c800000|100%| O|  |TAMS 0x000000041c800000, 0x000000041c000000| Untracked 
|  53|0x000000041c800000, 0x000000041d000000, 0x000000041d000000|100%| O|  |TAMS 0x000000041d000000, 0x000000041c800000| Untracked 
|  54|0x000000041d000000, 0x000000041d800000, 0x000000041d800000|100%| O|  |TAMS 0x000000041d800000, 0x000000041d000000| Untracked 
|  55|0x000000041d800000, 0x000000041e000000, 0x000000041e000000|100%| O|  |TAMS 0x000000041e000000, 0x000000041d800000| Untracked 
|  56|0x000000041e000000, 0x000000041e800000, 0x000000041e800000|100%| O|  |TAMS 0x000000041e800000, 0x000000041e000000| Untracked 
|  57|0x000000041e800000, 0x000000041e800000, 0x000000041f000000|  0%| F|  |TAMS 0x000000041e800000, 0x000000041e800000| Untracked 
|  58|0x000000041f000000, 0x000000041f800000, 0x000000041f800000|100%| S|CS|TAMS 0x000000041f000000, 0x000000041f000000| Complete 
|  59|0x000000041f800000, 0x0000000420000000, 0x0000000420000000|100%| S|CS|TAMS 0x000000041f800000, 0x000000041f800000| Complete 
|  60|0x0000000420000000, 0x0000000420800000, 0x0000000420800000|100%| S|CS|TAMS 0x0000000420000000, 0x0000000420000000| Complete 
|  61|0x0000000420800000, 0x0000000420800000, 0x0000000421000000|  0%| F|  |TAMS 0x0000000420800000, 0x0000000420800000| Untracked 
|  62|0x0000000421000000, 0x0000000421000000, 0x0000000421800000|  0%| F|  |TAMS 0x0000000421000000, 0x0000000421000000| Untracked 
|  63|0x0000000421800000, 0x0000000421800000, 0x0000000422000000|  0%| F|  |TAMS 0x0000000421800000, 0x0000000421800000| Untracked 
|  64|0x0000000422000000, 0x0000000422000000, 0x0000000422800000|  0%| F|  |TAMS 0x0000000422000000, 0x0000000422000000| Untracked 
|  65|0x0000000422800000, 0x0000000422800000, 0x0000000423000000|  0%| F|  |TAMS 0x0000000422800000, 0x0000000422800000| Untracked 
|  66|0x0000000423000000, 0x0000000423000000, 0x0000000423800000|  0%| F|  |TAMS 0x0000000423000000, 0x0000000423000000| Untracked 
|  67|0x0000000423800000, 0x0000000423800000, 0x0000000424000000|  0%| F|  |TAMS 0x0000000423800000, 0x0000000423800000| Untracked 
|  68|0x0000000424000000, 0x0000000424000000, 0x0000000424800000|  0%| F|  |TAMS 0x0000000424000000, 0x0000000424000000| Untracked 
|  69|0x0000000424800000, 0x0000000424800000, 0x0000000425000000|  0%| F|  |TAMS 0x0000000424800000, 0x0000000424800000| Untracked 
|  70|0x0000000425000000, 0x0000000425000000, 0x0000000425800000|  0%| F|  |TAMS 0x0000000425000000, 0x0000000425000000| Untracked 
|  71|0x0000000425800000, 0x0000000426000000, 0x0000000426000000|100%| O|  |TAMS 0x0000000426000000, 0x0000000425800000| Untracked 
|  72|0x0000000426000000, 0x0000000426800000, 0x0000000426800000|100%| O|  |TAMS 0x0000000426800000, 0x0000000426000000| Untracked 
|  73|0x0000000426800000, 0x0000000427000000, 0x0000000427000000|100%| O|  |TAMS 0x0000000427000000, 0x0000000426800000| Untracked 
|  74|0x0000000427000000, 0x0000000427800000, 0x0000000427800000|100%| O|  |TAMS 0x0000000427800000, 0x0000000427000000| Untracked 
|  75|0x0000000427800000, 0x0000000428000000, 0x0000000428000000|100%| O|  |TAMS 0x0000000428000000, 0x0000000427800000| Untracked 
|  76|0x0000000428000000, 0x0000000428800000, 0x0000000428800000|100%| O|  |TAMS 0x0000000428800000, 0x0000000428000000| Untracked 
|  77|0x0000000428800000, 0x0000000428fda600, 0x0000000429000000| 98%| O|  |TAMS 0x0000000428fda600, 0x0000000428800000| Untracked 
|  78|0x0000000429000000, 0x0000000429000000, 0x0000000429800000|  0%| F|  |TAMS 0x0000000429000000, 0x0000000429000000| Untracked 
|  79|0x0000000429800000, 0x0000000429800000, 0x000000042a000000|  0%| F|  |TAMS 0x0000000429800000, 0x0000000429800000| Untracked 
|  80|0x000000042a000000, 0x000000042a000000, 0x000000042a800000|  0%| F|  |TAMS 0x000000042a000000, 0x000000042a000000| Untracked 
|  81|0x000000042a800000, 0x000000042a800000, 0x000000042b000000|  0%| F|  |TAMS 0x000000042a800000, 0x000000042a800000| Untracked 
|  82|0x000000042b000000, 0x000000042b000000, 0x000000042b800000|  0%| F|  |TAMS 0x000000042b000000, 0x000000042b000000| Untracked 
|  83|0x000000042b800000, 0x000000042b800000, 0x000000042c000000|  0%| F|  |TAMS 0x000000042b800000, 0x000000042b800000| Untracked 
|  84|0x000000042c000000, 0x000000042c000000, 0x000000042c800000|  0%| F|  |TAMS 0x000000042c000000, 0x000000042c000000| Untracked 
|  85|0x000000042c800000, 0x000000042c800000, 0x000000042d000000|  0%| F|  |TAMS 0x000000042c800000, 0x000000042c800000| Untracked 
|  86|0x000000042d000000, 0x000000042d000000, 0x000000042d800000|  0%| F|  |TAMS 0x000000042d000000, 0x000000042d000000| Untracked 
|  87|0x000000042d800000, 0x000000042d800000, 0x000000042e000000|  0%| F|  |TAMS 0x000000042d800000, 0x000000042d800000| Untracked 
|  88|0x000000042e000000, 0x000000042e000000, 0x000000042e800000|  0%| F|  |TAMS 0x000000042e000000, 0x000000042e000000| Untracked 
|  89|0x000000042e800000, 0x000000042e800000, 0x000000042f000000|  0%| F|  |TAMS 0x000000042e800000, 0x000000042e800000| Untracked 
|  90|0x000000042f000000, 0x000000042f000000, 0x000000042f800000|  0%| F|  |TAMS 0x000000042f000000, 0x000000042f000000| Untracked 
|  91|0x000000042f800000, 0x000000042f800000, 0x0000000430000000|  0%| F|  |TAMS 0x000000042f800000, 0x000000042f800000| Untracked 
|  92|0x0000000430000000, 0x0000000430000000, 0x0000000430800000|  0%| F|  |TAMS 0x0000000430000000, 0x0000000430000000| Untracked 
|  93|0x0000000430800000, 0x0000000430800000, 0x0000000431000000|  0%| F|  |TAMS 0x0000000430800000, 0x0000000430800000| Untracked 
|  94|0x0000000431000000, 0x0000000431000000, 0x0000000431800000|  0%| F|  |TAMS 0x0000000431000000, 0x0000000431000000| Untracked 
|  95|0x0000000431800000, 0x0000000431800000, 0x0000000432000000|  0%| F|  |TAMS 0x0000000431800000, 0x0000000431800000| Untracked 
|  96|0x0000000432000000, 0x0000000432000000, 0x0000000432800000|  0%| F|  |TAMS 0x0000000432000000, 0x0000000432000000| Untracked 
|  97|0x0000000432800000, 0x0000000432800000, 0x0000000433000000|  0%| F|  |TAMS 0x0000000432800000, 0x0000000432800000| Untracked 
|  98|0x0000000433000000, 0x0000000433000000, 0x0000000433800000|  0%| F|  |TAMS 0x0000000433000000, 0x0000000433000000| Untracked 
|  99|0x0000000433800000, 0x0000000433800000, 0x0000000434000000|  0%| F|  |TAMS 0x0000000433800000, 0x0000000433800000| Untracked 
| 100|0x0000000434000000, 0x0000000434000000, 0x0000000434800000|  0%| F|  |TAMS 0x0000000434000000, 0x0000000434000000| Untracked 
| 101|0x0000000434800000, 0x0000000434800000, 0x0000000435000000|  0%| F|  |TAMS 0x0000000434800000, 0x0000000434800000| Untracked 
| 102|0x0000000435000000, 0x0000000435000000, 0x0000000435800000|  0%| F|  |TAMS 0x0000000435000000, 0x0000000435000000| Untracked 
| 103|0x0000000435800000, 0x0000000435800000, 0x0000000436000000|  0%| F|  |TAMS 0x0000000435800000, 0x0000000435800000| Untracked 
| 104|0x0000000436000000, 0x0000000436000000, 0x0000000436800000|  0%| F|  |TAMS 0x0000000436000000, 0x0000000436000000| Untracked 
| 105|0x0000000436800000, 0x0000000436800000, 0x0000000437000000|  0%| F|  |TAMS 0x0000000436800000, 0x0000000436800000| Untracked 
| 106|0x0000000437000000, 0x0000000437000000, 0x0000000437800000|  0%| F|  |TAMS 0x0000000437000000, 0x0000000437000000| Untracked 
| 107|0x0000000437800000, 0x0000000437800000, 0x0000000438000000|  0%| F|  |TAMS 0x0000000437800000, 0x0000000437800000| Untracked 
| 108|0x0000000438000000, 0x0000000438000000, 0x0000000438800000|  0%| F|  |TAMS 0x0000000438000000, 0x0000000438000000| Untracked 
| 109|0x0000000438800000, 0x0000000438800000, 0x0000000439000000|  0%| F|  |TAMS 0x0000000438800000, 0x0000000438800000| Untracked 
| 110|0x0000000439000000, 0x0000000439000000, 0x0000000439800000|  0%| F|  |TAMS 0x0000000439000000, 0x0000000439000000| Untracked 
| 111|0x0000000439800000, 0x0000000439800000, 0x000000043a000000|  0%| F|  |TAMS 0x0000000439800000, 0x0000000439800000| Untracked 
| 112|0x000000043a000000, 0x000000043a000000, 0x000000043a800000|  0%| F|  |TAMS 0x000000043a000000, 0x000000043a000000| Untracked 
| 113|0x000000043a800000, 0x000000043a800000, 0x000000043b000000|  0%| F|  |TAMS 0x000000043a800000, 0x000000043a800000| Untracked 
| 114|0x000000043b000000, 0x000000043b000000, 0x000000043b800000|  0%| F|  |TAMS 0x000000043b000000, 0x000000043b000000| Untracked 
| 115|0x000000043b800000, 0x000000043b800000, 0x000000043c000000|  0%| F|  |TAMS 0x000000043b800000, 0x000000043b800000| Untracked 
| 116|0x000000043c000000, 0x000000043c000000, 0x000000043c800000|  0%| F|  |TAMS 0x000000043c000000, 0x000000043c000000| Untracked 
| 117|0x000000043c800000, 0x000000043c800000, 0x000000043d000000|  0%| F|  |TAMS 0x000000043c800000, 0x000000043c800000| Untracked 
| 118|0x000000043d000000, 0x000000043d000000, 0x000000043d800000|  0%| F|  |TAMS 0x000000043d000000, 0x000000043d000000| Untracked 
| 119|0x000000043d800000, 0x000000043d800000, 0x000000043e000000|  0%| F|  |TAMS 0x000000043d800000, 0x000000043d800000| Untracked 
| 120|0x000000043e000000, 0x000000043e000000, 0x000000043e800000|  0%| F|  |TAMS 0x000000043e000000, 0x000000043e000000| Untracked 
| 121|0x000000043e800000, 0x000000043e800000, 0x000000043f000000|  0%| F|  |TAMS 0x000000043e800000, 0x000000043e800000| Untracked 
| 122|0x000000043f000000, 0x000000043f000000, 0x000000043f800000|  0%| F|  |TAMS 0x000000043f000000, 0x000000043f000000| Untracked 
| 123|0x000000043f800000, 0x000000043f800000, 0x0000000440000000|  0%| F|  |TAMS 0x000000043f800000, 0x000000043f800000| Untracked 
| 124|0x0000000440000000, 0x0000000440000000, 0x0000000440800000|  0%| F|  |TAMS 0x0000000440000000, 0x0000000440000000| Untracked 
| 125|0x0000000440800000, 0x0000000440800000, 0x0000000441000000|  0%| F|  |TAMS 0x0000000440800000, 0x0000000440800000| Untracked 
| 126|0x0000000441000000, 0x0000000441000000, 0x0000000441800000|  0%| F|  |TAMS 0x0000000441000000, 0x0000000441000000| Untracked 
| 127|0x0000000441800000, 0x0000000441800000, 0x0000000442000000|  0%| F|  |TAMS 0x0000000441800000, 0x0000000441800000| Untracked 
| 128|0x0000000442000000, 0x0000000442000000, 0x0000000442800000|  0%| F|  |TAMS 0x0000000442000000, 0x0000000442000000| Untracked 
| 129|0x0000000442800000, 0x0000000442800000, 0x0000000443000000|  0%| F|  |TAMS 0x0000000442800000, 0x0000000442800000| Untracked 
| 130|0x0000000443000000, 0x0000000443000000, 0x0000000443800000|  0%| F|  |TAMS 0x0000000443000000, 0x0000000443000000| Untracked 
| 131|0x0000000443800000, 0x0000000443800000, 0x0000000444000000|  0%| F|  |TAMS 0x0000000443800000, 0x0000000443800000| Untracked 
| 132|0x0000000444000000, 0x0000000444000000, 0x0000000444800000|  0%| F|  |TAMS 0x0000000444000000, 0x0000000444000000| Untracked 
| 133|0x0000000444800000, 0x0000000444800000, 0x0000000445000000|  0%| F|  |TAMS 0x0000000444800000, 0x0000000444800000| Untracked 
| 134|0x0000000445000000, 0x0000000445000000, 0x0000000445800000|  0%| F|  |TAMS 0x0000000445000000, 0x0000000445000000| Untracked 
| 135|0x0000000445800000, 0x0000000445800000, 0x0000000446000000|  0%| F|  |TAMS 0x0000000445800000, 0x0000000445800000| Untracked 
| 136|0x0000000446000000, 0x0000000446000000, 0x0000000446800000|  0%| F|  |TAMS 0x0000000446000000, 0x0000000446000000| Untracked 
| 137|0x0000000446800000, 0x0000000446800000, 0x0000000447000000|  0%| F|  |TAMS 0x0000000446800000, 0x0000000446800000| Untracked 
| 138|0x0000000447000000, 0x0000000447000000, 0x0000000447800000|  0%| F|  |TAMS 0x0000000447000000, 0x0000000447000000| Untracked 
| 139|0x0000000447800000, 0x0000000447800000, 0x0000000448000000|  0%| F|  |TAMS 0x0000000447800000, 0x0000000447800000| Untracked 
| 140|0x0000000448000000, 0x0000000448000000, 0x0000000448800000|  0%| F|  |TAMS 0x0000000448000000, 0x0000000448000000| Untracked 
| 141|0x0000000448800000, 0x0000000448800000, 0x0000000449000000|  0%| F|  |TAMS 0x0000000448800000, 0x0000000448800000| Untracked 
| 142|0x0000000449000000, 0x0000000449000000, 0x0000000449800000|  0%| F|  |TAMS 0x0000000449000000, 0x0000000449000000| Untracked 
| 143|0x0000000449800000, 0x0000000449800000, 0x000000044a000000|  0%| F|  |TAMS 0x0000000449800000, 0x0000000449800000| Untracked 
| 144|0x000000044a000000, 0x000000044a000000, 0x000000044a800000|  0%| F|  |TAMS 0x000000044a000000, 0x000000044a000000| Untracked 
| 145|0x000000044a800000, 0x000000044a800000, 0x000000044b000000|  0%| F|  |TAMS 0x000000044a800000, 0x000000044a800000| Untracked 
| 146|0x000000044b000000, 0x000000044b000000, 0x000000044b800000|  0%| F|  |TAMS 0x000000044b000000, 0x000000044b000000| Untracked 
| 147|0x000000044b800000, 0x000000044b800000, 0x000000044c000000|  0%| F|  |TAMS 0x000000044b800000, 0x000000044b800000| Untracked 
| 148|0x000000044c000000, 0x000000044c000000, 0x000000044c800000|  0%| F|  |TAMS 0x000000044c000000, 0x000000044c000000| Untracked 
| 149|0x000000044c800000, 0x000000044c800000, 0x000000044d000000|  0%| F|  |TAMS 0x000000044c800000, 0x000000044c800000| Untracked 
| 150|0x000000044d000000, 0x000000044d000000, 0x000000044d800000|  0%| F|  |TAMS 0x000000044d000000, 0x000000044d000000| Untracked 
| 151|0x000000044d800000, 0x000000044d800000, 0x000000044e000000|  0%| F|  |TAMS 0x000000044d800000, 0x000000044d800000| Untracked 
| 152|0x000000044e000000, 0x000000044e000000, 0x000000044e800000|  0%| F|  |TAMS 0x000000044e000000, 0x000000044e000000| Untracked 
| 153|0x000000044e800000, 0x000000044e800000, 0x000000044f000000|  0%| F|  |TAMS 0x000000044e800000, 0x000000044e800000| Untracked 
| 154|0x000000044f000000, 0x000000044f000000, 0x000000044f800000|  0%| F|  |TAMS 0x000000044f000000, 0x000000044f000000| Untracked 
| 155|0x000000044f800000, 0x000000044f800000, 0x0000000450000000|  0%| F|  |TAMS 0x000000044f800000, 0x000000044f800000| Untracked 
| 156|0x0000000450000000, 0x0000000450000000, 0x0000000450800000|  0%| F|  |TAMS 0x0000000450000000, 0x0000000450000000| Untracked 
| 157|0x0000000450800000, 0x0000000450800000, 0x0000000451000000|  0%| F|  |TAMS 0x0000000450800000, 0x0000000450800000| Untracked 
| 158|0x0000000451000000, 0x0000000451000000, 0x0000000451800000|  0%| F|  |TAMS 0x0000000451000000, 0x0000000451000000| Untracked 
| 159|0x0000000451800000, 0x0000000451800000, 0x0000000452000000|  0%| F|  |TAMS 0x0000000451800000, 0x0000000451800000| Untracked 
| 160|0x0000000452000000, 0x0000000452000000, 0x0000000452800000|  0%| F|  |TAMS 0x0000000452000000, 0x0000000452000000| Untracked 
| 161|0x0000000452800000, 0x0000000452800000, 0x0000000453000000|  0%| F|  |TAMS 0x0000000452800000, 0x0000000452800000| Untracked 
| 162|0x0000000453000000, 0x0000000453000000, 0x0000000453800000|  0%| F|  |TAMS 0x0000000453000000, 0x0000000453000000| Untracked 
| 163|0x0000000453800000, 0x0000000453800000, 0x0000000454000000|  0%| F|  |TAMS 0x0000000453800000, 0x0000000453800000| Untracked 
| 164|0x0000000454000000, 0x0000000454800000, 0x0000000454800000|100%| E|  |TAMS 0x0000000454000000, 0x0000000454000000| Complete 
| 165|0x0000000454800000, 0x0000000455000000, 0x0000000455000000|100%| E|CS|TAMS 0x0000000454800000, 0x0000000454800000| Complete 
| 166|0x0000000455000000, 0x0000000455800000, 0x0000000455800000|100%| E|CS|TAMS 0x0000000455000000, 0x0000000455000000| Complete 
| 167|0x0000000455800000, 0x0000000456000000, 0x0000000456000000|100%| E|CS|TAMS 0x0000000455800000, 0x0000000455800000| Complete 
| 168|0x0000000456000000, 0x0000000456800000, 0x0000000456800000|100%| E|CS|TAMS 0x0000000456000000, 0x0000000456000000| Complete 
| 169|0x0000000456800000, 0x0000000457000000, 0x0000000457000000|100%| E|CS|TAMS 0x0000000456800000, 0x0000000456800000| Complete 
| 170|0x0000000457000000, 0x0000000457800000, 0x0000000457800000|100%| E|CS|TAMS 0x0000000457000000, 0x0000000457000000| Complete 
| 171|0x0000000457800000, 0x0000000458000000, 0x0000000458000000|100%| E|CS|TAMS 0x0000000457800000, 0x0000000457800000| Complete 
| 172|0x0000000458000000, 0x0000000458800000, 0x0000000458800000|100%| E|CS|TAMS 0x0000000458000000, 0x0000000458000000| Complete 
| 173|0x0000000458800000, 0x0000000459000000, 0x0000000459000000|100%| E|CS|TAMS 0x0000000458800000, 0x0000000458800000| Complete 
| 174|0x0000000459000000, 0x0000000459800000, 0x0000000459800000|100%| E|CS|TAMS 0x0000000459000000, 0x0000000459000000| Complete 
| 175|0x0000000459800000, 0x000000045a000000, 0x000000045a000000|100%| E|CS|TAMS 0x0000000459800000, 0x0000000459800000| Complete 
| 176|0x000000045a000000, 0x000000045a800000, 0x000000045a800000|100%| E|CS|TAMS 0x000000045a000000, 0x000000045a000000| Complete 
| 177|0x000000045a800000, 0x000000045b000000, 0x000000045b000000|100%| E|CS|TAMS 0x000000045a800000, 0x000000045a800000| Complete 
| 178|0x000000045b000000, 0x000000045b800000, 0x000000045b800000|100%| E|CS|TAMS 0x000000045b000000, 0x000000045b000000| Complete 
| 179|0x000000045b800000, 0x000000045c000000, 0x000000045c000000|100%| E|CS|TAMS 0x000000045b800000, 0x000000045b800000| Complete 
| 180|0x000000045c000000, 0x000000045c800000, 0x000000045c800000|100%| E|CS|TAMS 0x000000045c000000, 0x000000045c000000| Complete 
| 181|0x000000045c800000, 0x000000045d000000, 0x000000045d000000|100%| E|CS|TAMS 0x000000045c800000, 0x000000045c800000| Complete 
| 182|0x000000045d000000, 0x000000045d800000, 0x000000045d800000|100%| E|CS|TAMS 0x000000045d000000, 0x000000045d000000| Complete 
| 183|0x000000045d800000, 0x000000045e000000, 0x000000045e000000|100%| E|CS|TAMS 0x000000045d800000, 0x000000045d800000| Complete 
| 184|0x000000045e000000, 0x000000045e800000, 0x000000045e800000|100%| E|CS|TAMS 0x000000045e000000, 0x000000045e000000| Complete 
| 185|0x000000045e800000, 0x000000045f000000, 0x000000045f000000|100%| E|CS|TAMS 0x000000045e800000, 0x000000045e800000| Complete 
| 186|0x000000045f000000, 0x000000045f800000, 0x000000045f800000|100%| E|CS|TAMS 0x000000045f000000, 0x000000045f000000| Complete 
| 187|0x000000045f800000, 0x0000000460000000, 0x0000000460000000|100%| E|CS|TAMS 0x000000045f800000, 0x000000045f800000| Complete 
| 188|0x0000000460000000, 0x0000000460800000, 0x0000000460800000|100%| E|CS|TAMS 0x0000000460000000, 0x0000000460000000| Complete 
| 189|0x0000000460800000, 0x0000000461000000, 0x0000000461000000|100%| E|CS|TAMS 0x0000000460800000, 0x0000000460800000| Complete 
| 293|0x0000000494800000, 0x0000000495000000, 0x0000000495000000|100%| E|CS|TAMS 0x0000000494800000, 0x0000000494800000| Complete 
| 294|0x0000000495000000, 0x0000000495800000, 0x0000000495800000|100%| E|CS|TAMS 0x0000000495000000, 0x0000000495000000| Complete 
| 295|0x0000000495800000, 0x0000000496000000, 0x0000000496000000|100%| E|CS|TAMS 0x0000000495800000, 0x0000000495800000| Complete 
| 296|0x0000000496000000, 0x0000000496800000, 0x0000000496800000|100%| E|CS|TAMS 0x0000000496000000, 0x0000000496000000| Complete 
| 297|0x0000000496800000, 0x0000000497000000, 0x0000000497000000|100%| E|CS|TAMS 0x0000000496800000, 0x0000000496800000| Complete 
| 298|0x0000000497000000, 0x0000000497800000, 0x0000000497800000|100%| E|CS|TAMS 0x0000000497000000, 0x0000000497000000| Complete 
| 299|0x0000000497800000, 0x0000000498000000, 0x0000000498000000|100%| E|CS|TAMS 0x0000000497800000, 0x0000000497800000| Complete 
| 300|0x0000000498000000, 0x0000000498800000, 0x0000000498800000|100%| E|CS|TAMS 0x0000000498000000, 0x0000000498000000| Complete 
| 301|0x0000000498800000, 0x0000000499000000, 0x0000000499000000|100%| E|CS|TAMS 0x0000000498800000, 0x0000000498800000| Complete 
| 302|0x0000000499000000, 0x0000000499800000, 0x0000000499800000|100%| E|CS|TAMS 0x0000000499000000, 0x0000000499000000| Complete 
| 303|0x0000000499800000, 0x000000049a000000, 0x000000049a000000|100%| E|CS|TAMS 0x0000000499800000, 0x0000000499800000| Complete 
| 304|0x000000049a000000, 0x000000049a800000, 0x000000049a800000|100%| E|CS|TAMS 0x000000049a000000, 0x000000049a000000| Complete 
| 379|0x00000004bf800000, 0x00000004c0000000, 0x00000004c0000000|100%| E|CS|TAMS 0x00000004bf800000, 0x00000004bf800000| Complete 
| 472|0x00000004ee000000, 0x00000004ee800000, 0x00000004ee800000|100%| E|CS|TAMS 0x00000004ee000000, 0x00000004ee000000| Complete 
| 473|0x00000004ee800000, 0x00000004ef000000, 0x00000004ef000000|100%| E|CS|TAMS 0x00000004ee800000, 0x00000004ee800000| Complete 
| 474|0x00000004ef000000, 0x00000004ef800000, 0x00000004ef800000|100%| E|CS|TAMS 0x00000004ef000000, 0x00000004ef000000| Complete 
| 475|0x00000004ef800000, 0x00000004f0000000, 0x00000004f0000000|100%| E|CS|TAMS 0x00000004ef800000, 0x00000004ef800000| Complete 

Card table byte_map: [0x00000206fdd00000,0x00000206ffcf0000] _byte_map_base: 0x00000206fbcf0000

Marking Bits (Prev, Next): (CMBitMap*) 0x00000206fb7a8a30, (CMBitMap*) 0x00000206fb7a8a70
 Prev Bits: [0x0000020698a00000, 0x00000206a8980000)
 Next Bits: [0x00000206a8980000, 0x00000206b8900000)

Polling page: 0x00000206f9510000

Metaspace:

Usage:
  Non-class:     58.86 MB used.
      Class:      9.72 MB used.
       Both:     68.58 MB used.

Virtual space:
  Non-class space:       64.00 MB reserved,      59.19 MB ( 92%) committed,  8 nodes.
      Class space:        1.00 GB reserved,      10.00 MB ( <1%) committed,  1 nodes.
             Both:        1.06 GB reserved,      69.19 MB (  6%) committed. 

Chunk freelists:
   Non-Class:  608.00 KB
       Class:  1.84 MB
        Both:  2.44 MB

MaxMetaspaceSize: unlimited
CompressedClassSpaceSize: 1.00 GB
Initial GC threshold: 21.00 MB
Current GC threshold: 111.69 MB
CDS: on
MetaspaceReclaimPolicy: balanced
 - commit_granule_bytes: 65536.
 - commit_granule_words: 8192.
 - virtual_space_node_default_size: 1048576.
 - enlarge_chunks_in_place: 1.
 - new_chunks_are_fully_committed: 0.
 - uncommit_free_chunks: 1.
 - use_allocation_guard: 0.
 - handle_deallocations: 1.


Internal statistics:

num_allocs_failed_limit: 9.
num_arena_births: 820.
num_arena_deaths: 0.
num_vsnodes_births: 9.
num_vsnodes_deaths: 0.
num_space_committed: 1104.
num_space_uncommitted: 0.
num_chunks_returned_to_freelist: 9.
num_chunks_taken_from_freelist: 3524.
num_chunk_merges: 9.
num_chunk_splits: 2227.
num_chunks_enlarged: 1492.
num_purges: 0.
num_inconsistent_stats: 0.

CodeHeap 'non-profiled nmethods': size=120000Kb used=7277Kb max_used=7277Kb free=112722Kb
 bounds [0x000002068f4e0000, 0x000002068fc00000, 0x0000020696a10000]
CodeHeap 'profiled nmethods': size=120000Kb used=15614Kb max_used=16488Kb free=104385Kb
 bounds [0x0000020687fb0000, 0x0000020689010000, 0x000002068f4e0000]
CodeHeap 'non-nmethods': size=5760Kb used=1960Kb max_used=1979Kb free=3799Kb
 bounds [0x0000020687a10000, 0x0000020687c80000, 0x0000020687fb0000]
 total_blobs=9988 nmethods=8518 adapters=1381
 compilation: enabled
              stopped_count=0, restarted_count=0
 full_count=0

Compilation events (20 events):
Event: 19.567 Thread 0x00000206bb3d4090 nmethod 11549 0x000002068f868390 code [0x000002068f868520, 0x000002068f868a58]
Event: 19.567 Thread 0x00000206bb3d4090 11551       4       jdk.internal.jimage.ImageStringsReader::stringFromByteBufferMatches (133 bytes)
Event: 19.568 Thread 0x00000206bb3d7e90 11552       3       org.objectweb.asm.AnnotationWriter::putAnnotations (67 bytes)
Event: 19.568 Thread 0x00000206bb3d7e90 nmethod 11552 0x00000206889f3f10 code [0x00000206889f4120, 0x00000206889f4558]
Event: 19.574 Thread 0x00000206bb3d7e90 11553       1       jdk.internal.loader.BuiltinClassLoader$LoadedModule::loader (5 bytes)
Event: 19.574 Thread 0x00000206bb3d7e90 nmethod 11553 0x000002068f868090 code [0x000002068f868220, 0x000002068f8682f8]
Event: 19.577 Thread 0x00000206bb3d4090 nmethod 11551 0x000002068f867410 code [0x000002068f8675a0, 0x000002068f867d18]
Event: 19.577 Thread 0x00000206bb3d4090 11550       4       java.util.regex.CharPredicates::forProperty (2719 bytes)
Event: 19.586 Thread 0x00000206bb3d4090 nmethod 11550 0x000002068f866890 code [0x000002068f866a40, 0x000002068f867098]
Event: 19.586 Thread 0x00000206bb3d4090 11557       4       java.util.regex.Pattern$$Lambda$22/0x80000002d::is (13 bytes)
Event: 19.588 Thread 0x00000206bb3d4090 nmethod 11557 0x000002068f866410 code [0x000002068f8665a0, 0x000002068f866738]
Event: 19.588 Thread 0x00000206bb3d4090 11558       4       sun.security.provider.SHA::implCompress0 (506 bytes)
Event: 19.588 Thread 0x00000206bb3d7e90 11561       3       sun.misc.Unsafe::putByte (9 bytes)
Event: 19.588 Thread 0x00000206bb3d7e90 nmethod 11561 0x0000020688b6e590 code [0x0000020688b6e720, 0x0000020688b6e898]
Event: 19.588 Thread 0x00000206bb3d7e90 11562       3       jdk.internal.misc.Unsafe::putByte (8 bytes)
Event: 19.588 Thread 0x00000206bb3d7e90 nmethod 11562 0x00000206884ef990 code [0x00000206884efb20, 0x00000206884efc38]
Event: 19.589 Thread 0x00000206bb3d7e90 11563       3       sun.misc.Unsafe::putInt (11 bytes)
Event: 19.589 Thread 0x00000206bb3d7e90 nmethod 11563 0x0000020688569590 code [0x0000020688569720, 0x0000020688569838]
Event: 19.589 Thread 0x00000206bb3d7e90 11564       3       org.lwjgl.system.MemoryUtil::encodeASCII (66 bytes)
Event: 19.589 Thread 0x00000206bb3d7e90 nmethod 11564 0x000002068869cb90 code [0x000002068869cd80, 0x000002068869d318]

GC Heap History (20 events):
Event: 10.679 GC heap before
{Heap before GC invocations=18 (full 0):
 garbage-first heap   total 1753088K, used 531335K [0x0000000402000000, 0x0000000800000000)
  region size 8192K, 15 young (122880K), 14 survivors (114688K)
 Metaspace       used 33636K, committed 33984K, reserved 1081344K
  class space    used 4046K, committed 4224K, reserved 1048576K
}
Event: 10.723 GC heap after
{Heap after GC invocations=19 (full 0):
 garbage-first heap   total 1753088K, used 519164K [0x0000000402000000, 0x0000000800000000)
  region size 8192K, 1 young (8192K), 1 survivors (8192K)
 Metaspace       used 33636K, committed 33984K, reserved 1081344K
  class space    used 4046K, committed 4224K, reserved 1048576K
}
Event: 11.915 GC heap before
{Heap before GC invocations=19 (full 0):
 garbage-first heap   total 1753088K, used 1010684K [0x0000000402000000, 0x0000000800000000)
  region size 8192K, 62 young (507904K), 1 survivors (8192K)
 Metaspace       used 35726K, committed 36096K, reserved 1081344K
  class space    used 4345K, committed 4544K, reserved 1048576K
}
Event: 11.928 GC heap after
{Heap after GC invocations=20 (full 0):
 garbage-first heap   total 1753088K, used 536227K [0x0000000402000000, 0x0000000800000000)
  region size 8192K, 3 young (24576K), 3 survivors (24576K)
 Metaspace       used 35726K, committed 36096K, reserved 1081344K
  class space    used 4345K, committed 4544K, reserved 1048576K
}
Event: 13.632 GC heap before
{Heap before GC invocations=21 (full 0):
 garbage-first heap   total 1040384K, used 945827K [0x0000000402000000, 0x0000000800000000)
  region size 8192K, 86 young (704512K), 3 survivors (24576K)
 Metaspace       used 49814K, committed 50240K, reserved 1097728K
  class space    used 7083K, committed 7296K, reserved 1048576K
}
Event: 13.682 GC heap after
{Heap after GC invocations=22 (full 0):
 garbage-first heap   total 1048576K, used 342082K [0x0000000402000000, 0x0000000800000000)
  region size 8192K, 11 young (90112K), 11 survivors (90112K)
 Metaspace       used 49814K, committed 50240K, reserved 1097728K
  class space    used 7083K, committed 7296K, reserved 1048576K
}
Event: 13.692 GC heap before
{Heap before GC invocations=22 (full 0):
 garbage-first heap   total 1048576K, used 350274K [0x0000000402000000, 0x0000000800000000)
  region size 8192K, 12 young (98304K), 11 survivors (90112K)
 Metaspace       used 49814K, committed 50240K, reserved 1097728K
  class space    used 7083K, committed 7296K, reserved 1048576K
}
Event: 13.725 GC heap after
{Heap after GC invocations=23 (full 0):
 garbage-first heap   total 1048576K, used 280929K [0x0000000402000000, 0x0000000800000000)
  region size 8192K, 2 young (16384K), 2 survivors (16384K)
 Metaspace       used 49814K, committed 50240K, reserved 1097728K
  class space    used 7083K, committed 7296K, reserved 1048576K
}
Event: 14.696 GC heap before
{Heap before GC invocations=23 (full 0):
 garbage-first heap   total 1048576K, used 813409K [0x0000000402000000, 0x0000000800000000)
  region size 8192K, 67 young (548864K), 2 survivors (16384K)
 Metaspace       used 54612K, committed 55104K, reserved 1097728K
  class space    used 7811K, committed 8064K, reserved 1048576K
}
Event: 14.730 GC heap after
{Heap after GC invocations=24 (full 0):
 garbage-first heap   total 3145728K, used 301996K [0x0000000402000000, 0x0000000800000000)
  region size 8192K, 5 young (40960K), 5 survivors (40960K)
 Metaspace       used 54612K, committed 55104K, reserved 1097728K
  class space    used 7811K, committed 8064K, reserved 1048576K
}
Event: 15.976 GC heap before
{Heap before GC invocations=25 (full 0):
 garbage-first heap   total 1179648K, used 1047468K [0x0000000402000000, 0x0000000800000000)
  region size 8192K, 97 young (794624K), 5 survivors (40960K)
 Metaspace       used 59576K, committed 60096K, reserved 1105920K
  class space    used 8405K, committed 8640K, reserved 1048576K
}
Event: 15.997 GC heap after
{Heap after GC invocations=26 (full 0):
 garbage-first heap   total 1179648K, used 315991K [0x0000000402000000, 0x0000000800000000)
  region size 8192K, 6 young (49152K), 6 survivors (49152K)
 Metaspace       used 59576K, committed 60096K, reserved 1105920K
  class space    used 8405K, committed 8640K, reserved 1048576K
}
Event: 16.012 GC heap before
{Heap before GC invocations=26 (full 0):
 garbage-first heap   total 1179648K, used 324183K [0x0000000402000000, 0x0000000800000000)
  region size 8192K, 7 young (57344K), 6 survivors (49152K)
 Metaspace       used 59662K, committed 60160K, reserved 1105920K
  class space    used 8409K, committed 8640K, reserved 1048576K
}
Event: 16.031 GC heap after
{Heap after GC invocations=27 (full 0):
 garbage-first heap   total 1179648K, used 312845K [0x0000000402000000, 0x0000000800000000)
  region size 8192K, 1 young (8192K), 1 survivors (8192K)
 Metaspace       used 59662K, committed 60160K, reserved 1105920K
  class space    used 8409K, committed 8640K, reserved 1048576K
}
Event: 17.010 GC heap before
{Heap before GC invocations=27 (full 0):
 garbage-first heap   total 1179648K, used 935437K [0x0000000402000000, 0x0000000800000000)
  region size 8192K, 76 young (622592K), 1 survivors (8192K)
 Metaspace       used 63525K, committed 64128K, reserved 1105920K
  class space    used 8950K, committed 9216K, reserved 1048576K
}
Event: 17.023 GC heap after
{Heap after GC invocations=28 (full 0):
 garbage-first heap   total 1179648K, used 333023K [0x0000000402000000, 0x0000000800000000)
  region size 8192K, 3 young (24576K), 3 survivors (24576K)
 Metaspace       used 63525K, committed 64128K, reserved 1105920K
  class space    used 8950K, committed 9216K, reserved 1048576K
}
Event: 18.161 GC heap before
{Heap before GC invocations=28 (full 0):
 garbage-first heap   total 1179648K, used 939231K [0x0000000402000000, 0x0000000800000000)
  region size 8192K, 77 young (630784K), 3 survivors (24576K)
 Metaspace       used 63569K, committed 64128K, reserved 1105920K
  class space    used 8955K, committed 9216K, reserved 1048576K
}
Event: 18.179 GC heap after
{Heap after GC invocations=29 (full 0):
 garbage-first heap   total 1179648K, used 346858K [0x0000000402000000, 0x0000000800000000)
  region size 8192K, 5 young (40960K), 5 survivors (40960K)
 Metaspace       used 63569K, committed 64128K, reserved 1105920K
  class space    used 8955K, committed 9216K, reserved 1048576K
}
Event: 18.953 GC heap before
{Heap before GC invocations=29 (full 0):
 garbage-first heap   total 1179648K, used 953066K [0x0000000402000000, 0x0000000800000000)
  region size 8192K, 79 young (647168K), 5 survivors (40960K)
 Metaspace       used 66615K, committed 67200K, reserved 1114112K
  class space    used 9376K, committed 9664K, reserved 1048576K
}
Event: 18.979 GC heap after
{Heap after GC invocations=30 (full 0):
 garbage-first heap   total 2539520K, used 359734K [0x0000000402000000, 0x0000000800000000)
  region size 8192K, 6 young (49152K), 6 survivors (49152K)
 Metaspace       used 66615K, committed 67200K, reserved 1114112K
  class space    used 9376K, committed 9664K, reserved 1048576K
}

Deoptimization events (20 events):
Event: 19.584 Thread 0x00000206fb6de1b0 DEOPT PACKING pc=0x0000020687fb0bba sp=0x00000041586fd430
Event: 19.584 Thread 0x00000206fb6de1b0 DEOPT UNPACKING pc=0x0000020687a62b43 sp=0x00000041586fc8a8 mode 0
Event: 19.584 Thread 0x00000206fb6de1b0 DEOPT PACKING pc=0x0000020687fb0bba sp=0x00000041586fd430
Event: 19.584 Thread 0x00000206fb6de1b0 DEOPT UNPACKING pc=0x0000020687a62b43 sp=0x00000041586fc8a8 mode 0
Event: 19.585 Thread 0x00000206fb6de1b0 DEOPT PACKING pc=0x0000020687fb0b0f sp=0x00000041586fd430
Event: 19.585 Thread 0x00000206fb6de1b0 DEOPT UNPACKING pc=0x0000020687a62b43 sp=0x00000041586fc8a8 mode 0
Event: 19.585 Thread 0x00000206fb6de1b0 DEOPT PACKING pc=0x0000020687fb0bba sp=0x00000041586fd430
Event: 19.585 Thread 0x00000206fb6de1b0 DEOPT UNPACKING pc=0x0000020687a62b43 sp=0x00000041586fc8a8 mode 0
Event: 19.585 Thread 0x00000206fb6de1b0 DEOPT PACKING pc=0x0000020687fb0b0f sp=0x00000041586fd430
Event: 19.585 Thread 0x00000206fb6de1b0 DEOPT UNPACKING pc=0x0000020687a62b43 sp=0x00000041586fc8a8 mode 0
Event: 19.586 Thread 0x00000206fb6de1b0 DEOPT PACKING pc=0x0000020687fb0bba sp=0x00000041586fd430
Event: 19.586 Thread 0x00000206fb6de1b0 DEOPT UNPACKING pc=0x0000020687a62b43 sp=0x00000041586fc8a8 mode 0
Event: 19.586 Thread 0x00000206fb6de1b0 DEOPT PACKING pc=0x0000020687fb0b0f sp=0x00000041586fd430
Event: 19.586 Thread 0x00000206fb6de1b0 DEOPT UNPACKING pc=0x0000020687a62b43 sp=0x00000041586fc8a8 mode 0
Event: 19.586 Thread 0x00000206fb6de1b0 DEOPT PACKING pc=0x0000020687fb0bba sp=0x00000041586fd430
Event: 19.586 Thread 0x00000206fb6de1b0 DEOPT UNPACKING pc=0x0000020687a62b43 sp=0x00000041586fc8a8 mode 0
Event: 19.586 Thread 0x00000206fb6de1b0 DEOPT PACKING pc=0x0000020687fb0b0f sp=0x00000041586fd430
Event: 19.586 Thread 0x00000206fb6de1b0 DEOPT UNPACKING pc=0x0000020687a62b43 sp=0x00000041586fc8a8 mode 0
Event: 19.587 Thread 0x00000206fb6de1b0 DEOPT PACKING pc=0x0000020687fb0bba sp=0x00000041586fd430
Event: 19.587 Thread 0x00000206fb6de1b0 DEOPT UNPACKING pc=0x0000020687a62b43 sp=0x00000041586fc8a8 mode 0

Classes unloaded (0 events):
No events

Classes redefined (0 events):
No events

Internal exceptions (20 events):
Event: 19.022 Thread 0x00000206fb6de1b0 Exception <a 'java/lang/NoSuchMethodError'{0x000000049a1b5408}: 'void java.lang.invoke.DirectMethodHandle$Holder.invokeStaticInit(java.lang.Object, int, int, int, long, int, int)'> (0x000000049a1b5408) 
thrown [c:\wsjdk\corretto17src\installers\windows\zip\corretto-build\buildroot\src\hotspot\share\interpreter\linkResolver.cpp, line 766]
Event: 19.023 Thread 0x00000206fb6de1b0 Exception <a 'java/lang/NoSuchMethodError'{0x000000049a1c1120}: 'void java.lang.invoke.DirectMethodHandle$Holder.invokeStaticInit(java.lang.Object, int, int)'> (0x000000049a1c1120) 
thrown [c:\wsjdk\corretto17src\installers\windows\zip\corretto-build\buildroot\src\hotspot\share\interpreter\linkResolver.cpp, line 766]
Event: 19.143 Thread 0x00000206fb6de1b0 Exception <a 'java/lang/NoSuchMethodError'{0x0000000496e0c2d8}: 'void java.lang.invoke.DirectMethodHandle$Holder.invokeVirtual(java.lang.Object, java.lang.Object)'> (0x0000000496e0c2d8) 
thrown [c:\wsjdk\corretto17src\installers\windows\zip\corretto-build\buildroot\src\hotspot\share\interpreter\linkResolver.cpp, line 766]
Event: 19.146 Thread 0x00000206fb6de1b0 Exception <a 'java/lang/NoSuchMethodError'{0x0000000496e401b8}: 'int java.lang.invoke.DirectMethodHandle$Holder.invokeStaticInit(java.lang.Object, java.lang.Object, int, int, int, int)'> (0x0000000496e401b8) 
thrown [c:\wsjdk\corretto17src\installers\windows\zip\corretto-build\buildroot\src\hotspot\share\interpreter\linkResolver.cpp, line 766]
Event: 19.147 Thread 0x00000206fb6de1b0 Exception <a 'java/lang/NoSuchMethodError'{0x0000000496e46070}: 'int java.lang.invoke.DirectMethodHandle$Holder.invokeSpecial(java.lang.Object, java.lang.Object, int, int, int, int)'> (0x0000000496e46070) 
thrown [c:\wsjdk\corretto17src\installers\windows\zip\corretto-build\buildroot\src\hotspot\share\interpreter\linkResolver.cpp, line 766]
Event: 19.234 Thread 0x00000206fb6de1b0 Exception <a 'java/lang/IncompatibleClassChangeError'{0x0000000460918b18}: Found class java.lang.Object, but interface was expected> (0x0000000460918b18) 
thrown [c:\wsjdk\corretto17src\installers\windows\zip\corretto-build\buildroot\src\hotspot\share\interpreter\linkResolver.cpp, line 833]
Event: 19.234 Thread 0x00000206fb6de1b0 Exception <a 'java/lang/IncompatibleClassChangeError'{0x000000046091af50}: Found class java.lang.Object, but interface was expected> (0x000000046091af50) 
thrown [c:\wsjdk\corretto17src\installers\windows\zip\corretto-build\buildroot\src\hotspot\share\interpreter\linkResolver.cpp, line 833]
Event: 19.293 Thread 0x00000206fb6de1b0 Exception <a 'sun/nio/fs/WindowsException'{0x000000045f5c9cf8}> (0x000000045f5c9cf8) 
thrown [c:\wsjdk\corretto17src\installers\windows\zip\corretto-build\buildroot\src\hotspot\share\prims\jni.cpp, line 516]
Event: 19.293 Thread 0x00000206fb6de1b0 Exception <a 'sun/nio/fs/WindowsException'{0x000000045f5caca0}> (0x000000045f5caca0) 
thrown [c:\wsjdk\corretto17src\installers\windows\zip\corretto-build\buildroot\src\hotspot\share\prims\jni.cpp, line 516]
Event: 19.314 Thread 0x00000206fb6de1b0 Exception <a 'sun/nio/fs/WindowsException'{0x000000045f704ae0}> (0x000000045f704ae0) 
thrown [c:\wsjdk\corretto17src\installers\windows\zip\corretto-build\buildroot\src\hotspot\share\prims\jni.cpp, line 516]
Event: 19.314 Thread 0x00000206fb6de1b0 Exception <a 'sun/nio/fs/WindowsException'{0x000000045f705398}> (0x000000045f705398) 
thrown [c:\wsjdk\corretto17src\installers\windows\zip\corretto-build\buildroot\src\hotspot\share\prims\jni.cpp, line 516]
Event: 19.327 Thread 0x00000206fb6de1b0 Exception <a 'java/lang/NoSuchMethodError'{0x000000045d80b8c0}: 'void java.lang.invoke.DirectMethodHandle$Holder.invokeStaticInit(java.lang.Object, java.lang.Object, java.lang.Object, java.lang.Object, java.lang.Object)'> (0x000000045d80b8c0) 
thrown [c:\wsjdk\corretto17src\installers\windows\zip\corretto-build\buildroot\src\hotspot\share\interpreter\linkResolver.cpp, line 766]
Event: 19.339 Thread 0x00000206fb6de1b0 Exception <a 'java/lang/NoSuchMethodError'{0x000000045d9629d0}: 'float java.lang.invoke.DirectMethodHandle$Holder.invokeStaticInit(java.lang.Object, java.lang.Object, java.lang.Object, java.lang.Object, int)'> (0x000000045d9629d0) 
thrown [c:\wsjdk\corretto17src\installers\windows\zip\corretto-build\buildroot\src\hotspot\share\interpreter\linkResolver.cpp, line 766]
Event: 19.343 Thread 0x00000206fb6de1b0 Exception <a 'sun/nio/fs/WindowsException'{0x000000045d9b5718}> (0x000000045d9b5718) 
thrown [c:\wsjdk\corretto17src\installers\windows\zip\corretto-build\buildroot\src\hotspot\share\prims\jni.cpp, line 516]
Event: 19.344 Thread 0x00000206fb6de1b0 Implicit null exception at 0x000002068f703f00 to 0x000002068f70415c
Event: 19.357 Thread 0x00000206fb6de1b0 Exception <a 'java/io/FileNotFoundException'{0x000000045db82a88}> (0x000000045db82a88) 
thrown [c:\wsjdk\corretto17src\installers\windows\zip\corretto-build\buildroot\src\hotspot\share\prims\jni.cpp, line 516]
Event: 19.432 Thread 0x00000206fb6de1b0 Exception <a 'java/io/FileNotFoundException'{0x000000045b323b28}> (0x000000045b323b28) 
thrown [c:\wsjdk\corretto17src\installers\windows\zip\corretto-build\buildroot\src\hotspot\share\prims\jni.cpp, line 516]
Event: 19.497 Thread 0x00000206fb6de1b0 Exception <a 'java/lang/NoSuchMethodError'{0x0000000458663bd8}: 'int java.lang.invoke.DirectMethodHandle$Holder.invokeSpecialIFC(java.lang.Object, java.lang.Object, java.lang.Object, java.lang.Object, java.lang.Object)'> (0x0000000458663bd8) 
thrown [c:\wsjdk\corretto17src\installers\windows\zip\corretto-build\buildroot\src\hotspot\share\interpreter\linkResolver.cpp, line 766]
Event: 19.498 Thread 0x00000206fb6de1b0 Exception <a 'java/lang/NoSuchMethodError'{0x000000045866d3a0}: 'double java.lang.invoke.DirectMethodHandle$Holder.invokeStatic(java.lang.Object, java.lang.Object)'> (0x000000045866d3a0) 
thrown [c:\wsjdk\corretto17src\installers\windows\zip\corretto-build\buildroot\src\hotspot\share\interpreter\linkResolver.cpp, line 766]
Event: 19.498 Thread 0x00000206fb6de1b0 Exception <a 'java/lang/NoSuchMethodError'{0x00000004586706f8}: 'double java.lang.invoke.DirectMethodHandle$Holder.invokeStaticInit(java.lang.Object, java.lang.Object)'> (0x00000004586706f8) 
thrown [c:\wsjdk\corretto17src\installers\windows\zip\corretto-build\buildroot\src\hotspot\share\interpreter\linkResolver.cpp, line 766]

VM Operations (20 events):
Event: 17.149 Executing VM operation: HandshakeAllThreads
Event: 17.149 Executing VM operation: HandshakeAllThreads done
Event: 17.280 Executing VM operation: HandshakeAllThreads
Event: 17.280 Executing VM operation: HandshakeAllThreads done
Event: 17.281 Executing VM operation: HandshakeAllThreads
Event: 17.281 Executing VM operation: HandshakeAllThreads done
Event: 18.161 Executing VM operation: G1CollectForAllocation
Event: 18.179 Executing VM operation: G1CollectForAllocation done
Event: 18.526 Executing VM operation: HandshakeAllThreads
Event: 18.526 Executing VM operation: HandshakeAllThreads done
Event: 18.850 Executing VM operation: HandshakeAllThreads
Event: 18.850 Executing VM operation: HandshakeAllThreads done
Event: 18.926 Executing VM operation: HandshakeAllThreads
Event: 18.926 Executing VM operation: HandshakeAllThreads done
Event: 18.953 Executing VM operation: G1CollectForAllocation
Event: 18.980 Executing VM operation: G1CollectForAllocation done
Event: 19.206 Executing VM operation: G1Concurrent
Event: 19.210 Executing VM operation: G1Concurrent done
Event: 19.290 Executing VM operation: G1Concurrent
Event: 19.290 Executing VM operation: G1Concurrent done

Events (20 events):
Event: 19.232 loading class sun/nio/fs/AbstractPoller$2
Event: 19.232 loading class sun/nio/fs/AbstractPoller$2 done
Event: 19.232 loading class sun/nio/fs/WindowsWatchService$FileKey
Event: 19.232 loading class sun/nio/fs/WindowsWatchService$FileKey done
Event: 19.233 loading class sun/nio/fs/WindowsWatchService$WindowsWatchKey
Event: 19.233 loading class sun/nio/fs/WindowsWatchService$WindowsWatchKey done
Event: 19.234 Thread 0x00000206bf4f3070 Thread added: 0x00000206bf4f3070
Event: 19.313 loading class jdk/internal/reflect/UnsafeFloatFieldAccessorImpl
Event: 19.313 loading class jdk/internal/reflect/UnsafeFloatFieldAccessorImpl done
Event: 19.315 loading class java/util/concurrent/LinkedBlockingDeque$Node
Event: 19.315 loading class java/util/concurrent/LinkedBlockingDeque$Node done
Event: 19.429 Thread 0x00000206bd09c950 Thread added: 0x00000206bd09c950
Event: 19.491 loading class java/io/BufferedReader$1
Event: 19.491 loading class java/io/BufferedReader$1 done
Event: 19.574 loading class java/nio/BufferOverflowException
Event: 19.574 loading class java/nio/BufferOverflowException done
Event: 19.574 loading class java/nio/InvalidMarkException
Event: 19.574 loading class java/nio/InvalidMarkException done
Event: 19.574 loading class java/nio/BufferUnderflowException
Event: 19.574 loading class java/nio/BufferUnderflowException done


Dynamic libraries:
0x00007ff7749f0000 - 0x00007ff7749fd000 	C:\Users\lx\.jdks\corretto-17.0.2\bin\java.exe
0x00007ff97b3d0000 - 0x00007ff97b5c5000 	C:\WINDOWS\SYSTEM32\ntdll.dll
0x00007ff9794e0000 - 0x00007ff97959e000 	C:\WINDOWS\System32\KERNEL32.DLL
0x00007ff978e80000 - 0x00007ff979148000 	C:\WINDOWS\System32\KERNELBASE.dll
0x00007ff979260000 - 0x00007ff979360000 	C:\WINDOWS\System32\ucrtbase.dll
0x00007ff973900000 - 0x00007ff973915000 	C:\Users\lx\.jdks\corretto-17.0.2\bin\VCRUNTIME140.dll
0x00007ff968fc0000 - 0x00007ff968fd8000 	C:\Users\lx\.jdks\corretto-17.0.2\bin\jli.dll
0x00007ff979620000 - 0x00007ff9797c1000 	C:\WINDOWS\System32\USER32.dll
0x00007ff9793e0000 - 0x00007ff979402000 	C:\WINDOWS\System32\win32u.dll
0x00007ff97a1e0000 - 0x00007ff97a20b000 	C:\WINDOWS\System32\GDI32.dll
0x00007ff95a9e0000 - 0x00007ff95ac7a000 	C:\WINDOWS\WinSxS\amd64_microsoft.windows.common-controls_6595b64144ccf1df_6.0.19041.1110_none_60b5254171f9507e\COMCTL32.dll
0x00007ff978ae0000 - 0x00007ff978bed000 	C:\WINDOWS\System32\gdi32full.dll
0x00007ff97b2f0000 - 0x00007ff97b38e000 	C:\WINDOWS\System32\msvcrt.dll
0x00007ff978bf0000 - 0x00007ff978c8d000 	C:\WINDOWS\System32\msvcp_win.dll
0x00007ff9794b0000 - 0x00007ff9794e0000 	C:\WINDOWS\System32\IMM32.DLL
0x00007ff93f460000 - 0x00007ff93f4fb000 	C:\Users\lx\.jdks\corretto-17.0.2\bin\msvcp140.dll
0x00007ff90bef0000 - 0x00007ff90cb0a000 	C:\Users\lx\.jdks\corretto-17.0.2\bin\server\jvm.dll
0x00007ff979e30000 - 0x00007ff979edc000 	C:\WINDOWS\System32\ADVAPI32.dll
0x00007ff979410000 - 0x00007ff9794ab000 	C:\WINDOWS\System32\sechost.dll
0x00007ff979ee0000 - 0x00007ff97a00a000 	C:\WINDOWS\System32\RPCRT4.dll
0x00007ff97aac0000 - 0x00007ff97aac8000 	C:\WINDOWS\System32\PSAPI.DLL
0x00007ff968af0000 - 0x00007ff968af9000 	C:\WINDOWS\SYSTEM32\WSOCK32.dll
0x00007ff965860000 - 0x00007ff965887000 	C:\WINDOWS\SYSTEM32\WINMM.dll
0x00007ff973670000 - 0x00007ff97367a000 	C:\WINDOWS\SYSTEM32\VERSION.dll
0x00007ff97ab30000 - 0x00007ff97ab9b000 	C:\WINDOWS\System32\WS2_32.dll
0x00007ff9769b0000 - 0x00007ff9769c2000 	C:\WINDOWS\SYSTEM32\kernel.appcore.dll
0x00007ff974790000 - 0x00007ff97479a000 	C:\Users\lx\.jdks\corretto-17.0.2\bin\jimage.dll
0x00007ff969620000 - 0x00007ff969804000 	C:\WINDOWS\SYSTEM32\DBGHELP.DLL
0x00007ff964910000 - 0x00007ff96493c000 	C:\WINDOWS\SYSTEM32\dbgcore.DLL
0x00007ff978df0000 - 0x00007ff978e72000 	C:\WINDOWS\System32\bcryptPrimitives.dll
0x00007ff94b660000 - 0x00007ff94b685000 	C:\Users\lx\.jdks\corretto-17.0.2\bin\java.dll
0x00007ff93a9e0000 - 0x00007ff93aab6000 	C:\Users\lx\.jdks\corretto-17.0.2\bin\jsvml.dll
0x00007ff97aba0000 - 0x00007ff97b2e4000 	C:\WINDOWS\System32\SHELL32.dll
0x00007ff976bb0000 - 0x00007ff977344000 	C:\WINDOWS\SYSTEM32\windows.storage.dll
0x00007ff97a340000 - 0x00007ff97a695000 	C:\WINDOWS\System32\combase.dll
0x00007ff978380000 - 0x00007ff9783ae000 	C:\WINDOWS\SYSTEM32\Wldp.dll
0x00007ff97aa10000 - 0x00007ff97aabd000 	C:\WINDOWS\System32\SHCORE.dll
0x00007ff97a100000 - 0x00007ff97a155000 	C:\WINDOWS\System32\shlwapi.dll
0x00007ff978a20000 - 0x00007ff978a3f000 	C:\WINDOWS\SYSTEM32\profapi.dll
0x00007ff967d10000 - 0x00007ff967d29000 	C:\Users\lx\.jdks\corretto-17.0.2\bin\net.dll
0x00007ff973680000 - 0x00007ff97378c000 	C:\WINDOWS\SYSTEM32\WINHTTP.dll
0x00007ff978160000 - 0x00007ff9781ca000 	C:\WINDOWS\system32\mswsock.dll
0x00007ff9566e0000 - 0x00007ff9566f5000 	C:\Users\lx\.jdks\corretto-17.0.2\bin\nio.dll
0x00007ff94f200000 - 0x00007ff94f218000 	C:\Users\lx\.jdks\corretto-17.0.2\bin\zip.dll
0x00007ff968fb0000 - 0x00007ff968fb9000 	C:\Users\lx\.jdks\corretto-17.0.2\bin\management.dll
0x00007ff968d70000 - 0x00007ff968d7b000 	C:\Users\lx\.jdks\corretto-17.0.2\bin\management_ext.dll
0x00007ff965450000 - 0x00007ff965467000 	C:\WINDOWS\system32\napinsp.dll
0x00007ff965350000 - 0x00007ff96536b000 	C:\WINDOWS\system32\pnrpnsp.dll
0x00007ff964520000 - 0x00007ff964535000 	C:\WINDOWS\system32\wshbth.dll
0x00007ff9744c0000 - 0x00007ff9744dd000 	C:\WINDOWS\system32\NLAapi.dll
0x00007ff977e70000 - 0x00007ff977eab000 	C:\WINDOWS\SYSTEM32\IPHLPAPI.DLL
0x00007ff977eb0000 - 0x00007ff977f7b000 	C:\WINDOWS\SYSTEM32\DNSAPI.dll
0x00007ff97a730000 - 0x00007ff97a738000 	C:\WINDOWS\System32\NSI.dll
0x00007ff964190000 - 0x00007ff9641a2000 	C:\WINDOWS\System32\winrnr.dll
0x00000000586a0000 - 0x00000000586c6000 	C:\Program Files\Bonjour\mdnsNSP.dll
0x00007ff971d30000 - 0x00007ff971d3a000 	C:\Windows\System32\rasadhlp.dll
0x00007ff971a10000 - 0x00007ff971a8f000 	C:\WINDOWS\System32\fwpuclnt.dll
0x00007ff9793b0000 - 0x00007ff9793d7000 	C:\WINDOWS\System32\bcrypt.dll
0x00007ff9746f0000 - 0x00007ff974700000 	C:\Users\lx\.jdks\corretto-17.0.2\bin\verify.dll
0x00007ff9783c0000 - 0x00007ff9783d8000 	C:\WINDOWS\SYSTEM32\CRYPTSP.dll
0x00007ff977b00000 - 0x00007ff977b34000 	C:\WINDOWS\system32\rsaenh.dll
0x00007ff9789a0000 - 0x00007ff9789ce000 	C:\WINDOWS\SYSTEM32\USERENV.dll
0x00007ff9782f0000 - 0x00007ff9782fc000 	C:\WINDOWS\SYSTEM32\CRYPTBASE.dll
0x00007ff972d50000 - 0x00007ff972d67000 	C:\WINDOWS\SYSTEM32\dhcpcsvc6.DLL
0x00007ff972d30000 - 0x00007ff972d4d000 	C:\WINDOWS\SYSTEM32\dhcpcsvc.DLL
0x00007ff93f1d0000 - 0x00007ff93f214000 	C:\Users\lx\AppData\Local\Temp\jna-3468\jna5573315322705752327.dll
0x00007ff97a210000 - 0x00007ff97a33a000 	C:\WINDOWS\System32\Ole32.dll
0x00007ff9797d0000 - 0x00007ff979879000 	C:\WINDOWS\System32\clbcatq.dll
0x00007ff979d60000 - 0x00007ff979e2d000 	C:\WINDOWS\System32\OleAut32.dll
0x00007ff96dc80000 - 0x00007ff96dc99000 	C:\WINDOWS\SYSTEM32\amsi.dll
0x00007ff968a90000 - 0x00007ff968ad9000 	C:\WINDOWS\SYSTEM32\Pdh.dll
0x00007ff94d170000 - 0x00007ff94d17f000 	C:\WINDOWS\System32\perfos.dll
0x00007ff929f90000 - 0x00007ff92a002000 	C:\normal\Codes\Code-Java\Rikaishi-Nikui\rikaishi_nikui\minecraft\versions\1.17.1-Fabric 0.11.6\natives\lwjgl.dll
0x00007ff968d10000 - 0x00007ff968d1e000 	C:\Users\lx\.jdks\corretto-17.0.2\bin\sunmscapi.dll
0x00007ff978c90000 - 0x00007ff978de6000 	C:\WINDOWS\System32\CRYPT32.dll
0x00007ff9784d0000 - 0x00007ff9784f7000 	C:\WINDOWS\SYSTEM32\ncrypt.dll
0x00007ff978490000 - 0x00007ff9784cb000 	C:\WINDOWS\SYSTEM32\NTASN1.dll
0x00007ff968020000 - 0x00007ff96820b000 	C:\WINDOWS\system32\urlmon.dll
0x00007ff967d70000 - 0x00007ff968020000 	C:\WINDOWS\SYSTEM32\iertutil.dll
0x00007ff971de0000 - 0x00007ff971e08000 	C:\WINDOWS\SYSTEM32\srvcli.dll
0x00007ff977fd0000 - 0x00007ff977fdc000 	C:\WINDOWS\SYSTEM32\netutils.dll
0x00007ff93aad0000 - 0x00007ff93ab2e000 	C:\normal\Codes\Code-Java\Rikaishi-Nikui\rikaishi_nikui\minecraft\versions\1.17.1-Fabric 0.11.6\natives\glfw.dll

dbghelp: loaded successfully - version: 4.0.5 - missing functions: none
symbol engine: initialized successfully - sym options: 0x614 - pdb path: .;C:\Users\lx\.jdks\corretto-17.0.2\bin;C:\WINDOWS\SYSTEM32;C:\WINDOWS\WinSxS\amd64_microsoft.windows.common-controls_6595b64144ccf1df_6.0.19041.1110_none_60b5254171f9507e;C:\Users\lx\.jdks\corretto-17.0.2\bin\server;C:\Program Files\Bonjour;C:\Users\lx\AppData\Local\Temp\jna-3468;C:\normal\Codes\Code-Java\Rikaishi-Nikui\rikaishi_nikui\minecraft\versions\1.17.1-Fabric 0.11.6\natives

VM Arguments:
jvm_args: -Djava.library.path=C:\normal\Codes\Code-Java\Rikaishi-Nikui\rikaishi_nikui\minecraft\versions\1.17.1-Fabric 0.11.6/natives/ 
java_command: net.fabricmc.loader.launch.knot.KnotClient --username zhuaidadaya --version 1.17.1-Fabric 0.11.6 --gameDir C:\normal\Codes\Code-Java\Rikaishi-Nikui\rikaishi_nikui\minecraft\versions\1.17.1-Fabric 0.11.6 --assetsDir C:\normal\Codes\Code-Java\Rikaishi-Nikui\rikaishi_nikui\minecraft\assets --assetIndex 1.17 --uuid 9991b809-2687-4902-ad16-8e77a6b88d3f --accessToken 9991b809-2687-4902-ad16-8e77a6b88d3f --userProperties {} --userType Legacy --width 854 --height 480
java_class_path (initial): C:/normal/Codes/Code-Java/Rikaishi-Nikui/rikaishi_nikui/minecraft/libraries/ca/weblite/java-objc-bridge/1.0.0/java-objc-bridge-1.0.0.jar;C:/normal/Codes/Code-Java/Rikaishi-Nikui/rikaishi_nikui/minecraft/libraries/com/github/oshi/oshi-core/5.7.5/oshi-core-5.7.5.jar;C:/normal/Codes/Code-Java/Rikaishi-Nikui/rikaishi_nikui/minecraft/libraries/com/google/code/gson/gson/2.8.0/gson-2.8.0.jar;C:/normal/Codes/Code-Java/Rikaishi-Nikui/rikaishi_nikui/minecraft/libraries/com/google/guava/guava/21.0/guava-21.0.jar;C:/normal/Codes/Code-Java/Rikaishi-Nikui/rikaishi_nikui/minecraft/libraries/com/ibm/icu/icu4j/66.1/icu4j-66.1.jar;C:/normal/Codes/Code-Java/Rikaishi-Nikui/rikaishi_nikui/minecraft/libraries/com/mojang/authlib/2.3.31/authlib-2.3.31.jar;C:/normal/Codes/Code-Java/Rikaishi-Nikui/rikaishi_nikui/minecraft/libraries/com/mojang/blocklist/1.0.5/blocklist-1.0.5.jar;C:/normal/Codes/Code-Java/Rikaishi-Nikui/rikaishi_nikui/minecraft/libraries/com/mojang/brigadier/1.0.18/brigadier-1.0.18.jar;C:/normal/Codes/Code-Java/Rikaishi-Nikui/rikaishi_nikui/minecraft/libraries/com/mojang/datafixerupper/4.0.26/datafixerupper-4.0.26.jar;C:/normal/Codes/Code-Java/Rikaishi-Nikui/rikaishi_nikui/minecraft/libraries/com/mojang/javabridge/1.1.23/javabridge-1.1.23.jar;C:/normal/Codes/Code-Java/Rikaishi-Nikui/rikaishi_nikui/minecraft/libraries/com/mojang/patchy/2.1.6/patchy-2.1.6.jar;C:/normal/Codes/Code-Java/Rikaishi-Nikui/rikaishi_nikui/minecraft/libraries/com/mojang/text2speech/1.11.3/text2speech-1.11.3.jar;C:/normal/Codes/Code-Java/Rikaishi-Nikui/rikaishi_nikui/minecraft/libraries/commons-codec/commons-codec/1.10/commons-codec-1.10.jar;C:/normal/Codes/Code-Java/Rikaishi-Nikui/rikaishi_nikui/minecraft/libraries/commons-io/commons-io/2.5/commons-io-2.5.jar;C:/normal/Codes/Code-Java/Rikaishi-Nikui/rikaishi_nikui/minecraft/libraries/commons-logging/commons-logging/1.1.3/commons-logging-1.1.3.jar;C:/normal/Codes/Code-Java/Rikaishi-Nikui/rikaishi_nikui/minecraft/libraries/io/n
Launcher Type: SUN_STANDARD

[Global flags]
     intx CICompilerCount                          = 4                                         {product} {ergonomic}
     uint ConcGCThreads                            = 3                                         {product} {ergonomic}
     uint G1ConcRefinementThreads                  = 10                                        {product} {ergonomic}
   size_t G1HeapRegionSize                         = 8388608                                   {product} {ergonomic}
    uintx GCDrainStackTargetSize                   = 64                                        {product} {ergonomic}
   size_t InitialHeapSize                          = 1073741824                                {product} {ergonomic}
   size_t MarkStackSize                            = 4194304                                   {product} {ergonomic}
   size_t MaxHeapSize                              = 17146314752                               {product} {ergonomic}
   size_t MaxNewSize                               = 10284433408                               {product} {ergonomic}
   size_t MinHeapDeltaBytes                        = 8388608                                   {product} {ergonomic}
   size_t MinHeapSize                              = 8388608                                   {product} {ergonomic}
    uintx NonNMethodCodeHeapSize                   = 5839372                                {pd product} {ergonomic}
    uintx NonProfiledCodeHeapSize                  = 122909434                              {pd product} {ergonomic}
    uintx ProfiledCodeHeapSize                     = 122909434                              {pd product} {ergonomic}
    uintx ReservedCodeCacheSize                    = 251658240                              {pd product} {ergonomic}
     bool SegmentedCodeCache                       = true                                      {product} {ergonomic}
   size_t SoftMaxHeapSize                          = 17146314752                            {manageable} {ergonomic}
     bool UseCompressedClassPointers               = true                           {product lp64_product} {ergonomic}
     bool UseCompressedOops                        = true                           {product lp64_product} {ergonomic}
     bool UseG1GC                                  = true                                      {product} {ergonomic}
     bool UseLargePagesIndividualAllocation        = false                                  {pd product} {ergonomic}

Logging:
Log output configuration:
 #0: stdout all=warning uptime,level,tags
 #1: stderr all=off uptime,level,tags

Environment Variables:
JAVA_HOME=C:\Users\lx\.jdks\openjdk-16.0.2
CLASSPATH=C:\Users\lx\.jdks\openjdk-16.0.2\lib\dt.jar;C:\Users\lx\.jdks\openjdk-16.0.2\lib\tools.jar
PATH=C:\Program Files\Common Files\Oracle\Java\javapath;C:\Program Files\Python39\Scripts\;C:\Program Files\Python39\;C:\Program Files (x86)\Common Files\Oracle\Java\javapath;C:\Users\lx\.jdks\openjdk-16.0.2\bin;C:\WINDOWS\system32;C:\WINDOWS;C:\WINDOWS\System32\Wbem;C:\WINDOWS\System32\WindowsPowerShell\v1.0\;C:\WINDOWS\System32\OpenSSH\;C:\Program Files\Microsoft SQL Server\130\Tools\Binn\;C:\Program Files (x86)\NVIDIA Corporation\PhysX\Common;C:\Program Files\NVIDIA Corporation\NVIDIA NvDLISR;C:\Program Files\Microsoft SQL Server\Client SDK\ODBC\170\Tools\Binn\;D:\Git\cmd;C:\Program Files (x86)\Microsoft SQL Server\150\Tools\Binn\;C:\Program Files\Microsoft SQL Server\150\Tools\Binn\;C:\Program Files\Microsoft SQL Server\150\DTS\Binn\;C:\Program Files (x86)\Microsoft SQL Server\150\DTS\Binn\;C:\Program Files\Azure Data Studio\bin;C:\Program Files\dotnet\;C:\Program Files\nodejs\;C:\ProgramData\chocolatey\bin;C:\GRADLE\bin;C:\Program Files\Intel\Intel(R) Memory and Storage Tool\;C:\Program Files\Git\cmd;C:\Us;C:\Program Files (x86)\Intel\Platform Flash Tool Lite;C:\Program Files (x86)\Intel\Phone Flash Tool Lite;C:\Users\lx\AppData\Local\Microsoft\WindowsApps;C:\Users\lx\AppData\Local\GitHubDesktop\bin;C:\Program Files\Azure Data Studio\bin;C:\Users\lx\.dotnet\tools;C:\Users\lx\AppData\Roaming\npm
USERNAME=lx
OS=Windows_NT
PROCESSOR_IDENTIFIER=Intel64 Family 6 Model 165 Stepping 0, GenuineIntel



---------------  S Y S T E M  ---------------

OS:
 Windows 10 , 64 bit Build 19041 (10.0.19041.1348)
OS uptime: 9 days 18:21 hours
Hyper-V role detected

CPU: total 12 (initial active 12) (6 cores per cpu, 2 threads per core) family 6 model 165 stepping 0 microcode 0xbe, cx8, cmov, fxsr, ht, mmx, 3dnowpref, sse, sse2, sse3, ssse3, sse4.1, sse4.2, popcnt, lzcnt, tsc, tscinvbit, avx, avx2, aes, erms, clmul, bmi1, bmi2, adx, fma, vzeroupper, clflush, clflushopt, hv

Memory: 4k page, system-wide physical 65398M (24840M free)
TotalPageFile size 72054M (AvailPageFile size 30229M)
current process WorkingSet (physical memory assigned to process): 1743M, peak: 1939M
current process commit charge ("private bytes"): 2043M, peak: 4154M

vm_info: OpenJDK 64-Bit Server VM (17.0.2+8-LTS) for windows-amd64 JRE (17.0.2+8-LTS), built on Jan 17 2022 05:07:39 by "Administrator" with MS VC++ 15.9 (VS2017)

END.
