#
# A fatal error has been detected by the Java Runtime Environment:
#
#  EXCEPTION_ACCESS_VIOLATION (0xc0000005) at pc=0x0000000000000008, pid=41808, tid=32304
#
# JRE version: OpenJDK Runtime Environment Corretto-17.0.2.8.1 (17.0.2+8) (build 17.0.2+8-LTS)
# Java VM: OpenJDK 64-Bit Server VM Corretto-17.0.2.8.1 (17.0.2+8-LTS, mixed mode, sharing, tiered, compressed oops, compressed class ptrs, g1 gc, windows-amd64)
# Problematic frame:
# C  0x0000000000000008
#
# No core dump will be written. Minidumps are not enabled by default on client versions of Windows
#
# If you would like to submit a bug report, please visit:
#   https://github.com/corretto/corretto-17/issues/
# The crash happened outside the Java Virtual Machine in native code.
# See problematic frame for where to report the bug.
#

---------------  S U M M A R Y ------------

Command Line: -Dcom.sun.jndi.ldap.object.trustURLCodebase=false -Duser.dir=C:\normal\Codes\Code-Java\Rikaishi-Nikui\rikaishi_nikui\minecraft\versions\1.18.2 -Dlog4j2.formatMsgNoLookups=true -Djava.library.path=C:\normal\Codes\Code-Java\Rikaishi-Nikui\rikaishi_nikui\minecraft\versions\1.18.2/natives/ net.minecraft.client.main.Main --username zhuaidadaya --version 1.18.2 --gameDir C:\normal\Codes\Code-Java\Rikaishi-Nikui\rikaishi_nikui\minecraft\versions\1.18.2 --assetsDir C:\normal\Codes\Code-Java\Rikaishi-Nikui\rikaishi_nikui\minecraft\assets --assetIndex 1.18 --uuid aece86a7-ec32-42d8-8e37-ac5e5df56fc9 --accessToken aece86a7-ec32-42d8-8e37-ac5e5df56fc9 --userProperties {} --userType Legacy --width 854 --height 480

Host: Intel(R) Core(TM) i5-10600 CPU @ 3.30GHz, 12 cores, 63G,  Windows 10 , 64 bit Build 19041 (10.0.19041.1348)
Time: Sun Mar 13 17:39:33 2022  Windows 10 , 64 bit Build 19041 (10.0.19041.1348) elapsed time: 6.086888 seconds (0d 0h 0m 6s)

---------------  T H R E A D  ---------------

Current thread (0x000001d1e3f34ac0):  JavaThread "Render thread" [_thread_in_native, id=32304, stack(0x0000007dca300000,0x0000007dca400000)]

Stack: [0x0000007dca300000,0x0000007dca400000],  sp=0x0000007dca3fb338,  free space=1004k
Native frames: (J=compiled Java code, j=interpreted, Vv=VM code, C=native code)
C  0x0000000000000008

Java frames: (J=compiled Java code, j=interpreted, Vv=VM code)
j  org.lwjgl.system.JNI.invokePP(JJ)J+0
j  org.lwjgl.system.jemalloc.JEmalloc.nje_malloc(J)J+6
j  org.lwjgl.system.jemalloc.JEmalloc.<clinit>()V+42
v  ~StubRoutines::call_stub
j  org.lwjgl.system.jemalloc.JEmallocAllocator.<clinit>()V+0
v  ~StubRoutines::call_stub
J 1284  java.lang.Class.forName0(Ljava/lang/String;ZLjava/lang/ClassLoader;Ljava/lang/Class;)Ljava/lang/Class; java.base@17.0.2 (0 bytes) @ 0x000001d1f4d6ccaf [0x000001d1f4d6cc20+0x000000000000008f]
J 1963 c1 java.lang.Class.forName(Ljava/lang/String;)Ljava/lang/Class; java.base@17.0.2 (15 bytes) @ 0x000001d1edb42964 [0x000001d1edb42840+0x0000000000000124]
j  org.lwjgl.system.MemoryManage.getInstance()Lorg/lwjgl/system/MemoryUtil$MemoryAllocator;+68
j  org.lwjgl.system.MemoryUtil$LazyInit.<clinit>()V+0
v  ~StubRoutines::call_stub
j  org.lwjgl.system.MemoryUtil.getAllocator(Z)Lorg/lwjgl/system/MemoryUtil$MemoryAllocator;+10
j  dsk.<clinit>()V+1
v  ~StubRoutines::call_stub
j  dth.<init>(I)V+34
j  dto.<init>(I)V+10
j  dto.<init>()V+3
j  dto.<clinit>()V+4
v  ~StubRoutines::call_stub
j  com.mojang.blaze3d.systems.RenderSystem.<clinit>()V+12
v  ~StubRoutines::call_stub
j  net.minecraft.client.main.Main.main([Ljava/lang/String;)V+1327
v  ~StubRoutines::call_stub

siginfo: EXCEPTION_ACCESS_VIOLATION (0xc0000005), data execution prevention violation at address 0x0000000000000008


Register to memory mapping:

RIP=0x0000000000000008 is an unknown value
RAX=0x00007ff9280f1a60 lwjgl.dll
RBX={method} {0x000001d1addc7938} 'invokePP' '(JJ)J' in 'org/lwjgl/system/JNI'
RCX=0x00007ff916464870 jemalloc.dll
RDX=0x0000007dca3fb3d8 is pointing into the stack for thread: 0x000001d1e3f34ac0
RSP=0x0000007dca3fb338 is pointing into the stack for thread: 0x000001d1e3f34ac0
RBP=0x0000007dca3fb3c8 is pointing into the stack for thread: 0x000001d1e3f34ac0
RSI=0x000000047b83fd98 is an oop: [B 
{0x000000047b83fd98} - klass: {type array byte}
 - length: 20
RDI=0x0000000000000014 is an unknown value
R8 =0x00007ff916464870 jemalloc.dll
R9 =0x0000000000000008 is an unknown value
R10=0x000001d1ed20d5f2 is at code_begin+946 in an Interpreter codelet
method entry point (kind = native)  [0x000001d1ed20d240, 0x000001d1ed20dbc0]  2432 bytes
R11=0x000000047b86cda0 is an oop: java.lang.Class 
{0x000000047b86cda0} - klass: 'java/lang/Class'
 - ---- fields (total size 14 words):
 - private volatile transient 'classRedefinedCount' 'I' @12  0
 - private volatile transient 'cachedConstructor' 'Ljava/lang/reflect/Constructor;' @40  NULL (0)
 - private transient 'name' 'Ljava/lang/String;' @44  "org.lwjgl.system.JNI"{0x000000047b86ce20} (8f70d9c4)
 - private transient 'module' 'Ljava/lang/Module;' @48  a 'java/lang/Module'{0x00000004034fe2d8} (8069fc5b)
 - private final 'classLoader' 'Ljava/lang/ClassLoader;' @52  a 'jdk/internal/loader/ClassLoaders$AppClassLoader'{0x00000004034387c0} (806870f8)
 - private transient 'classData' 'Ljava/lang/Object;' @56  NULL (0)
 - private transient 'packageName' 'Ljava/lang/String;' @60  "org.lwjgl.system"{0x0000000432bdb9b8} (8657b737)
 - private final 'componentType' 'Ljava/lang/Class;' @64  NULL (0)
 - private volatile transient 'reflectionData' 'Ljava/lang/ref/SoftReference;' @68  NULL (0)
 - private volatile transient 'genericInfo' 'Lsun/reflect/generics/repository/ClassRepository;' @72  NULL (0)
 - private volatile transient 'enumConstants' '[Ljava/lang/Object;' @76  NULL (0)
 - private volatile transient 'enumConstantDirectory' 'Ljava/util/Map;' @80  NULL (0)
 - private volatile transient 'annotationData' 'Ljava/lang/Class$AnnotationData;' @84  NULL (0)
 - private volatile transient 'annotationType' 'Lsun/reflect/annotation/AnnotationType;' @88  NULL (0)
 - transient 'classValueMap' 'Ljava/lang/ClassValue$ClassValueMap;' @92  NULL (0)
 - signature: Lorg/lwjgl/system/JNI;
 - fake entry for mirror: 'org/lwjgl/system/JNI'
 - fake entry for array: NULL
 - fake entry for oop_size: 14
 - fake entry for static_oop_field_count: 0
R12=0x0 is NULL
R13={method} {0x000001d1addc7938} 'invokePP' '(JJ)J' in 'org/lwjgl/system/JNI'
R14=0x0000007dca3fb400 is pointing into the stack for thread: 0x000001d1e3f34ac0
R15=0x000001d1e3f34ac0 is a thread


Registers:
RAX=0x00007ff9280f1a60, RBX=0x000001d1addc7930, RCX=0x00007ff916464870, RDX=0x0000007dca3fb3d8
RSP=0x0000007dca3fb338, RBP=0x0000007dca3fb3c8, RSI=0x000000047b83fd98, RDI=0x0000000000000014
R8 =0x00007ff916464870, R9 =0x0000000000000008, R10=0x000001d1ed20d5f2, R11=0x000000047b86cda0
R12=0x0000000000000000, R13=0x000001d1addc7930, R14=0x0000007dca3fb400, R15=0x000001d1e3f34ac0
RIP=0x0000000000000008, EFLAGS=0x0000000000010206

Top of Stack: (sp=0x0000007dca3fb338)
0x0000007dca3fb338:   000001d1ed20d621 0000000000000014
0x0000007dca3fb348:   000001d1ed20d33c 000001d1addc7930
0x0000007dca3fb358:   000000047b83fd98 0000000000000014
0x0000007dca3fb368:   00007ff90c4e6d57 3ff0000000000000
0x0000007dca3fb378:   000001d1ed20d2f6 0000007dca3fb380
0x0000007dca3fb388:   000001d1addc7930 0000007dca3fb400
0x0000007dca3fb398:   000001d1addf5510 0000000000000000
0x0000007dca3fb3a8:   000000047b86cda0 000001d1addc7930
0x0000007dca3fb3b8:   0000000000000000 0000007dca3fb3e8
0x0000007dca3fb3c8:   0000007dca3fb450 000001d1ed2095cd
0x0000007dca3fb3d8:   000000047b86cda0 000001d1ed20af77
0x0000007dca3fb3e8:   0000000000000008 0000000000000000
0x0000007dca3fb3f8:   00007ff916464870 0000000000000000
0x0000007dca3fb408:   0000007dca3fb408 000001d1adda6cce
0x0000007dca3fb418:   0000007dca3fb478 000001d1addaa5e8
0x0000007dca3fb428:   0000000000000000 00000004328003f8 

Instructions: (pc=0x0000000000000008)
0xffffffffffffff08:   


Stack slot to memory mapping:
stack at sp + 0 slots: 0x000001d1ed20d621 is at code_begin+993 in an Interpreter codelet
method entry point (kind = native)  [0x000001d1ed20d240, 0x000001d1ed20dbc0]  2432 bytes
stack at sp + 1 slots: 0x0000000000000014 is an unknown value
stack at sp + 2 slots: 0x000001d1ed20d33c is at code_begin+252 in an Interpreter codelet
method entry point (kind = native)  [0x000001d1ed20d240, 0x000001d1ed20dbc0]  2432 bytes
stack at sp + 3 slots: {method} {0x000001d1addc7938} 'invokePP' '(JJ)J' in 'org/lwjgl/system/JNI'
stack at sp + 4 slots: 0x000000047b83fd98 is an oop: [B 
{0x000000047b83fd98} - klass: {type array byte}
 - length: 20
stack at sp + 5 slots: 0x0000000000000014 is an unknown value
stack at sp + 6 slots: 0x00007ff90c4e6d57 jvm.dll
stack at sp + 7 slots: 0x3ff0000000000000 is an unknown value


---------------  P R O C E S S  ---------------

Threads class SMR info:
_java_thread_list=0x000001d1ab8e9230, length=25, elements={
0x000001d1e3f34ac0, 0x000001d1ffcd03d0, 0x000001d1ffcd0e90, 0x000001d1ffcec510,
0x000001d1ffcecfd0, 0x000001d1ffcefeb0, 0x000001d1ffcf3310, 0x000001d1ffcff720,
0x000001d1ffd200e0, 0x000001d1ffd209e0, 0x000001d1ffcf1630, 0x000001d1ffcf3cb0,
0x000001d1a7df8f50, 0x000001d1a796a2f0, 0x000001d1a796dcb0, 0x000001d1a796b630,
0x000001d1a796d310, 0x000001d1a796bb00, 0x000001d1a796a7c0, 0x000001d1a796bfd0,
0x000001d1a796c4a0, 0x000001d1a796c970, 0x000001d1a796d7e0, 0x000001d1a796ac90,
0x000001d1ab6ec520
}

Java Threads: ( => current thread )
=>0x000001d1e3f34ac0 JavaThread "Render thread" [_thread_in_native, id=32304, stack(0x0000007dca300000,0x0000007dca400000)]
  0x000001d1ffcd03d0 JavaThread "Reference Handler" daemon [_thread_blocked, id=42740, stack(0x0000007dcaa00000,0x0000007dcab00000)]
  0x000001d1ffcd0e90 JavaThread "Finalizer" daemon [_thread_blocked, id=30504, stack(0x0000007dcab00000,0x0000007dcac00000)]
  0x000001d1ffcec510 JavaThread "Signal Dispatcher" daemon [_thread_blocked, id=42696, stack(0x0000007dcac00000,0x0000007dcad00000)]
  0x000001d1ffcecfd0 JavaThread "Attach Listener" daemon [_thread_blocked, id=11620, stack(0x0000007dcad00000,0x0000007dcae00000)]
  0x000001d1ffcefeb0 JavaThread "Service Thread" daemon [_thread_blocked, id=19140, stack(0x0000007dcae00000,0x0000007dcaf00000)]
  0x000001d1ffcf3310 JavaThread "Monitor Deflation Thread" daemon [_thread_blocked, id=40948, stack(0x0000007dcaf00000,0x0000007dcb000000)]
  0x000001d1ffcff720 JavaThread "C2 CompilerThread0" daemon [_thread_blocked, id=11000, stack(0x0000007dcb000000,0x0000007dcb100000)]
  0x000001d1ffd200e0 JavaThread "C1 CompilerThread0" daemon [_thread_blocked, id=18912, stack(0x0000007dcb100000,0x0000007dcb200000)]
  0x000001d1ffd209e0 JavaThread "Sweeper thread" daemon [_thread_blocked, id=29740, stack(0x0000007dcb200000,0x0000007dcb300000)]
  0x000001d1ffcf1630 JavaThread "Notification Thread" daemon [_thread_blocked, id=30128, stack(0x0000007dcb300000,0x0000007dcb400000)]
  0x000001d1ffcf3cb0 JavaThread "Common-Cleaner" daemon [_thread_blocked, id=31688, stack(0x0000007dcb500000,0x0000007dcb600000)]
  0x000001d1a7df8f50 JavaThread "C2 CompilerThread1" daemon [_thread_blocked, id=30956, stack(0x0000007dcb600000,0x0000007dcb700000)]
  0x000001d1a796a2f0 JavaThread "Worker-Bootstrap-1" daemon [_thread_in_Java, id=41616, stack(0x0000007dccd00000,0x0000007dcce00000)]
  0x000001d1a796dcb0 JavaThread "Worker-Bootstrap-2" daemon [_thread_in_Java, id=24616, stack(0x0000007dcce00000,0x0000007dccf00000)]
  0x000001d1a796b630 JavaThread "Worker-Bootstrap-3" daemon [_thread_in_Java, id=29188, stack(0x0000007dccf00000,0x0000007dcd000000)]
  0x000001d1a796d310 JavaThread "Worker-Bootstrap-4" daemon [_thread_in_Java, id=25840, stack(0x0000007dcd000000,0x0000007dcd100000)]
  0x000001d1a796bb00 JavaThread "Worker-Bootstrap-5" daemon [_thread_in_Java, id=21224, stack(0x0000007dcd100000,0x0000007dcd200000)]
  0x000001d1a796a7c0 JavaThread "Worker-Bootstrap-6" daemon [_thread_in_Java, id=39304, stack(0x0000007dcd200000,0x0000007dcd300000)]
  0x000001d1a796bfd0 JavaThread "Worker-Bootstrap-7" daemon [_thread_in_Java, id=42560, stack(0x0000007dcd300000,0x0000007dcd400000)]
  0x000001d1a796c4a0 JavaThread "Worker-Bootstrap-8" daemon [_thread_in_Java, id=23412, stack(0x0000007dcd400000,0x0000007dcd500000)]
  0x000001d1a796c970 JavaThread "Worker-Bootstrap-9" daemon [_thread_blocked, id=31180, stack(0x0000007dcd500000,0x0000007dcd600000)]
  0x000001d1a796d7e0 JavaThread "Worker-Bootstrap-10" daemon [_thread_in_Java, id=37660, stack(0x0000007dcd600000,0x0000007dcd700000)]
  0x000001d1a796ac90 JavaThread "Worker-Bootstrap-11" daemon [_thread_in_Java, id=15928, stack(0x0000007dcd700000,0x0000007dcd800000)]
  0x000001d1ab6ec520 JavaThread "Timer hack thread" daemon [_thread_blocked, id=38480, stack(0x0000007dcda00000,0x0000007dcdb00000)]

Other Threads:
  0x000001d1ffcc5a00 VMThread "VM Thread" [stack: 0x0000007dca900000,0x0000007dcaa00000] [id=37060]
  0x000001d1e4003250 WatcherThread [stack: 0x0000007dcb400000,0x0000007dcb500000] [id=19024]
  0x000001d1e3feb550 GCTaskThread "GC Thread#0" [stack: 0x0000007dca400000,0x0000007dca500000] [id=22020]
  0x000001d1a6a9be50 GCTaskThread "GC Thread#1" [stack: 0x0000007dcb800000,0x0000007dcb900000] [id=2180]
  0x000001d1a6c64200 GCTaskThread "GC Thread#2" [stack: 0x0000007dcb900000,0x0000007dcba00000] [id=24132]
  0x000001d1a6ce61c0 GCTaskThread "GC Thread#3" [stack: 0x0000007dcba00000,0x0000007dcbb00000] [id=19548]
  0x000001d1a7093800 GCTaskThread "GC Thread#4" [stack: 0x0000007dcbb00000,0x0000007dcbc00000] [id=20272]
  0x000001d1a692b810 GCTaskThread "GC Thread#5" [stack: 0x0000007dcbc00000,0x0000007dcbd00000] [id=40804]
  0x000001d1a6c23510 GCTaskThread "GC Thread#6" [stack: 0x0000007dcbd00000,0x0000007dcbe00000] [id=24100]
  0x000001d1a6ab1770 GCTaskThread "GC Thread#7" [stack: 0x0000007dcbe00000,0x0000007dcbf00000] [id=1648]
  0x000001d1a6ab1a20 GCTaskThread "GC Thread#8" [stack: 0x0000007dcbf00000,0x0000007dcc000000] [id=42200]
  0x000001d1a6ef3c10 GCTaskThread "GC Thread#9" [stack: 0x0000007dcc000000,0x0000007dcc100000] [id=27752]
  0x000001d1e3ffc1c0 ConcurrentGCThread "G1 Main Marker" [stack: 0x0000007dca500000,0x0000007dca600000] [id=7496]
  0x000001d1e3ffc980 ConcurrentGCThread "G1 Conc#0" [stack: 0x0000007dca600000,0x0000007dca700000] [id=38564]
  0x000001d1a7605870 ConcurrentGCThread "G1 Conc#1" [stack: 0x0000007dcb700000,0x0000007dcb800000] [id=21304]
  0x000001d1a7606330 ConcurrentGCThread "G1 Conc#2" [stack: 0x0000007dccb00000,0x0000007dccc00000] [id=39476]
  0x000001d1e400ea70 ConcurrentGCThread "G1 Refine#0" [stack: 0x0000007dca700000,0x0000007dca800000] [id=26140]
  0x000001d1a6ef42c0 ConcurrentGCThread "G1 Refine#1" [stack: 0x0000007dcc100000,0x0000007dcc200000] [id=34076]
  0x000001d1a6d86d10 ConcurrentGCThread "G1 Refine#2" [stack: 0x0000007dcc200000,0x0000007dcc300000] [id=34400]
  0x000001d1a6dca5d0 ConcurrentGCThread "G1 Refine#3" [stack: 0x0000007dcc300000,0x0000007dcc400000] [id=39060]
  0x000001d1a6dcacb0 ConcurrentGCThread "G1 Refine#4" [stack: 0x0000007dcc400000,0x0000007dcc500000] [id=19272]
  0x000001d1a697d3d0 ConcurrentGCThread "G1 Refine#5" [stack: 0x0000007dcc500000,0x0000007dcc600000] [id=20160]
  0x000001d1a697d6b0 ConcurrentGCThread "G1 Refine#6" [stack: 0x0000007dcc600000,0x0000007dcc700000] [id=25000]
  0x000001d1a7e9b6b0 ConcurrentGCThread "G1 Refine#7" [stack: 0x0000007dcc700000,0x0000007dcc800000] [id=32056]
  0x000001d1a76e0360 ConcurrentGCThread "G1 Refine#8" [stack: 0x0000007dcd800000,0x0000007dcd900000] [id=31348]
  0x000001d1a76e0920 ConcurrentGCThread "G1 Refine#9" [stack: 0x0000007dcd900000,0x0000007dcda00000] [id=23892]
  0x000001d1ff0e1400 ConcurrentGCThread "G1 Service" [stack: 0x0000007dca800000,0x0000007dca900000] [id=24896]

Threads with active compile tasks:

VM state: not at safepoint (normal execution)

VM Mutex/Monitor currently owned by a thread: None

Heap address: 0x0000000402000000, size: 16352 MB, Compressed Oops mode: Zero based, Oop shift amount: 3

CDS archive(s) mapped at: [0x0000000800000000-0x0000000800bc0000-0x0000000800bc0000), size 12320768, SharedBaseAddress: 0x0000000800000000, ArchiveRelocationMode: 0.
Compressed class space mapped at: 0x0000000800c00000-0x0000000840c00000, reserved size: 1073741824
Narrow klass base: 0x0000000800000000, Narrow klass shift: 0, Narrow klass range: 0x100000000

GC Precious Log:
 CPUs: 12 total, 12 available
 Memory: 65398M
 Large Page Support: Disabled
 NUMA Support: Disabled
 Compressed Oops: Enabled (Zero based)
 Heap Region Size: 8M
 Heap Min Capacity: 8M
 Heap Initial Capacity: 1G
 Heap Max Capacity: 16352M
 Pre-touch: Disabled
 Parallel Workers: 10
 Concurrent Workers: 3
 Concurrent Refinement Workers: 10
 Periodic GC: Disabled

Heap:
 garbage-first heap   total 1998848K, used 658608K [0x0000000402000000, 0x0000000800000000)
  region size 8192K, 60 young (491520K), 5 survivors (40960K)
 Metaspace       used 45085K, committed 45696K, reserved 1089536K
  class space    used 6819K, committed 7104K, reserved 1048576K

Heap Regions: E=young(eden), S=young(survivor), O=old, HS=humongous(starts), HC=humongous(continues), CS=collection set, F=free, OA=open archive, CA=closed archive, TAMS=top-at-mark-start (previous, next)
|   0|0x0000000402000000, 0x0000000402800000, 0x0000000402800000|100%| O|  |TAMS 0x0000000402800000, 0x0000000402000000| Untracked 
|   1|0x0000000402800000, 0x0000000403000000, 0x0000000403000000|100%| O|  |TAMS 0x0000000403000000, 0x0000000402800000| Untracked 
|   2|0x0000000403000000, 0x0000000403800000, 0x0000000403800000|100%| O|  |TAMS 0x0000000403800000, 0x0000000403000000| Untracked 
|   3|0x0000000403800000, 0x0000000404000000, 0x0000000404000000|100%| O|  |TAMS 0x0000000404000000, 0x0000000403800000| Untracked 
|   4|0x0000000404000000, 0x0000000404800000, 0x0000000404800000|100%|HS|  |TAMS 0x0000000404800000, 0x0000000404000000| Complete 
|   5|0x0000000404800000, 0x0000000405000000, 0x0000000405000000|100%|HC|  |TAMS 0x0000000405000000, 0x0000000404800000| Complete 
|   6|0x0000000405000000, 0x0000000405800000, 0x0000000405800000|100%| O|  |TAMS 0x0000000405800000, 0x0000000405000000| Untracked 
|   7|0x0000000405800000, 0x0000000406000000, 0x0000000406000000|100%| O|  |TAMS 0x0000000405998200, 0x0000000405800000| Untracked 
|   8|0x0000000406000000, 0x0000000406800000, 0x0000000406800000|100%| O|  |TAMS 0x0000000406800000, 0x0000000406000000| Untracked 
|   9|0x0000000406800000, 0x0000000407000000, 0x0000000407000000|100%| O|  |TAMS 0x0000000407000000, 0x0000000406800000| Untracked 
|  10|0x0000000407000000, 0x0000000407800000, 0x0000000407800000|100%| O|  |TAMS 0x0000000407000000, 0x0000000407000000| Untracked 
|  11|0x0000000407800000, 0x0000000408000000, 0x0000000408000000|100%| O|  |TAMS 0x0000000407800000, 0x0000000407800000| Untracked 
|  12|0x0000000408000000, 0x0000000408800000, 0x0000000408800000|100%| O|  |TAMS 0x0000000408000000, 0x0000000408000000| Untracked 
|  13|0x0000000408800000, 0x0000000409000000, 0x0000000409000000|100%| O|  |TAMS 0x0000000408800000, 0x0000000408800000| Untracked 
|  14|0x0000000409000000, 0x0000000409800000, 0x0000000409800000|100%| O|  |TAMS 0x0000000409000000, 0x0000000409000000| Untracked 
|  15|0x0000000409800000, 0x000000040a000000, 0x000000040a000000|100%| O|  |TAMS 0x0000000409800000, 0x0000000409800000| Untracked 
|  16|0x000000040a000000, 0x000000040a800000, 0x000000040a800000|100%| O|  |TAMS 0x000000040a000000, 0x000000040a000000| Untracked 
|  17|0x000000040a800000, 0x000000040b000000, 0x000000040b000000|100%| O|  |TAMS 0x000000040a800000, 0x000000040a800000| Untracked 
|  18|0x000000040b000000, 0x000000040b800000, 0x000000040b800000|100%| O|  |TAMS 0x000000040b000000, 0x000000040b000000| Untracked 
|  19|0x000000040b800000, 0x000000040c000000, 0x000000040c000000|100%| O|  |TAMS 0x000000040b800000, 0x000000040b800000| Untracked 
|  20|0x000000040c000000, 0x000000040c800000, 0x000000040c800000|100%| O|  |TAMS 0x000000040c000000, 0x000000040c000000| Untracked 
|  21|0x000000040c800000, 0x000000040d000000, 0x000000040d000000|100%| O|  |TAMS 0x000000040c800000, 0x000000040c800000| Untracked 
|  22|0x000000040d000000, 0x000000040d0fc000, 0x000000040d800000| 12%| O|  |TAMS 0x000000040d000000, 0x000000040d000000| Untracked 
|  23|0x000000040d800000, 0x000000040d800000, 0x000000040e000000|  0%| F|  |TAMS 0x000000040d800000, 0x000000040d800000| Untracked 
|  24|0x000000040e000000, 0x000000040e000000, 0x000000040e800000|  0%| F|  |TAMS 0x000000040e000000, 0x000000040e000000| Untracked 
|  25|0x000000040e800000, 0x000000040e800000, 0x000000040f000000|  0%| F|  |TAMS 0x000000040e800000, 0x000000040e800000| Untracked 
|  26|0x000000040f000000, 0x000000040f000000, 0x000000040f800000|  0%| F|  |TAMS 0x000000040f000000, 0x000000040f000000| Untracked 
|  27|0x000000040f800000, 0x000000040f800000, 0x0000000410000000|  0%| F|  |TAMS 0x000000040f800000, 0x000000040f800000| Untracked 
|  28|0x0000000410000000, 0x0000000410000000, 0x0000000410800000|  0%| F|  |TAMS 0x0000000410000000, 0x0000000410000000| Untracked 
|  29|0x0000000410800000, 0x0000000410800000, 0x0000000411000000|  0%| F|  |TAMS 0x0000000410800000, 0x0000000410800000| Untracked 
|  30|0x0000000411000000, 0x0000000411000000, 0x0000000411800000|  0%| F|  |TAMS 0x0000000411000000, 0x0000000411000000| Untracked 
|  31|0x0000000411800000, 0x0000000411800000, 0x0000000412000000|  0%| F|  |TAMS 0x0000000411800000, 0x0000000411800000| Untracked 
|  32|0x0000000412000000, 0x0000000412000000, 0x0000000412800000|  0%| F|  |TAMS 0x0000000412000000, 0x0000000412000000| Untracked 
|  33|0x0000000412800000, 0x0000000412800000, 0x0000000413000000|  0%| F|  |TAMS 0x0000000412800000, 0x0000000412800000| Untracked 
|  34|0x0000000413000000, 0x0000000413000000, 0x0000000413800000|  0%| F|  |TAMS 0x0000000413000000, 0x0000000413000000| Untracked 
|  35|0x0000000413800000, 0x0000000413800000, 0x0000000414000000|  0%| F|  |TAMS 0x0000000413800000, 0x0000000413800000| Untracked 
|  36|0x0000000414000000, 0x0000000414000000, 0x0000000414800000|  0%| F|  |TAMS 0x0000000414000000, 0x0000000414000000| Untracked 
|  37|0x0000000414800000, 0x0000000414800000, 0x0000000415000000|  0%| F|  |TAMS 0x0000000414800000, 0x0000000414800000| Untracked 
|  38|0x0000000415000000, 0x0000000415000000, 0x0000000415800000|  0%| F|  |TAMS 0x0000000415000000, 0x0000000415000000| Untracked 
|  39|0x0000000415800000, 0x0000000415800000, 0x0000000416000000|  0%| F|  |TAMS 0x0000000415800000, 0x0000000415800000| Untracked 
|  40|0x0000000416000000, 0x0000000416000000, 0x0000000416800000|  0%| F|  |TAMS 0x0000000416000000, 0x0000000416000000| Untracked 
|  41|0x0000000416800000, 0x0000000416800000, 0x0000000417000000|  0%| F|  |TAMS 0x0000000416800000, 0x0000000416800000| Untracked 
|  42|0x0000000417000000, 0x0000000417000000, 0x0000000417800000|  0%| F|  |TAMS 0x0000000417000000, 0x0000000417000000| Untracked 
|  43|0x0000000417800000, 0x0000000417800000, 0x0000000418000000|  0%| F|  |TAMS 0x0000000417800000, 0x0000000417800000| Untracked 
|  44|0x0000000418000000, 0x0000000418000000, 0x0000000418800000|  0%| F|  |TAMS 0x0000000418000000, 0x0000000418000000| Untracked 
|  45|0x0000000418800000, 0x0000000418800000, 0x0000000419000000|  0%| F|  |TAMS 0x0000000418800000, 0x0000000418800000| Untracked 
|  46|0x0000000419000000, 0x0000000419000000, 0x0000000419800000|  0%| F|  |TAMS 0x0000000419000000, 0x0000000419000000| Untracked 
|  47|0x0000000419800000, 0x0000000419800000, 0x000000041a000000|  0%| F|  |TAMS 0x0000000419800000, 0x0000000419800000| Untracked 
|  48|0x000000041a000000, 0x000000041a000000, 0x000000041a800000|  0%| F|  |TAMS 0x000000041a000000, 0x000000041a000000| Untracked 
|  49|0x000000041a800000, 0x000000041a800000, 0x000000041b000000|  0%| F|  |TAMS 0x000000041a800000, 0x000000041a800000| Untracked 
|  50|0x000000041b000000, 0x000000041b000000, 0x000000041b800000|  0%| F|  |TAMS 0x000000041b000000, 0x000000041b000000| Untracked 
|  51|0x000000041b800000, 0x000000041b800000, 0x000000041c000000|  0%| F|  |TAMS 0x000000041b800000, 0x000000041b800000| Untracked 
|  52|0x000000041c000000, 0x000000041c000000, 0x000000041c800000|  0%| F|  |TAMS 0x000000041c000000, 0x000000041c000000| Untracked 
|  53|0x000000041c800000, 0x000000041c800000, 0x000000041d000000|  0%| F|  |TAMS 0x000000041c800000, 0x000000041c800000| Untracked 
|  54|0x000000041d000000, 0x000000041d000000, 0x000000041d800000|  0%| F|  |TAMS 0x000000041d000000, 0x000000041d000000| Untracked 
|  55|0x000000041d800000, 0x000000041d800000, 0x000000041e000000|  0%| F|  |TAMS 0x000000041d800000, 0x000000041d800000| Untracked 
|  56|0x000000041e000000, 0x000000041e000000, 0x000000041e800000|  0%| F|  |TAMS 0x000000041e000000, 0x000000041e000000| Untracked 
|  57|0x000000041e800000, 0x000000041e800000, 0x000000041f000000|  0%| F|  |TAMS 0x000000041e800000, 0x000000041e800000| Untracked 
|  58|0x000000041f000000, 0x000000041f000000, 0x000000041f800000|  0%| F|  |TAMS 0x000000041f000000, 0x000000041f000000| Untracked 
|  59|0x000000041f800000, 0x000000041f800000, 0x0000000420000000|  0%| F|  |TAMS 0x000000041f800000, 0x000000041f800000| Untracked 
|  60|0x0000000420000000, 0x0000000420000000, 0x0000000420800000|  0%| F|  |TAMS 0x0000000420000000, 0x0000000420000000| Untracked 
|  61|0x0000000420800000, 0x0000000420800000, 0x0000000421000000|  0%| F|  |TAMS 0x0000000420800000, 0x0000000420800000| Untracked 
|  62|0x0000000421000000, 0x0000000421000000, 0x0000000421800000|  0%| F|  |TAMS 0x0000000421000000, 0x0000000421000000| Untracked 
|  63|0x0000000421800000, 0x0000000421800000, 0x0000000422000000|  0%| F|  |TAMS 0x0000000421800000, 0x0000000421800000| Untracked 
|  64|0x0000000422000000, 0x0000000422000000, 0x0000000422800000|  0%| F|  |TAMS 0x0000000422000000, 0x0000000422000000| Untracked 
|  65|0x0000000422800000, 0x0000000422800000, 0x0000000423000000|  0%| F|  |TAMS 0x0000000422800000, 0x0000000422800000| Untracked 
|  66|0x0000000423000000, 0x0000000423000000, 0x0000000423800000|  0%| F|  |TAMS 0x0000000423000000, 0x0000000423000000| Untracked 
|  67|0x0000000423800000, 0x0000000423800000, 0x0000000424000000|  0%| F|  |TAMS 0x0000000423800000, 0x0000000423800000| Untracked 
|  68|0x0000000424000000, 0x0000000424000000, 0x0000000424800000|  0%| F|  |TAMS 0x0000000424000000, 0x0000000424000000| Untracked 
|  69|0x0000000424800000, 0x0000000424800000, 0x0000000425000000|  0%| F|  |TAMS 0x0000000424800000, 0x0000000424800000| Untracked 
|  70|0x0000000425000000, 0x0000000425000000, 0x0000000425800000|  0%| F|  |TAMS 0x0000000425000000, 0x0000000425000000| Untracked 
|  71|0x0000000425800000, 0x0000000425800000, 0x0000000426000000|  0%| F|  |TAMS 0x0000000425800000, 0x0000000425800000| Untracked 
|  72|0x0000000426000000, 0x0000000426000000, 0x0000000426800000|  0%| F|  |TAMS 0x0000000426000000, 0x0000000426000000| Untracked 
|  73|0x0000000426800000, 0x0000000426800000, 0x0000000427000000|  0%| F|  |TAMS 0x0000000426800000, 0x0000000426800000| Untracked 
|  74|0x0000000427000000, 0x0000000427000000, 0x0000000427800000|  0%| F|  |TAMS 0x0000000427000000, 0x0000000427000000| Untracked 
|  75|0x0000000427800000, 0x0000000427800000, 0x0000000428000000|  0%| F|  |TAMS 0x0000000427800000, 0x0000000427800000| Untracked 
|  76|0x0000000428000000, 0x0000000428000000, 0x0000000428800000|  0%| F|  |TAMS 0x0000000428000000, 0x0000000428000000| Untracked 
|  77|0x0000000428800000, 0x0000000428800000, 0x0000000429000000|  0%| F|  |TAMS 0x0000000428800000, 0x0000000428800000| Untracked 
|  78|0x0000000429000000, 0x0000000429000000, 0x0000000429800000|  0%| F|  |TAMS 0x0000000429000000, 0x0000000429000000| Untracked 
|  79|0x0000000429800000, 0x0000000429800000, 0x000000042a000000|  0%| F|  |TAMS 0x0000000429800000, 0x0000000429800000| Untracked 
|  80|0x000000042a000000, 0x000000042a000000, 0x000000042a800000|  0%| F|  |TAMS 0x000000042a000000, 0x000000042a000000| Untracked 
|  81|0x000000042a800000, 0x000000042a800000, 0x000000042b000000|  0%| F|  |TAMS 0x000000042a800000, 0x000000042a800000| Untracked 
|  82|0x000000042b000000, 0x000000042b000000, 0x000000042b800000|  0%| F|  |TAMS 0x000000042b000000, 0x000000042b000000| Untracked 
|  83|0x000000042b800000, 0x000000042b800000, 0x000000042c000000|  0%| F|  |TAMS 0x000000042b800000, 0x000000042b800000| Untracked 
|  84|0x000000042c000000, 0x000000042c000000, 0x000000042c800000|  0%| F|  |TAMS 0x000000042c000000, 0x000000042c000000| Untracked 
|  85|0x000000042c800000, 0x000000042c800000, 0x000000042d000000|  0%| F|  |TAMS 0x000000042c800000, 0x000000042c800000| Untracked 
|  86|0x000000042d000000, 0x000000042d000000, 0x000000042d800000|  0%| F|  |TAMS 0x000000042d000000, 0x000000042d000000| Untracked 
|  87|0x000000042d800000, 0x000000042d800000, 0x000000042e000000|  0%| F|  |TAMS 0x000000042d800000, 0x000000042d800000| Untracked 
|  88|0x000000042e000000, 0x000000042e000000, 0x000000042e800000|  0%| F|  |TAMS 0x000000042e000000, 0x000000042e000000| Untracked 
|  89|0x000000042e800000, 0x000000042e800000, 0x000000042f000000|  0%| F|  |TAMS 0x000000042e800000, 0x000000042e800000| Untracked 
|  90|0x000000042f000000, 0x000000042f000000, 0x000000042f800000|  0%| F|  |TAMS 0x000000042f000000, 0x000000042f000000| Untracked 
|  91|0x000000042f800000, 0x000000042f800000, 0x0000000430000000|  0%| F|  |TAMS 0x000000042f800000, 0x000000042f800000| Untracked 
|  92|0x0000000430000000, 0x0000000430000000, 0x0000000430800000|  0%| F|  |TAMS 0x0000000430000000, 0x0000000430000000| Untracked 
|  93|0x0000000430800000, 0x0000000430a30140, 0x0000000431000000| 27%| S|CS|TAMS 0x0000000430800000, 0x0000000430800000| Complete 
|  94|0x0000000431000000, 0x0000000431800000, 0x0000000431800000|100%| S|CS|TAMS 0x0000000431000000, 0x0000000431000000| Complete 
|  95|0x0000000431800000, 0x0000000432000000, 0x0000000432000000|100%| S|CS|TAMS 0x0000000431800000, 0x0000000431800000| Complete 
|  96|0x0000000432000000, 0x0000000432800000, 0x0000000432800000|100%| S|CS|TAMS 0x0000000432000000, 0x0000000432000000| Complete 
|  97|0x0000000432800000, 0x0000000433000000, 0x0000000433000000|100%| S|CS|TAMS 0x0000000432800000, 0x0000000432800000| Complete 
|  98|0x0000000433000000, 0x0000000433000000, 0x0000000433800000|  0%| F|  |TAMS 0x0000000433000000, 0x0000000433000000| Untracked 
|  99|0x0000000433800000, 0x0000000433800000, 0x0000000434000000|  0%| F|  |TAMS 0x0000000433800000, 0x0000000433800000| Untracked 
| 100|0x0000000434000000, 0x0000000434000000, 0x0000000434800000|  0%| F|  |TAMS 0x0000000434000000, 0x0000000434000000| Untracked 
| 101|0x0000000434800000, 0x0000000434800000, 0x0000000435000000|  0%| F|  |TAMS 0x0000000434800000, 0x0000000434800000| Untracked 
| 102|0x0000000435000000, 0x0000000435000000, 0x0000000435800000|  0%| F|  |TAMS 0x0000000435000000, 0x0000000435000000| Untracked 
| 103|0x0000000435800000, 0x0000000435800000, 0x0000000436000000|  0%| F|  |TAMS 0x0000000435800000, 0x0000000435800000| Untracked 
| 104|0x0000000436000000, 0x0000000436000000, 0x0000000436800000|  0%| F|  |TAMS 0x0000000436000000, 0x0000000436000000| Untracked 
| 105|0x0000000436800000, 0x0000000436800000, 0x0000000437000000|  0%| F|  |TAMS 0x0000000436800000, 0x0000000436800000| Untracked 
| 106|0x0000000437000000, 0x0000000437000000, 0x0000000437800000|  0%| F|  |TAMS 0x0000000437000000, 0x0000000437000000| Untracked 
| 107|0x0000000437800000, 0x0000000437800000, 0x0000000438000000|  0%| F|  |TAMS 0x0000000437800000, 0x0000000437800000| Untracked 
| 108|0x0000000438000000, 0x0000000438000000, 0x0000000438800000|  0%| F|  |TAMS 0x0000000438000000, 0x0000000438000000| Untracked 
| 109|0x0000000438800000, 0x0000000438800000, 0x0000000439000000|  0%| F|  |TAMS 0x0000000438800000, 0x0000000438800000| Untracked 
| 110|0x0000000439000000, 0x0000000439000000, 0x0000000439800000|  0%| F|  |TAMS 0x0000000439000000, 0x0000000439000000| Untracked 
| 111|0x0000000439800000, 0x0000000439800000, 0x000000043a000000|  0%| F|  |TAMS 0x0000000439800000, 0x0000000439800000| Untracked 
| 112|0x000000043a000000, 0x000000043a000000, 0x000000043a800000|  0%| F|  |TAMS 0x000000043a000000, 0x000000043a000000| Untracked 
| 113|0x000000043a800000, 0x000000043a800000, 0x000000043b000000|  0%| F|  |TAMS 0x000000043a800000, 0x000000043a800000| Untracked 
| 114|0x000000043b000000, 0x000000043b000000, 0x000000043b800000|  0%| F|  |TAMS 0x000000043b000000, 0x000000043b000000| Untracked 
| 115|0x000000043b800000, 0x000000043b800000, 0x000000043c000000|  0%| F|  |TAMS 0x000000043b800000, 0x000000043b800000| Untracked 
| 116|0x000000043c000000, 0x000000043c000000, 0x000000043c800000|  0%| F|  |TAMS 0x000000043c000000, 0x000000043c000000| Untracked 
| 117|0x000000043c800000, 0x000000043c800000, 0x000000043d000000|  0%| F|  |TAMS 0x000000043c800000, 0x000000043c800000| Untracked 
| 118|0x000000043d000000, 0x000000043d000000, 0x000000043d800000|  0%| F|  |TAMS 0x000000043d000000, 0x000000043d000000| Untracked 
| 119|0x000000043d800000, 0x000000043d800000, 0x000000043e000000|  0%| F|  |TAMS 0x000000043d800000, 0x000000043d800000| Untracked 
| 120|0x000000043e000000, 0x000000043e000000, 0x000000043e800000|  0%| F|  |TAMS 0x000000043e000000, 0x000000043e000000| Untracked 
| 121|0x000000043e800000, 0x000000043e800000, 0x000000043f000000|  0%| F|  |TAMS 0x000000043e800000, 0x000000043e800000| Untracked 
| 122|0x000000043f000000, 0x000000043f000000, 0x000000043f800000|  0%| F|  |TAMS 0x000000043f000000, 0x000000043f000000| Untracked 
| 123|0x000000043f800000, 0x000000043f800000, 0x0000000440000000|  0%| F|  |TAMS 0x000000043f800000, 0x000000043f800000| Untracked 
| 124|0x0000000440000000, 0x0000000440000000, 0x0000000440800000|  0%| F|  |TAMS 0x0000000440000000, 0x0000000440000000| Untracked 
| 125|0x0000000440800000, 0x0000000440800000, 0x0000000441000000|  0%| F|  |TAMS 0x0000000440800000, 0x0000000440800000| Untracked 
| 126|0x0000000441000000, 0x0000000441000000, 0x0000000441800000|  0%| F|  |TAMS 0x0000000441000000, 0x0000000441000000| Untracked 
| 127|0x0000000441800000, 0x0000000441800000, 0x0000000442000000|  0%| F|  |TAMS 0x0000000441800000, 0x0000000441800000| Untracked 
| 128|0x0000000442000000, 0x0000000442000000, 0x0000000442800000|  0%| F|  |TAMS 0x0000000442000000, 0x0000000442000000| Untracked 
| 129|0x0000000442800000, 0x0000000442800000, 0x0000000443000000|  0%| F|  |TAMS 0x0000000442800000, 0x0000000442800000| Untracked 
| 130|0x0000000443000000, 0x0000000443000000, 0x0000000443800000|  0%| F|  |TAMS 0x0000000443000000, 0x0000000443000000| Untracked 
| 131|0x0000000443800000, 0x0000000443800000, 0x0000000444000000|  0%| F|  |TAMS 0x0000000443800000, 0x0000000443800000| Untracked 
| 132|0x0000000444000000, 0x0000000444000000, 0x0000000444800000|  0%| F|  |TAMS 0x0000000444000000, 0x0000000444000000| Untracked 
| 133|0x0000000444800000, 0x0000000444800000, 0x0000000445000000|  0%| F|  |TAMS 0x0000000444800000, 0x0000000444800000| Untracked 
| 134|0x0000000445000000, 0x0000000445000000, 0x0000000445800000|  0%| F|  |TAMS 0x0000000445000000, 0x0000000445000000| Untracked 
| 135|0x0000000445800000, 0x0000000445800000, 0x0000000446000000|  0%| F|  |TAMS 0x0000000445800000, 0x0000000445800000| Untracked 
| 136|0x0000000446000000, 0x0000000446000000, 0x0000000446800000|  0%| F|  |TAMS 0x0000000446000000, 0x0000000446000000| Untracked 
| 137|0x0000000446800000, 0x0000000446800000, 0x0000000447000000|  0%| F|  |TAMS 0x0000000446800000, 0x0000000446800000| Untracked 
| 138|0x0000000447000000, 0x0000000447000000, 0x0000000447800000|  0%| F|  |TAMS 0x0000000447000000, 0x0000000447000000| Untracked 
| 139|0x0000000447800000, 0x0000000447800000, 0x0000000448000000|  0%| F|  |TAMS 0x0000000447800000, 0x0000000447800000| Untracked 
| 140|0x0000000448000000, 0x0000000448000000, 0x0000000448800000|  0%| F|  |TAMS 0x0000000448000000, 0x0000000448000000| Untracked 
| 141|0x0000000448800000, 0x0000000448800000, 0x0000000449000000|  0%| F|  |TAMS 0x0000000448800000, 0x0000000448800000| Untracked 
| 142|0x0000000449000000, 0x0000000449000000, 0x0000000449800000|  0%| F|  |TAMS 0x0000000449000000, 0x0000000449000000| Untracked 
| 143|0x0000000449800000, 0x0000000449800000, 0x000000044a000000|  0%| F|  |TAMS 0x0000000449800000, 0x0000000449800000| Untracked 
| 144|0x000000044a000000, 0x000000044a000000, 0x000000044a800000|  0%| F|  |TAMS 0x000000044a000000, 0x000000044a000000| Untracked 
| 145|0x000000044a800000, 0x000000044a800000, 0x000000044b000000|  0%| F|  |TAMS 0x000000044a800000, 0x000000044a800000| Untracked 
| 146|0x000000044b000000, 0x000000044b000000, 0x000000044b800000|  0%| F|  |TAMS 0x000000044b000000, 0x000000044b000000| Untracked 
| 147|0x000000044b800000, 0x000000044b800000, 0x000000044c000000|  0%| F|  |TAMS 0x000000044b800000, 0x000000044b800000| Untracked 
| 148|0x000000044c000000, 0x000000044c000000, 0x000000044c800000|  0%| F|  |TAMS 0x000000044c000000, 0x000000044c000000| Untracked 
| 149|0x000000044c800000, 0x000000044c800000, 0x000000044d000000|  0%| F|  |TAMS 0x000000044c800000, 0x000000044c800000| Untracked 
| 150|0x000000044d000000, 0x000000044d000000, 0x000000044d800000|  0%| F|  |TAMS 0x000000044d000000, 0x000000044d000000| Untracked 
| 151|0x000000044d800000, 0x000000044d800000, 0x000000044e000000|  0%| F|  |TAMS 0x000000044d800000, 0x000000044d800000| Untracked 
| 152|0x000000044e000000, 0x000000044e000000, 0x000000044e800000|  0%| F|  |TAMS 0x000000044e000000, 0x000000044e000000| Untracked 
| 153|0x000000044e800000, 0x000000044e800000, 0x000000044f000000|  0%| F|  |TAMS 0x000000044e800000, 0x000000044e800000| Untracked 
| 154|0x000000044f000000, 0x000000044f000000, 0x000000044f800000|  0%| F|  |TAMS 0x000000044f000000, 0x000000044f000000| Untracked 
| 155|0x000000044f800000, 0x000000044f800000, 0x0000000450000000|  0%| F|  |TAMS 0x000000044f800000, 0x000000044f800000| Untracked 
| 156|0x0000000450000000, 0x0000000450000000, 0x0000000450800000|  0%| F|  |TAMS 0x0000000450000000, 0x0000000450000000| Untracked 
| 157|0x0000000450800000, 0x0000000450800000, 0x0000000451000000|  0%| F|  |TAMS 0x0000000450800000, 0x0000000450800000| Untracked 
| 158|0x0000000451000000, 0x0000000451000000, 0x0000000451800000|  0%| F|  |TAMS 0x0000000451000000, 0x0000000451000000| Untracked 
| 159|0x0000000451800000, 0x0000000451800000, 0x0000000452000000|  0%| F|  |TAMS 0x0000000451800000, 0x0000000451800000| Untracked 
| 160|0x0000000452000000, 0x0000000452000000, 0x0000000452800000|  0%| F|  |TAMS 0x0000000452000000, 0x0000000452000000| Untracked 
| 161|0x0000000452800000, 0x0000000452800000, 0x0000000453000000|  0%| F|  |TAMS 0x0000000452800000, 0x0000000452800000| Untracked 
| 162|0x0000000453000000, 0x0000000453000000, 0x0000000453800000|  0%| F|  |TAMS 0x0000000453000000, 0x0000000453000000| Untracked 
| 163|0x0000000453800000, 0x0000000453800000, 0x0000000454000000|  0%| F|  |TAMS 0x0000000453800000, 0x0000000453800000| Untracked 
| 164|0x0000000454000000, 0x0000000454000000, 0x0000000454800000|  0%| F|  |TAMS 0x0000000454000000, 0x0000000454000000| Untracked 
| 165|0x0000000454800000, 0x0000000454800000, 0x0000000455000000|  0%| F|  |TAMS 0x0000000454800000, 0x0000000454800000| Untracked 
| 166|0x0000000455000000, 0x0000000455000000, 0x0000000455800000|  0%| F|  |TAMS 0x0000000455000000, 0x0000000455000000| Untracked 
| 167|0x0000000455800000, 0x0000000455800000, 0x0000000456000000|  0%| F|  |TAMS 0x0000000455800000, 0x0000000455800000| Untracked 
| 168|0x0000000456000000, 0x0000000456000000, 0x0000000456800000|  0%| F|  |TAMS 0x0000000456000000, 0x0000000456000000| Untracked 
| 169|0x0000000456800000, 0x0000000456800000, 0x0000000457000000|  0%| F|  |TAMS 0x0000000456800000, 0x0000000456800000| Untracked 
| 170|0x0000000457000000, 0x0000000457000000, 0x0000000457800000|  0%| F|  |TAMS 0x0000000457000000, 0x0000000457000000| Untracked 
| 171|0x0000000457800000, 0x0000000457800000, 0x0000000458000000|  0%| F|  |TAMS 0x0000000457800000, 0x0000000457800000| Untracked 
| 172|0x0000000458000000, 0x0000000458000000, 0x0000000458800000|  0%| F|  |TAMS 0x0000000458000000, 0x0000000458000000| Untracked 
| 173|0x0000000458800000, 0x0000000458800000, 0x0000000459000000|  0%| F|  |TAMS 0x0000000458800000, 0x0000000458800000| Untracked 
| 174|0x0000000459000000, 0x0000000459000000, 0x0000000459800000|  0%| F|  |TAMS 0x0000000459000000, 0x0000000459000000| Untracked 
| 175|0x0000000459800000, 0x0000000459800000, 0x000000045a000000|  0%| F|  |TAMS 0x0000000459800000, 0x0000000459800000| Untracked 
| 176|0x000000045a000000, 0x000000045a000000, 0x000000045a800000|  0%| F|  |TAMS 0x000000045a000000, 0x000000045a000000| Untracked 
| 177|0x000000045a800000, 0x000000045a800000, 0x000000045b000000|  0%| F|  |TAMS 0x000000045a800000, 0x000000045a800000| Untracked 
| 178|0x000000045b000000, 0x000000045b000000, 0x000000045b800000|  0%| F|  |TAMS 0x000000045b000000, 0x000000045b000000| Untracked 
| 179|0x000000045b800000, 0x000000045b800000, 0x000000045c000000|  0%| F|  |TAMS 0x000000045b800000, 0x000000045b800000| Untracked 
| 180|0x000000045c000000, 0x000000045c000000, 0x000000045c800000|  0%| F|  |TAMS 0x000000045c000000, 0x000000045c000000| Untracked 
| 181|0x000000045c800000, 0x000000045c800000, 0x000000045d000000|  0%| F|  |TAMS 0x000000045c800000, 0x000000045c800000| Untracked 
| 182|0x000000045d000000, 0x000000045d000000, 0x000000045d800000|  0%| F|  |TAMS 0x000000045d000000, 0x000000045d000000| Untracked 
| 183|0x000000045d800000, 0x000000045d800000, 0x000000045e000000|  0%| F|  |TAMS 0x000000045d800000, 0x000000045d800000| Untracked 
| 184|0x000000045e000000, 0x000000045e000000, 0x000000045e800000|  0%| F|  |TAMS 0x000000045e000000, 0x000000045e000000| Untracked 
| 185|0x000000045e800000, 0x000000045edf2820, 0x000000045f000000| 74%| E|  |TAMS 0x000000045e800000, 0x000000045e800000| Complete 
| 186|0x000000045f000000, 0x000000045f800000, 0x000000045f800000|100%| E|CS|TAMS 0x000000045f000000, 0x000000045f000000| Complete 
| 187|0x000000045f800000, 0x0000000460000000, 0x0000000460000000|100%| E|CS|TAMS 0x000000045f800000, 0x000000045f800000| Complete 
| 188|0x0000000460000000, 0x0000000460800000, 0x0000000460800000|100%| E|CS|TAMS 0x0000000460000000, 0x0000000460000000| Complete 
| 189|0x0000000460800000, 0x0000000461000000, 0x0000000461000000|100%| E|CS|TAMS 0x0000000460800000, 0x0000000460800000| Complete 
| 190|0x0000000461000000, 0x0000000461800000, 0x0000000461800000|100%| E|CS|TAMS 0x0000000461000000, 0x0000000461000000| Complete 
| 191|0x0000000461800000, 0x0000000462000000, 0x0000000462000000|100%| E|CS|TAMS 0x0000000461800000, 0x0000000461800000| Complete 
| 192|0x0000000462000000, 0x0000000462800000, 0x0000000462800000|100%| E|CS|TAMS 0x0000000462000000, 0x0000000462000000| Complete 
| 193|0x0000000462800000, 0x0000000463000000, 0x0000000463000000|100%| E|CS|TAMS 0x0000000462800000, 0x0000000462800000| Complete 
| 194|0x0000000463000000, 0x0000000463800000, 0x0000000463800000|100%| E|CS|TAMS 0x0000000463000000, 0x0000000463000000| Complete 
| 195|0x0000000463800000, 0x0000000464000000, 0x0000000464000000|100%| E|CS|TAMS 0x0000000463800000, 0x0000000463800000| Complete 
| 196|0x0000000464000000, 0x0000000464800000, 0x0000000464800000|100%| E|CS|TAMS 0x0000000464000000, 0x0000000464000000| Complete 
| 197|0x0000000464800000, 0x0000000465000000, 0x0000000465000000|100%| E|CS|TAMS 0x0000000464800000, 0x0000000464800000| Complete 
| 198|0x0000000465000000, 0x0000000465800000, 0x0000000465800000|100%| E|CS|TAMS 0x0000000465000000, 0x0000000465000000| Complete 
| 199|0x0000000465800000, 0x0000000466000000, 0x0000000466000000|100%| E|CS|TAMS 0x0000000465800000, 0x0000000465800000| Complete 
| 200|0x0000000466000000, 0x0000000466800000, 0x0000000466800000|100%| E|CS|TAMS 0x0000000466000000, 0x0000000466000000| Complete 
| 201|0x0000000466800000, 0x0000000467000000, 0x0000000467000000|100%| E|CS|TAMS 0x0000000466800000, 0x0000000466800000| Complete 
| 202|0x0000000467000000, 0x0000000467800000, 0x0000000467800000|100%| E|CS|TAMS 0x0000000467000000, 0x0000000467000000| Complete 
| 203|0x0000000467800000, 0x0000000468000000, 0x0000000468000000|100%| E|CS|TAMS 0x0000000467800000, 0x0000000467800000| Complete 
| 204|0x0000000468000000, 0x0000000468800000, 0x0000000468800000|100%| E|CS|TAMS 0x0000000468000000, 0x0000000468000000| Complete 
| 205|0x0000000468800000, 0x0000000469000000, 0x0000000469000000|100%| E|CS|TAMS 0x0000000468800000, 0x0000000468800000| Complete 
| 206|0x0000000469000000, 0x0000000469800000, 0x0000000469800000|100%| E|CS|TAMS 0x0000000469000000, 0x0000000469000000| Complete 
| 207|0x0000000469800000, 0x000000046a000000, 0x000000046a000000|100%| E|CS|TAMS 0x0000000469800000, 0x0000000469800000| Complete 
| 208|0x000000046a000000, 0x000000046a800000, 0x000000046a800000|100%| E|CS|TAMS 0x000000046a000000, 0x000000046a000000| Complete 
| 209|0x000000046a800000, 0x000000046b000000, 0x000000046b000000|100%| E|CS|TAMS 0x000000046a800000, 0x000000046a800000| Complete 
| 210|0x000000046b000000, 0x000000046b800000, 0x000000046b800000|100%| E|CS|TAMS 0x000000046b000000, 0x000000046b000000| Complete 
| 211|0x000000046b800000, 0x000000046c000000, 0x000000046c000000|100%| E|CS|TAMS 0x000000046b800000, 0x000000046b800000| Complete 
| 212|0x000000046c000000, 0x000000046c800000, 0x000000046c800000|100%| E|CS|TAMS 0x000000046c000000, 0x000000046c000000| Complete 
| 213|0x000000046c800000, 0x000000046d000000, 0x000000046d000000|100%| E|CS|TAMS 0x000000046c800000, 0x000000046c800000| Complete 
| 214|0x000000046d000000, 0x000000046d800000, 0x000000046d800000|100%| E|CS|TAMS 0x000000046d000000, 0x000000046d000000| Complete 
| 215|0x000000046d800000, 0x000000046e000000, 0x000000046e000000|100%| E|CS|TAMS 0x000000046d800000, 0x000000046d800000| Complete 
| 216|0x000000046e000000, 0x000000046e800000, 0x000000046e800000|100%| E|CS|TAMS 0x000000046e000000, 0x000000046e000000| Complete 
| 217|0x000000046e800000, 0x000000046f000000, 0x000000046f000000|100%| E|CS|TAMS 0x000000046e800000, 0x000000046e800000| Complete 
| 218|0x000000046f000000, 0x000000046f800000, 0x000000046f800000|100%| E|CS|TAMS 0x000000046f000000, 0x000000046f000000| Complete 
| 219|0x000000046f800000, 0x0000000470000000, 0x0000000470000000|100%| E|CS|TAMS 0x000000046f800000, 0x000000046f800000| Complete 
| 220|0x0000000470000000, 0x0000000470800000, 0x0000000470800000|100%| E|CS|TAMS 0x0000000470000000, 0x0000000470000000| Complete 
| 221|0x0000000470800000, 0x0000000471000000, 0x0000000471000000|100%| E|CS|TAMS 0x0000000470800000, 0x0000000470800000| Complete 
| 222|0x0000000471000000, 0x0000000471800000, 0x0000000471800000|100%| E|CS|TAMS 0x0000000471000000, 0x0000000471000000| Complete 
| 223|0x0000000471800000, 0x0000000472000000, 0x0000000472000000|100%| E|CS|TAMS 0x0000000471800000, 0x0000000471800000| Complete 
| 224|0x0000000472000000, 0x0000000472800000, 0x0000000472800000|100%| E|CS|TAMS 0x0000000472000000, 0x0000000472000000| Complete 
| 225|0x0000000472800000, 0x0000000473000000, 0x0000000473000000|100%| E|CS|TAMS 0x0000000472800000, 0x0000000472800000| Complete 
| 226|0x0000000473000000, 0x0000000473800000, 0x0000000473800000|100%| E|CS|TAMS 0x0000000473000000, 0x0000000473000000| Complete 
| 227|0x0000000473800000, 0x0000000474000000, 0x0000000474000000|100%| E|CS|TAMS 0x0000000473800000, 0x0000000473800000| Complete 
| 228|0x0000000474000000, 0x0000000474800000, 0x0000000474800000|100%| E|CS|TAMS 0x0000000474000000, 0x0000000474000000| Complete 
| 229|0x0000000474800000, 0x0000000475000000, 0x0000000475000000|100%| E|CS|TAMS 0x0000000474800000, 0x0000000474800000| Complete 
| 230|0x0000000475000000, 0x0000000475800000, 0x0000000475800000|100%| E|CS|TAMS 0x0000000475000000, 0x0000000475000000| Complete 
| 231|0x0000000475800000, 0x0000000476000000, 0x0000000476000000|100%| E|CS|TAMS 0x0000000475800000, 0x0000000475800000| Complete 
| 232|0x0000000476000000, 0x0000000476800000, 0x0000000476800000|100%| E|CS|TAMS 0x0000000476000000, 0x0000000476000000| Complete 
| 233|0x0000000476800000, 0x0000000477000000, 0x0000000477000000|100%| E|CS|TAMS 0x0000000476800000, 0x0000000476800000| Complete 
| 234|0x0000000477000000, 0x0000000477800000, 0x0000000477800000|100%| E|CS|TAMS 0x0000000477000000, 0x0000000477000000| Complete 
| 235|0x0000000477800000, 0x0000000478000000, 0x0000000478000000|100%| E|CS|TAMS 0x0000000477800000, 0x0000000477800000| Complete 
| 236|0x0000000478000000, 0x0000000478800000, 0x0000000478800000|100%| E|CS|TAMS 0x0000000478000000, 0x0000000478000000| Complete 
| 237|0x0000000478800000, 0x0000000479000000, 0x0000000479000000|100%| E|CS|TAMS 0x0000000478800000, 0x0000000478800000| Complete 
| 238|0x0000000479000000, 0x0000000479800000, 0x0000000479800000|100%| E|CS|TAMS 0x0000000479000000, 0x0000000479000000| Complete 
| 239|0x0000000479800000, 0x000000047a000000, 0x000000047a000000|100%| E|CS|TAMS 0x0000000479800000, 0x0000000479800000| Complete 
| 240|0x000000047a000000, 0x000000047a800000, 0x000000047a800000|100%| E|CS|TAMS 0x000000047a000000, 0x000000047a000000| Complete 
| 241|0x000000047a800000, 0x000000047b000000, 0x000000047b000000|100%| E|CS|TAMS 0x000000047a800000, 0x000000047a800000| Complete 
| 242|0x000000047b000000, 0x000000047b800000, 0x000000047b800000|100%| E|CS|TAMS 0x000000047b000000, 0x000000047b000000| Complete 
| 243|0x000000047b800000, 0x000000047c000000, 0x000000047c000000|100%| E|CS|TAMS 0x000000047b800000, 0x000000047b800000| Complete 

Card table byte_map: [0x000001d180000000,0x000001d181ff0000] _byte_map_base: 0x000001d17dff0000

Marking Bits (Prev, Next): (CMBitMap*) 0x000001d1e3feb910, (CMBitMap*) 0x000001d1e3feb950
 Prev Bits: [0x000001d183fe0000, 0x000001d193f60000)
 Next Bits: [0x000001d193f60000, 0x000001d1a3ee0000)

Polling page: 0x000001d1e3d20000

Metaspace:

Usage:
  Non-class:     37.37 MB used.
      Class:      6.66 MB used.
       Both:     44.03 MB used.

Virtual space:
  Non-class space:       40.00 MB reserved,      37.69 MB ( 94%) committed,  5 nodes.
      Class space:        1.00 GB reserved,       6.94 MB ( <1%) committed,  1 nodes.
             Both:        1.04 GB reserved,      44.63 MB (  4%) committed. 

Chunk freelists:
   Non-Class:  2.03 MB
       Class:  995.00 KB
        Both:  3.00 MB

MaxMetaspaceSize: unlimited
CompressedClassSpaceSize: 1.00 GB
Initial GC threshold: 21.00 MB
Current GC threshold: 59.69 MB
CDS: on
MetaspaceReclaimPolicy: balanced
 - commit_granule_bytes: 65536.
 - commit_granule_words: 8192.
 - virtual_space_node_default_size: 1048576.
 - enlarge_chunks_in_place: 1.
 - new_chunks_are_fully_committed: 0.
 - uncommit_free_chunks: 1.
 - use_allocation_guard: 0.
 - handle_deallocations: 1.


Internal statistics:

num_allocs_failed_limit: 6.
num_arena_births: 804.
num_arena_deaths: 0.
num_vsnodes_births: 6.
num_vsnodes_deaths: 0.
num_space_committed: 711.
num_space_uncommitted: 0.
num_chunks_returned_to_freelist: 6.
num_chunks_taken_from_freelist: 2500.
num_chunk_merges: 6.
num_chunk_splits: 1648.
num_chunks_enlarged: 1197.
num_purges: 0.
num_inconsistent_stats: 0.

CodeHeap 'non-profiled nmethods': size=120000Kb used=3544Kb max_used=3544Kb free=116455Kb
 bounds [0x000001d1f4cd0000, 0x000001d1f5050000, 0x000001d1fc200000]
CodeHeap 'profiled nmethods': size=120000Kb used=7931Kb max_used=9219Kb free=112068Kb
 bounds [0x000001d1ed7a0000, 0x000001d1ee0b0000, 0x000001d1f4cd0000]
CodeHeap 'non-nmethods': size=5760Kb used=1832Kb max_used=1832Kb free=3927Kb
 bounds [0x000001d1ed200000, 0x000001d1ed470000, 0x000001d1ed7a0000]
 total_blobs=6090 nmethods=4772 adapters=1229
 compilation: enabled
              stopped_count=0, restarted_count=0
 full_count=0

Compilation events (20 events):
Event: 6.063 Thread 0x000001d1a7df8f50 5795 %     4       sun.security.provider.SHA::implCompress0 @ 294 (506 bytes)
Event: 6.064 Thread 0x000001d1ffd200e0 5796       3       jdk.internal.misc.Unsafe::checkPointer (19 bytes)
Event: 6.064 Thread 0x000001d1ffd200e0 nmethod 5796 0x000001d1eddde490 code [0x000001d1eddde660, 0x000001d1edddea08]
Event: 6.064 Thread 0x000001d1ffd200e0 5797       3       jdk.internal.misc.Unsafe::checkPrimitivePointer (19 bytes)
Event: 6.064 Thread 0x000001d1ffd200e0 nmethod 5797 0x000001d1edfabe90 code [0x000001d1edfac0a0, 0x000001d1edfac6c8]
Event: 6.065 Thread 0x000001d1ffd200e0 5798       3       sun.security.provider.DigestBase::implCompressMultiBlock (15 bytes)
Event: 6.065 Thread 0x000001d1ffd200e0 nmethod 5798 0x000001d1eddcc690 code [0x000001d1eddcc840, 0x000001d1eddcc9d8]
Event: 6.065 Thread 0x000001d1ffd200e0 5799       1       java.nio.HeapByteBuffer::isReadOnly (2 bytes)
Event: 6.065 Thread 0x000001d1ffd200e0 nmethod 5799 0x000001d1f5045290 code [0x000001d1f5045420, 0x000001d1f50454f8]
Event: 6.070 Thread 0x000001d1ffd200e0 5800       3       java.lang.ThreadLocal$ThreadLocalMap::nextIndex (15 bytes)
Event: 6.070 Thread 0x000001d1ffd200e0 nmethod 5800 0x000001d1eddde110 code [0x000001d1eddde2a0, 0x000001d1eddde3d8]
Event: 6.072 Thread 0x000001d1ffd200e0 5801       3       java.nio.ByteBuffer::flip (7 bytes)
Event: 6.072 Thread 0x000001d1ffd200e0 nmethod 5801 0x000001d1edfaba90 code [0x000001d1edfabc20, 0x000001d1edfabd98]
Event: 6.072 Thread 0x000001d1ffd200e0 5802       3       java.nio.Buffer::flip (20 bytes)
Event: 6.072 Thread 0x000001d1a7df8f50 nmethod 5795% 0x000001d1f5045590 code [0x000001d1f5045720, 0x000001d1f5045d58]
Event: 6.072 Thread 0x000001d1ffd200e0 nmethod 5802 0x000001d1eddddd90 code [0x000001d1eddddf20, 0x000001d1eddde038]
Event: 6.073 Thread 0x000001d1ffd200e0 5804       3       sun.misc.Unsafe::putByte (9 bytes)
Event: 6.073 Thread 0x000001d1ffd200e0 nmethod 5804 0x000001d1edfab690 code [0x000001d1edfab820, 0x000001d1edfab998]
Event: 6.073 Thread 0x000001d1ffd200e0 5805       3       jdk.internal.misc.Unsafe::putByte (8 bytes)
Event: 6.073 Thread 0x000001d1ffd200e0 nmethod 5805 0x000001d1edfab310 code [0x000001d1edfab4a0, 0x000001d1edfab5b8]

GC Heap History (20 events):
Event: 4.115 GC heap before
{Heap before GC invocations=9 (full 0):
 garbage-first heap   total 548864K, used 157280K [0x0000000402000000, 0x0000000800000000)
  region size 8192K, 11 young (90112K), 5 survivors (40960K)
 Metaspace       used 35993K, committed 36416K, reserved 1081344K
  class space    used 5246K, committed 5440K, reserved 1048576K
}
Event: 4.138 GC heap after
{Heap after GC invocations=10 (full 0):
 garbage-first heap   total 548864K, used 125241K [0x0000000402000000, 0x0000000800000000)
  region size 8192K, 1 young (8192K), 1 survivors (8192K)
 Metaspace       used 35993K, committed 36416K, reserved 1081344K
  class space    used 5246K, committed 5440K, reserved 1048576K
}
Event: 4.444 GC heap before
{Heap before GC invocations=11 (full 0):
 garbage-first heap   total 548864K, used 346425K [0x0000000402000000, 0x0000000800000000)
  region size 8192K, 29 young (237568K), 1 survivors (8192K)
 Metaspace       used 37693K, committed 38272K, reserved 1089536K
  class space    used 5575K, committed 5824K, reserved 1048576K
}
Event: 4.464 GC heap after
{Heap after GC invocations=12 (full 0):
 garbage-first heap   total 548864K, used 149817K [0x0000000402000000, 0x0000000800000000)
  region size 8192K, 4 young (32768K), 4 survivors (32768K)
 Metaspace       used 37693K, committed 38272K, reserved 1089536K
  class space    used 5575K, committed 5824K, reserved 1048576K
}
Event: 4.650 GC heap before
{Heap before GC invocations=12 (full 0):
 garbage-first heap   total 548864K, used 379193K [0x0000000402000000, 0x0000000800000000)
  region size 8192K, 32 young (262144K), 4 survivors (32768K)
 Metaspace       used 39007K, committed 39552K, reserved 1089536K
  class space    used 5831K, committed 6080K, reserved 1048576K
}
Event: 4.681 GC heap after
{Heap after GC invocations=13 (full 0):
 garbage-first heap   total 548864K, used 181698K [0x0000000402000000, 0x0000000800000000)
  region size 8192K, 4 young (32768K), 4 survivors (32768K)
 Metaspace       used 39007K, committed 39552K, reserved 1089536K
  class space    used 5831K, committed 6080K, reserved 1048576K
}
Event: 4.828 GC heap before
{Heap before GC invocations=13 (full 0):
 garbage-first heap   total 548864K, used 394690K [0x0000000402000000, 0x0000000800000000)
  region size 8192K, 30 young (245760K), 4 survivors (32768K)
 Metaspace       used 39829K, committed 40448K, reserved 1089536K
  class space    used 5988K, committed 6272K, reserved 1048576K
}
Event: 4.850 GC heap after
{Heap after GC invocations=14 (full 0):
 garbage-first heap   total 999424K, used 196769K [0x0000000402000000, 0x0000000800000000)
  region size 8192K, 2 young (16384K), 2 survivors (16384K)
 Metaspace       used 39829K, committed 40448K, reserved 1089536K
  class space    used 5988K, committed 6272K, reserved 1048576K
}
Event: 4.995 GC heap before
{Heap before GC invocations=14 (full 0):
 garbage-first heap   total 999424K, used 729249K [0x0000000402000000, 0x0000000800000000)
  region size 8192K, 67 young (548864K), 2 survivors (16384K)
 Metaspace       used 40915K, committed 41472K, reserved 1089536K
  class space    used 6184K, committed 6464K, reserved 1048576K
}
Event: 5.007 GC heap after
{Heap after GC invocations=15 (full 0):
 garbage-first heap   total 999424K, used 202503K [0x0000000402000000, 0x0000000800000000)
  region size 8192K, 3 young (24576K), 3 survivors (24576K)
 Metaspace       used 40915K, committed 41472K, reserved 1089536K
  class space    used 6184K, committed 6464K, reserved 1048576K
}
Event: 5.140 GC heap before
{Heap before GC invocations=15 (full 0):
 garbage-first heap   total 999424K, used 775943K [0x0000000402000000, 0x0000000800000000)
  region size 8192K, 73 young (598016K), 3 survivors (24576K)
 Metaspace       used 41131K, committed 41664K, reserved 1089536K
  class space    used 6205K, committed 6464K, reserved 1048576K
}
Event: 5.154 GC heap after
{Heap after GC invocations=16 (full 0):
 garbage-first heap   total 999424K, used 209645K [0x0000000402000000, 0x0000000800000000)
  region size 8192K, 4 young (32768K), 4 survivors (32768K)
 Metaspace       used 41131K, committed 41664K, reserved 1089536K
  class space    used 6205K, committed 6464K, reserved 1048576K
}
Event: 5.270 GC heap before
{Heap before GC invocations=16 (full 0):
 garbage-first heap   total 999424K, used 774893K [0x0000000402000000, 0x0000000800000000)
  region size 8192K, 73 young (598016K), 4 survivors (32768K)
 Metaspace       used 41655K, committed 42240K, reserved 1089536K
  class space    used 6298K, committed 6592K, reserved 1048576K
}
Event: 5.285 GC heap after
{Heap after GC invocations=17 (full 0):
 garbage-first heap   total 999424K, used 211708K [0x0000000402000000, 0x0000000800000000)
  region size 8192K, 4 young (32768K), 4 survivors (32768K)
 Metaspace       used 41655K, committed 42240K, reserved 1089536K
  class space    used 6298K, committed 6592K, reserved 1048576K
}
Event: 5.396 GC heap before
{Heap before GC invocations=17 (full 0):
 garbage-first heap   total 999424K, used 776956K [0x0000000402000000, 0x0000000800000000)
  region size 8192K, 73 young (598016K), 4 survivors (32768K)
 Metaspace       used 41882K, committed 42496K, reserved 1089536K
  class space    used 6343K, committed 6656K, reserved 1048576K
}
Event: 5.417 GC heap after
{Heap after GC invocations=18 (full 0):
 garbage-first heap   total 1998848K, used 211783K [0x0000000402000000, 0x0000000800000000)
  region size 8192K, 4 young (32768K), 4 survivors (32768K)
 Metaspace       used 41882K, committed 42496K, reserved 1089536K
  class space    used 6343K, committed 6656K, reserved 1048576K
}
Event: 5.748 GC heap before
{Heap before GC invocations=18 (full 0):
 garbage-first heap   total 1998848K, used 1375047K [0x0000000402000000, 0x0000000800000000)
  region size 8192K, 146 young (1196032K), 4 survivors (32768K)
 Metaspace       used 43700K, committed 44352K, reserved 1089536K
  class space    used 6676K, committed 6976K, reserved 1048576K
}
Event: 5.763 GC heap after
{Heap after GC invocations=19 (full 0):
 garbage-first heap   total 1998848K, used 213659K [0x0000000402000000, 0x0000000800000000)
  region size 8192K, 4 young (32768K), 4 survivors (32768K)
 Metaspace       used 43700K, committed 44352K, reserved 1089536K
  class space    used 6676K, committed 6976K, reserved 1048576K
}
Event: 5.996 GC heap before
{Heap before GC invocations=19 (full 0):
 garbage-first heap   total 1998848K, used 1376923K [0x0000000402000000, 0x0000000800000000)
  region size 8192K, 146 young (1196032K), 4 survivors (32768K)
 Metaspace       used 44786K, committed 45376K, reserved 1089536K
  class space    used 6814K, committed 7104K, reserved 1048576K
}
Event: 6.014 GC heap after
{Heap after GC invocations=20 (full 0):
 garbage-first heap   total 1998848K, used 216240K [0x0000000402000000, 0x0000000800000000)
  region size 8192K, 5 young (40960K), 5 survivors (40960K)
 Metaspace       used 44786K, committed 45376K, reserved 1089536K
  class space    used 6814K, committed 7104K, reserved 1048576K
}

Deoptimization events (20 events):
Event: 6.071 Thread 0x000001d1e3f34ac0 DEOPT PACKING pc=0x000001d1edaaa772 sp=0x0000007dca3faf10
Event: 6.071 Thread 0x000001d1e3f34ac0 DEOPT UNPACKING pc=0x000001d1ed252b43 sp=0x0000007dca3fa388 mode 0
Event: 6.071 Thread 0x000001d1e3f34ac0 DEOPT PACKING pc=0x000001d1edaaa772 sp=0x0000007dca3faf10
Event: 6.071 Thread 0x000001d1e3f34ac0 DEOPT UNPACKING pc=0x000001d1ed252b43 sp=0x0000007dca3fa388 mode 0
Event: 6.071 Thread 0x000001d1e3f34ac0 DEOPT PACKING pc=0x000001d1edaaa772 sp=0x0000007dca3faf10
Event: 6.071 Thread 0x000001d1e3f34ac0 DEOPT UNPACKING pc=0x000001d1ed252b43 sp=0x0000007dca3fa388 mode 0
Event: 6.071 Thread 0x000001d1e3f34ac0 DEOPT PACKING pc=0x000001d1edaaa772 sp=0x0000007dca3faf10
Event: 6.071 Thread 0x000001d1e3f34ac0 DEOPT UNPACKING pc=0x000001d1ed252b43 sp=0x0000007dca3fa388 mode 0
Event: 6.071 Thread 0x000001d1e3f34ac0 DEOPT PACKING pc=0x000001d1edaaa772 sp=0x0000007dca3faf10
Event: 6.071 Thread 0x000001d1e3f34ac0 DEOPT UNPACKING pc=0x000001d1ed252b43 sp=0x0000007dca3fa388 mode 0
Event: 6.071 Thread 0x000001d1e3f34ac0 DEOPT PACKING pc=0x000001d1edaaa772 sp=0x0000007dca3faf10
Event: 6.071 Thread 0x000001d1e3f34ac0 DEOPT UNPACKING pc=0x000001d1ed252b43 sp=0x0000007dca3fa388 mode 0
Event: 6.072 Thread 0x000001d1e3f34ac0 DEOPT PACKING pc=0x000001d1edaaa772 sp=0x0000007dca3faf10
Event: 6.072 Thread 0x000001d1e3f34ac0 DEOPT UNPACKING pc=0x000001d1ed252b43 sp=0x0000007dca3fa388 mode 0
Event: 6.072 Thread 0x000001d1e3f34ac0 DEOPT PACKING pc=0x000001d1edaaa772 sp=0x0000007dca3faf10
Event: 6.072 Thread 0x000001d1e3f34ac0 DEOPT UNPACKING pc=0x000001d1ed252b43 sp=0x0000007dca3fa388 mode 0
Event: 6.072 Thread 0x000001d1e3f34ac0 DEOPT PACKING pc=0x000001d1edaaa772 sp=0x0000007dca3faf10
Event: 6.072 Thread 0x000001d1e3f34ac0 DEOPT UNPACKING pc=0x000001d1ed252b43 sp=0x0000007dca3fa388 mode 0
Event: 6.072 Thread 0x000001d1e3f34ac0 DEOPT PACKING pc=0x000001d1edaaa772 sp=0x0000007dca3faf10
Event: 6.072 Thread 0x000001d1e3f34ac0 DEOPT UNPACKING pc=0x000001d1ed252b43 sp=0x0000007dca3fa388 mode 0

Classes unloaded (0 events):
No events

Classes redefined (0 events):
No events

Internal exceptions (20 events):
Event: 4.736 Thread 0x000001d1e3f34ac0 Exception <a 'java/lang/NoSuchMethodError'{0x00000004419f65d8}: 'float java.lang.invoke.DirectMethodHandle$Holder.invokeStatic(java.lang.Object, java.lang.Object)'> (0x00000004419f65d8) 
thrown [c:\wsjdk\corretto17src\installers\windows\zip\corretto-build\buildroot\src\hotspot\share\interpreter\linkResolver.cpp, line 766]
Event: 4.740 Thread 0x000001d1e3f34ac0 Exception <a 'java/lang/NoSuchMethodError'{0x00000004419f9930}: 'float java.lang.invoke.DirectMethodHandle$Holder.invokeStaticInit(java.lang.Object, java.lang.Object)'> (0x00000004419f9930) 
thrown [c:\wsjdk\corretto17src\installers\windows\zip\corretto-build\buildroot\src\hotspot\share\interpreter\linkResolver.cpp, line 766]
Event: 4.758 Thread 0x000001d1e3f34ac0 Exception <a 'java/lang/NoSuchMethodError'{0x000000041e4c1858}: 'java.lang.Object java.lang.invoke.DirectMethodHandle$Holder.newInvokeSpecial(java.lang.Object, java.lang.Object, java.lang.Object, java.lang.Object, java.lang.Object, java.lang.Object, java.lang.Object, java.lang.Object, java.lang.Object, java.lang.Object, java.lang.Object, java.lang.Object, java.lang.Object, java.lang.Object, java.lang.Object, java.lang.Object)'> (0x000000041e4c1858) 
thrown [c:\wsjdk\corretto17src\installers\windows\zip\cor
Event: 4.759 Thread 0x000001d1e3f34ac0 Exception <a 'java/lang/IncompatibleClassChangeError'{0x000000041e4ca928}: Found class java.lang.Object, but interface was expected> (0x000000041e4ca928) 
thrown [c:\wsjdk\corretto17src\installers\windows\zip\corretto-build\buildroot\src\hotspot\share\interpreter\linkResolver.cpp, line 833]
Event: 4.826 Thread 0x000001d1e3f34ac0 Exception <a 'java/lang/NoSuchMethodError'{0x000000041680a128}: 'float java.lang.invoke.DirectMethodHandle$Holder.invokeStatic(java.lang.Object, float)'> (0x000000041680a128) 
thrown [c:\wsjdk\corretto17src\installers\windows\zip\corretto-build\buildroot\src\hotspot\share\interpreter\linkResolver.cpp, line 766]
Event: 4.933 Thread 0x000001d1e3f34ac0 Exception <a 'java/lang/NoSuchMethodError'{0x0000000436fb11a8}: 'java.lang.Object java.lang.invoke.DirectMethodHandle$Holder.newInvokeSpecial(java.lang.Object, java.lang.Object, int, java.lang.Object)'> (0x0000000436fb11a8) 
thrown [c:\wsjdk\corretto17src\installers\windows\zip\corretto-build\buildroot\src\hotspot\share\interpreter\linkResolver.cpp, line 766]
Event: 4.971 Thread 0x000001d1e3f34ac0 Exception <a 'java/lang/NoSuchMethodError'{0x000000042b2e8db8}: 'int java.lang.invoke.DirectMethodHandle$Holder.invokeSpecialIFC(java.lang.Object, java.lang.Object, java.lang.Object, java.lang.Object)'> (0x000000042b2e8db8) 
thrown [c:\wsjdk\corretto17src\installers\windows\zip\corretto-build\buildroot\src\hotspot\share\interpreter\linkResolver.cpp, line 766]
Event: 5.172 Thread 0x000001d1e3f34ac0 Implicit null exception at 0x000001d1f4fec717 to 0x000001d1f4fecb98
Event: 5.196 Thread 0x000001d1e3f34ac0 Exception <a 'java/lang/NoSuchMethodError'{0x000000043c7c3350}: 'void java.lang.invoke.DirectMethodHandle$Holder.invokeStaticInit(java.lang.Object, java.lang.Object, java.lang.Object, java.lang.Object, java.lang.Object, java.lang.Object)'> (0x000000043c7c3350) 
thrown [c:\wsjdk\corretto17src\installers\windows\zip\corretto-build\buildroot\src\hotspot\share\interpreter\linkResolver.cpp, line 766]
Event: 5.198 Thread 0x000001d1e3f34ac0 Exception <a 'java/lang/NoSuchMethodError'{0x000000043c7c9328}: 'java.lang.Object java.lang.invoke.DirectMethodHandle$Holder.invokeStatic(java.lang.Object, java.lang.Object, java.lang.Object, java.lang.Object, java.lang.Object, java.lang.Object, java.lang.Object, java.lang.Object, java.lang.Object, java.lang.Object, int)'> (0x000000043c7c9328) 
thrown [c:\wsjdk\corretto17src\installers\windows\zip\corretto-build\buildroot\src\hotspot\share\interpreter\linkResolver.cpp, line 766]
Event: 5.199 Thread 0x000001d1e3f34ac0 Exception <a 'java/lang/NoSuchMethodError'{0x000000043c7cd910}: 'java.lang.Object java.lang.invoke.DirectMethodHandle$Holder.invokeStaticInit(java.lang.Object, java.lang.Object, java.lang.Object, java.lang.Object, java.lang.Object, java.lang.Object, java.lang.Object, java.lang.Object, java.lang.Object, java.lang.Object, int)'> (0x000000043c7cd910) 
thrown [c:\wsjdk\corretto17src\installers\windows\zip\corretto-build\buildroot\src\hotspot\share\interpreter\linkResolver.cpp, line 766]
Event: 5.584 Thread 0x000001d1e3f34ac0 Exception <a 'java/lang/NoSuchMethodError'{0x000000046027e440}: 'long java.lang.invoke.DirectMethodHandle$Holder.invokeStaticInit(java.lang.Object, float)'> (0x000000046027e440) 
thrown [c:\wsjdk\corretto17src\installers\windows\zip\corretto-build\buildroot\src\hotspot\share\interpreter\linkResolver.cpp, line 766]
Event: 5.585 Thread 0x000001d1e3f34ac0 Exception <a 'java/lang/NoSuchMethodError'{0x00000004602845c0}: 'float java.lang.invoke.DirectMethodHandle$Holder.invokeStatic(java.lang.Object, long)'> (0x00000004602845c0) 
thrown [c:\wsjdk\corretto17src\installers\windows\zip\corretto-build\buildroot\src\hotspot\share\interpreter\linkResolver.cpp, line 766]
Event: 5.585 Thread 0x000001d1e3f34ac0 Exception <a 'java/lang/NoSuchMethodError'{0x0000000460287d30}: 'float java.lang.invoke.DirectMethodHandle$Holder.invokeStaticInit(java.lang.Object, long)'> (0x0000000460287d30) 
thrown [c:\wsjdk\corretto17src\installers\windows\zip\corretto-build\buildroot\src\hotspot\share\interpreter\linkResolver.cpp, line 766]
Event: 5.586 Thread 0x000001d1e3f34ac0 Exception <a 'java/lang/NoSuchMethodError'{0x0000000460290890}: 'java.lang.Object java.lang.invoke.DirectMethodHandle$Holder.newInvokeSpecial(java.lang.Object, java.lang.Object, java.lang.Object, java.lang.Object, java.lang.Object, java.lang.Object, java.lang.Object, long)'> (0x0000000460290890) 
thrown [c:\wsjdk\corretto17src\installers\windows\zip\corretto-build\buildroot\src\hotspot\share\interpreter\linkResolver.cpp, line 766]
Event: 5.616 Thread 0x000001d1e3f34ac0 Exception <a 'java/lang/NoSuchMethodError'{0x0000000455e77bf0}: 'java.lang.Object java.lang.invoke.DirectMethodHandle$Holder.newInvokeSpecial(java.lang.Object, java.lang.Object, long)'> (0x0000000455e77bf0) 
thrown [c:\wsjdk\corretto17src\installers\windows\zip\corretto-build\buildroot\src\hotspot\share\interpreter\linkResolver.cpp, line 766]
Event: 5.627 Thread 0x000001d1e3f34ac0 Exception <a 'java/lang/NoSuchMethodError'{0x0000000455ed0fc8}: 'java.lang.Object java.lang.invoke.DirectMethodHandle$Holder.newInvokeSpecial(java.lang.Object, java.lang.Object, java.lang.Object, java.lang.Object, int, int, java.lang.Object)'> (0x0000000455ed0fc8) 
thrown [c:\wsjdk\corretto17src\installers\windows\zip\corretto-build\buildroot\src\hotspot\share\interpreter\linkResolver.cpp, line 766]
Event: 5.909 Thread 0x000001d1e3f34ac0 Implicit null exception at 0x000001d1f4f67286 to 0x000001d1f4f6773c
Event: 5.909 Thread 0x000001d1e3f34ac0 Implicit null exception at 0x000001d1f4f0e974 to 0x000001d1f4f0fc98
Event: 5.910 Thread 0x000001d1e3f34ac0 Implicit null exception at 0x000001d1f4dc2a00 to 0x000001d1f4dc3358

VM Operations (20 events):
Event: 4.650 Executing VM operation: G1CollectForAllocation
Event: 4.681 Executing VM operation: G1CollectForAllocation done
Event: 4.828 Executing VM operation: G1CollectForAllocation
Event: 4.852 Executing VM operation: G1CollectForAllocation done
Event: 4.995 Executing VM operation: G1CollectForAllocation
Event: 5.010 Executing VM operation: G1CollectForAllocation done
Event: 5.131 Executing VM operation: G1CollectForAllocation
Event: 5.154 Executing VM operation: G1CollectForAllocation done
Event: 5.270 Executing VM operation: G1CollectForAllocation
Event: 5.287 Executing VM operation: G1CollectForAllocation done
Event: 5.396 Executing VM operation: G1CollectForAllocation
Event: 5.421 Executing VM operation: G1CollectForAllocation done
Event: 5.590 Executing VM operation: HandshakeAllThreads
Event: 5.611 Executing VM operation: HandshakeAllThreads done
Event: 5.748 Executing VM operation: G1CollectForAllocation
Event: 5.763 Executing VM operation: G1CollectForAllocation done
Event: 5.984 Executing VM operation: HandshakeAllThreads
Event: 5.987 Executing VM operation: HandshakeAllThreads done
Event: 5.996 Executing VM operation: G1CollectForAllocation
Event: 6.017 Executing VM operation: G1CollectForAllocation done

Events (20 events):
Event: 5.949 loading class sun/nio/ch/Util$BufferCache done
Event: 5.949 loading class java/nio/DirectByteBuffer$Deallocator
Event: 5.949 loading class java/nio/DirectByteBuffer$Deallocator done
Event: 5.950 loading class sun/nio/ch/IOStatus
Event: 5.950 loading class sun/nio/ch/IOStatus done
Event: 5.950 Thread 0x000001d1a7dfa390 Thread exited: 0x000001d1a7dfa390
Event: 5.962 loading class java/nio/DirectShortBufferU
Event: 5.963 loading class java/nio/DirectShortBufferU done
Event: 5.963 loading class java/nio/DirectCharBufferU
Event: 5.963 loading class java/nio/DirectCharBufferU done
Event: 5.963 loading class java/nio/DirectFloatBufferU
Event: 5.963 loading class java/nio/DirectFloatBufferU done
Event: 5.963 loading class java/nio/DirectDoubleBufferU
Event: 5.963 loading class java/nio/DirectDoubleBufferU done
Event: 5.981 loading class java/nio/BufferOverflowException
Event: 5.981 loading class java/nio/BufferOverflowException done
Event: 5.981 loading class java/nio/InvalidMarkException
Event: 5.981 loading class java/nio/InvalidMarkException done
Event: 5.987 loading class java/nio/BufferUnderflowException
Event: 5.991 loading class java/nio/BufferUnderflowException done


Dynamic libraries:
0x00007ff7749f0000 - 0x00007ff7749fd000 	C:\Users\lx\.jdks\corretto-17.0.2\bin\java.exe
0x00007ff97b3d0000 - 0x00007ff97b5c5000 	C:\WINDOWS\SYSTEM32\ntdll.dll
0x00007ff9794e0000 - 0x00007ff97959e000 	C:\WINDOWS\System32\KERNEL32.DLL
0x00007ff978e80000 - 0x00007ff979148000 	C:\WINDOWS\System32\KERNELBASE.dll
0x00007ff979260000 - 0x00007ff979360000 	C:\WINDOWS\System32\ucrtbase.dll
0x00007ff973900000 - 0x00007ff973915000 	C:\Users\lx\.jdks\corretto-17.0.2\bin\VCRUNTIME140.dll
0x00007ff968fc0000 - 0x00007ff968fd8000 	C:\Users\lx\.jdks\corretto-17.0.2\bin\jli.dll
0x00007ff979620000 - 0x00007ff9797c1000 	C:\WINDOWS\System32\USER32.dll
0x00007ff9793e0000 - 0x00007ff979402000 	C:\WINDOWS\System32\win32u.dll
0x00007ff95a9e0000 - 0x00007ff95ac7a000 	C:\WINDOWS\WinSxS\amd64_microsoft.windows.common-controls_6595b64144ccf1df_6.0.19041.1110_none_60b5254171f9507e\COMCTL32.dll
0x00007ff97a1e0000 - 0x00007ff97a20b000 	C:\WINDOWS\System32\GDI32.dll
0x00007ff97b2f0000 - 0x00007ff97b38e000 	C:\WINDOWS\System32\msvcrt.dll
0x00007ff978ae0000 - 0x00007ff978bed000 	C:\WINDOWS\System32\gdi32full.dll
0x00007ff978bf0000 - 0x00007ff978c8d000 	C:\WINDOWS\System32\msvcp_win.dll
0x00007ff9794b0000 - 0x00007ff9794e0000 	C:\WINDOWS\System32\IMM32.DLL
0x00007ff93f460000 - 0x00007ff93f4fb000 	C:\Users\lx\.jdks\corretto-17.0.2\bin\msvcp140.dll
0x00007ff90bef0000 - 0x00007ff90cb0a000 	C:\Users\lx\.jdks\corretto-17.0.2\bin\server\jvm.dll
0x00007ff979e30000 - 0x00007ff979edc000 	C:\WINDOWS\System32\ADVAPI32.dll
0x00007ff979410000 - 0x00007ff9794ab000 	C:\WINDOWS\System32\sechost.dll
0x00007ff979ee0000 - 0x00007ff97a00a000 	C:\WINDOWS\System32\RPCRT4.dll
0x00007ff97aac0000 - 0x00007ff97aac8000 	C:\WINDOWS\System32\PSAPI.DLL
0x00007ff968af0000 - 0x00007ff968af9000 	C:\WINDOWS\SYSTEM32\WSOCK32.dll
0x00007ff973670000 - 0x00007ff97367a000 	C:\WINDOWS\SYSTEM32\VERSION.dll
0x00007ff965860000 - 0x00007ff965887000 	C:\WINDOWS\SYSTEM32\WINMM.dll
0x00007ff97ab30000 - 0x00007ff97ab9b000 	C:\WINDOWS\System32\WS2_32.dll
0x00007ff9769b0000 - 0x00007ff9769c2000 	C:\WINDOWS\SYSTEM32\kernel.appcore.dll
0x00007ff974790000 - 0x00007ff97479a000 	C:\Users\lx\.jdks\corretto-17.0.2\bin\jimage.dll
0x00007ff969620000 - 0x00007ff969804000 	C:\WINDOWS\SYSTEM32\DBGHELP.DLL
0x00007ff964910000 - 0x00007ff96493c000 	C:\WINDOWS\SYSTEM32\dbgcore.DLL
0x00007ff978df0000 - 0x00007ff978e72000 	C:\WINDOWS\System32\bcryptPrimitives.dll
0x00007ff94b660000 - 0x00007ff94b685000 	C:\Users\lx\.jdks\corretto-17.0.2\bin\java.dll
0x00007ff93a9e0000 - 0x00007ff93aab6000 	C:\Users\lx\.jdks\corretto-17.0.2\bin\jsvml.dll
0x00007ff97aba0000 - 0x00007ff97b2e4000 	C:\WINDOWS\System32\SHELL32.dll
0x00007ff976bb0000 - 0x00007ff977344000 	C:\WINDOWS\SYSTEM32\windows.storage.dll
0x00007ff97a340000 - 0x00007ff97a695000 	C:\WINDOWS\System32\combase.dll
0x00007ff978380000 - 0x00007ff9783ae000 	C:\WINDOWS\SYSTEM32\Wldp.dll
0x00007ff97aa10000 - 0x00007ff97aabd000 	C:\WINDOWS\System32\SHCORE.dll
0x00007ff97a100000 - 0x00007ff97a155000 	C:\WINDOWS\System32\shlwapi.dll
0x00007ff978a20000 - 0x00007ff978a3f000 	C:\WINDOWS\SYSTEM32\profapi.dll
0x00007ff967d10000 - 0x00007ff967d29000 	C:\Users\lx\.jdks\corretto-17.0.2\bin\net.dll
0x00007ff973680000 - 0x00007ff97378c000 	C:\WINDOWS\SYSTEM32\WINHTTP.dll
0x00007ff978160000 - 0x00007ff9781ca000 	C:\WINDOWS\system32\mswsock.dll
0x00007ff9566e0000 - 0x00007ff9566f5000 	C:\Users\lx\.jdks\corretto-17.0.2\bin\nio.dll
0x00007ff94f200000 - 0x00007ff94f218000 	C:\Users\lx\.jdks\corretto-17.0.2\bin\zip.dll
0x00007ff968fb0000 - 0x00007ff968fb9000 	C:\Users\lx\.jdks\corretto-17.0.2\bin\management.dll
0x00007ff968d70000 - 0x00007ff968d7b000 	C:\Users\lx\.jdks\corretto-17.0.2\bin\management_ext.dll
0x00007ff965450000 - 0x00007ff965467000 	C:\WINDOWS\system32\napinsp.dll
0x00007ff965350000 - 0x00007ff96536b000 	C:\WINDOWS\system32\pnrpnsp.dll
0x00007ff964520000 - 0x00007ff964535000 	C:\WINDOWS\system32\wshbth.dll
0x00007ff9744c0000 - 0x00007ff9744dd000 	C:\WINDOWS\system32\NLAapi.dll
0x00007ff977e70000 - 0x00007ff977eab000 	C:\WINDOWS\SYSTEM32\IPHLPAPI.DLL
0x00007ff977eb0000 - 0x00007ff977f7b000 	C:\WINDOWS\SYSTEM32\DNSAPI.dll
0x00007ff97a730000 - 0x00007ff97a738000 	C:\WINDOWS\System32\NSI.dll
0x00007ff964190000 - 0x00007ff9641a2000 	C:\WINDOWS\System32\winrnr.dll
0x00000000586a0000 - 0x00000000586c6000 	C:\Program Files\Bonjour\mdnsNSP.dll
0x00007ff971d30000 - 0x00007ff971d3a000 	C:\Windows\System32\rasadhlp.dll
0x00007ff971a10000 - 0x00007ff971a8f000 	C:\WINDOWS\System32\fwpuclnt.dll
0x00007ff9793b0000 - 0x00007ff9793d7000 	C:\WINDOWS\System32\bcrypt.dll
0x00007ff9783c0000 - 0x00007ff9783d8000 	C:\WINDOWS\SYSTEM32\CRYPTSP.dll
0x00007ff977b00000 - 0x00007ff977b34000 	C:\WINDOWS\system32\rsaenh.dll
0x00007ff9789a0000 - 0x00007ff9789ce000 	C:\WINDOWS\SYSTEM32\USERENV.dll
0x00007ff9782f0000 - 0x00007ff9782fc000 	C:\WINDOWS\SYSTEM32\CRYPTBASE.dll
0x00007ff972d50000 - 0x00007ff972d67000 	C:\WINDOWS\SYSTEM32\dhcpcsvc6.DLL
0x00007ff972d30000 - 0x00007ff972d4d000 	C:\WINDOWS\SYSTEM32\dhcpcsvc.DLL
0x00007ff93f1d0000 - 0x00007ff93f215000 	C:\Users\lx\AppData\Local\Temp\jna-3468\jna7216517125534658883.dll
0x00007ff97a210000 - 0x00007ff97a33a000 	C:\WINDOWS\System32\Ole32.dll
0x00007ff9797d0000 - 0x00007ff979879000 	C:\WINDOWS\System32\clbcatq.dll
0x00007ff979d60000 - 0x00007ff979e2d000 	C:\WINDOWS\System32\OleAut32.dll
0x00007ff96dc80000 - 0x00007ff96dc99000 	C:\WINDOWS\SYSTEM32\amsi.dll
0x00007ff968a90000 - 0x00007ff968ad9000 	C:\WINDOWS\SYSTEM32\Pdh.dll
0x00007ff94d170000 - 0x00007ff94d17f000 	C:\WINDOWS\System32\perfos.dll
0x00007ff9280f0000 - 0x00007ff928162000 	C:\normal\Codes\Code-Java\Rikaishi-Nikui\rikaishi_nikui\minecraft\versions\1.18.2\natives\lwjgl.dll
0x00007ff916460000 - 0x00007ff9166b1000 	C:\normal\Codes\Code-Java\Rikaishi-Nikui\rikaishi_nikui\minecraft\versions\1.18.2\natives\jemalloc.dll

dbghelp: loaded successfully - version: 4.0.5 - missing functions: none
symbol engine: initialized successfully - sym options: 0x614 - pdb path: .;C:\Users\lx\.jdks\corretto-17.0.2\bin;C:\WINDOWS\SYSTEM32;C:\WINDOWS\WinSxS\amd64_microsoft.windows.common-controls_6595b64144ccf1df_6.0.19041.1110_none_60b5254171f9507e;C:\Users\lx\.jdks\corretto-17.0.2\bin\server;C:\Program Files\Bonjour;C:\Users\lx\AppData\Local\Temp\jna-3468;C:\normal\Codes\Code-Java\Rikaishi-Nikui\rikaishi_nikui\minecraft\versions\1.18.2\natives

VM Arguments:
jvm_args: -Dcom.sun.jndi.ldap.object.trustURLCodebase=false -Duser.dir=C:\normal\Codes\Code-Java\Rikaishi-Nikui\rikaishi_nikui\minecraft\versions\1.18.2 -Dlog4j2.formatMsgNoLookups=true -Djava.library.path=C:\normal\Codes\Code-Java\Rikaishi-Nikui\rikaishi_nikui\minecraft\versions\1.18.2/natives/ 
java_command: net.minecraft.client.main.Main --username zhuaidadaya --version 1.18.2 --gameDir C:\normal\Codes\Code-Java\Rikaishi-Nikui\rikaishi_nikui\minecraft\versions\1.18.2 --assetsDir C:\normal\Codes\Code-Java\Rikaishi-Nikui\rikaishi_nikui\minecraft\assets --assetIndex 1.18 --uuid aece86a7-ec32-42d8-8e37-ac5e5df56fc9 --accessToken aece86a7-ec32-42d8-8e37-ac5e5df56fc9 --userProperties {} --userType Legacy --width 854 --height 480
java_class_path (initial): C:/normal/Codes/Code-Java/Rikaishi-Nikui/rikaishi_nikui/minecraft/libraries/ca/weblite/java-objc-bridge/1.0.0/java-objc-bridge-1.0.0.jar;C:/normal/Codes/Code-Java/Rikaishi-Nikui/rikaishi_nikui/minecraft/libraries/com/github/oshi/oshi-core/5.8.5/oshi-core-5.8.5.jar;C:/normal/Codes/Code-Java/Rikaishi-Nikui/rikaishi_nikui/minecraft/libraries/com/google/code/gson/gson/2.8.9/gson-2.8.9.jar;C:/normal/Codes/Code-Java/Rikaishi-Nikui/rikaishi_nikui/minecraft/libraries/com/google/guava/failureaccess/1.0.1/failureaccess-1.0.1.jar;C:/normal/Codes/Code-Java/Rikaishi-Nikui/rikaishi_nikui/minecraft/libraries/com/google/guava/guava/31.0.1-jre/guava-31.0.1-jre.jar;C:/normal/Codes/Code-Java/Rikaishi-Nikui/rikaishi_nikui/minecraft/libraries/com/ibm/icu/icu4j/70.1/icu4j-70.1.jar;C:/normal/Codes/Code-Java/Rikaishi-Nikui/rikaishi_nikui/minecraft/libraries/com/mojang/authlib/3.3.39/authlib-3.3.39.jar;C:/normal/Codes/Code-Java/Rikaishi-Nikui/rikaishi_nikui/minecraft/libraries/com/mojang/blocklist/1.0.10/blocklist-1.0.10.jar;C:/normal/Codes/Code-Java/Rikaishi-Nikui/rikaishi_nikui/minecraft/libraries/com/mojang/brigadier/1.0.18/brigadier-1.0.18.jar;C:/normal/Codes/Code-Java/Rikaishi-Nikui/rikaishi_nikui/minecraft/libraries/com/mojang/datafixerupper/4.1.27/datafixerupper-4.1.27.jar;C:/normal/Codes/Code-Java/Rikaishi-Nikui/rikaishi_nikui/minecraft/libraries/com/mojang/javabridge/1.2.24/javabridge-1.2.24.jar;C:/normal/Codes/Code-Java/Rikaishi-Nikui/rikaishi_nikui/minecraft/libraries/com/mojang/logging/1.0.0/logging-1.0.0.jar;C:/normal/Codes/Code-Java/Rikaishi-Nikui/rikaishi_nikui/minecraft/libraries/com/mojang/patchy/2.2.10/patchy-2.2.10.jar;C:/normal/Codes/Code-Java/Rikaishi-Nikui/rikaishi_nikui/minecraft/libraries/com/mojang/text2speech/1.12.4/text2speech-1.12.4.jar;C:/normal/Codes/Code-Java/Rikaishi-Nikui/rikaishi_nikui/minecraft/libraries/commons-codec/commons-codec/1.15/commons-codec-1.15.jar;C:/normal/Codes/Code-Java/Rikaishi-Nikui/rikaishi_nikui/minecraft/lib
Launcher Type: SUN_STANDARD

[Global flags]
     intx CICompilerCount                          = 4                                         {product} {ergonomic}
     uint ConcGCThreads                            = 3                                         {product} {ergonomic}
     uint G1ConcRefinementThreads                  = 10                                        {product} {ergonomic}
   size_t G1HeapRegionSize                         = 8388608                                   {product} {ergonomic}
    uintx GCDrainStackTargetSize                   = 64                                        {product} {ergonomic}
   size_t InitialHeapSize                          = 1073741824                                {product} {ergonomic}
   size_t MarkStackSize                            = 4194304                                   {product} {ergonomic}
   size_t MaxHeapSize                              = 17146314752                               {product} {ergonomic}
   size_t MaxNewSize                               = 10284433408                               {product} {ergonomic}
   size_t MinHeapDeltaBytes                        = 8388608                                   {product} {ergonomic}
   size_t MinHeapSize                              = 8388608                                   {product} {ergonomic}
    uintx NonNMethodCodeHeapSize                   = 5839372                                {pd product} {ergonomic}
    uintx NonProfiledCodeHeapSize                  = 122909434                              {pd product} {ergonomic}
    uintx ProfiledCodeHeapSize                     = 122909434                              {pd product} {ergonomic}
    uintx ReservedCodeCacheSize                    = 251658240                              {pd product} {ergonomic}
     bool SegmentedCodeCache                       = true                                      {product} {ergonomic}
   size_t SoftMaxHeapSize                          = 17146314752                            {manageable} {ergonomic}
     bool UseCompressedClassPointers               = true                           {product lp64_product} {ergonomic}
     bool UseCompressedOops                        = true                           {product lp64_product} {ergonomic}
     bool UseG1GC                                  = true                                      {product} {ergonomic}
     bool UseLargePagesIndividualAllocation        = false                                  {pd product} {ergonomic}

Logging:
Log output configuration:
 #0: stdout all=warning uptime,level,tags
 #1: stderr all=off uptime,level,tags

Environment Variables:
JAVA_HOME=C:\Users\lx\.jdks\openjdk-16.0.2
CLASSPATH=C:\Users\lx\.jdks\openjdk-16.0.2\lib\dt.jar;C:\Users\lx\.jdks\openjdk-16.0.2\lib\tools.jar
PATH=C:\Program Files\Common Files\Oracle\Java\javapath;C:\Program Files\Python39\Scripts\;C:\Program Files\Python39\;C:\Program Files (x86)\Common Files\Oracle\Java\javapath;C:\Users\lx\.jdks\openjdk-16.0.2\bin;C:\WINDOWS\system32;C:\WINDOWS;C:\WINDOWS\System32\Wbem;C:\WINDOWS\System32\WindowsPowerShell\v1.0\;C:\WINDOWS\System32\OpenSSH\;C:\Program Files\Microsoft SQL Server\130\Tools\Binn\;C:\Program Files (x86)\NVIDIA Corporation\PhysX\Common;C:\Program Files\NVIDIA Corporation\NVIDIA NvDLISR;C:\Program Files\Microsoft SQL Server\Client SDK\ODBC\170\Tools\Binn\;D:\Git\cmd;C:\Program Files (x86)\Microsoft SQL Server\150\Tools\Binn\;C:\Program Files\Microsoft SQL Server\150\Tools\Binn\;C:\Program Files\Microsoft SQL Server\150\DTS\Binn\;C:\Program Files (x86)\Microsoft SQL Server\150\DTS\Binn\;C:\Program Files\Azure Data Studio\bin;C:\Program Files\dotnet\;C:\Program Files\nodejs\;C:\ProgramData\chocolatey\bin;C:\GRADLE\bin;C:\Program Files\Intel\Intel(R) Memory and Storage Tool\;C:\Program Files\Git\cmd;C:\Us;C:\Program Files (x86)\Intel\Platform Flash Tool Lite;C:\Program Files (x86)\Intel\Phone Flash Tool Lite;C:\Users\lx\AppData\Local\Microsoft\WindowsApps;C:\Users\lx\AppData\Local\GitHubDesktop\bin;C:\Program Files\Azure Data Studio\bin;C:\Users\lx\.dotnet\tools;C:\Users\lx\AppData\Roaming\npm
USERNAME=lx
OS=Windows_NT
PROCESSOR_IDENTIFIER=Intel64 Family 6 Model 165 Stepping 0, GenuineIntel



---------------  S Y S T E M  ---------------

OS:
 Windows 10 , 64 bit Build 19041 (10.0.19041.1348)
OS uptime: 9 days 19:12 hours
Hyper-V role detected

CPU: total 12 (initial active 12) (6 cores per cpu, 2 threads per core) family 6 model 165 stepping 0 microcode 0xbe, cx8, cmov, fxsr, ht, mmx, 3dnowpref, sse, sse2, sse3, ssse3, sse4.1, sse4.2, popcnt, lzcnt, tsc, tscinvbit, avx, avx2, aes, erms, clmul, bmi1, bmi2, adx, fma, vzeroupper, clflush, clflushopt, hv

Memory: 4k page, system-wide physical 65398M (23986M free)
TotalPageFile size 72054M (AvailPageFile size 29611M)
current process WorkingSet (physical memory assigned to process): 2114M, peak: 2114M
current process commit charge ("private bytes"): 2220M, peak: 2224M

vm_info: OpenJDK 64-Bit Server VM (17.0.2+8-LTS) for windows-amd64 JRE (17.0.2+8-LTS), built on Jan 17 2022 05:07:39 by "Administrator" with MS VC++ 15.9 (VS2017)

END.
