#
# A fatal error has been detected by the Java Runtime Environment:
#
#  EXCEPTION_ACCESS_VIOLATION (0xc0000005) at pc=0x0000000000000008, pid=1208, tid=40088
#
# JRE version: OpenJDK Runtime Environment Corretto-17.0.2.8.1 (17.0.2+8) (build 17.0.2+8-LTS)
# Java VM: OpenJDK 64-Bit Server VM Corretto-17.0.2.8.1 (17.0.2+8-LTS, mixed mode, sharing, tiered, compressed oops, compressed class ptrs, g1 gc, windows-amd64)
# Problematic frame:
# C  0x0000000000000008
#
# No core dump will be written. Minidumps are not enabled by default on client versions of Windows
#
# If you would like to submit a bug report, please visit:
#   https://github.com/corretto/corretto-17/issues/
# The crash happened outside the Java Virtual Machine in native code.
# See problematic frame for where to report the bug.
#

---------------  S U M M A R Y ------------

Command Line: -Dcom.sun.jndi.ldap.object.trustURLCodebase=false -Duser.dir=C:\normal\Codes\Code-Java\Rikaishi-Nikui\rikaishi_nikui\minecraft\versions\1.18.2 -Dlog4j2.formatMsgNoLookups=true -Djava.library.path=C:\normal\Codes\Code-Java\Rikaishi-Nikui\rikaishi_nikui\minecraft\versions\1.18.2/natives/ net.minecraft.client.main.Main --username zhuaidadaya --version 1.18.2 --gameDir C:\normal\Codes\Code-Java\Rikaishi-Nikui\rikaishi_nikui\minecraft\versions\1.18.2 --assetsDir C:\normal\Codes\Code-Java\Rikaishi-Nikui\rikaishi_nikui\minecraft\assets --assetIndex 1.18 --uuid 2bb1c5aa-8f60-4b9a-a17a-4aad71e03106 --accessToken 2bb1c5aa-8f60-4b9a-a17a-4aad71e03106 --userProperties {} --userType Legacy --width 854 --height 480

Host: Intel(R) Core(TM) i5-10600 CPU @ 3.30GHz, 12 cores, 63G,  Windows 10 , 64 bit Build 19041 (10.0.19041.1348)
Time: Sun Mar 13 17:42:48 2022  Windows 10 , 64 bit Build 19041 (10.0.19041.1348) elapsed time: 6.325306 seconds (0d 0h 0m 6s)

---------------  T H R E A D  ---------------

Current thread (0x0000015b74e73350):  JavaThread "Render thread" [_thread_in_native, id=40088, stack(0x00000049f9800000,0x00000049f9900000)]

Stack: [0x00000049f9800000,0x00000049f9900000],  sp=0x00000049f98fb1b8,  free space=1004k
Native frames: (J=compiled Java code, j=interpreted, Vv=VM code, C=native code)
C  0x0000000000000008

Java frames: (J=compiled Java code, j=interpreted, Vv=VM code)
j  org.lwjgl.system.JNI.invokePP(JJ)J+0
j  org.lwjgl.system.jemalloc.JEmalloc.nje_malloc(J)J+6
j  org.lwjgl.system.jemalloc.JEmalloc.<clinit>()V+42
v  ~StubRoutines::call_stub
j  org.lwjgl.system.jemalloc.JEmallocAllocator.<clinit>()V+0
v  ~StubRoutines::call_stub
J 1289  java.lang.Class.forName0(Ljava/lang/String;ZLjava/lang/ClassLoader;Ljava/lang/Class;)Ljava/lang/Class; java.base@17.0.2 (0 bytes) @ 0x0000015b07b6a4af [0x0000015b07b6a420+0x000000000000008f]
J 1983 c1 java.lang.Class.forName(Ljava/lang/String;)Ljava/lang/Class; java.base@17.0.2 (15 bytes) @ 0x0000015b00946ee4 [0x0000015b00946dc0+0x0000000000000124]
j  org.lwjgl.system.MemoryManage.getInstance()Lorg/lwjgl/system/MemoryUtil$MemoryAllocator;+68
j  org.lwjgl.system.MemoryUtil$LazyInit.<clinit>()V+0
v  ~StubRoutines::call_stub
j  org.lwjgl.system.MemoryUtil.getAllocator(Z)Lorg/lwjgl/system/MemoryUtil$MemoryAllocator;+10
j  dsk.<clinit>()V+1
v  ~StubRoutines::call_stub
j  dth.<init>(I)V+34
j  dto.<init>(I)V+10
j  dto.<init>()V+3
j  dto.<clinit>()V+4
v  ~StubRoutines::call_stub
j  com.mojang.blaze3d.systems.RenderSystem.<clinit>()V+12
v  ~StubRoutines::call_stub
j  net.minecraft.client.main.Main.main([Ljava/lang/String;)V+1327
v  ~StubRoutines::call_stub

siginfo: EXCEPTION_ACCESS_VIOLATION (0xc0000005), data execution prevention violation at address 0x0000000000000008


Register to memory mapping:

RIP=0x0000000000000008 is an unknown value
RAX=0x00007ff927fc1a60 lwjgl.dll
RBX={method} {0x0000015b3b9b5420} 'invokePP' '(JJ)J' in 'org/lwjgl/system/JNI'
RCX=0x00007ff9265b4870 jemalloc.dll
RDX=0x00000049f98fb258 is pointing into the stack for thread: 0x0000015b74e73350
RSP=0x00000049f98fb1b8 is pointing into the stack for thread: 0x0000015b74e73350
RBP=0x00000049f98fb248 is pointing into the stack for thread: 0x0000015b74e73350
RSI=0x0000000428024da8 is an oop: [B 
{0x0000000428024da8} - klass: {type array byte}
 - length: 20
RDI=0x0000000000000014 is an unknown value
R8 =0x00007ff9265b4870 jemalloc.dll
R9 =0x0000000000000008 is an unknown value
R10=0x0000015b0000d5f2 is at code_begin+946 in an Interpreter codelet
method entry point (kind = native)  [0x0000015b0000d240, 0x0000015b0000dbc0]  2432 bytes
R11=0x000000041f0000b8 is an oop: java.lang.Class 
{0x000000041f0000b8} - klass: 'java/lang/Class'
 - ---- fields (total size 14 words):
 - private volatile transient 'classRedefinedCount' 'I' @12  0
 - private volatile transient 'cachedConstructor' 'Ljava/lang/reflect/Constructor;' @40  NULL (0)
 - private transient 'name' 'Ljava/lang/String;' @44  "org.lwjgl.system.JNI"{0x0000000489000000} (91200000)
 - private transient 'module' 'Ljava/lang/Module;' @48  a 'java/lang/Module'{0x000000040343db80} (80687b70)
 - private final 'classLoader' 'Ljava/lang/ClassLoader;' @52  a 'jdk/internal/loader/ClassLoaders$AppClassLoader'{0x00000004033a07c0} (806740f8)
 - private transient 'classData' 'Ljava/lang/Object;' @56  NULL (0)
 - private transient 'packageName' 'Ljava/lang/String;' @60  "org.lwjgl.system"{0x000000041f0094f8} (83e0129f)
 - private final 'componentType' 'Ljava/lang/Class;' @64  NULL (0)
 - private volatile transient 'reflectionData' 'Ljava/lang/ref/SoftReference;' @68  NULL (0)
 - private volatile transient 'genericInfo' 'Lsun/reflect/generics/repository/ClassRepository;' @72  NULL (0)
 - private volatile transient 'enumConstants' '[Ljava/lang/Object;' @76  NULL (0)
 - private volatile transient 'enumConstantDirectory' 'Ljava/util/Map;' @80  NULL (0)
 - private volatile transient 'annotationData' 'Ljava/lang/Class$AnnotationData;' @84  NULL (0)
 - private volatile transient 'annotationType' 'Lsun/reflect/annotation/AnnotationType;' @88  NULL (0)
 - transient 'classValueMap' 'Ljava/lang/ClassValue$ClassValueMap;' @92  NULL (0)
 - signature: Lorg/lwjgl/system/JNI;
 - fake entry for mirror: 'org/lwjgl/system/JNI'
 - fake entry for array: NULL
 - fake entry for oop_size: 14
 - fake entry for static_oop_field_count: 0
R12=0x0 is NULL
R13={method} {0x0000015b3b9b5420} 'invokePP' '(JJ)J' in 'org/lwjgl/system/JNI'
R14=0x00000049f98fb280 is pointing into the stack for thread: 0x0000015b74e73350
R15=0x0000015b74e73350 is a thread


Registers:
RAX=0x00007ff927fc1a60, RBX=0x0000015b3b9b5418, RCX=0x00007ff9265b4870, RDX=0x00000049f98fb258
RSP=0x00000049f98fb1b8, RBP=0x00000049f98fb248, RSI=0x0000000428024da8, RDI=0x0000000000000014
R8 =0x00007ff9265b4870, R9 =0x0000000000000008, R10=0x0000015b0000d5f2, R11=0x000000041f0000b8
R12=0x0000000000000000, R13=0x0000015b3b9b5418, R14=0x00000049f98fb280, R15=0x0000015b74e73350
RIP=0x0000000000000008, EFLAGS=0x0000000000010206

Top of Stack: (sp=0x00000049f98fb1b8)
0x00000049f98fb1b8:   0000015b0000d621 0000000000000014
0x00000049f98fb1c8:   0000015b0000d33c 0000015b3b9b5418
0x00000049f98fb1d8:   0000000428024da8 0000000000000014
0x00000049f98fb1e8:   00007ff90c4e6d57 3ff0000000000000
0x00000049f98fb1f8:   0000015b0000d2f6 00000049f98fb200
0x00000049f98fb208:   0000015b3b9b5418 00000049f98fb280
0x00000049f98fb218:   0000015b3b9e3000 0000000000000000
0x00000049f98fb228:   000000041f0000b8 0000015b3b9b5418
0x00000049f98fb238:   0000000000000000 00000049f98fb268
0x00000049f98fb248:   00000049f98fb2d0 0000015b000095cd
0x00000049f98fb258:   000000041f0000b8 0000015b0000af77
0x00000049f98fb268:   0000000000000008 0000000000000000
0x00000049f98fb278:   00007ff9265b4870 0000000000000000
0x00000049f98fb288:   00000049f98fb288 0000015b3b9953be
0x00000049f98fb298:   00000049f98fb2f8 0000015b3b998cd8
0x00000049f98fb2a8:   0000000000000000 000000041f0003d8 

Instructions: (pc=0x0000000000000008)
0xffffffffffffff08:   


Stack slot to memory mapping:
stack at sp + 0 slots: 0x0000015b0000d621 is at code_begin+993 in an Interpreter codelet
method entry point (kind = native)  [0x0000015b0000d240, 0x0000015b0000dbc0]  2432 bytes
stack at sp + 1 slots: 0x0000000000000014 is an unknown value
stack at sp + 2 slots: 0x0000015b0000d33c is at code_begin+252 in an Interpreter codelet
method entry point (kind = native)  [0x0000015b0000d240, 0x0000015b0000dbc0]  2432 bytes
stack at sp + 3 slots: {method} {0x0000015b3b9b5420} 'invokePP' '(JJ)J' in 'org/lwjgl/system/JNI'
stack at sp + 4 slots: 0x0000000428024da8 is an oop: [B 
{0x0000000428024da8} - klass: {type array byte}
 - length: 20
stack at sp + 5 slots: 0x0000000000000014 is an unknown value
stack at sp + 6 slots: 0x00007ff90c4e6d57 jvm.dll
stack at sp + 7 slots: 0x3ff0000000000000 is an unknown value


---------------  P R O C E S S  ---------------

Threads class SMR info:
_java_thread_list=0x0000015b36144830, length=25, elements={
0x0000015b74e73350, 0x0000015b7fc7e7c0, 0x0000015b7fc7f280, 0x0000015b7fc96330,
0x0000015b7fc96df0, 0x0000015b7fc996c0, 0x0000015b7fc99f80, 0x0000015b7fcaf3c0,
0x0000015b7fc9dd40, 0x0000015b7fc9ee20, 0x0000015b7fdd4c70, 0x0000015b7fde12f0,
0x0000015b36678dc0, 0x0000015b36914ae0, 0x0000015b36916c90, 0x0000015b36914fb0,
0x0000015b36917160, 0x0000015b36917630, 0x0000015b36914140, 0x0000015b36914610,
0x0000015b36915480, 0x0000015b36915950, 0x0000015b36915e20, 0x0000015b39d17cc0,
0x0000015b39d1ce90
}

Java Threads: ( => current thread )
=>0x0000015b74e73350 JavaThread "Render thread" [_thread_in_native, id=40088, stack(0x00000049f9800000,0x00000049f9900000)]
  0x0000015b7fc7e7c0 JavaThread "Reference Handler" daemon [_thread_blocked, id=27852, stack(0x00000049f9f00000,0x00000049fa000000)]
  0x0000015b7fc7f280 JavaThread "Finalizer" daemon [_thread_blocked, id=1608, stack(0x00000049fa000000,0x00000049fa100000)]
  0x0000015b7fc96330 JavaThread "Signal Dispatcher" daemon [_thread_blocked, id=37980, stack(0x00000049fa100000,0x00000049fa200000)]
  0x0000015b7fc96df0 JavaThread "Attach Listener" daemon [_thread_blocked, id=20824, stack(0x00000049fa200000,0x00000049fa300000)]
  0x0000015b7fc996c0 JavaThread "Service Thread" daemon [_thread_blocked, id=42616, stack(0x00000049fa300000,0x00000049fa400000)]
  0x0000015b7fc99f80 JavaThread "Monitor Deflation Thread" daemon [_thread_blocked, id=38696, stack(0x00000049fa400000,0x00000049fa500000)]
  0x0000015b7fcaf3c0 JavaThread "C2 CompilerThread0" daemon [_thread_blocked, id=15560, stack(0x00000049fa500000,0x00000049fa600000)]
  0x0000015b7fc9dd40 JavaThread "C1 CompilerThread0" daemon [_thread_blocked, id=38528, stack(0x00000049fa600000,0x00000049fa700000)]
  0x0000015b7fc9ee20 JavaThread "Sweeper thread" daemon [_thread_blocked, id=38752, stack(0x00000049fa700000,0x00000049fa800000)]
  0x0000015b7fdd4c70 JavaThread "Notification Thread" daemon [_thread_blocked, id=35376, stack(0x00000049fa800000,0x00000049fa900000)]
  0x0000015b7fde12f0 JavaThread "Common-Cleaner" daemon [_thread_blocked, id=36912, stack(0x00000049faa00000,0x00000049fab00000)]
  0x0000015b36678dc0 JavaThread "C2 CompilerThread1" daemon [_thread_blocked, id=40604, stack(0x00000049fab00000,0x00000049fac00000)]
  0x0000015b36914ae0 JavaThread "Worker-Bootstrap-1" daemon [_thread_blocked, id=28752, stack(0x00000049fc100000,0x00000049fc200000)]
  0x0000015b36916c90 JavaThread "Worker-Bootstrap-2" daemon [_thread_in_Java, id=3056, stack(0x00000049fc200000,0x00000049fc300000)]
  0x0000015b36914fb0 JavaThread "Worker-Bootstrap-3" daemon [_thread_in_Java, id=26944, stack(0x00000049fc300000,0x00000049fc400000)]
  0x0000015b36917160 JavaThread "Worker-Bootstrap-4" daemon [_thread_in_Java, id=43916, stack(0x00000049fc400000,0x00000049fc500000)]
  0x0000015b36917630 JavaThread "Worker-Bootstrap-5" daemon [_thread_in_Java, id=41096, stack(0x00000049fc500000,0x00000049fc600000)]
  0x0000015b36914140 JavaThread "Worker-Bootstrap-6" daemon [_thread_in_Java, id=40304, stack(0x00000049fc600000,0x00000049fc700000)]
  0x0000015b36914610 JavaThread "Worker-Bootstrap-7" daemon [_thread_in_Java, id=39780, stack(0x00000049fc700000,0x00000049fc800000)]
  0x0000015b36915480 JavaThread "Worker-Bootstrap-8" daemon [_thread_in_Java, id=16880, stack(0x00000049fc800000,0x00000049fc900000)]
  0x0000015b36915950 JavaThread "Worker-Bootstrap-9" daemon [_thread_in_Java, id=39300, stack(0x00000049fc900000,0x00000049fca00000)]
  0x0000015b36915e20 JavaThread "Worker-Bootstrap-10" daemon [_thread_in_Java, id=41600, stack(0x00000049fca00000,0x00000049fcb00000)]
  0x0000015b39d17cc0 JavaThread "Worker-Bootstrap-11" daemon [_thread_in_Java, id=20080, stack(0x00000049fcb00000,0x00000049fcc00000)]
  0x0000015b39d1ce90 JavaThread "Timer hack thread" daemon [_thread_blocked, id=38004, stack(0x00000049fc000000,0x00000049fc100000)]

Other Threads:
  0x0000015b7fc789d0 VMThread "VM Thread" [stack: 0x00000049f9e00000,0x00000049f9f00000] [id=27244]
  0x0000015b7eee5530 WatcherThread [stack: 0x00000049fa900000,0x00000049faa00000] [id=16860]
  0x0000015b74f2bd80 GCTaskThread "GC Thread#0" [stack: 0x00000049f9900000,0x00000049f9a00000] [id=30520]
  0x0000015b35994f90 GCTaskThread "GC Thread#1" [stack: 0x00000049fad00000,0x00000049fae00000] [id=22696]
  0x0000015b35ffec30 GCTaskThread "GC Thread#2" [stack: 0x00000049fae00000,0x00000049faf00000] [id=18768]
  0x0000015b7ff1ad40 GCTaskThread "GC Thread#3" [stack: 0x00000049faf00000,0x00000049fb000000] [id=36892]
  0x0000015b35ff6030 GCTaskThread "GC Thread#4" [stack: 0x00000049fb000000,0x00000049fb100000] [id=33864]
  0x0000015b35ff62e0 GCTaskThread "GC Thread#5" [stack: 0x00000049fb100000,0x00000049fb200000] [id=30140]
  0x0000015b35f29140 GCTaskThread "GC Thread#6" [stack: 0x00000049fb200000,0x00000049fb300000] [id=37276]
  0x0000015b35f293f0 GCTaskThread "GC Thread#7" [stack: 0x00000049fb300000,0x00000049fb400000] [id=37400]
  0x0000015b3605f9b0 GCTaskThread "GC Thread#8" [stack: 0x00000049fb400000,0x00000049fb500000] [id=43728]
  0x0000015b3605fc60 GCTaskThread "GC Thread#9" [stack: 0x00000049fb500000,0x00000049fb600000] [id=36940]
  0x0000015b74f3c9f0 ConcurrentGCThread "G1 Main Marker" [stack: 0x00000049f9a00000,0x00000049f9b00000] [id=43368]
  0x0000015b74f3d1b0 ConcurrentGCThread "G1 Conc#0" [stack: 0x00000049f9b00000,0x00000049f9c00000] [id=34912]
  0x0000015b36f850b0 ConcurrentGCThread "G1 Conc#1" [stack: 0x00000049fac00000,0x00000049fad00000] [id=16932]
  0x0000015b36f84b50 ConcurrentGCThread "G1 Conc#2" [stack: 0x00000049fbf00000,0x00000049fc000000] [id=41232]
  0x0000015b7f093010 ConcurrentGCThread "G1 Refine#0" [stack: 0x00000049f9c00000,0x00000049f9d00000] [id=28588]
  0x0000015b35c00b40 ConcurrentGCThread "G1 Refine#1" [stack: 0x00000049fb600000,0x00000049fb700000] [id=948]
  0x0000015b358284d0 ConcurrentGCThread "G1 Refine#2" [stack: 0x00000049fb700000,0x00000049fb800000] [id=19884]
  0x0000015b358287b0 ConcurrentGCThread "G1 Refine#3" [stack: 0x00000049fb800000,0x00000049fb900000] [id=18292]
  0x0000015b35828a90 ConcurrentGCThread "G1 Refine#4" [stack: 0x00000049fb900000,0x00000049fba00000] [id=36796]
  0x0000015b35828d70 ConcurrentGCThread "G1 Refine#5" [stack: 0x00000049fba00000,0x00000049fbb00000] [id=32364]
  0x0000015b360a2830 ConcurrentGCThread "G1 Refine#6" [stack: 0x00000049fbb00000,0x00000049fbc00000] [id=37536]
  0x0000015b36c641f0 ConcurrentGCThread "G1 Refine#7" [stack: 0x00000049fcc00000,0x00000049fcd00000] [id=34820]
  0x0000015b36c647b0 ConcurrentGCThread "G1 Refine#8" [stack: 0x00000049fcd00000,0x00000049fce00000] [id=40624]
  0x0000015b36c644d0 ConcurrentGCThread "G1 Refine#9" [stack: 0x00000049fce00000,0x00000049fcf00000] [id=43260]
  0x0000015b7f0937e0 ConcurrentGCThread "G1 Service" [stack: 0x00000049f9d00000,0x00000049f9e00000] [id=37072]

Threads with active compile tasks:

VM state: not at safepoint (normal execution)

VM Mutex/Monitor currently owned by a thread: None

Heap address: 0x0000000402000000, size: 16352 MB, Compressed Oops mode: Zero based, Oop shift amount: 3

CDS archive(s) mapped at: [0x0000000800000000-0x0000000800bc0000-0x0000000800bc0000), size 12320768, SharedBaseAddress: 0x0000000800000000, ArchiveRelocationMode: 0.
Compressed class space mapped at: 0x0000000800c00000-0x0000000840c00000, reserved size: 1073741824
Narrow klass base: 0x0000000800000000, Narrow klass shift: 0, Narrow klass range: 0x100000000

GC Precious Log:
 CPUs: 12 total, 12 available
 Memory: 65398M
 Large Page Support: Disabled
 NUMA Support: Disabled
 Compressed Oops: Enabled (Zero based)
 Heap Region Size: 8M
 Heap Min Capacity: 8M
 Heap Initial Capacity: 1G
 Heap Max Capacity: 16352M
 Pre-touch: Disabled
 Parallel Workers: 10
 Concurrent Workers: 3
 Concurrent Refinement Workers: 10
 Periodic GC: Disabled

Heap:
 garbage-first heap   total 2228224K, used 364027K [0x0000000402000000, 0x0000000800000000)
  region size 8192K, 22 young (180224K), 4 survivors (32768K)
 Metaspace       used 45016K, committed 45632K, reserved 1089536K
  class space    used 6820K, committed 7104K, reserved 1048576K

Heap Regions: E=young(eden), S=young(survivor), O=old, HS=humongous(starts), HC=humongous(continues), CS=collection set, F=free, OA=open archive, CA=closed archive, TAMS=top-at-mark-start (previous, next)
|   0|0x0000000402000000, 0x0000000402800000, 0x0000000402800000|100%| O|  |TAMS 0x0000000402800000, 0x0000000402000000| Untracked 
|   1|0x0000000402800000, 0x0000000403000000, 0x0000000403000000|100%| O|  |TAMS 0x0000000403000000, 0x0000000402800000| Untracked 
|   2|0x0000000403000000, 0x0000000403800000, 0x0000000403800000|100%| O|  |TAMS 0x0000000403800000, 0x0000000403000000| Untracked 
|   3|0x0000000403800000, 0x0000000404000000, 0x0000000404000000|100%| O|  |TAMS 0x0000000404000000, 0x0000000403800000| Untracked 
|   4|0x0000000404000000, 0x0000000404800000, 0x0000000404800000|100%|HS|  |TAMS 0x0000000404800000, 0x0000000404000000| Complete 
|   5|0x0000000404800000, 0x0000000405000000, 0x0000000405000000|100%|HC|  |TAMS 0x0000000405000000, 0x0000000404800000| Complete 
|   6|0x0000000405000000, 0x0000000405800000, 0x0000000405800000|100%| O|  |TAMS 0x0000000405800000, 0x0000000405000000| Untracked 
|   7|0x0000000405800000, 0x0000000406000000, 0x0000000406000000|100%| O|  |TAMS 0x0000000406000000, 0x0000000405800000| Untracked 
|   8|0x0000000406000000, 0x0000000406800000, 0x0000000406800000|100%| O|  |TAMS 0x0000000406800000, 0x0000000406000000| Untracked 
|   9|0x0000000406800000, 0x0000000407000000, 0x0000000407000000|100%| O|  |TAMS 0x0000000407000000, 0x0000000406800000| Untracked 
|  10|0x0000000407000000, 0x0000000407800000, 0x0000000407800000|100%| O|  |TAMS 0x0000000407800000, 0x0000000407000000| Untracked 
|  11|0x0000000407800000, 0x0000000408000000, 0x0000000408000000|100%| O|  |TAMS 0x0000000408000000, 0x0000000407800000| Untracked 
|  12|0x0000000408000000, 0x0000000408800000, 0x0000000408800000|100%| O|  |TAMS 0x0000000408800000, 0x0000000408000000| Untracked 
|  13|0x0000000408800000, 0x0000000409000000, 0x0000000409000000|100%| O|  |TAMS 0x0000000409000000, 0x0000000408800000| Untracked 
|  14|0x0000000409000000, 0x0000000409800000, 0x0000000409800000|100%| O|  |TAMS 0x0000000409800000, 0x0000000409000000| Untracked 
|  15|0x0000000409800000, 0x000000040a000000, 0x000000040a000000|100%| O|  |TAMS 0x000000040a000000, 0x0000000409800000| Untracked 
|  16|0x000000040a000000, 0x000000040a800000, 0x000000040a800000|100%| O|  |TAMS 0x000000040a800000, 0x000000040a000000| Untracked 
|  17|0x000000040a800000, 0x000000040b000000, 0x000000040b000000|100%| O|  |TAMS 0x000000040b000000, 0x000000040a800000| Untracked 
|  18|0x000000040b000000, 0x000000040b800000, 0x000000040b800000|100%| O|  |TAMS 0x000000040b800000, 0x000000040b000000| Untracked 
|  19|0x000000040b800000, 0x000000040c000000, 0x000000040c000000|100%| O|  |TAMS 0x000000040c000000, 0x000000040b800000| Untracked 
|  20|0x000000040c000000, 0x000000040c800000, 0x000000040c800000|100%| O|  |TAMS 0x000000040c800000, 0x000000040c000000| Untracked 
|  21|0x000000040c800000, 0x000000040d000000, 0x000000040d000000|100%| O|  |TAMS 0x000000040d000000, 0x000000040c800000| Untracked 
|  22|0x000000040d000000, 0x000000040d800000, 0x000000040d800000|100%| O|  |TAMS 0x000000040d800000, 0x000000040d000000| Untracked 
|  23|0x000000040d800000, 0x000000040dc35c00, 0x000000040e000000| 52%| O|  |TAMS 0x000000040dc35c00, 0x000000040d800000| Untracked 
|  24|0x000000040e000000, 0x000000040e000000, 0x000000040e800000|  0%| F|  |TAMS 0x000000040e000000, 0x000000040e000000| Untracked 
|  25|0x000000040e800000, 0x000000040e800000, 0x000000040f000000|  0%| F|  |TAMS 0x000000040e800000, 0x000000040e800000| Untracked 
|  26|0x000000040f000000, 0x000000040f000000, 0x000000040f800000|  0%| F|  |TAMS 0x000000040f000000, 0x000000040f000000| Untracked 
|  27|0x000000040f800000, 0x000000040f800000, 0x0000000410000000|  0%| F|  |TAMS 0x000000040f800000, 0x000000040f800000| Untracked 
|  28|0x0000000410000000, 0x0000000410000000, 0x0000000410800000|  0%| F|  |TAMS 0x0000000410000000, 0x0000000410000000| Untracked 
|  29|0x0000000410800000, 0x0000000410800000, 0x0000000411000000|  0%| F|  |TAMS 0x0000000410800000, 0x0000000410800000| Untracked 
|  30|0x0000000411000000, 0x0000000411000000, 0x0000000411800000|  0%| F|  |TAMS 0x0000000411000000, 0x0000000411000000| Untracked 
|  31|0x0000000411800000, 0x0000000411800000, 0x0000000412000000|  0%| F|  |TAMS 0x0000000411800000, 0x0000000411800000| Untracked 
|  32|0x0000000412000000, 0x0000000412000000, 0x0000000412800000|  0%| F|  |TAMS 0x0000000412000000, 0x0000000412000000| Untracked 
|  33|0x0000000412800000, 0x0000000412800000, 0x0000000413000000|  0%| F|  |TAMS 0x0000000412800000, 0x0000000412800000| Untracked 
|  34|0x0000000413000000, 0x0000000413000000, 0x0000000413800000|  0%| F|  |TAMS 0x0000000413000000, 0x0000000413000000| Untracked 
|  35|0x0000000413800000, 0x0000000413800000, 0x0000000414000000|  0%| F|  |TAMS 0x0000000413800000, 0x0000000413800000| Untracked 
|  36|0x0000000414000000, 0x0000000414000000, 0x0000000414800000|  0%| F|  |TAMS 0x0000000414000000, 0x0000000414000000| Untracked 
|  37|0x0000000414800000, 0x0000000414800000, 0x0000000415000000|  0%| F|  |TAMS 0x0000000414800000, 0x0000000414800000| Untracked 
|  38|0x0000000415000000, 0x0000000415000000, 0x0000000415800000|  0%| F|  |TAMS 0x0000000415000000, 0x0000000415000000| Untracked 
|  39|0x0000000415800000, 0x0000000415800000, 0x0000000416000000|  0%| F|  |TAMS 0x0000000415800000, 0x0000000415800000| Untracked 
|  40|0x0000000416000000, 0x0000000416000000, 0x0000000416800000|  0%| F|  |TAMS 0x0000000416000000, 0x0000000416000000| Untracked 
|  41|0x0000000416800000, 0x0000000416800000, 0x0000000417000000|  0%| F|  |TAMS 0x0000000416800000, 0x0000000416800000| Untracked 
|  42|0x0000000417000000, 0x0000000417000000, 0x0000000417800000|  0%| F|  |TAMS 0x0000000417000000, 0x0000000417000000| Untracked 
|  43|0x0000000417800000, 0x0000000417800000, 0x0000000418000000|  0%| F|  |TAMS 0x0000000417800000, 0x0000000417800000| Untracked 
|  44|0x0000000418000000, 0x0000000418000000, 0x0000000418800000|  0%| F|  |TAMS 0x0000000418000000, 0x0000000418000000| Untracked 
|  45|0x0000000418800000, 0x0000000418800000, 0x0000000419000000|  0%| F|  |TAMS 0x0000000418800000, 0x0000000418800000| Untracked 
|  46|0x0000000419000000, 0x0000000419000000, 0x0000000419800000|  0%| F|  |TAMS 0x0000000419000000, 0x0000000419000000| Untracked 
|  47|0x0000000419800000, 0x0000000419800000, 0x000000041a000000|  0%| F|  |TAMS 0x0000000419800000, 0x0000000419800000| Untracked 
|  48|0x000000041a000000, 0x000000041a000000, 0x000000041a800000|  0%| F|  |TAMS 0x000000041a000000, 0x000000041a000000| Untracked 
|  49|0x000000041a800000, 0x000000041a800000, 0x000000041b000000|  0%| F|  |TAMS 0x000000041a800000, 0x000000041a800000| Untracked 
|  50|0x000000041b000000, 0x000000041b000000, 0x000000041b800000|  0%| F|  |TAMS 0x000000041b000000, 0x000000041b000000| Untracked 
|  51|0x000000041b800000, 0x000000041b800000, 0x000000041c000000|  0%| F|  |TAMS 0x000000041b800000, 0x000000041b800000| Untracked 
|  52|0x000000041c000000, 0x000000041c000000, 0x000000041c800000|  0%| F|  |TAMS 0x000000041c000000, 0x000000041c000000| Untracked 
|  53|0x000000041c800000, 0x000000041c800000, 0x000000041d000000|  0%| F|  |TAMS 0x000000041c800000, 0x000000041c800000| Untracked 
|  54|0x000000041d000000, 0x000000041d000000, 0x000000041d800000|  0%| F|  |TAMS 0x000000041d000000, 0x000000041d000000| Untracked 
|  55|0x000000041d800000, 0x000000041df49250, 0x000000041e000000| 91%| S|CS|TAMS 0x000000041d800000, 0x000000041d800000| Complete 
|  56|0x000000041e000000, 0x000000041e800000, 0x000000041e800000|100%| S|CS|TAMS 0x000000041e000000, 0x000000041e000000| Complete 
|  57|0x000000041e800000, 0x000000041f000000, 0x000000041f000000|100%| S|CS|TAMS 0x000000041e800000, 0x000000041e800000| Complete 
|  58|0x000000041f000000, 0x000000041f800000, 0x000000041f800000|100%| S|CS|TAMS 0x000000041f000000, 0x000000041f000000| Complete 
|  59|0x000000041f800000, 0x000000041f800000, 0x0000000420000000|  0%| F|  |TAMS 0x000000041f800000, 0x000000041f800000| Untracked 
|  60|0x0000000420000000, 0x0000000420000000, 0x0000000420800000|  0%| F|  |TAMS 0x0000000420000000, 0x0000000420000000| Untracked 
|  61|0x0000000420800000, 0x0000000420800000, 0x0000000421000000|  0%| F|  |TAMS 0x0000000420800000, 0x0000000420800000| Untracked 
|  62|0x0000000421000000, 0x0000000421000000, 0x0000000421800000|  0%| F|  |TAMS 0x0000000421000000, 0x0000000421000000| Untracked 
|  63|0x0000000421800000, 0x0000000421800000, 0x0000000422000000|  0%| F|  |TAMS 0x0000000421800000, 0x0000000421800000| Untracked 
|  64|0x0000000422000000, 0x0000000422000000, 0x0000000422800000|  0%| F|  |TAMS 0x0000000422000000, 0x0000000422000000| Untracked 
|  65|0x0000000422800000, 0x0000000422800000, 0x0000000423000000|  0%| F|  |TAMS 0x0000000422800000, 0x0000000422800000| Untracked 
|  66|0x0000000423000000, 0x0000000423000000, 0x0000000423800000|  0%| F|  |TAMS 0x0000000423000000, 0x0000000423000000| Untracked 
|  67|0x0000000423800000, 0x0000000423800000, 0x0000000424000000|  0%| F|  |TAMS 0x0000000423800000, 0x0000000423800000| Untracked 
|  68|0x0000000424000000, 0x0000000424000000, 0x0000000424800000|  0%| F|  |TAMS 0x0000000424000000, 0x0000000424000000| Untracked 
|  69|0x0000000424800000, 0x0000000424800000, 0x0000000425000000|  0%| F|  |TAMS 0x0000000424800000, 0x0000000424800000| Untracked 
|  70|0x0000000425000000, 0x0000000425000000, 0x0000000425800000|  0%| F|  |TAMS 0x0000000425000000, 0x0000000425000000| Untracked 
|  71|0x0000000425800000, 0x0000000425800000, 0x0000000426000000|  0%| F|  |TAMS 0x0000000425800000, 0x0000000425800000| Untracked 
|  72|0x0000000426000000, 0x0000000426000000, 0x0000000426800000|  0%| F|  |TAMS 0x0000000426000000, 0x0000000426000000| Untracked 
|  73|0x0000000426800000, 0x0000000426800000, 0x0000000427000000|  0%| F|  |TAMS 0x0000000426800000, 0x0000000426800000| Untracked 
|  74|0x0000000427000000, 0x0000000427000000, 0x0000000427800000|  0%| F|  |TAMS 0x0000000427000000, 0x0000000427000000| Untracked 
|  75|0x0000000427800000, 0x0000000427800000, 0x0000000428000000|  0%| F|  |TAMS 0x0000000427800000, 0x0000000427800000| Untracked 
|  76|0x0000000428000000, 0x0000000428000000, 0x0000000428800000|  0%| F|  |TAMS 0x0000000428000000, 0x0000000428000000| Untracked 
|  77|0x0000000428800000, 0x0000000428800000, 0x0000000429000000|  0%| F|  |TAMS 0x0000000428800000, 0x0000000428800000| Untracked 
|  78|0x0000000429000000, 0x0000000429000000, 0x0000000429800000|  0%| F|  |TAMS 0x0000000429000000, 0x0000000429000000| Untracked 
|  79|0x0000000429800000, 0x0000000429800000, 0x000000042a000000|  0%| F|  |TAMS 0x0000000429800000, 0x0000000429800000| Untracked 
|  80|0x000000042a000000, 0x000000042a000000, 0x000000042a800000|  0%| F|  |TAMS 0x000000042a000000, 0x000000042a000000| Untracked 
|  81|0x000000042a800000, 0x000000042a800000, 0x000000042b000000|  0%| F|  |TAMS 0x000000042a800000, 0x000000042a800000| Untracked 
|  82|0x000000042b000000, 0x000000042b000000, 0x000000042b800000|  0%| F|  |TAMS 0x000000042b000000, 0x000000042b000000| Untracked 
|  83|0x000000042b800000, 0x000000042b800000, 0x000000042c000000|  0%| F|  |TAMS 0x000000042b800000, 0x000000042b800000| Untracked 
|  84|0x000000042c000000, 0x000000042c000000, 0x000000042c800000|  0%| F|  |TAMS 0x000000042c000000, 0x000000042c000000| Untracked 
|  85|0x000000042c800000, 0x000000042c800000, 0x000000042d000000|  0%| F|  |TAMS 0x000000042c800000, 0x000000042c800000| Untracked 
|  86|0x000000042d000000, 0x000000042d000000, 0x000000042d800000|  0%| F|  |TAMS 0x000000042d000000, 0x000000042d000000| Untracked 
|  87|0x000000042d800000, 0x000000042d800000, 0x000000042e000000|  0%| F|  |TAMS 0x000000042d800000, 0x000000042d800000| Untracked 
|  88|0x000000042e000000, 0x000000042e000000, 0x000000042e800000|  0%| F|  |TAMS 0x000000042e000000, 0x000000042e000000| Untracked 
|  89|0x000000042e800000, 0x000000042e800000, 0x000000042f000000|  0%| F|  |TAMS 0x000000042e800000, 0x000000042e800000| Untracked 
|  90|0x000000042f000000, 0x000000042f000000, 0x000000042f800000|  0%| F|  |TAMS 0x000000042f000000, 0x000000042f000000| Untracked 
|  91|0x000000042f800000, 0x000000042f800000, 0x0000000430000000|  0%| F|  |TAMS 0x000000042f800000, 0x000000042f800000| Untracked 
|  92|0x0000000430000000, 0x0000000430000000, 0x0000000430800000|  0%| F|  |TAMS 0x0000000430000000, 0x0000000430000000| Untracked 
|  93|0x0000000430800000, 0x0000000430800000, 0x0000000431000000|  0%| F|  |TAMS 0x0000000430800000, 0x0000000430800000| Untracked 
|  94|0x0000000431000000, 0x0000000431000000, 0x0000000431800000|  0%| F|  |TAMS 0x0000000431000000, 0x0000000431000000| Untracked 
|  95|0x0000000431800000, 0x0000000431800000, 0x0000000432000000|  0%| F|  |TAMS 0x0000000431800000, 0x0000000431800000| Untracked 
|  96|0x0000000432000000, 0x0000000432000000, 0x0000000432800000|  0%| F|  |TAMS 0x0000000432000000, 0x0000000432000000| Untracked 
|  97|0x0000000432800000, 0x0000000432800000, 0x0000000433000000|  0%| F|  |TAMS 0x0000000432800000, 0x0000000432800000| Untracked 
|  98|0x0000000433000000, 0x0000000433000000, 0x0000000433800000|  0%| F|  |TAMS 0x0000000433000000, 0x0000000433000000| Untracked 
|  99|0x0000000433800000, 0x0000000433800000, 0x0000000434000000|  0%| F|  |TAMS 0x0000000433800000, 0x0000000433800000| Untracked 
| 100|0x0000000434000000, 0x0000000434000000, 0x0000000434800000|  0%| F|  |TAMS 0x0000000434000000, 0x0000000434000000| Untracked 
| 101|0x0000000434800000, 0x0000000434800000, 0x0000000435000000|  0%| F|  |TAMS 0x0000000434800000, 0x0000000434800000| Untracked 
| 102|0x0000000435000000, 0x0000000435000000, 0x0000000435800000|  0%| F|  |TAMS 0x0000000435000000, 0x0000000435000000| Untracked 
| 103|0x0000000435800000, 0x0000000435800000, 0x0000000436000000|  0%| F|  |TAMS 0x0000000435800000, 0x0000000435800000| Untracked 
| 104|0x0000000436000000, 0x0000000436000000, 0x0000000436800000|  0%| F|  |TAMS 0x0000000436000000, 0x0000000436000000| Untracked 
| 105|0x0000000436800000, 0x0000000436800000, 0x0000000437000000|  0%| F|  |TAMS 0x0000000436800000, 0x0000000436800000| Untracked 
| 106|0x0000000437000000, 0x0000000437000000, 0x0000000437800000|  0%| F|  |TAMS 0x0000000437000000, 0x0000000437000000| Untracked 
| 107|0x0000000437800000, 0x0000000437800000, 0x0000000438000000|  0%| F|  |TAMS 0x0000000437800000, 0x0000000437800000| Untracked 
| 108|0x0000000438000000, 0x0000000438000000, 0x0000000438800000|  0%| F|  |TAMS 0x0000000438000000, 0x0000000438000000| Untracked 
| 109|0x0000000438800000, 0x0000000438800000, 0x0000000439000000|  0%| F|  |TAMS 0x0000000438800000, 0x0000000438800000| Untracked 
| 110|0x0000000439000000, 0x0000000439000000, 0x0000000439800000|  0%| F|  |TAMS 0x0000000439000000, 0x0000000439000000| Untracked 
| 111|0x0000000439800000, 0x0000000439800000, 0x000000043a000000|  0%| F|  |TAMS 0x0000000439800000, 0x0000000439800000| Untracked 
| 112|0x000000043a000000, 0x000000043a000000, 0x000000043a800000|  0%| F|  |TAMS 0x000000043a000000, 0x000000043a000000| Untracked 
| 113|0x000000043a800000, 0x000000043a800000, 0x000000043b000000|  0%| F|  |TAMS 0x000000043a800000, 0x000000043a800000| Untracked 
| 114|0x000000043b000000, 0x000000043b000000, 0x000000043b800000|  0%| F|  |TAMS 0x000000043b000000, 0x000000043b000000| Untracked 
| 115|0x000000043b800000, 0x000000043b800000, 0x000000043c000000|  0%| F|  |TAMS 0x000000043b800000, 0x000000043b800000| Untracked 
| 116|0x000000043c000000, 0x000000043c000000, 0x000000043c800000|  0%| F|  |TAMS 0x000000043c000000, 0x000000043c000000| Untracked 
| 117|0x000000043c800000, 0x000000043c800000, 0x000000043d000000|  0%| F|  |TAMS 0x000000043c800000, 0x000000043c800000| Untracked 
| 118|0x000000043d000000, 0x000000043d000000, 0x000000043d800000|  0%| F|  |TAMS 0x000000043d000000, 0x000000043d000000| Untracked 
| 119|0x000000043d800000, 0x000000043d800000, 0x000000043e000000|  0%| F|  |TAMS 0x000000043d800000, 0x000000043d800000| Untracked 
| 120|0x000000043e000000, 0x000000043e000000, 0x000000043e800000|  0%| F|  |TAMS 0x000000043e000000, 0x000000043e000000| Untracked 
| 121|0x000000043e800000, 0x000000043e800000, 0x000000043f000000|  0%| F|  |TAMS 0x000000043e800000, 0x000000043e800000| Untracked 
| 122|0x000000043f000000, 0x000000043f000000, 0x000000043f800000|  0%| F|  |TAMS 0x000000043f000000, 0x000000043f000000| Untracked 
| 123|0x000000043f800000, 0x000000043f800000, 0x0000000440000000|  0%| F|  |TAMS 0x000000043f800000, 0x000000043f800000| Untracked 
| 124|0x0000000440000000, 0x0000000440000000, 0x0000000440800000|  0%| F|  |TAMS 0x0000000440000000, 0x0000000440000000| Untracked 
| 125|0x0000000440800000, 0x0000000440800000, 0x0000000441000000|  0%| F|  |TAMS 0x0000000440800000, 0x0000000440800000| Untracked 
| 126|0x0000000441000000, 0x0000000441000000, 0x0000000441800000|  0%| F|  |TAMS 0x0000000441000000, 0x0000000441000000| Untracked 
| 127|0x0000000441800000, 0x0000000441800000, 0x0000000442000000|  0%| F|  |TAMS 0x0000000441800000, 0x0000000441800000| Untracked 
| 128|0x0000000442000000, 0x0000000442000000, 0x0000000442800000|  0%| F|  |TAMS 0x0000000442000000, 0x0000000442000000| Untracked 
| 129|0x0000000442800000, 0x0000000442800000, 0x0000000443000000|  0%| F|  |TAMS 0x0000000442800000, 0x0000000442800000| Untracked 
| 130|0x0000000443000000, 0x0000000443000000, 0x0000000443800000|  0%| F|  |TAMS 0x0000000443000000, 0x0000000443000000| Untracked 
| 131|0x0000000443800000, 0x0000000443800000, 0x0000000444000000|  0%| F|  |TAMS 0x0000000443800000, 0x0000000443800000| Untracked 
| 132|0x0000000444000000, 0x0000000444000000, 0x0000000444800000|  0%| F|  |TAMS 0x0000000444000000, 0x0000000444000000| Untracked 
| 133|0x0000000444800000, 0x0000000444800000, 0x0000000445000000|  0%| F|  |TAMS 0x0000000444800000, 0x0000000444800000| Untracked 
| 134|0x0000000445000000, 0x0000000445000000, 0x0000000445800000|  0%| F|  |TAMS 0x0000000445000000, 0x0000000445000000| Untracked 
| 135|0x0000000445800000, 0x0000000445800000, 0x0000000446000000|  0%| F|  |TAMS 0x0000000445800000, 0x0000000445800000| Untracked 
| 136|0x0000000446000000, 0x0000000446000000, 0x0000000446800000|  0%| F|  |TAMS 0x0000000446000000, 0x0000000446000000| Untracked 
| 137|0x0000000446800000, 0x0000000446800000, 0x0000000447000000|  0%| F|  |TAMS 0x0000000446800000, 0x0000000446800000| Untracked 
| 138|0x0000000447000000, 0x0000000447000000, 0x0000000447800000|  0%| F|  |TAMS 0x0000000447000000, 0x0000000447000000| Untracked 
| 139|0x0000000447800000, 0x0000000447800000, 0x0000000448000000|  0%| F|  |TAMS 0x0000000447800000, 0x0000000447800000| Untracked 
| 140|0x0000000448000000, 0x0000000448000000, 0x0000000448800000|  0%| F|  |TAMS 0x0000000448000000, 0x0000000448000000| Untracked 
| 141|0x0000000448800000, 0x0000000448800000, 0x0000000449000000|  0%| F|  |TAMS 0x0000000448800000, 0x0000000448800000| Untracked 
| 142|0x0000000449000000, 0x0000000449000000, 0x0000000449800000|  0%| F|  |TAMS 0x0000000449000000, 0x0000000449000000| Untracked 
| 143|0x0000000449800000, 0x0000000449800000, 0x000000044a000000|  0%| F|  |TAMS 0x0000000449800000, 0x0000000449800000| Untracked 
| 144|0x000000044a000000, 0x000000044a000000, 0x000000044a800000|  0%| F|  |TAMS 0x000000044a000000, 0x000000044a000000| Untracked 
| 145|0x000000044a800000, 0x000000044a800000, 0x000000044b000000|  0%| F|  |TAMS 0x000000044a800000, 0x000000044a800000| Untracked 
| 146|0x000000044b000000, 0x000000044b000000, 0x000000044b800000|  0%| F|  |TAMS 0x000000044b000000, 0x000000044b000000| Untracked 
| 147|0x000000044b800000, 0x000000044b800000, 0x000000044c000000|  0%| F|  |TAMS 0x000000044b800000, 0x000000044b800000| Untracked 
| 148|0x000000044c000000, 0x000000044c000000, 0x000000044c800000|  0%| F|  |TAMS 0x000000044c000000, 0x000000044c000000| Untracked 
| 149|0x000000044c800000, 0x000000044c800000, 0x000000044d000000|  0%| F|  |TAMS 0x000000044c800000, 0x000000044c800000| Untracked 
| 150|0x000000044d000000, 0x000000044d000000, 0x000000044d800000|  0%| F|  |TAMS 0x000000044d000000, 0x000000044d000000| Untracked 
| 151|0x000000044d800000, 0x000000044d800000, 0x000000044e000000|  0%| F|  |TAMS 0x000000044d800000, 0x000000044d800000| Untracked 
| 152|0x000000044e000000, 0x000000044e000000, 0x000000044e800000|  0%| F|  |TAMS 0x000000044e000000, 0x000000044e000000| Untracked 
| 153|0x000000044e800000, 0x000000044e800000, 0x000000044f000000|  0%| F|  |TAMS 0x000000044e800000, 0x000000044e800000| Untracked 
| 154|0x000000044f000000, 0x000000044f000000, 0x000000044f800000|  0%| F|  |TAMS 0x000000044f000000, 0x000000044f000000| Untracked 
| 155|0x000000044f800000, 0x000000044f800000, 0x0000000450000000|  0%| F|  |TAMS 0x000000044f800000, 0x000000044f800000| Untracked 
| 156|0x0000000450000000, 0x0000000450000000, 0x0000000450800000|  0%| F|  |TAMS 0x0000000450000000, 0x0000000450000000| Untracked 
| 157|0x0000000450800000, 0x0000000450800000, 0x0000000451000000|  0%| F|  |TAMS 0x0000000450800000, 0x0000000450800000| Untracked 
| 158|0x0000000451000000, 0x0000000451000000, 0x0000000451800000|  0%| F|  |TAMS 0x0000000451000000, 0x0000000451000000| Untracked 
| 159|0x0000000451800000, 0x0000000451800000, 0x0000000452000000|  0%| F|  |TAMS 0x0000000451800000, 0x0000000451800000| Untracked 
| 160|0x0000000452000000, 0x0000000452000000, 0x0000000452800000|  0%| F|  |TAMS 0x0000000452000000, 0x0000000452000000| Untracked 
| 161|0x0000000452800000, 0x0000000452800000, 0x0000000453000000|  0%| F|  |TAMS 0x0000000452800000, 0x0000000452800000| Untracked 
| 162|0x0000000453000000, 0x0000000453000000, 0x0000000453800000|  0%| F|  |TAMS 0x0000000453000000, 0x0000000453000000| Untracked 
| 163|0x0000000453800000, 0x0000000453800000, 0x0000000454000000|  0%| F|  |TAMS 0x0000000453800000, 0x0000000453800000| Untracked 
| 164|0x0000000454000000, 0x0000000454000000, 0x0000000454800000|  0%| F|  |TAMS 0x0000000454000000, 0x0000000454000000| Untracked 
| 165|0x0000000454800000, 0x0000000454800000, 0x0000000455000000|  0%| F|  |TAMS 0x0000000454800000, 0x0000000454800000| Untracked 
| 166|0x0000000455000000, 0x0000000455000000, 0x0000000455800000|  0%| F|  |TAMS 0x0000000455000000, 0x0000000455000000| Untracked 
| 167|0x0000000455800000, 0x0000000455800000, 0x0000000456000000|  0%| F|  |TAMS 0x0000000455800000, 0x0000000455800000| Untracked 
| 168|0x0000000456000000, 0x0000000456000000, 0x0000000456800000|  0%| F|  |TAMS 0x0000000456000000, 0x0000000456000000| Untracked 
| 169|0x0000000456800000, 0x0000000456800000, 0x0000000457000000|  0%| F|  |TAMS 0x0000000456800000, 0x0000000456800000| Untracked 
| 170|0x0000000457000000, 0x0000000457000000, 0x0000000457800000|  0%| F|  |TAMS 0x0000000457000000, 0x0000000457000000| Untracked 
| 171|0x0000000457800000, 0x0000000457800000, 0x0000000458000000|  0%| F|  |TAMS 0x0000000457800000, 0x0000000457800000| Untracked 
| 172|0x0000000458000000, 0x0000000458000000, 0x0000000458800000|  0%| F|  |TAMS 0x0000000458000000, 0x0000000458000000| Untracked 
| 173|0x0000000458800000, 0x0000000458800000, 0x0000000459000000|  0%| F|  |TAMS 0x0000000458800000, 0x0000000458800000| Untracked 
| 174|0x0000000459000000, 0x0000000459000000, 0x0000000459800000|  0%| F|  |TAMS 0x0000000459000000, 0x0000000459000000| Untracked 
| 175|0x0000000459800000, 0x0000000459800000, 0x000000045a000000|  0%| F|  |TAMS 0x0000000459800000, 0x0000000459800000| Untracked 
| 176|0x000000045a000000, 0x000000045a000000, 0x000000045a800000|  0%| F|  |TAMS 0x000000045a000000, 0x000000045a000000| Untracked 
| 177|0x000000045a800000, 0x000000045a800000, 0x000000045b000000|  0%| F|  |TAMS 0x000000045a800000, 0x000000045a800000| Untracked 
| 178|0x000000045b000000, 0x000000045b000000, 0x000000045b800000|  0%| F|  |TAMS 0x000000045b000000, 0x000000045b000000| Untracked 
| 179|0x000000045b800000, 0x000000045b800000, 0x000000045c000000|  0%| F|  |TAMS 0x000000045b800000, 0x000000045b800000| Untracked 
| 180|0x000000045c000000, 0x000000045c000000, 0x000000045c800000|  0%| F|  |TAMS 0x000000045c000000, 0x000000045c000000| Untracked 
| 181|0x000000045c800000, 0x000000045c800000, 0x000000045d000000|  0%| F|  |TAMS 0x000000045c800000, 0x000000045c800000| Untracked 
| 182|0x000000045d000000, 0x000000045d000000, 0x000000045d800000|  0%| F|  |TAMS 0x000000045d000000, 0x000000045d000000| Untracked 
| 183|0x000000045d800000, 0x000000045d800000, 0x000000045e000000|  0%| F|  |TAMS 0x000000045d800000, 0x000000045d800000| Untracked 
| 184|0x000000045e000000, 0x000000045e000000, 0x000000045e800000|  0%| F|  |TAMS 0x000000045e000000, 0x000000045e000000| Untracked 
| 185|0x000000045e800000, 0x000000045e800000, 0x000000045f000000|  0%| F|  |TAMS 0x000000045e800000, 0x000000045e800000| Untracked 
| 186|0x000000045f000000, 0x000000045f000000, 0x000000045f800000|  0%| F|  |TAMS 0x000000045f000000, 0x000000045f000000| Untracked 
| 187|0x000000045f800000, 0x000000045f800000, 0x0000000460000000|  0%| F|  |TAMS 0x000000045f800000, 0x000000045f800000| Untracked 
| 188|0x0000000460000000, 0x0000000460000000, 0x0000000460800000|  0%| F|  |TAMS 0x0000000460000000, 0x0000000460000000| Untracked 
| 189|0x0000000460800000, 0x0000000460800000, 0x0000000461000000|  0%| F|  |TAMS 0x0000000460800000, 0x0000000460800000| Untracked 
| 190|0x0000000461000000, 0x0000000461000000, 0x0000000461800000|  0%| F|  |TAMS 0x0000000461000000, 0x0000000461000000| Untracked 
| 191|0x0000000461800000, 0x0000000461800000, 0x0000000462000000|  0%| F|  |TAMS 0x0000000461800000, 0x0000000461800000| Untracked 
| 192|0x0000000462000000, 0x0000000462000000, 0x0000000462800000|  0%| F|  |TAMS 0x0000000462000000, 0x0000000462000000| Untracked 
| 193|0x0000000462800000, 0x0000000462800000, 0x0000000463000000|  0%| F|  |TAMS 0x0000000462800000, 0x0000000462800000| Untracked 
| 194|0x0000000463000000, 0x0000000463000000, 0x0000000463800000|  0%| F|  |TAMS 0x0000000463000000, 0x0000000463000000| Untracked 
| 195|0x0000000463800000, 0x0000000463800000, 0x0000000464000000|  0%| F|  |TAMS 0x0000000463800000, 0x0000000463800000| Untracked 
| 196|0x0000000464000000, 0x0000000464000000, 0x0000000464800000|  0%| F|  |TAMS 0x0000000464000000, 0x0000000464000000| Untracked 
| 197|0x0000000464800000, 0x0000000464800000, 0x0000000465000000|  0%| F|  |TAMS 0x0000000464800000, 0x0000000464800000| Untracked 
| 198|0x0000000465000000, 0x0000000465000000, 0x0000000465800000|  0%| F|  |TAMS 0x0000000465000000, 0x0000000465000000| Untracked 
| 199|0x0000000465800000, 0x0000000465800000, 0x0000000466000000|  0%| F|  |TAMS 0x0000000465800000, 0x0000000465800000| Untracked 
| 200|0x0000000466000000, 0x0000000466000000, 0x0000000466800000|  0%| F|  |TAMS 0x0000000466000000, 0x0000000466000000| Untracked 
| 201|0x0000000466800000, 0x0000000466800000, 0x0000000467000000|  0%| F|  |TAMS 0x0000000466800000, 0x0000000466800000| Untracked 
| 202|0x0000000467000000, 0x0000000467000000, 0x0000000467800000|  0%| F|  |TAMS 0x0000000467000000, 0x0000000467000000| Untracked 
| 203|0x0000000467800000, 0x0000000467800000, 0x0000000468000000|  0%| F|  |TAMS 0x0000000467800000, 0x0000000467800000| Untracked 
| 204|0x0000000468000000, 0x0000000468000000, 0x0000000468800000|  0%| F|  |TAMS 0x0000000468000000, 0x0000000468000000| Untracked 
| 205|0x0000000468800000, 0x0000000468800000, 0x0000000469000000|  0%| F|  |TAMS 0x0000000468800000, 0x0000000468800000| Untracked 
| 206|0x0000000469000000, 0x0000000469000000, 0x0000000469800000|  0%| F|  |TAMS 0x0000000469000000, 0x0000000469000000| Untracked 
| 207|0x0000000469800000, 0x0000000469800000, 0x000000046a000000|  0%| F|  |TAMS 0x0000000469800000, 0x0000000469800000| Untracked 
| 208|0x000000046a000000, 0x000000046a000000, 0x000000046a800000|  0%| F|  |TAMS 0x000000046a000000, 0x000000046a000000| Untracked 
| 209|0x000000046a800000, 0x000000046a800000, 0x000000046b000000|  0%| F|  |TAMS 0x000000046a800000, 0x000000046a800000| Untracked 
| 210|0x000000046b000000, 0x000000046b000000, 0x000000046b800000|  0%| F|  |TAMS 0x000000046b000000, 0x000000046b000000| Untracked 
| 211|0x000000046b800000, 0x000000046b800000, 0x000000046c000000|  0%| F|  |TAMS 0x000000046b800000, 0x000000046b800000| Untracked 
| 212|0x000000046c000000, 0x000000046c000000, 0x000000046c800000|  0%| F|  |TAMS 0x000000046c000000, 0x000000046c000000| Untracked 
| 213|0x000000046c800000, 0x000000046c800000, 0x000000046d000000|  0%| F|  |TAMS 0x000000046c800000, 0x000000046c800000| Untracked 
| 214|0x000000046d000000, 0x000000046d000000, 0x000000046d800000|  0%| F|  |TAMS 0x000000046d000000, 0x000000046d000000| Untracked 
| 215|0x000000046d800000, 0x000000046d800000, 0x000000046e000000|  0%| F|  |TAMS 0x000000046d800000, 0x000000046d800000| Untracked 
| 216|0x000000046e000000, 0x000000046e000000, 0x000000046e800000|  0%| F|  |TAMS 0x000000046e000000, 0x000000046e000000| Untracked 
| 217|0x000000046e800000, 0x000000046e800000, 0x000000046f000000|  0%| F|  |TAMS 0x000000046e800000, 0x000000046e800000| Untracked 
| 218|0x000000046f000000, 0x000000046f000000, 0x000000046f800000|  0%| F|  |TAMS 0x000000046f000000, 0x000000046f000000| Untracked 
| 219|0x000000046f800000, 0x000000046f800000, 0x0000000470000000|  0%| F|  |TAMS 0x000000046f800000, 0x000000046f800000| Untracked 
| 220|0x0000000470000000, 0x0000000470000000, 0x0000000470800000|  0%| F|  |TAMS 0x0000000470000000, 0x0000000470000000| Untracked 
| 221|0x0000000470800000, 0x0000000470800000, 0x0000000471000000|  0%| F|  |TAMS 0x0000000470800000, 0x0000000470800000| Untracked 
| 222|0x0000000471000000, 0x0000000471000000, 0x0000000471800000|  0%| F|  |TAMS 0x0000000471000000, 0x0000000471000000| Untracked 
| 223|0x0000000471800000, 0x0000000471800000, 0x0000000472000000|  0%| F|  |TAMS 0x0000000471800000, 0x0000000471800000| Untracked 
| 224|0x0000000472000000, 0x0000000472000000, 0x0000000472800000|  0%| F|  |TAMS 0x0000000472000000, 0x0000000472000000| Untracked 
| 225|0x0000000472800000, 0x0000000472800000, 0x0000000473000000|  0%| F|  |TAMS 0x0000000472800000, 0x0000000472800000| Untracked 
| 226|0x0000000473000000, 0x0000000473000000, 0x0000000473800000|  0%| F|  |TAMS 0x0000000473000000, 0x0000000473000000| Untracked 
| 227|0x0000000473800000, 0x0000000473800000, 0x0000000474000000|  0%| F|  |TAMS 0x0000000473800000, 0x0000000473800000| Untracked 
| 228|0x0000000474000000, 0x0000000474000000, 0x0000000474800000|  0%| F|  |TAMS 0x0000000474000000, 0x0000000474000000| Untracked 
| 229|0x0000000474800000, 0x0000000474800000, 0x0000000475000000|  0%| F|  |TAMS 0x0000000474800000, 0x0000000474800000| Untracked 
| 230|0x0000000475000000, 0x0000000475000000, 0x0000000475800000|  0%| F|  |TAMS 0x0000000475000000, 0x0000000475000000| Untracked 
| 231|0x0000000475800000, 0x0000000475800000, 0x0000000476000000|  0%| F|  |TAMS 0x0000000475800000, 0x0000000475800000| Untracked 
| 232|0x0000000476000000, 0x0000000476000000, 0x0000000476800000|  0%| F|  |TAMS 0x0000000476000000, 0x0000000476000000| Untracked 
| 233|0x0000000476800000, 0x0000000476800000, 0x0000000477000000|  0%| F|  |TAMS 0x0000000476800000, 0x0000000476800000| Untracked 
| 234|0x0000000477000000, 0x0000000477000000, 0x0000000477800000|  0%| F|  |TAMS 0x0000000477000000, 0x0000000477000000| Untracked 
| 235|0x0000000477800000, 0x0000000477800000, 0x0000000478000000|  0%| F|  |TAMS 0x0000000477800000, 0x0000000477800000| Untracked 
| 236|0x0000000478000000, 0x0000000478000000, 0x0000000478800000|  0%| F|  |TAMS 0x0000000478000000, 0x0000000478000000| Untracked 
| 237|0x0000000478800000, 0x0000000478800000, 0x0000000479000000|  0%| F|  |TAMS 0x0000000478800000, 0x0000000478800000| Untracked 
| 238|0x0000000479000000, 0x0000000479000000, 0x0000000479800000|  0%| F|  |TAMS 0x0000000479000000, 0x0000000479000000| Untracked 
| 239|0x0000000479800000, 0x0000000479800000, 0x000000047a000000|  0%| F|  |TAMS 0x0000000479800000, 0x0000000479800000| Untracked 
| 240|0x000000047a000000, 0x000000047a000000, 0x000000047a800000|  0%| F|  |TAMS 0x000000047a000000, 0x000000047a000000| Untracked 
| 241|0x000000047a800000, 0x000000047a800000, 0x000000047b000000|  0%| F|  |TAMS 0x000000047a800000, 0x000000047a800000| Untracked 
| 242|0x000000047b000000, 0x000000047b000000, 0x000000047b800000|  0%| F|  |TAMS 0x000000047b000000, 0x000000047b000000| Untracked 
| 243|0x000000047b800000, 0x000000047b800000, 0x000000047c000000|  0%| F|  |TAMS 0x000000047b800000, 0x000000047b800000| Untracked 
| 244|0x000000047c000000, 0x000000047c000000, 0x000000047c800000|  0%| F|  |TAMS 0x000000047c000000, 0x000000047c000000| Untracked 
| 245|0x000000047c800000, 0x000000047c800000, 0x000000047d000000|  0%| F|  |TAMS 0x000000047c800000, 0x000000047c800000| Untracked 
| 246|0x000000047d000000, 0x000000047d000000, 0x000000047d800000|  0%| F|  |TAMS 0x000000047d000000, 0x000000047d000000| Untracked 
| 247|0x000000047d800000, 0x000000047d800000, 0x000000047e000000|  0%| F|  |TAMS 0x000000047d800000, 0x000000047d800000| Untracked 
| 248|0x000000047e000000, 0x000000047e000000, 0x000000047e800000|  0%| F|  |TAMS 0x000000047e000000, 0x000000047e000000| Untracked 
| 249|0x000000047e800000, 0x000000047e800000, 0x000000047f000000|  0%| F|  |TAMS 0x000000047e800000, 0x000000047e800000| Untracked 
| 250|0x000000047f000000, 0x000000047f800000, 0x000000047f800000|100%| E|  |TAMS 0x000000047f000000, 0x000000047f000000| Complete 
| 251|0x000000047f800000, 0x0000000480000000, 0x0000000480000000|100%| E|CS|TAMS 0x000000047f800000, 0x000000047f800000| Complete 
| 252|0x0000000480000000, 0x0000000480800000, 0x0000000480800000|100%| E|CS|TAMS 0x0000000480000000, 0x0000000480000000| Complete 
| 253|0x0000000480800000, 0x0000000481000000, 0x0000000481000000|100%| E|CS|TAMS 0x0000000480800000, 0x0000000480800000| Complete 
| 254|0x0000000481000000, 0x0000000481800000, 0x0000000481800000|100%| E|CS|TAMS 0x0000000481000000, 0x0000000481000000| Complete 
| 255|0x0000000481800000, 0x0000000482000000, 0x0000000482000000|100%| E|CS|TAMS 0x0000000481800000, 0x0000000481800000| Complete 
| 256|0x0000000482000000, 0x0000000482800000, 0x0000000482800000|100%| E|CS|TAMS 0x0000000482000000, 0x0000000482000000| Complete 
| 257|0x0000000482800000, 0x0000000483000000, 0x0000000483000000|100%| E|CS|TAMS 0x0000000482800000, 0x0000000482800000| Complete 
| 258|0x0000000483000000, 0x0000000483800000, 0x0000000483800000|100%| E|CS|TAMS 0x0000000483000000, 0x0000000483000000| Complete 
| 259|0x0000000483800000, 0x0000000484000000, 0x0000000484000000|100%| E|CS|TAMS 0x0000000483800000, 0x0000000483800000| Complete 
| 260|0x0000000484000000, 0x0000000484800000, 0x0000000484800000|100%| E|CS|TAMS 0x0000000484000000, 0x0000000484000000| Complete 
| 261|0x0000000484800000, 0x0000000485000000, 0x0000000485000000|100%| E|CS|TAMS 0x0000000484800000, 0x0000000484800000| Complete 
| 262|0x0000000485000000, 0x0000000485800000, 0x0000000485800000|100%| E|CS|TAMS 0x0000000485000000, 0x0000000485000000| Complete 
| 263|0x0000000485800000, 0x0000000486000000, 0x0000000486000000|100%| E|CS|TAMS 0x0000000485800000, 0x0000000485800000| Complete 
| 264|0x0000000486000000, 0x0000000486800000, 0x0000000486800000|100%| E|CS|TAMS 0x0000000486000000, 0x0000000486000000| Complete 
| 265|0x0000000486800000, 0x0000000487000000, 0x0000000487000000|100%| E|CS|TAMS 0x0000000486800000, 0x0000000486800000| Complete 
| 266|0x0000000487000000, 0x0000000487800000, 0x0000000487800000|100%| E|CS|TAMS 0x0000000487000000, 0x0000000487000000| Complete 
| 267|0x0000000487800000, 0x0000000488000000, 0x0000000488000000|100%| E|CS|TAMS 0x0000000487800000, 0x0000000487800000| Complete 
| 268|0x0000000488000000, 0x0000000488800000, 0x0000000488800000|100%| E|CS|TAMS 0x0000000488000000, 0x0000000488000000| Complete 
| 269|0x0000000488800000, 0x0000000489000000, 0x0000000489000000|100%| E|CS|TAMS 0x0000000488800000, 0x0000000488800000| Complete 
| 270|0x0000000489000000, 0x0000000489800000, 0x0000000489800000|100%| E|CS|TAMS 0x0000000489000000, 0x0000000489000000| Complete 
| 271|0x0000000489800000, 0x000000048a000000, 0x000000048a000000|100%| E|CS|TAMS 0x0000000489800000, 0x0000000489800000| Complete 

Card table byte_map: [0x0000015b0f000000,0x0000015b10ff0000] _byte_map_base: 0x0000015b0cff0000

Marking Bits (Prev, Next): (CMBitMap*) 0x0000015b74f2c140, (CMBitMap*) 0x0000015b74f2c180
 Prev Bits: [0x0000015b12fe0000, 0x0000015b22f60000)
 Next Bits: [0x0000015b22f60000, 0x0000015b32ee0000)

Polling page: 0x0000015b72e30000

Metaspace:

Usage:
  Non-class:     37.30 MB used.
      Class:      6.66 MB used.
       Both:     43.96 MB used.

Virtual space:
  Non-class space:       40.00 MB reserved,      37.63 MB ( 94%) committed,  5 nodes.
      Class space:        1.00 GB reserved,       6.94 MB ( <1%) committed,  1 nodes.
             Both:        1.04 GB reserved,      44.56 MB (  4%) committed. 

Chunk freelists:
   Non-Class:  2.11 MB
       Class:  1003.00 KB
        Both:  3.09 MB

MaxMetaspaceSize: unlimited
CompressedClassSpaceSize: 1.00 GB
Initial GC threshold: 21.00 MB
Current GC threshold: 71.81 MB
CDS: on
MetaspaceReclaimPolicy: balanced
 - commit_granule_bytes: 65536.
 - commit_granule_words: 8192.
 - virtual_space_node_default_size: 1048576.
 - enlarge_chunks_in_place: 1.
 - new_chunks_are_fully_committed: 0.
 - uncommit_free_chunks: 1.
 - use_allocation_guard: 0.
 - handle_deallocations: 1.


Internal statistics:

num_allocs_failed_limit: 18.
num_arena_births: 786.
num_arena_deaths: 4.
num_vsnodes_births: 6.
num_vsnodes_deaths: 0.
num_space_committed: 710.
num_space_uncommitted: 0.
num_chunks_returned_to_freelist: 24.
num_chunks_taken_from_freelist: 2523.
num_chunk_merges: 18.
num_chunk_splits: 1653.
num_chunks_enlarged: 1173.
num_purges: 2.
num_inconsistent_stats: 0.

CodeHeap 'non-profiled nmethods': size=120000Kb used=3708Kb max_used=3708Kb free=116292Kb
 bounds [0x0000015b07ad0000, 0x0000015b07e70000, 0x0000015b0f000000]
CodeHeap 'profiled nmethods': size=120000Kb used=8192Kb max_used=8827Kb free=111808Kb
 bounds [0x0000015b005a0000, 0x0000015b00e40000, 0x0000015b07ad0000]
CodeHeap 'non-nmethods': size=5760Kb used=1830Kb max_used=1830Kb free=3929Kb
 bounds [0x0000015b00000000, 0x0000015b00270000, 0x0000015b005a0000]
 total_blobs=6194 nmethods=4877 adapters=1229
 compilation: enabled
              stopped_count=0, restarted_count=0
 full_count=0

Compilation events (20 events):
Event: 6.276 Thread 0x0000015b7fcaf3c0 5902 %     4       sun.security.provider.SHA::implCompress0 @ 294 (506 bytes)
Event: 6.277 Thread 0x0000015b7fc9dd40 nmethod 5903 0x0000015b00bf1c90 code [0x0000015b00bf1ea0, 0x0000015b00bf24c8]
Event: 6.277 Thread 0x0000015b7fc9dd40 5904       3       jdk.internal.misc.Unsafe::checkPointer (19 bytes)
Event: 6.277 Thread 0x0000015b7fc9dd40 nmethod 5904 0x0000015b00bf1510 code [0x0000015b00bf16e0, 0x0000015b00bf1a88]
Event: 6.277 Thread 0x0000015b7fc9dd40 5905       1       java.nio.HeapByteBuffer::isReadOnly (2 bytes)
Event: 6.277 Thread 0x0000015b7fc9dd40 nmethod 5905 0x0000015b07e6c090 code [0x0000015b07e6c220, 0x0000015b07e6c2f8]
Event: 6.278 Thread 0x0000015b36678dc0 nmethod 5898 0x0000015b07e6c390 code [0x0000015b07e6c5c0, 0x0000015b07e6d3a0]
Event: 6.279 Thread 0x0000015b7fc9dd40 5906       3       java.lang.ThreadLocal$ThreadLocalMap::nextIndex (15 bytes)
Event: 6.279 Thread 0x0000015b7fc9dd40 nmethod 5906 0x0000015b0066eb10 code [0x0000015b0066eca0, 0x0000015b0066edd8]
Event: 6.280 Thread 0x0000015b36678dc0 5907       4       java.lang.ref.Reference::refersTo (6 bytes)
Event: 6.280 Thread 0x0000015b36678dc0 nmethod 5907 0x0000015b07e6df10 code [0x0000015b07e6e080, 0x0000015b07e6e118]
Event: 6.281 Thread 0x0000015b7fc9dd40 5908       3       java.nio.ByteBuffer::flip (7 bytes)
Event: 6.281 Thread 0x0000015b7fc9dd40 nmethod 5908 0x0000015b0066e710 code [0x0000015b0066e8a0, 0x0000015b0066ea18]
Event: 6.281 Thread 0x0000015b7fc9dd40 5909       3       java.nio.Buffer::flip (20 bytes)
Event: 6.281 Thread 0x0000015b7fc9dd40 nmethod 5909 0x0000015b0066e390 code [0x0000015b0066e520, 0x0000015b0066e638]
Event: 6.282 Thread 0x0000015b7fc9dd40 5911       3       sun.misc.Unsafe::putByte (9 bytes)
Event: 6.282 Thread 0x0000015b7fc9dd40 nmethod 5911 0x0000015b0066df90 code [0x0000015b0066e120, 0x0000015b0066e298]
Event: 6.282 Thread 0x0000015b7fc9dd40 5912       3       jdk.internal.misc.Unsafe::putByte (8 bytes)
Event: 6.282 Thread 0x0000015b7fc9dd40 nmethod 5912 0x0000015b0066dc10 code [0x0000015b0066dda0, 0x0000015b0066deb8]
Event: 6.286 Thread 0x0000015b7fcaf3c0 nmethod 5902% 0x0000015b07e6e610 code [0x0000015b07e6e7a0, 0x0000015b07e6edd8]

GC Heap History (20 events):
Event: 4.832 GC heap before
{Heap before GC invocations=13 (full 0):
 garbage-first heap   total 671744K, used 455426K [0x0000000402000000, 0x0000000800000000)
  region size 8192K, 39 young (319488K), 2 survivors (16384K)
 Metaspace       used 39781K, committed 40384K, reserved 1089536K
  class space    used 5971K, committed 6272K, reserved 1048576K
}
Event: 4.874 GC heap after
{Heap after GC invocations=14 (full 0):
 garbage-first heap   total 671744K, used 191333K [0x0000000402000000, 0x0000000800000000)
  region size 8192K, 5 young (40960K), 5 survivors (40960K)
 Metaspace       used 39781K, committed 40384K, reserved 1089536K
  class space    used 5971K, committed 6272K, reserved 1048576K
}
Event: 5.015 GC heap before
{Heap before GC invocations=14 (full 0):
 garbage-first heap   total 671744K, used 453477K [0x0000000402000000, 0x0000000800000000)
  region size 8192K, 37 young (303104K), 5 survivors (40960K)
 Metaspace       used 40721K, committed 41280K, reserved 1089536K
  class space    used 6140K, committed 6400K, reserved 1048576K
}
Event: 5.045 GC heap after
{Heap after GC invocations=15 (full 0):
 garbage-first heap   total 671744K, used 207527K [0x0000000402000000, 0x0000000800000000)
  region size 8192K, 2 young (16384K), 2 survivors (16384K)
 Metaspace       used 40721K, committed 41280K, reserved 1089536K
  class space    used 6140K, committed 6400K, reserved 1048576K
}
Event: 5.098 GC heap before
{Heap before GC invocations=15 (full 0):
 garbage-first heap   total 671744K, used 469671K [0x0000000402000000, 0x0000000800000000)
  region size 8192K, 35 young (286720K), 2 survivors (16384K)
 Metaspace       used 40930K, committed 41536K, reserved 1089536K
  class space    used 6176K, committed 6464K, reserved 1048576K
}
Event: 5.109 GC heap after
{Heap after GC invocations=16 (full 0):
 garbage-first heap   total 671744K, used 208126K [0x0000000402000000, 0x0000000800000000)
  region size 8192K, 2 young (16384K), 2 survivors (16384K)
 Metaspace       used 40930K, committed 41536K, reserved 1089536K
  class space    used 6176K, committed 6464K, reserved 1048576K
}
Event: 5.181 GC heap before
{Heap before GC invocations=16 (full 0):
 garbage-first heap   total 671744K, used 503038K [0x0000000402000000, 0x0000000800000000)
  region size 8192K, 38 young (311296K), 2 survivors (16384K)
 Metaspace       used 41051K, committed 41600K, reserved 1089536K
  class space    used 6188K, committed 6464K, reserved 1048576K
}
Event: 5.194 GC heap after
{Heap after GC invocations=17 (full 0):
 garbage-first heap   total 1433600K, used 208439K [0x0000000402000000, 0x0000000800000000)
  region size 8192K, 2 young (16384K), 2 survivors (16384K)
 Metaspace       used 41051K, committed 41600K, reserved 1089536K
  class space    used 6188K, committed 6464K, reserved 1048576K
}
Event: 5.382 GC heap before
{Heap before GC invocations=17 (full 0):
 garbage-first heap   total 1433600K, used 749111K [0x0000000402000000, 0x0000000800000000)
  region size 8192K, 70 young (573440K), 2 survivors (16384K)
 Metaspace       used 42264K, committed 42816K, reserved 1089536K
  class space    used 6402K, committed 6656K, reserved 1048576K
}
Event: 5.399 GC heap after
{Heap after GC invocations=18 (full 0):
 garbage-first heap   total 1433600K, used 219620K [0x0000000402000000, 0x0000000800000000)
  region size 8192K, 4 young (32768K), 4 survivors (32768K)
 Metaspace       used 42264K, committed 42816K, reserved 1089536K
  class space    used 6402K, committed 6656K, reserved 1048576K
}
Event: 5.607 GC heap before
{Heap before GC invocations=18 (full 0):
 garbage-first heap   total 1433600K, used 1038820K [0x0000000402000000, 0x0000000800000000)
  region size 8192K, 105 young (860160K), 4 survivors (32768K)
 Metaspace       used 43210K, committed 43840K, reserved 1089536K
  class space    used 6581K, committed 6848K, reserved 1048576K
}
Event: 5.624 GC heap after
{Heap after GC invocations=19 (full 0):
 garbage-first heap   total 1433600K, used 223146K [0x0000000402000000, 0x0000000800000000)
  region size 8192K, 4 young (32768K), 4 survivors (32768K)
 Metaspace       used 43210K, committed 43840K, reserved 1089536K
  class space    used 6581K, committed 6848K, reserved 1048576K
}
Event: 5.781 GC heap before
{Heap before GC invocations=20 (full 0):
 garbage-first heap   total 819200K, used 747434K [0x0000000402000000, 0x0000000800000000)
  region size 8192K, 69 young (565248K), 4 survivors (32768K)
 Metaspace       used 43255K, committed 43904K, reserved 1089536K
  class space    used 6598K, committed 6912K, reserved 1048576K
}
Event: 5.793 GC heap after
{Heap after GC invocations=21 (full 0):
 garbage-first heap   total 819200K, used 223240K [0x0000000402000000, 0x0000000800000000)
  region size 8192K, 4 young (32768K), 4 survivors (32768K)
 Metaspace       used 43255K, committed 43904K, reserved 1089536K
  class space    used 6598K, committed 6912K, reserved 1048576K
}
Event: 5.983 GC heap before
{Heap before GC invocations=21 (full 0):
 garbage-first heap   total 1122304K, used 681992K [0x0000000402000000, 0x0000000800000000)
  region size 8192K, 60 young (491520K), 4 survivors (32768K)
 Metaspace       used 43512K, committed 44160K, reserved 1089536K
  class space    used 6659K, committed 6976K, reserved 1048576K
}
Event: 5.998 GC heap after
{Heap after GC invocations=22 (full 0):
 garbage-first heap   total 1122304K, used 223038K [0x0000000402000000, 0x0000000800000000)
  region size 8192K, 4 young (32768K), 4 survivors (32768K)
 Metaspace       used 43512K, committed 44160K, reserved 1089536K
  class space    used 6659K, committed 6976K, reserved 1048576K
}
Event: 6.163 GC heap before
{Heap before GC invocations=23 (full 0):
 garbage-first heap   total 1122304K, used 862014K [0x0000000402000000, 0x0000000800000000)
  region size 8192K, 82 young (671744K), 4 survivors (32768K)
 Metaspace       used 44414K, committed 45056K, reserved 1089536K
  class space    used 6781K, committed 7104K, reserved 1048576K
}
Event: 6.176 GC heap after
{Heap after GC invocations=24 (full 0):
 garbage-first heap   total 1122304K, used 223941K [0x0000000402000000, 0x0000000800000000)
  region size 8192K, 4 young (32768K), 4 survivors (32768K)
 Metaspace       used 44414K, committed 45056K, reserved 1089536K
  class space    used 6781K, committed 7104K, reserved 1048576K
}
Event: 6.295 GC heap before
{Heap before GC invocations=24 (full 0):
 garbage-first heap   total 1122304K, used 862917K [0x0000000402000000, 0x0000000800000000)
  region size 8192K, 82 young (671744K), 4 survivors (32768K)
 Metaspace       used 45016K, committed 45632K, reserved 1089536K
  class space    used 6820K, committed 7104K, reserved 1048576K
}
Event: 6.312 GC heap after
{Heap after GC invocations=25 (full 0):
 garbage-first heap   total 2228224K, used 224763K [0x0000000402000000, 0x0000000800000000)
  region size 8192K, 4 young (32768K), 4 survivors (32768K)
 Metaspace       used 45016K, committed 45632K, reserved 1089536K
  class space    used 6820K, committed 7104K, reserved 1048576K
}

Deoptimization events (20 events):
Event: 6.279 Thread 0x0000015b74e73350 DEOPT PACKING pc=0x0000015b008a8b72 sp=0x00000049f98fad70
Event: 6.279 Thread 0x0000015b74e73350 DEOPT UNPACKING pc=0x0000015b00052b43 sp=0x00000049f98fa1e8 mode 0
Event: 6.279 Thread 0x0000015b74e73350 DEOPT PACKING pc=0x0000015b008a8b72 sp=0x00000049f98fad70
Event: 6.279 Thread 0x0000015b74e73350 DEOPT UNPACKING pc=0x0000015b00052b43 sp=0x00000049f98fa1e8 mode 0
Event: 6.280 Thread 0x0000015b74e73350 DEOPT PACKING pc=0x0000015b008a8b72 sp=0x00000049f98fad70
Event: 6.280 Thread 0x0000015b74e73350 DEOPT UNPACKING pc=0x0000015b00052b43 sp=0x00000049f98fa1e8 mode 0
Event: 6.280 Thread 0x0000015b74e73350 DEOPT PACKING pc=0x0000015b008a8b72 sp=0x00000049f98fad70
Event: 6.280 Thread 0x0000015b74e73350 DEOPT UNPACKING pc=0x0000015b00052b43 sp=0x00000049f98fa1e8 mode 0
Event: 6.280 Thread 0x0000015b74e73350 DEOPT PACKING pc=0x0000015b008a8b72 sp=0x00000049f98fad70
Event: 6.280 Thread 0x0000015b74e73350 DEOPT UNPACKING pc=0x0000015b00052b43 sp=0x00000049f98fa1e8 mode 0
Event: 6.280 Thread 0x0000015b74e73350 DEOPT PACKING pc=0x0000015b008a8b72 sp=0x00000049f98fad70
Event: 6.280 Thread 0x0000015b74e73350 DEOPT UNPACKING pc=0x0000015b00052b43 sp=0x00000049f98fa1e8 mode 0
Event: 6.280 Thread 0x0000015b74e73350 DEOPT PACKING pc=0x0000015b008a8b72 sp=0x00000049f98fad70
Event: 6.280 Thread 0x0000015b74e73350 DEOPT UNPACKING pc=0x0000015b00052b43 sp=0x00000049f98fa1e8 mode 0
Event: 6.280 Thread 0x0000015b74e73350 DEOPT PACKING pc=0x0000015b008a8b72 sp=0x00000049f98fad70
Event: 6.280 Thread 0x0000015b74e73350 DEOPT UNPACKING pc=0x0000015b00052b43 sp=0x00000049f98fa1e8 mode 0
Event: 6.280 Thread 0x0000015b74e73350 DEOPT PACKING pc=0x0000015b008a8b72 sp=0x00000049f98fad70
Event: 6.280 Thread 0x0000015b74e73350 DEOPT UNPACKING pc=0x0000015b00052b43 sp=0x00000049f98fa1e8 mode 0
Event: 6.281 Thread 0x0000015b74e73350 DEOPT PACKING pc=0x0000015b008a8b72 sp=0x00000049f98fad70
Event: 6.281 Thread 0x0000015b74e73350 DEOPT UNPACKING pc=0x0000015b00052b43 sp=0x00000049f98fa1e8 mode 0

Classes unloaded (2 events):
Event: 5.626 Thread 0x0000015b7fc789d0 Unloading class 0x000000080104d800 'java/lang/invoke/LambdaForm$DMH+0x000000080104d800'
Event: 5.626 Thread 0x0000015b7fc789d0 Unloading class 0x000000080104d000 'java/lang/invoke/LambdaForm$DMH+0x000000080104d000'

Classes redefined (0 events):
No events

Internal exceptions (20 events):
Event: 4.790 Thread 0x0000015b74e73350 Exception <a 'java/lang/IncompatibleClassChangeError'{0x000000041c5820b8}: Found class java.lang.Object, but interface was expected> (0x000000041c5820b8) 
thrown [c:\wsjdk\corretto17src\installers\windows\zip\corretto-build\buildroot\src\hotspot\share\interpreter\linkResolver.cpp, line 833]
Event: 4.885 Thread 0x0000015b36917630 Implicit null exception at 0x0000015b07c7a757 to 0x0000015b07c7a8f8
Event: 4.891 Thread 0x0000015b74e73350 Exception <a 'java/lang/NoSuchMethodError'{0x00000004418fe868}: 'float java.lang.invoke.DirectMethodHandle$Holder.invokeStatic(java.lang.Object, float)'> (0x00000004418fe868) 
thrown [c:\wsjdk\corretto17src\installers\windows\zip\corretto-build\buildroot\src\hotspot\share\interpreter\linkResolver.cpp, line 766]
Event: 4.997 Thread 0x0000015b74e73350 Exception <a 'java/lang/NoSuchMethodError'{0x000000041fbb7a30}: 'java.lang.Object java.lang.invoke.DirectMethodHandle$Holder.newInvokeSpecial(java.lang.Object, java.lang.Object, int, java.lang.Object)'> (0x000000041fbb7a30) 
thrown [c:\wsjdk\corretto17src\installers\windows\zip\corretto-build\buildroot\src\hotspot\share\interpreter\linkResolver.cpp, line 766]
Event: 5.013 Thread 0x0000015b36914fb0 Implicit null exception at 0x0000015b07e020a0 to 0x0000015b07e033bc
Event: 5.064 Thread 0x0000015b74e73350 Exception <a 'java/lang/NoSuchMethodError'{0x0000000441b27580}: 'int java.lang.invoke.DirectMethodHandle$Holder.invokeSpecialIFC(java.lang.Object, java.lang.Object, java.lang.Object, java.lang.Object)'> (0x0000000441b27580) 
thrown [c:\wsjdk\corretto17src\installers\windows\zip\corretto-build\buildroot\src\hotspot\share\interpreter\linkResolver.cpp, line 766]
Event: 5.112 Thread 0x0000015b74e73350 Implicit null exception at 0x0000015b07bd2d40 to 0x0000015b07bd2f68
Event: 5.271 Thread 0x0000015b74e73350 Exception <a 'java/lang/NoSuchMethodError'{0x000000044b0110f0}: 'void java.lang.invoke.DirectMethodHandle$Holder.invokeStaticInit(java.lang.Object, java.lang.Object, java.lang.Object, java.lang.Object, java.lang.Object, java.lang.Object)'> (0x000000044b0110f0) 
thrown [c:\wsjdk\corretto17src\installers\windows\zip\corretto-build\buildroot\src\hotspot\share\interpreter\linkResolver.cpp, line 766]
Event: 5.272 Thread 0x0000015b74e73350 Exception <a 'java/lang/NoSuchMethodError'{0x000000044b0170c8}: 'java.lang.Object java.lang.invoke.DirectMethodHandle$Holder.invokeStatic(java.lang.Object, java.lang.Object, java.lang.Object, java.lang.Object, java.lang.Object, java.lang.Object, java.lang.Object, java.lang.Object, java.lang.Object, java.lang.Object, int)'> (0x000000044b0170c8) 
thrown [c:\wsjdk\corretto17src\installers\windows\zip\corretto-build\buildroot\src\hotspot\share\interpreter\linkResolver.cpp, line 766]
Event: 5.273 Thread 0x0000015b74e73350 Exception <a 'java/lang/NoSuchMethodError'{0x000000044b01b6b0}: 'java.lang.Object java.lang.invoke.DirectMethodHandle$Holder.invokeStaticInit(java.lang.Object, java.lang.Object, java.lang.Object, java.lang.Object, java.lang.Object, java.lang.Object, java.lang.Object, java.lang.Object, java.lang.Object, java.lang.Object, int)'> (0x000000044b01b6b0) 
thrown [c:\wsjdk\corretto17src\installers\windows\zip\corretto-build\buildroot\src\hotspot\share\interpreter\linkResolver.cpp, line 766]
Event: 5.539 Thread 0x0000015b74e73350 Exception <a 'java/lang/NoSuchMethodError'{0x000000043bb5cfb0}: 'long java.lang.invoke.DirectMethodHandle$Holder.invokeStaticInit(java.lang.Object, float)'> (0x000000043bb5cfb0) 
thrown [c:\wsjdk\corretto17src\installers\windows\zip\corretto-build\buildroot\src\hotspot\share\interpreter\linkResolver.cpp, line 766]
Event: 5.540 Thread 0x0000015b74e73350 Exception <a 'java/lang/NoSuchMethodError'{0x000000043bb63280}: 'float java.lang.invoke.DirectMethodHandle$Holder.invokeStatic(java.lang.Object, long)'> (0x000000043bb63280) 
thrown [c:\wsjdk\corretto17src\installers\windows\zip\corretto-build\buildroot\src\hotspot\share\interpreter\linkResolver.cpp, line 766]
Event: 5.540 Thread 0x0000015b74e73350 Exception <a 'java/lang/NoSuchMethodError'{0x000000043bb669f0}: 'float java.lang.invoke.DirectMethodHandle$Holder.invokeStaticInit(java.lang.Object, long)'> (0x000000043bb669f0) 
thrown [c:\wsjdk\corretto17src\installers\windows\zip\corretto-build\buildroot\src\hotspot\share\interpreter\linkResolver.cpp, line 766]
Event: 5.541 Thread 0x0000015b74e73350 Exception <a 'java/lang/NoSuchMethodError'{0x000000043bb6f470}: 'java.lang.Object java.lang.invoke.DirectMethodHandle$Holder.newInvokeSpecial(java.lang.Object, java.lang.Object, java.lang.Object, java.lang.Object, java.lang.Object, java.lang.Object, java.lang.Object, long)'> (0x000000043bb6f470) 
thrown [c:\wsjdk\corretto17src\installers\windows\zip\corretto-build\buildroot\src\hotspot\share\interpreter\linkResolver.cpp, line 766]
Event: 5.563 Thread 0x0000015b74e73350 Exception <a 'java/lang/NoSuchMethodError'{0x000000042b563108}: 'java.lang.Object java.lang.invoke.DirectMethodHandle$Holder.newInvokeSpecial(java.lang.Object, java.lang.Object, long)'> (0x000000042b563108) 
thrown [c:\wsjdk\corretto17src\installers\windows\zip\corretto-build\buildroot\src\hotspot\share\interpreter\linkResolver.cpp, line 766]
Event: 5.593 Thread 0x0000015b74e73350 Exception <a 'java/lang/NoSuchMethodError'{0x000000042b5bc2c0}: 'java.lang.Object java.lang.invoke.DirectMethodHandle$Holder.newInvokeSpecial(java.lang.Object, java.lang.Object, java.lang.Object, java.lang.Object, int, int, java.lang.Object)'> (0x000000042b5bc2c0) 
thrown [c:\wsjdk\corretto17src\installers\windows\zip\corretto-build\buildroot\src\hotspot\share\interpreter\linkResolver.cpp, line 766]
Event: 5.633 Thread 0x0000015b36914610 Implicit null exception at 0x0000015b07e08880 to 0x0000015b07e0a9c0
Event: 6.147 Thread 0x0000015b74e73350 Implicit null exception at 0x0000015b07d8b006 to 0x0000015b07d8b4bc
Event: 6.148 Thread 0x0000015b74e73350 Implicit null exception at 0x0000015b07d2d274 to 0x0000015b07d2e5a8
Event: 6.148 Thread 0x0000015b74e73350 Implicit null exception at 0x0000015b07bc6680 to 0x0000015b07bc6fd8

VM Operations (20 events):
Event: 5.606 Executing VM operation: G1CollectForAllocation
Event: 5.624 Executing VM operation: G1CollectForAllocation done
Event: 5.626 Executing VM operation: G1Concurrent
Event: 5.632 Executing VM operation: G1Concurrent done
Event: 5.699 Executing VM operation: G1Concurrent
Event: 5.700 Executing VM operation: G1Concurrent done
Event: 5.779 Executing VM operation: G1CollectForAllocation
Event: 5.795 Executing VM operation: G1CollectForAllocation done
Event: 5.963 Executing VM operation: G1Concurrent
Event: 5.967 Executing VM operation: G1Concurrent done
Event: 5.983 Executing VM operation: G1CollectForAllocation
Event: 5.998 Executing VM operation: G1CollectForAllocation done
Event: 6.040 Executing VM operation: G1Concurrent
Event: 6.043 Executing VM operation: G1Concurrent done
Event: 6.163 Executing VM operation: G1CollectForAllocation
Event: 6.179 Executing VM operation: G1CollectForAllocation done
Event: 6.259 Executing VM operation: HandshakeAllThreads
Event: 6.262 Executing VM operation: HandshakeAllThreads done
Event: 6.292 Executing VM operation: G1CollectForAllocation
Event: 6.312 Executing VM operation: G1CollectForAllocation done

Events (20 events):
Event: 6.197 loading class sun/nio/ch/Util$BufferCache
Event: 6.197 loading class sun/nio/ch/Util$BufferCache done
Event: 6.197 loading class java/nio/DirectByteBuffer$Deallocator
Event: 6.197 loading class java/nio/DirectByteBuffer$Deallocator done
Event: 6.197 loading class sun/nio/ch/IOStatus
Event: 6.197 loading class sun/nio/ch/IOStatus done
Event: 6.212 loading class java/nio/DirectShortBufferU
Event: 6.213 loading class java/nio/DirectShortBufferU done
Event: 6.213 loading class java/nio/DirectCharBufferU
Event: 6.213 loading class java/nio/DirectCharBufferU done
Event: 6.213 loading class java/nio/DirectFloatBufferU
Event: 6.213 loading class java/nio/DirectFloatBufferU done
Event: 6.213 loading class java/nio/DirectDoubleBufferU
Event: 6.213 loading class java/nio/DirectDoubleBufferU done
Event: 6.258 loading class java/nio/BufferOverflowException
Event: 6.258 loading class java/nio/BufferOverflowException done
Event: 6.258 loading class java/nio/InvalidMarkException
Event: 6.258 loading class java/nio/InvalidMarkException done
Event: 6.262 loading class java/nio/BufferUnderflowException
Event: 6.262 loading class java/nio/BufferUnderflowException done


Dynamic libraries:
0x00007ff7749f0000 - 0x00007ff7749fd000 	C:\Users\lx\.jdks\corretto-17.0.2\bin\java.exe
0x00007ff97b3d0000 - 0x00007ff97b5c5000 	C:\WINDOWS\SYSTEM32\ntdll.dll
0x00007ff9794e0000 - 0x00007ff97959e000 	C:\WINDOWS\System32\KERNEL32.DLL
0x00007ff978e80000 - 0x00007ff979148000 	C:\WINDOWS\System32\KERNELBASE.dll
0x00007ff979260000 - 0x00007ff979360000 	C:\WINDOWS\System32\ucrtbase.dll
0x00007ff968fc0000 - 0x00007ff968fd8000 	C:\Users\lx\.jdks\corretto-17.0.2\bin\jli.dll
0x00007ff973900000 - 0x00007ff973915000 	C:\Users\lx\.jdks\corretto-17.0.2\bin\VCRUNTIME140.dll
0x00007ff979620000 - 0x00007ff9797c1000 	C:\WINDOWS\System32\USER32.dll
0x00007ff9793e0000 - 0x00007ff979402000 	C:\WINDOWS\System32\win32u.dll
0x00007ff95a9e0000 - 0x00007ff95ac7a000 	C:\WINDOWS\WinSxS\amd64_microsoft.windows.common-controls_6595b64144ccf1df_6.0.19041.1110_none_60b5254171f9507e\COMCTL32.dll
0x00007ff97a1e0000 - 0x00007ff97a20b000 	C:\WINDOWS\System32\GDI32.dll
0x00007ff97b2f0000 - 0x00007ff97b38e000 	C:\WINDOWS\System32\msvcrt.dll
0x00007ff978ae0000 - 0x00007ff978bed000 	C:\WINDOWS\System32\gdi32full.dll
0x00007ff978bf0000 - 0x00007ff978c8d000 	C:\WINDOWS\System32\msvcp_win.dll
0x00007ff9794b0000 - 0x00007ff9794e0000 	C:\WINDOWS\System32\IMM32.DLL
0x00007ff93f460000 - 0x00007ff93f4fb000 	C:\Users\lx\.jdks\corretto-17.0.2\bin\msvcp140.dll
0x00007ff90bef0000 - 0x00007ff90cb0a000 	C:\Users\lx\.jdks\corretto-17.0.2\bin\server\jvm.dll
0x00007ff979e30000 - 0x00007ff979edc000 	C:\WINDOWS\System32\ADVAPI32.dll
0x00007ff979410000 - 0x00007ff9794ab000 	C:\WINDOWS\System32\sechost.dll
0x00007ff979ee0000 - 0x00007ff97a00a000 	C:\WINDOWS\System32\RPCRT4.dll
0x00007ff97aac0000 - 0x00007ff97aac8000 	C:\WINDOWS\System32\PSAPI.DLL
0x00007ff968af0000 - 0x00007ff968af9000 	C:\WINDOWS\SYSTEM32\WSOCK32.dll
0x00007ff973670000 - 0x00007ff97367a000 	C:\WINDOWS\SYSTEM32\VERSION.dll
0x00007ff965860000 - 0x00007ff965887000 	C:\WINDOWS\SYSTEM32\WINMM.dll
0x00007ff97ab30000 - 0x00007ff97ab9b000 	C:\WINDOWS\System32\WS2_32.dll
0x00007ff9769b0000 - 0x00007ff9769c2000 	C:\WINDOWS\SYSTEM32\kernel.appcore.dll
0x00007ff974790000 - 0x00007ff97479a000 	C:\Users\lx\.jdks\corretto-17.0.2\bin\jimage.dll
0x00007ff969620000 - 0x00007ff969804000 	C:\WINDOWS\SYSTEM32\DBGHELP.DLL
0x00007ff964910000 - 0x00007ff96493c000 	C:\WINDOWS\SYSTEM32\dbgcore.DLL
0x00007ff978df0000 - 0x00007ff978e72000 	C:\WINDOWS\System32\bcryptPrimitives.dll
0x00007ff94b660000 - 0x00007ff94b685000 	C:\Users\lx\.jdks\corretto-17.0.2\bin\java.dll
0x00007ff93a9e0000 - 0x00007ff93aab6000 	C:\Users\lx\.jdks\corretto-17.0.2\bin\jsvml.dll
0x00007ff97aba0000 - 0x00007ff97b2e4000 	C:\WINDOWS\System32\SHELL32.dll
0x00007ff976bb0000 - 0x00007ff977344000 	C:\WINDOWS\SYSTEM32\windows.storage.dll
0x00007ff97a340000 - 0x00007ff97a695000 	C:\WINDOWS\System32\combase.dll
0x00007ff978380000 - 0x00007ff9783ae000 	C:\WINDOWS\SYSTEM32\Wldp.dll
0x00007ff97aa10000 - 0x00007ff97aabd000 	C:\WINDOWS\System32\SHCORE.dll
0x00007ff97a100000 - 0x00007ff97a155000 	C:\WINDOWS\System32\shlwapi.dll
0x00007ff978a20000 - 0x00007ff978a3f000 	C:\WINDOWS\SYSTEM32\profapi.dll
0x00007ff967d10000 - 0x00007ff967d29000 	C:\Users\lx\.jdks\corretto-17.0.2\bin\net.dll
0x00007ff973680000 - 0x00007ff97378c000 	C:\WINDOWS\SYSTEM32\WINHTTP.dll
0x00007ff978160000 - 0x00007ff9781ca000 	C:\WINDOWS\system32\mswsock.dll
0x00007ff9566e0000 - 0x00007ff9566f5000 	C:\Users\lx\.jdks\corretto-17.0.2\bin\nio.dll
0x00007ff94f200000 - 0x00007ff94f218000 	C:\Users\lx\.jdks\corretto-17.0.2\bin\zip.dll
0x00007ff968fb0000 - 0x00007ff968fb9000 	C:\Users\lx\.jdks\corretto-17.0.2\bin\management.dll
0x00007ff968d70000 - 0x00007ff968d7b000 	C:\Users\lx\.jdks\corretto-17.0.2\bin\management_ext.dll
0x00007ff965450000 - 0x00007ff965467000 	C:\WINDOWS\system32\napinsp.dll
0x00007ff965350000 - 0x00007ff96536b000 	C:\WINDOWS\system32\pnrpnsp.dll
0x00007ff964520000 - 0x00007ff964535000 	C:\WINDOWS\system32\wshbth.dll
0x00007ff9744c0000 - 0x00007ff9744dd000 	C:\WINDOWS\system32\NLAapi.dll
0x00007ff977e70000 - 0x00007ff977eab000 	C:\WINDOWS\SYSTEM32\IPHLPAPI.DLL
0x00007ff977eb0000 - 0x00007ff977f7b000 	C:\WINDOWS\SYSTEM32\DNSAPI.dll
0x00007ff97a730000 - 0x00007ff97a738000 	C:\WINDOWS\System32\NSI.dll
0x00007ff964190000 - 0x00007ff9641a2000 	C:\WINDOWS\System32\winrnr.dll
0x00000000586a0000 - 0x00000000586c6000 	C:\Program Files\Bonjour\mdnsNSP.dll
0x00007ff971d30000 - 0x00007ff971d3a000 	C:\Windows\System32\rasadhlp.dll
0x00007ff971a10000 - 0x00007ff971a8f000 	C:\WINDOWS\System32\fwpuclnt.dll
0x00007ff9793b0000 - 0x00007ff9793d7000 	C:\WINDOWS\System32\bcrypt.dll
0x00007ff9783c0000 - 0x00007ff9783d8000 	C:\WINDOWS\SYSTEM32\CRYPTSP.dll
0x00007ff977b00000 - 0x00007ff977b34000 	C:\WINDOWS\system32\rsaenh.dll
0x00007ff9789a0000 - 0x00007ff9789ce000 	C:\WINDOWS\SYSTEM32\USERENV.dll
0x00007ff9782f0000 - 0x00007ff9782fc000 	C:\WINDOWS\SYSTEM32\CRYPTBASE.dll
0x00007ff972d50000 - 0x00007ff972d67000 	C:\WINDOWS\SYSTEM32\dhcpcsvc6.DLL
0x00007ff972d30000 - 0x00007ff972d4d000 	C:\WINDOWS\SYSTEM32\dhcpcsvc.DLL
0x00007ff93f1d0000 - 0x00007ff93f215000 	C:\Users\lx\AppData\Local\Temp\jna-3468\jna6933808795153805170.dll
0x00007ff97a210000 - 0x00007ff97a33a000 	C:\WINDOWS\System32\Ole32.dll
0x00007ff9797d0000 - 0x00007ff979879000 	C:\WINDOWS\System32\clbcatq.dll
0x00007ff979d60000 - 0x00007ff979e2d000 	C:\WINDOWS\System32\OleAut32.dll
0x00007ff96dc80000 - 0x00007ff96dc99000 	C:\WINDOWS\SYSTEM32\amsi.dll
0x00007ff968a90000 - 0x00007ff968ad9000 	C:\WINDOWS\SYSTEM32\Pdh.dll
0x00007ff94d170000 - 0x00007ff94d17f000 	C:\WINDOWS\System32\perfos.dll
0x00007ff927fc0000 - 0x00007ff928032000 	C:\normal\Codes\Code-Java\Rikaishi-Nikui\rikaishi_nikui\minecraft\versions\1.18.2\natives\lwjgl.dll
0x00007ff9265b0000 - 0x00007ff926801000 	C:\normal\Codes\Code-Java\Rikaishi-Nikui\rikaishi_nikui\minecraft\versions\1.18.2\natives\jemalloc.dll

dbghelp: loaded successfully - version: 4.0.5 - missing functions: none
symbol engine: initialized successfully - sym options: 0x614 - pdb path: .;C:\Users\lx\.jdks\corretto-17.0.2\bin;C:\WINDOWS\SYSTEM32;C:\WINDOWS\WinSxS\amd64_microsoft.windows.common-controls_6595b64144ccf1df_6.0.19041.1110_none_60b5254171f9507e;C:\Users\lx\.jdks\corretto-17.0.2\bin\server;C:\Program Files\Bonjour;C:\Users\lx\AppData\Local\Temp\jna-3468;C:\normal\Codes\Code-Java\Rikaishi-Nikui\rikaishi_nikui\minecraft\versions\1.18.2\natives

VM Arguments:
jvm_args: -Dcom.sun.jndi.ldap.object.trustURLCodebase=false -Duser.dir=C:\normal\Codes\Code-Java\Rikaishi-Nikui\rikaishi_nikui\minecraft\versions\1.18.2 -Dlog4j2.formatMsgNoLookups=true -Djava.library.path=C:\normal\Codes\Code-Java\Rikaishi-Nikui\rikaishi_nikui\minecraft\versions\1.18.2/natives/ 
java_command: net.minecraft.client.main.Main --username zhuaidadaya --version 1.18.2 --gameDir C:\normal\Codes\Code-Java\Rikaishi-Nikui\rikaishi_nikui\minecraft\versions\1.18.2 --assetsDir C:\normal\Codes\Code-Java\Rikaishi-Nikui\rikaishi_nikui\minecraft\assets --assetIndex 1.18 --uuid 2bb1c5aa-8f60-4b9a-a17a-4aad71e03106 --accessToken 2bb1c5aa-8f60-4b9a-a17a-4aad71e03106 --userProperties {} --userType Legacy --width 854 --height 480
java_class_path (initial): C:/normal/Codes/Code-Java/Rikaishi-Nikui/rikaishi_nikui/minecraft/libraries/ca/weblite/java-objc-bridge/1.0.0/java-objc-bridge-1.0.0.jar;C:/normal/Codes/Code-Java/Rikaishi-Nikui/rikaishi_nikui/minecraft/libraries/com/github/oshi/oshi-core/5.8.5/oshi-core-5.8.5.jar;C:/normal/Codes/Code-Java/Rikaishi-Nikui/rikaishi_nikui/minecraft/libraries/com/google/code/gson/gson/2.8.9/gson-2.8.9.jar;C:/normal/Codes/Code-Java/Rikaishi-Nikui/rikaishi_nikui/minecraft/libraries/com/google/guava/failureaccess/1.0.1/failureaccess-1.0.1.jar;C:/normal/Codes/Code-Java/Rikaishi-Nikui/rikaishi_nikui/minecraft/libraries/com/google/guava/guava/31.0.1-jre/guava-31.0.1-jre.jar;C:/normal/Codes/Code-Java/Rikaishi-Nikui/rikaishi_nikui/minecraft/libraries/com/ibm/icu/icu4j/70.1/icu4j-70.1.jar;C:/normal/Codes/Code-Java/Rikaishi-Nikui/rikaishi_nikui/minecraft/libraries/com/mojang/authlib/3.3.39/authlib-3.3.39.jar;C:/normal/Codes/Code-Java/Rikaishi-Nikui/rikaishi_nikui/minecraft/libraries/com/mojang/blocklist/1.0.10/blocklist-1.0.10.jar;C:/normal/Codes/Code-Java/Rikaishi-Nikui/rikaishi_nikui/minecraft/libraries/com/mojang/brigadier/1.0.18/brigadier-1.0.18.jar;C:/normal/Codes/Code-Java/Rikaishi-Nikui/rikaishi_nikui/minecraft/libraries/com/mojang/datafixerupper/4.1.27/datafixerupper-4.1.27.jar;C:/normal/Codes/Code-Java/Rikaishi-Nikui/rikaishi_nikui/minecraft/libraries/com/mojang/javabridge/1.2.24/javabridge-1.2.24.jar;C:/normal/Codes/Code-Java/Rikaishi-Nikui/rikaishi_nikui/minecraft/libraries/com/mojang/logging/1.0.0/logging-1.0.0.jar;C:/normal/Codes/Code-Java/Rikaishi-Nikui/rikaishi_nikui/minecraft/libraries/com/mojang/patchy/2.2.10/patchy-2.2.10.jar;C:/normal/Codes/Code-Java/Rikaishi-Nikui/rikaishi_nikui/minecraft/libraries/com/mojang/text2speech/1.12.4/text2speech-1.12.4.jar;C:/normal/Codes/Code-Java/Rikaishi-Nikui/rikaishi_nikui/minecraft/libraries/commons-codec/commons-codec/1.15/commons-codec-1.15.jar;C:/normal/Codes/Code-Java/Rikaishi-Nikui/rikaishi_nikui/minecraft/lib
Launcher Type: SUN_STANDARD

[Global flags]
     intx CICompilerCount                          = 4                                         {product} {ergonomic}
     uint ConcGCThreads                            = 3                                         {product} {ergonomic}
     uint G1ConcRefinementThreads                  = 10                                        {product} {ergonomic}
   size_t G1HeapRegionSize                         = 8388608                                   {product} {ergonomic}
    uintx GCDrainStackTargetSize                   = 64                                        {product} {ergonomic}
   size_t InitialHeapSize                          = 1073741824                                {product} {ergonomic}
   size_t MarkStackSize                            = 4194304                                   {product} {ergonomic}
   size_t MaxHeapSize                              = 17146314752                               {product} {ergonomic}
   size_t MaxNewSize                               = 10284433408                               {product} {ergonomic}
   size_t MinHeapDeltaBytes                        = 8388608                                   {product} {ergonomic}
   size_t MinHeapSize                              = 8388608                                   {product} {ergonomic}
    uintx NonNMethodCodeHeapSize                   = 5839372                                {pd product} {ergonomic}
    uintx NonProfiledCodeHeapSize                  = 122909434                              {pd product} {ergonomic}
    uintx ProfiledCodeHeapSize                     = 122909434                              {pd product} {ergonomic}
    uintx ReservedCodeCacheSize                    = 251658240                              {pd product} {ergonomic}
     bool SegmentedCodeCache                       = true                                      {product} {ergonomic}
   size_t SoftMaxHeapSize                          = 17146314752                            {manageable} {ergonomic}
     bool UseCompressedClassPointers               = true                           {product lp64_product} {ergonomic}
     bool UseCompressedOops                        = true                           {product lp64_product} {ergonomic}
     bool UseG1GC                                  = true                                      {product} {ergonomic}
     bool UseLargePagesIndividualAllocation        = false                                  {pd product} {ergonomic}

Logging:
Log output configuration:
 #0: stdout all=warning uptime,level,tags
 #1: stderr all=off uptime,level,tags

Environment Variables:
JAVA_HOME=C:\Users\lx\.jdks\openjdk-16.0.2
CLASSPATH=C:\Users\lx\.jdks\openjdk-16.0.2\lib\dt.jar;C:\Users\lx\.jdks\openjdk-16.0.2\lib\tools.jar
PATH=C:\Program Files\Common Files\Oracle\Java\javapath;C:\Program Files\Python39\Scripts\;C:\Program Files\Python39\;C:\Program Files (x86)\Common Files\Oracle\Java\javapath;C:\Users\lx\.jdks\openjdk-16.0.2\bin;C:\WINDOWS\system32;C:\WINDOWS;C:\WINDOWS\System32\Wbem;C:\WINDOWS\System32\WindowsPowerShell\v1.0\;C:\WINDOWS\System32\OpenSSH\;C:\Program Files\Microsoft SQL Server\130\Tools\Binn\;C:\Program Files (x86)\NVIDIA Corporation\PhysX\Common;C:\Program Files\NVIDIA Corporation\NVIDIA NvDLISR;C:\Program Files\Microsoft SQL Server\Client SDK\ODBC\170\Tools\Binn\;D:\Git\cmd;C:\Program Files (x86)\Microsoft SQL Server\150\Tools\Binn\;C:\Program Files\Microsoft SQL Server\150\Tools\Binn\;C:\Program Files\Microsoft SQL Server\150\DTS\Binn\;C:\Program Files (x86)\Microsoft SQL Server\150\DTS\Binn\;C:\Program Files\Azure Data Studio\bin;C:\Program Files\dotnet\;C:\Program Files\nodejs\;C:\ProgramData\chocolatey\bin;C:\GRADLE\bin;C:\Program Files\Intel\Intel(R) Memory and Storage Tool\;C:\Program Files\Git\cmd;C:\Us;C:\Program Files (x86)\Intel\Platform Flash Tool Lite;C:\Program Files (x86)\Intel\Phone Flash Tool Lite;C:\Users\lx\AppData\Local\Microsoft\WindowsApps;C:\Users\lx\AppData\Local\GitHubDesktop\bin;C:\Program Files\Azure Data Studio\bin;C:\Users\lx\.dotnet\tools;C:\Users\lx\AppData\Roaming\npm
USERNAME=lx
OS=Windows_NT
PROCESSOR_IDENTIFIER=Intel64 Family 6 Model 165 Stepping 0, GenuineIntel



---------------  S Y S T E M  ---------------

OS:
 Windows 10 , 64 bit Build 19041 (10.0.19041.1348)
OS uptime: 9 days 19:15 hours
Hyper-V role detected

CPU: total 12 (initial active 12) (6 cores per cpu, 2 threads per core) family 6 model 165 stepping 0 microcode 0xbe, cx8, cmov, fxsr, ht, mmx, 3dnowpref, sse, sse2, sse3, ssse3, sse4.1, sse4.2, popcnt, lzcnt, tsc, tscinvbit, avx, avx2, aes, erms, clmul, bmi1, bmi2, adx, fma, vzeroupper, clflush, clflushopt, hv

Memory: 4k page, system-wide physical 65398M (24743M free)
TotalPageFile size 72054M (AvailPageFile size 29496M)
current process WorkingSet (physical memory assigned to process): 1455M, peak: 1539M
current process commit charge ("private bytes"): 2451M, peak: 2451M

vm_info: OpenJDK 64-Bit Server VM (17.0.2+8-LTS) for windows-amd64 JRE (17.0.2+8-LTS), built on Jan 17 2022 05:07:39 by "Administrator" with MS VC++ 15.9 (VS2017)

END.
