#
# A fatal error has been detected by the Java Runtime Environment:
#
#  EXCEPTION_ACCESS_VIOLATION (0xc0000005) at pc=0x0000000000000008, pid=16404, tid=42744
#
# JRE version: OpenJDK Runtime Environment Corretto-17.0.2.8.1 (17.0.2+8) (build 17.0.2+8-LTS)
# Java VM: OpenJDK 64-Bit Server VM Corretto-17.0.2.8.1 (17.0.2+8-LTS, mixed mode, sharing, tiered, compressed oops, compressed class ptrs, g1 gc, windows-amd64)
# Problematic frame:
# C  0x0000000000000008
#
# No core dump will be written. Minidumps are not enabled by default on client versions of Windows
#
# If you would like to submit a bug report, please visit:
#   https://github.com/corretto/corretto-17/issues/
# The crash happened outside the Java Virtual Machine in native code.
# See problematic frame for where to report the bug.
#

---------------  S U M M A R Y ------------

Command Line: -Dcom.sun.jndi.ldap.object.trustURLCodebase=false -Duser.dir=C:\normal\Codes\Code-Java\Rikaishi-Nikui\rikaishi_nikui\minecraft\versions\1.17.1-Fabric 0.11.6 -Dlog4j2.formatMsgNoLookups=true -Djava.library.path=C:\normal\Codes\Code-Java\Rikaishi-Nikui\rikaishi_nikui\minecraft\versions\1.18.2/natives/ net.minecraft.client.main.Main --username zhuaidadaya --version 1.18.2 --gameDir C:\normal\Codes\Code-Java\Rikaishi-Nikui\rikaishi_nikui\minecraft\versions\1.18.2 --assetsDir C:\normal\Codes\Code-Java\Rikaishi-Nikui\rikaishi_nikui\minecraft\assets --assetIndex 1.18 --uuid 19c8b25b-ff51-45e8-af68-1b9faf1af5af --accessToken 19c8b25b-ff51-45e8-af68-1b9faf1af5af --userProperties {} --userType Legacy --width 854 --height 480

Host: Intel(R) Core(TM) i5-10600 CPU @ 3.30GHz, 12 cores, 63G,  Windows 10 , 64 bit Build 19041 (10.0.19041.1348)
Time: Sun Mar 13 17:38:20 2022  Windows 10 , 64 bit Build 19041 (10.0.19041.1348) elapsed time: 5.229380 seconds (0d 0h 0m 5s)

---------------  T H R E A D  ---------------

Current thread (0x00000163d7ec2130):  JavaThread "Render thread" [_thread_in_native, id=42744, stack(0x0000004b81000000,0x0000004b81100000)]

Stack: [0x0000004b81000000,0x0000004b81100000],  sp=0x0000004b810faeb8,  free space=1003k
Native frames: (J=compiled Java code, j=interpreted, Vv=VM code, C=native code)
C  0x0000000000000008

Java frames: (J=compiled Java code, j=interpreted, Vv=VM code)
j  org.lwjgl.system.JNI.invokePP(JJ)J+0
j  org.lwjgl.system.jemalloc.JEmalloc.nje_malloc(J)J+6
j  org.lwjgl.system.jemalloc.JEmalloc.<clinit>()V+42
v  ~StubRoutines::call_stub
j  org.lwjgl.system.jemalloc.JEmallocAllocator.<clinit>()V+0
v  ~StubRoutines::call_stub
J 1294  java.lang.Class.forName0(Ljava/lang/String;ZLjava/lang/ClassLoader;Ljava/lang/Class;)Ljava/lang/Class; java.base@17.0.2 (0 bytes) @ 0x00000163e751d2af [0x00000163e751d220+0x000000000000008f]
J 1976 c1 java.lang.Class.forName(Ljava/lang/String;)Ljava/lang/Class; java.base@17.0.2 (15 bytes) @ 0x00000163e02ee364 [0x00000163e02ee240+0x0000000000000124]
j  org.lwjgl.system.MemoryManage.getInstance()Lorg/lwjgl/system/MemoryUtil$MemoryAllocator;+68
j  org.lwjgl.system.MemoryUtil$LazyInit.<clinit>()V+0
v  ~StubRoutines::call_stub
j  org.lwjgl.system.MemoryUtil.getAllocator(Z)Lorg/lwjgl/system/MemoryUtil$MemoryAllocator;+10
j  dsk.<clinit>()V+1
v  ~StubRoutines::call_stub
j  dth.<init>(I)V+34
j  dto.<init>(I)V+10
j  dto.<init>()V+3
j  dto.<clinit>()V+4
v  ~StubRoutines::call_stub
j  com.mojang.blaze3d.systems.RenderSystem.<clinit>()V+12
v  ~StubRoutines::call_stub
j  net.minecraft.client.main.Main.main([Ljava/lang/String;)V+1327
v  ~StubRoutines::call_stub

siginfo: EXCEPTION_ACCESS_VIOLATION (0xc0000005), data execution prevention violation at address 0x0000000000000008


Register to memory mapping:

RIP=0x0000000000000008 is an unknown value
RAX=0x00007ff9280f1a60 lwjgl.dll
RBX={method} {0x00000163ffdca2e0} 'invokePP' '(JJ)J' in 'org/lwjgl/system/JNI'
RCX=0x00007ff916464870 jemalloc.dll
RDX=0x0000004b810faf58 is pointing into the stack for thread: 0x00000163d7ec2130
RSP=0x0000004b810faeb8 is pointing into the stack for thread: 0x00000163d7ec2130
RBP=0x0000004b810faf48 is pointing into the stack for thread: 0x00000163d7ec2130
RSI=0x0000000444252fd0 is an oop: [B 
{0x0000000444252fd0} - klass: {type array byte}
 - length: 20
RDI=0x0000000000000014 is an unknown value
R8 =0x00007ff916464870 jemalloc.dll
R9 =0x0000000000000008 is an unknown value
R10=0x00000163df9bd5f2 is at code_begin+946 in an Interpreter codelet
method entry point (kind = native)  [0x00000163df9bd240, 0x00000163df9bdbc0]  2432 bytes
R11=0x000000044427ffd8 is an oop: java.lang.Class 
{0x000000044427ffd8} - klass: 'java/lang/Class'
 - ---- fields (total size 14 words):
 - private volatile transient 'classRedefinedCount' 'I' @12  0
 - private volatile transient 'cachedConstructor' 'Ljava/lang/reflect/Constructor;' @40  NULL (0)
 - private transient 'name' 'Ljava/lang/String;' @44  "org.lwjgl.system.JNI"{0x0000000444280058} (8885000b)
 - private transient 'module' 'Ljava/lang/Module;' @48  a 'java/lang/Module'{0x0000000403516390} (806a2c72)
 - private final 'classLoader' 'Ljava/lang/ClassLoader;' @52  a 'jdk/internal/loader/ClassLoaders$AppClassLoader'{0x0000000403427b18} (80684f63)
 - private transient 'classData' 'Ljava/lang/Object;' @56  NULL (0)
 - private transient 'packageName' 'Ljava/lang/String;' @60  "org.lwjgl.system"{0x00000004270ab698} (84e156d3)
 - private final 'componentType' 'Ljava/lang/Class;' @64  NULL (0)
 - private volatile transient 'reflectionData' 'Ljava/lang/ref/SoftReference;' @68  NULL (0)
 - private volatile transient 'genericInfo' 'Lsun/reflect/generics/repository/ClassRepository;' @72  NULL (0)
 - private volatile transient 'enumConstants' '[Ljava/lang/Object;' @76  NULL (0)
 - private volatile transient 'enumConstantDirectory' 'Ljava/util/Map;' @80  NULL (0)
 - private volatile transient 'annotationData' 'Ljava/lang/Class$AnnotationData;' @84  NULL (0)
 - private volatile transient 'annotationType' 'Lsun/reflect/annotation/AnnotationType;' @88  NULL (0)
 - transient 'classValueMap' 'Ljava/lang/ClassValue$ClassValueMap;' @92  NULL (0)
 - signature: Lorg/lwjgl/system/JNI;
 - fake entry for mirror: 'org/lwjgl/system/JNI'
 - fake entry for array: NULL
 - fake entry for oop_size: 14
 - fake entry for static_oop_field_count: 0
R12=0x0 is NULL
R13={method} {0x00000163ffdca2e0} 'invokePP' '(JJ)J' in 'org/lwjgl/system/JNI'
R14=0x0000004b810faf80 is pointing into the stack for thread: 0x00000163d7ec2130
R15=0x00000163d7ec2130 is a thread


Registers:
RAX=0x00007ff9280f1a60, RBX=0x00000163ffdca2d8, RCX=0x00007ff916464870, RDX=0x0000004b810faf58
RSP=0x0000004b810faeb8, RBP=0x0000004b810faf48, RSI=0x0000000444252fd0, RDI=0x0000000000000014
R8 =0x00007ff916464870, R9 =0x0000000000000008, R10=0x00000163df9bd5f2, R11=0x000000044427ffd8
R12=0x0000000000000000, R13=0x00000163ffdca2d8, R14=0x0000004b810faf80, R15=0x00000163d7ec2130
RIP=0x0000000000000008, EFLAGS=0x0000000000010206

Top of Stack: (sp=0x0000004b810faeb8)
0x0000004b810faeb8:   00000163df9bd621 0000000000000014
0x0000004b810faec8:   00000163df9bd33c 00000163ffdca2d8
0x0000004b810faed8:   0000000444252fd0 0000000000000014
0x0000004b810faee8:   00007ff90c4e6d57 3ff0000000000000
0x0000004b810faef8:   00000163df9bd2f6 0000004b810faf00
0x0000004b810faf08:   00000163ffdca2d8 0000004b810faf80
0x0000004b810faf18:   00000163ffdf7e98 0000000000000000
0x0000004b810faf28:   000000044427ffd8 00000163ffdca2d8
0x0000004b810faf38:   0000000000000000 0000004b810faf68
0x0000004b810faf48:   0000004b810fafd0 00000163df9b95cd
0x0000004b810faf58:   000000044427ffd8 00000163df9baf77
0x0000004b810faf68:   0000000000000008 0000000000000000
0x0000004b810faf78:   00007ff916464870 0000000000000000
0x0000004b810faf88:   0000004b810faf88 00000163ffdaab86
0x0000004b810faf98:   0000004b810faff8 00000163ffdae498
0x0000004b810fafa8:   0000000000000000 00000004596d2758 

Instructions: (pc=0x0000000000000008)
0xffffffffffffff08:   


Stack slot to memory mapping:
stack at sp + 0 slots: 0x00000163df9bd621 is at code_begin+993 in an Interpreter codelet
method entry point (kind = native)  [0x00000163df9bd240, 0x00000163df9bdbc0]  2432 bytes
stack at sp + 1 slots: 0x0000000000000014 is an unknown value
stack at sp + 2 slots: 0x00000163df9bd33c is at code_begin+252 in an Interpreter codelet
method entry point (kind = native)  [0x00000163df9bd240, 0x00000163df9bdbc0]  2432 bytes
stack at sp + 3 slots: {method} {0x00000163ffdca2e0} 'invokePP' '(JJ)J' in 'org/lwjgl/system/JNI'
stack at sp + 4 slots: 0x0000000444252fd0 is an oop: [B 
{0x0000000444252fd0} - klass: {type array byte}
 - length: 20
stack at sp + 5 slots: 0x0000000000000014 is an unknown value
stack at sp + 6 slots: 0x00007ff90c4e6d57 jvm.dll
stack at sp + 7 slots: 0x3ff0000000000000 is an unknown value


---------------  P R O C E S S  ---------------

Threads class SMR info:
_java_thread_list=0x00000163fd7d8da0, length=26, elements={
0x00000163d7ec2130, 0x00000163f7c96790, 0x00000163f50cb650, 0x00000163f7cab9b0,
0x00000163f7cae280, 0x00000163f7caef50, 0x00000163f7cb2440, 0x00000163f7cb4490,
0x00000163f7cb7770, 0x00000163f7cbcf30, 0x00000163f7df2620, 0x00000163f7e18c90,
0x00000163f9c194c0, 0x00000163f98e2040, 0x00000163f96e7400, 0x00000163f96e6590,
0x00000163f96e7da0, 0x00000163f96e5250, 0x00000163f96e8270, 0x00000163f96e5720,
0x00000163f96e5bf0, 0x00000163f96e6a60, 0x00000163fcd1df20, 0x00000163fcd1e3f0,
0x00000163fcd1d0b0, 0x00000163fcd1c710
}

Java Threads: ( => current thread )
=>0x00000163d7ec2130 JavaThread "Render thread" [_thread_in_native, id=42744, stack(0x0000004b81000000,0x0000004b81100000)]
  0x00000163f7c96790 JavaThread "Reference Handler" daemon [_thread_blocked, id=5464, stack(0x0000004b81700000,0x0000004b81800000)]
  0x00000163f50cb650 JavaThread "Finalizer" daemon [_thread_blocked, id=40528, stack(0x0000004b81800000,0x0000004b81900000)]
  0x00000163f7cab9b0 JavaThread "Signal Dispatcher" daemon [_thread_blocked, id=41648, stack(0x0000004b81900000,0x0000004b81a00000)]
  0x00000163f7cae280 JavaThread "Attach Listener" daemon [_thread_blocked, id=25516, stack(0x0000004b81a00000,0x0000004b81b00000)]
  0x00000163f7caef50 JavaThread "Service Thread" daemon [_thread_blocked, id=26352, stack(0x0000004b81b00000,0x0000004b81c00000)]
  0x00000163f7cb2440 JavaThread "Monitor Deflation Thread" daemon [_thread_blocked, id=32400, stack(0x0000004b81c00000,0x0000004b81d00000)]
  0x00000163f7cb4490 JavaThread "C2 CompilerThread0" daemon [_thread_blocked, id=25532, stack(0x0000004b81d00000,0x0000004b81e00000)]
  0x00000163f7cb7770 JavaThread "C1 CompilerThread0" daemon [_thread_blocked, id=27744, stack(0x0000004b81e00000,0x0000004b81f00000)]
  0x00000163f7cbcf30 JavaThread "Sweeper thread" daemon [_thread_blocked, id=39212, stack(0x0000004b81f00000,0x0000004b82000000)]
  0x00000163f7df2620 JavaThread "Notification Thread" daemon [_thread_blocked, id=34040, stack(0x0000004b82000000,0x0000004b82100000)]
  0x00000163f7e18c90 JavaThread "Common-Cleaner" daemon [_thread_blocked, id=22176, stack(0x0000004b82200000,0x0000004b82300000)]
  0x00000163f9c194c0 JavaThread "C2 CompilerThread1" daemon [_thread_blocked, id=38792, stack(0x0000004b82300000,0x0000004b82400000)]
  0x00000163f98e2040 JavaThread "C2 CompilerThread2" daemon [_thread_blocked, id=37656, stack(0x0000004b83800000,0x0000004b83900000)]
  0x00000163f96e7400 JavaThread "Worker-Bootstrap-1" daemon [_thread_in_Java, id=20268, stack(0x0000004b83900000,0x0000004b83a00000)]
  0x00000163f96e6590 JavaThread "Worker-Bootstrap-2" daemon [_thread_in_Java, id=4448, stack(0x0000004b83a00000,0x0000004b83b00000)]
  0x00000163f96e7da0 JavaThread "Worker-Bootstrap-3" daemon [_thread_in_Java, id=7240, stack(0x0000004b83b00000,0x0000004b83c00000)]
  0x00000163f96e5250 JavaThread "Worker-Bootstrap-4" daemon [_thread_in_Java, id=31660, stack(0x0000004b83c00000,0x0000004b83d00000)]
  0x00000163f96e8270 JavaThread "Worker-Bootstrap-5" daemon [_thread_in_Java, id=25332, stack(0x0000004b83d00000,0x0000004b83e00000)]
  0x00000163f96e5720 JavaThread "Worker-Bootstrap-6" daemon [_thread_in_Java, id=38012, stack(0x0000004b83e00000,0x0000004b83f00000)]
  0x00000163f96e5bf0 JavaThread "Worker-Bootstrap-7" daemon [_thread_in_Java, id=19972, stack(0x0000004b83f00000,0x0000004b84000000)]
  0x00000163f96e6a60 JavaThread "Worker-Bootstrap-8" daemon [_thread_in_Java, id=23000, stack(0x0000004b84000000,0x0000004b84100000)]
  0x00000163fcd1df20 JavaThread "Worker-Bootstrap-9" daemon [_thread_in_Java, id=16728, stack(0x0000004b84100000,0x0000004b84200000)]
  0x00000163fcd1e3f0 JavaThread "Worker-Bootstrap-10" daemon [_thread_in_Java, id=21124, stack(0x0000004b84200000,0x0000004b84300000)]
  0x00000163fcd1d0b0 JavaThread "Worker-Bootstrap-11" daemon [_thread_in_Java, id=43164, stack(0x0000004b84300000,0x0000004b84400000)]
  0x00000163fcd1c710 JavaThread "Timer hack thread" daemon [_thread_blocked, id=29380, stack(0x0000004b84600000,0x0000004b84700000)]

Other Threads:
  0x00000163f50c6880 VMThread "VM Thread" [stack: 0x0000004b81600000,0x0000004b81700000] [id=24644]
  0x00000163d7f96bb0 WatcherThread [stack: 0x0000004b82100000,0x0000004b82200000] [id=38424]
  0x00000163d7f7d8d0 GCTaskThread "GC Thread#0" [stack: 0x0000004b81100000,0x0000004b81200000] [id=35432]
  0x00000163f8ec5420 GCTaskThread "GC Thread#1" [stack: 0x0000004b82500000,0x0000004b82600000] [id=31468]
  0x00000163f8ec6c50 GCTaskThread "GC Thread#2" [stack: 0x0000004b82600000,0x0000004b82700000] [id=19236]
  0x00000163f8ec5170 GCTaskThread "GC Thread#3" [stack: 0x0000004b82700000,0x0000004b82800000] [id=28740]
  0x00000163f8ec5ee0 GCTaskThread "GC Thread#4" [stack: 0x0000004b82800000,0x0000004b82900000] [id=33432]
  0x00000163f8ec6190 GCTaskThread "GC Thread#5" [stack: 0x0000004b82900000,0x0000004b82a00000] [id=43732]
  0x00000163f8ec56d0 GCTaskThread "GC Thread#6" [stack: 0x0000004b82a00000,0x0000004b82b00000] [id=37988]
  0x00000163f8ec5980 GCTaskThread "GC Thread#7" [stack: 0x0000004b82b00000,0x0000004b82c00000] [id=28988]
  0x00000163f8ec5c30 GCTaskThread "GC Thread#8" [stack: 0x0000004b82c00000,0x0000004b82d00000] [id=23068]
  0x00000163f8ec6440 GCTaskThread "GC Thread#9" [stack: 0x0000004b82d00000,0x0000004b82e00000] [id=1596]
  0x00000163d7f8e540 ConcurrentGCThread "G1 Main Marker" [stack: 0x0000004b81200000,0x0000004b81300000] [id=15176]
  0x00000163d7f8f4a0 ConcurrentGCThread "G1 Conc#0" [stack: 0x0000004b81300000,0x0000004b81400000] [id=29704]
  0x00000163f9009110 ConcurrentGCThread "G1 Conc#1" [stack: 0x0000004b82400000,0x0000004b82500000] [id=42336]
  0x00000163f9009670 ConcurrentGCThread "G1 Conc#2" [stack: 0x0000004b83700000,0x0000004b83800000] [id=15556]
  0x00000163f50a8010 ConcurrentGCThread "G1 Refine#0" [stack: 0x0000004b81400000,0x0000004b81500000] [id=31420]
  0x00000163f912fd00 ConcurrentGCThread "G1 Refine#1" [stack: 0x0000004b82e00000,0x0000004b82f00000] [id=40280]
  0x00000163f9070120 ConcurrentGCThread "G1 Refine#2" [stack: 0x0000004b82f00000,0x0000004b83000000] [id=34428]
  0x00000163f7f37970 ConcurrentGCThread "G1 Refine#3" [stack: 0x0000004b83000000,0x0000004b83100000] [id=39632]
  0x00000163f8ef4790 ConcurrentGCThread "G1 Refine#4" [stack: 0x0000004b83100000,0x0000004b83200000] [id=42872]
  0x00000163f7f38460 ConcurrentGCThread "G1 Refine#5" [stack: 0x0000004b83200000,0x0000004b83300000] [id=21128]
  0x00000163f95e95a0 ConcurrentGCThread "G1 Refine#6" [stack: 0x0000004b83300000,0x0000004b83400000] [id=27284]
  0x00000163fbe35d40 ConcurrentGCThread "G1 Refine#7" [stack: 0x0000004b84400000,0x0000004b84500000] [id=38540]
  0x00000163fbe368c0 ConcurrentGCThread "G1 Refine#8" [stack: 0x0000004b84500000,0x0000004b84600000] [id=36244]
  0x00000163f50a86e0 ConcurrentGCThread "G1 Service" [stack: 0x0000004b81500000,0x0000004b81600000] [id=28144]

Threads with active compile tasks:

VM state: not at safepoint (normal execution)

VM Mutex/Monitor currently owned by a thread: None

Heap address: 0x0000000402000000, size: 16352 MB, Compressed Oops mode: Zero based, Oop shift amount: 3

CDS archive(s) mapped at: [0x0000000800000000-0x0000000800bc0000-0x0000000800bc0000), size 12320768, SharedBaseAddress: 0x0000000800000000, ArchiveRelocationMode: 0.
Compressed class space mapped at: 0x0000000800c00000-0x0000000840c00000, reserved size: 1073741824
Narrow klass base: 0x0000000800000000, Narrow klass shift: 0, Narrow klass range: 0x100000000

GC Precious Log:
 CPUs: 12 total, 12 available
 Memory: 65398M
 Large Page Support: Disabled
 NUMA Support: Disabled
 Compressed Oops: Enabled (Zero based)
 Heap Region Size: 8M
 Heap Min Capacity: 8M
 Heap Initial Capacity: 1G
 Heap Max Capacity: 16352M
 Pre-touch: Disabled
 Parallel Workers: 10
 Concurrent Workers: 3
 Concurrent Refinement Workers: 10
 Periodic GC: Disabled

Heap:
 garbage-first heap   total 1466368K, used 784487K [0x0000000402000000, 0x0000000800000000)
  region size 8192K, 74 young (606208K), 4 survivors (32768K)
 Metaspace       used 45093K, committed 45696K, reserved 1089536K
  class space    used 6828K, committed 7104K, reserved 1048576K

Heap Regions: E=young(eden), S=young(survivor), O=old, HS=humongous(starts), HC=humongous(continues), CS=collection set, F=free, OA=open archive, CA=closed archive, TAMS=top-at-mark-start (previous, next)
|   0|0x0000000402000000, 0x0000000402800000, 0x0000000402800000|100%| O|  |TAMS 0x0000000402800000, 0x0000000402000000| Untracked 
|   1|0x0000000402800000, 0x0000000403000000, 0x0000000403000000|100%| O|  |TAMS 0x0000000403000000, 0x0000000402800000| Untracked 
|   2|0x0000000403000000, 0x0000000403800000, 0x0000000403800000|100%| O|  |TAMS 0x0000000403800000, 0x0000000403000000| Untracked 
|   3|0x0000000403800000, 0x0000000404000000, 0x0000000404000000|100%| O|  |TAMS 0x0000000404000000, 0x0000000403800000| Untracked 
|   4|0x0000000404000000, 0x0000000404800000, 0x0000000404800000|100%|HS|  |TAMS 0x0000000404800000, 0x0000000404000000| Complete 
|   5|0x0000000404800000, 0x0000000405000000, 0x0000000405000000|100%|HC|  |TAMS 0x0000000405000000, 0x0000000404800000| Complete 
|   6|0x0000000405000000, 0x0000000405800000, 0x0000000405800000|100%| O|  |TAMS 0x0000000405800000, 0x0000000405000000| Untracked 
|   7|0x0000000405800000, 0x0000000406000000, 0x0000000406000000|100%| O|  |TAMS 0x0000000405e8a800, 0x0000000405800000| Untracked 
|   8|0x0000000406000000, 0x0000000406800000, 0x0000000406800000|100%| O|  |TAMS 0x0000000406800000, 0x0000000406000000| Untracked 
|   9|0x0000000406800000, 0x0000000407000000, 0x0000000407000000|100%| O|  |TAMS 0x0000000407000000, 0x0000000406800000| Untracked 
|  10|0x0000000407000000, 0x0000000407800000, 0x0000000407800000|100%| O|  |TAMS 0x0000000407000000, 0x0000000407000000| Untracked 
|  11|0x0000000407800000, 0x0000000408000000, 0x0000000408000000|100%| O|  |TAMS 0x0000000407800000, 0x0000000407800000| Untracked 
|  12|0x0000000408000000, 0x0000000408800000, 0x0000000408800000|100%| O|  |TAMS 0x0000000408000000, 0x0000000408000000| Untracked 
|  13|0x0000000408800000, 0x0000000409000000, 0x0000000409000000|100%| O|  |TAMS 0x0000000408800000, 0x0000000408800000| Untracked 
|  14|0x0000000409000000, 0x0000000409800000, 0x0000000409800000|100%| O|  |TAMS 0x0000000409000000, 0x0000000409000000| Untracked 
|  15|0x0000000409800000, 0x000000040a000000, 0x000000040a000000|100%| O|  |TAMS 0x0000000409800000, 0x0000000409800000| Untracked 
|  16|0x000000040a000000, 0x000000040a800000, 0x000000040a800000|100%| O|  |TAMS 0x000000040a000000, 0x000000040a000000| Untracked 
|  17|0x000000040a800000, 0x000000040b000000, 0x000000040b000000|100%| O|  |TAMS 0x000000040a800000, 0x000000040a800000| Untracked 
|  18|0x000000040b000000, 0x000000040b800000, 0x000000040b800000|100%| O|  |TAMS 0x000000040b000000, 0x000000040b000000| Untracked 
|  19|0x000000040b800000, 0x000000040c000000, 0x000000040c000000|100%| O|  |TAMS 0x000000040b800000, 0x000000040b800000| Untracked 
|  20|0x000000040c000000, 0x000000040c800000, 0x000000040c800000|100%| O|  |TAMS 0x000000040c000000, 0x000000040c000000| Untracked 
|  21|0x000000040c800000, 0x000000040d000000, 0x000000040d000000|100%| O|  |TAMS 0x000000040c800000, 0x000000040c800000| Untracked 
|  22|0x000000040d000000, 0x000000040d800000, 0x000000040d800000|100%| O|  |TAMS 0x000000040d000000, 0x000000040d000000| Untracked 
|  23|0x000000040d800000, 0x000000040da1e200, 0x000000040e000000| 26%| O|  |TAMS 0x000000040d800000, 0x000000040d800000| Untracked 
|  24|0x000000040e000000, 0x000000040e000000, 0x000000040e800000|  0%| F|  |TAMS 0x000000040e000000, 0x000000040e000000| Untracked 
|  25|0x000000040e800000, 0x000000040e800000, 0x000000040f000000|  0%| F|  |TAMS 0x000000040e800000, 0x000000040e800000| Untracked 
|  26|0x000000040f000000, 0x000000040f000000, 0x000000040f800000|  0%| F|  |TAMS 0x000000040f000000, 0x000000040f000000| Untracked 
|  27|0x000000040f800000, 0x000000040f800000, 0x0000000410000000|  0%| F|  |TAMS 0x000000040f800000, 0x000000040f800000| Untracked 
|  28|0x0000000410000000, 0x0000000410000000, 0x0000000410800000|  0%| F|  |TAMS 0x0000000410000000, 0x0000000410000000| Untracked 
|  29|0x0000000410800000, 0x0000000410800000, 0x0000000411000000|  0%| F|  |TAMS 0x0000000410800000, 0x0000000410800000| Untracked 
|  30|0x0000000411000000, 0x0000000411000000, 0x0000000411800000|  0%| F|  |TAMS 0x0000000411000000, 0x0000000411000000| Untracked 
|  31|0x0000000411800000, 0x0000000411800000, 0x0000000412000000|  0%| F|  |TAMS 0x0000000411800000, 0x0000000411800000| Untracked 
|  32|0x0000000412000000, 0x0000000412000000, 0x0000000412800000|  0%| F|  |TAMS 0x0000000412000000, 0x0000000412000000| Untracked 
|  33|0x0000000412800000, 0x0000000412800000, 0x0000000413000000|  0%| F|  |TAMS 0x0000000412800000, 0x0000000412800000| Untracked 
|  34|0x0000000413000000, 0x0000000413000000, 0x0000000413800000|  0%| F|  |TAMS 0x0000000413000000, 0x0000000413000000| Untracked 
|  35|0x0000000413800000, 0x0000000413800000, 0x0000000414000000|  0%| F|  |TAMS 0x0000000413800000, 0x0000000413800000| Untracked 
|  36|0x0000000414000000, 0x0000000414000000, 0x0000000414800000|  0%| F|  |TAMS 0x0000000414000000, 0x0000000414000000| Untracked 
|  37|0x0000000414800000, 0x0000000414800000, 0x0000000415000000|  0%| F|  |TAMS 0x0000000414800000, 0x0000000414800000| Untracked 
|  38|0x0000000415000000, 0x0000000415000000, 0x0000000415800000|  0%| F|  |TAMS 0x0000000415000000, 0x0000000415000000| Untracked 
|  39|0x0000000415800000, 0x0000000415800000, 0x0000000416000000|  0%| F|  |TAMS 0x0000000415800000, 0x0000000415800000| Untracked 
|  40|0x0000000416000000, 0x0000000416000000, 0x0000000416800000|  0%| F|  |TAMS 0x0000000416000000, 0x0000000416000000| Untracked 
|  41|0x0000000416800000, 0x0000000416800000, 0x0000000417000000|  0%| F|  |TAMS 0x0000000416800000, 0x0000000416800000| Untracked 
|  42|0x0000000417000000, 0x0000000417000000, 0x0000000417800000|  0%| F|  |TAMS 0x0000000417000000, 0x0000000417000000| Untracked 
|  43|0x0000000417800000, 0x0000000417800000, 0x0000000418000000|  0%| F|  |TAMS 0x0000000417800000, 0x0000000417800000| Untracked 
|  44|0x0000000418000000, 0x0000000418000000, 0x0000000418800000|  0%| F|  |TAMS 0x0000000418000000, 0x0000000418000000| Untracked 
|  45|0x0000000418800000, 0x0000000418800000, 0x0000000419000000|  0%| F|  |TAMS 0x0000000418800000, 0x0000000418800000| Untracked 
|  46|0x0000000419000000, 0x0000000419000000, 0x0000000419800000|  0%| F|  |TAMS 0x0000000419000000, 0x0000000419000000| Untracked 
|  47|0x0000000419800000, 0x0000000419800000, 0x000000041a000000|  0%| F|  |TAMS 0x0000000419800000, 0x0000000419800000| Untracked 
|  48|0x000000041a000000, 0x000000041a000000, 0x000000041a800000|  0%| F|  |TAMS 0x000000041a000000, 0x000000041a000000| Untracked 
|  49|0x000000041a800000, 0x000000041a800000, 0x000000041b000000|  0%| F|  |TAMS 0x000000041a800000, 0x000000041a800000| Untracked 
|  50|0x000000041b000000, 0x000000041b000000, 0x000000041b800000|  0%| F|  |TAMS 0x000000041b000000, 0x000000041b000000| Untracked 
|  51|0x000000041b800000, 0x000000041b800000, 0x000000041c000000|  0%| F|  |TAMS 0x000000041b800000, 0x000000041b800000| Untracked 
|  52|0x000000041c000000, 0x000000041c000000, 0x000000041c800000|  0%| F|  |TAMS 0x000000041c000000, 0x000000041c000000| Untracked 
|  53|0x000000041c800000, 0x000000041c800000, 0x000000041d000000|  0%| F|  |TAMS 0x000000041c800000, 0x000000041c800000| Untracked 
|  54|0x000000041d000000, 0x000000041d000000, 0x000000041d800000|  0%| F|  |TAMS 0x000000041d000000, 0x000000041d000000| Untracked 
|  55|0x000000041d800000, 0x000000041d800000, 0x000000041e000000|  0%| F|  |TAMS 0x000000041d800000, 0x000000041d800000| Untracked 
|  56|0x000000041e000000, 0x000000041e000000, 0x000000041e800000|  0%| F|  |TAMS 0x000000041e000000, 0x000000041e000000| Untracked 
|  57|0x000000041e800000, 0x000000041e800000, 0x000000041f000000|  0%| F|  |TAMS 0x000000041e800000, 0x000000041e800000| Untracked 
|  58|0x000000041f000000, 0x000000041f000000, 0x000000041f800000|  0%| F|  |TAMS 0x000000041f000000, 0x000000041f000000| Untracked 
|  59|0x000000041f800000, 0x000000041f800000, 0x0000000420000000|  0%| F|  |TAMS 0x000000041f800000, 0x000000041f800000| Untracked 
|  60|0x0000000420000000, 0x0000000420000000, 0x0000000420800000|  0%| F|  |TAMS 0x0000000420000000, 0x0000000420000000| Untracked 
|  61|0x0000000420800000, 0x0000000420800000, 0x0000000421000000|  0%| F|  |TAMS 0x0000000420800000, 0x0000000420800000| Untracked 
|  62|0x0000000421000000, 0x0000000421000000, 0x0000000421800000|  0%| F|  |TAMS 0x0000000421000000, 0x0000000421000000| Untracked 
|  63|0x0000000421800000, 0x0000000421800000, 0x0000000422000000|  0%| F|  |TAMS 0x0000000421800000, 0x0000000421800000| Untracked 
|  64|0x0000000422000000, 0x0000000422000000, 0x0000000422800000|  0%| F|  |TAMS 0x0000000422000000, 0x0000000422000000| Untracked 
|  65|0x0000000422800000, 0x0000000422800000, 0x0000000423000000|  0%| F|  |TAMS 0x0000000422800000, 0x0000000422800000| Untracked 
|  66|0x0000000423000000, 0x0000000423000000, 0x0000000423800000|  0%| F|  |TAMS 0x0000000423000000, 0x0000000423000000| Untracked 
|  67|0x0000000423800000, 0x0000000423800000, 0x0000000424000000|  0%| F|  |TAMS 0x0000000423800000, 0x0000000423800000| Untracked 
|  68|0x0000000424000000, 0x0000000424000000, 0x0000000424800000|  0%| F|  |TAMS 0x0000000424000000, 0x0000000424000000| Untracked 
|  69|0x0000000424800000, 0x0000000424800000, 0x0000000425000000|  0%| F|  |TAMS 0x0000000424800000, 0x0000000424800000| Untracked 
|  70|0x0000000425000000, 0x0000000425000000, 0x0000000425800000|  0%| F|  |TAMS 0x0000000425000000, 0x0000000425000000| Untracked 
|  71|0x0000000425800000, 0x0000000425bfba30, 0x0000000426000000| 49%| S|CS|TAMS 0x0000000425800000, 0x0000000425800000| Complete 
|  72|0x0000000426000000, 0x0000000426800000, 0x0000000426800000|100%| S|CS|TAMS 0x0000000426000000, 0x0000000426000000| Complete 
|  73|0x0000000426800000, 0x0000000427000000, 0x0000000427000000|100%| S|CS|TAMS 0x0000000426800000, 0x0000000426800000| Complete 
|  74|0x0000000427000000, 0x0000000427800000, 0x0000000427800000|100%| S|CS|TAMS 0x0000000427000000, 0x0000000427000000| Complete 
|  75|0x0000000427800000, 0x0000000427800000, 0x0000000428000000|  0%| F|  |TAMS 0x0000000427800000, 0x0000000427800000| Untracked 
|  76|0x0000000428000000, 0x0000000428000000, 0x0000000428800000|  0%| F|  |TAMS 0x0000000428000000, 0x0000000428000000| Untracked 
|  77|0x0000000428800000, 0x0000000428800000, 0x0000000429000000|  0%| F|  |TAMS 0x0000000428800000, 0x0000000428800000| Untracked 
|  78|0x0000000429000000, 0x0000000429000000, 0x0000000429800000|  0%| F|  |TAMS 0x0000000429000000, 0x0000000429000000| Untracked 
|  79|0x0000000429800000, 0x0000000429800000, 0x000000042a000000|  0%| F|  |TAMS 0x0000000429800000, 0x0000000429800000| Untracked 
|  80|0x000000042a000000, 0x000000042a000000, 0x000000042a800000|  0%| F|  |TAMS 0x000000042a000000, 0x000000042a000000| Untracked 
|  81|0x000000042a800000, 0x000000042a800000, 0x000000042b000000|  0%| F|  |TAMS 0x000000042a800000, 0x000000042a800000| Untracked 
|  82|0x000000042b000000, 0x000000042b000000, 0x000000042b800000|  0%| F|  |TAMS 0x000000042b000000, 0x000000042b000000| Untracked 
|  83|0x000000042b800000, 0x000000042b800000, 0x000000042c000000|  0%| F|  |TAMS 0x000000042b800000, 0x000000042b800000| Untracked 
|  84|0x000000042c000000, 0x000000042c000000, 0x000000042c800000|  0%| F|  |TAMS 0x000000042c000000, 0x000000042c000000| Untracked 
|  85|0x000000042c800000, 0x000000042c800000, 0x000000042d000000|  0%| F|  |TAMS 0x000000042c800000, 0x000000042c800000| Untracked 
|  86|0x000000042d000000, 0x000000042d000000, 0x000000042d800000|  0%| F|  |TAMS 0x000000042d000000, 0x000000042d000000| Untracked 
|  87|0x000000042d800000, 0x000000042d800000, 0x000000042e000000|  0%| F|  |TAMS 0x000000042d800000, 0x000000042d800000| Untracked 
|  88|0x000000042e000000, 0x000000042e000000, 0x000000042e800000|  0%| F|  |TAMS 0x000000042e000000, 0x000000042e000000| Untracked 
|  89|0x000000042e800000, 0x000000042e800000, 0x000000042f000000|  0%| F|  |TAMS 0x000000042e800000, 0x000000042e800000| Untracked 
|  90|0x000000042f000000, 0x000000042f000000, 0x000000042f800000|  0%| F|  |TAMS 0x000000042f000000, 0x000000042f000000| Untracked 
|  91|0x000000042f800000, 0x000000042f800000, 0x0000000430000000|  0%| F|  |TAMS 0x000000042f800000, 0x000000042f800000| Untracked 
|  92|0x0000000430000000, 0x0000000430000000, 0x0000000430800000|  0%| F|  |TAMS 0x0000000430000000, 0x0000000430000000| Untracked 
|  93|0x0000000430800000, 0x0000000430800000, 0x0000000431000000|  0%| F|  |TAMS 0x0000000430800000, 0x0000000430800000| Untracked 
|  94|0x0000000431000000, 0x0000000431000000, 0x0000000431800000|  0%| F|  |TAMS 0x0000000431000000, 0x0000000431000000| Untracked 
|  95|0x0000000431800000, 0x0000000431800000, 0x0000000432000000|  0%| F|  |TAMS 0x0000000431800000, 0x0000000431800000| Untracked 
|  96|0x0000000432000000, 0x0000000432000000, 0x0000000432800000|  0%| F|  |TAMS 0x0000000432000000, 0x0000000432000000| Untracked 
|  97|0x0000000432800000, 0x0000000432800000, 0x0000000433000000|  0%| F|  |TAMS 0x0000000432800000, 0x0000000432800000| Untracked 
|  98|0x0000000433000000, 0x0000000433000000, 0x0000000433800000|  0%| F|  |TAMS 0x0000000433000000, 0x0000000433000000| Untracked 
|  99|0x0000000433800000, 0x0000000433800000, 0x0000000434000000|  0%| F|  |TAMS 0x0000000433800000, 0x0000000433800000| Untracked 
| 100|0x0000000434000000, 0x0000000434000000, 0x0000000434800000|  0%| F|  |TAMS 0x0000000434000000, 0x0000000434000000| Untracked 
| 101|0x0000000434800000, 0x0000000434800000, 0x0000000435000000|  0%| F|  |TAMS 0x0000000434800000, 0x0000000434800000| Untracked 
| 102|0x0000000435000000, 0x0000000435000000, 0x0000000435800000|  0%| F|  |TAMS 0x0000000435000000, 0x0000000435000000| Untracked 
| 103|0x0000000435800000, 0x0000000435800000, 0x0000000436000000|  0%| F|  |TAMS 0x0000000435800000, 0x0000000435800000| Untracked 
| 104|0x0000000436000000, 0x0000000436000000, 0x0000000436800000|  0%| F|  |TAMS 0x0000000436000000, 0x0000000436000000| Untracked 
| 105|0x0000000436800000, 0x0000000436800000, 0x0000000437000000|  0%| F|  |TAMS 0x0000000436800000, 0x0000000436800000| Untracked 
| 106|0x0000000437000000, 0x0000000437000000, 0x0000000437800000|  0%| F|  |TAMS 0x0000000437000000, 0x0000000437000000| Untracked 
| 107|0x0000000437800000, 0x0000000437800000, 0x0000000438000000|  0%| F|  |TAMS 0x0000000437800000, 0x0000000437800000| Untracked 
| 108|0x0000000438000000, 0x00000004382820e8, 0x0000000438800000| 31%| E|  |TAMS 0x0000000438000000, 0x0000000438000000| Complete 
| 109|0x0000000438800000, 0x0000000439000000, 0x0000000439000000|100%| E|CS|TAMS 0x0000000438800000, 0x0000000438800000| Complete 
| 110|0x0000000439000000, 0x0000000439800000, 0x0000000439800000|100%| E|CS|TAMS 0x0000000439000000, 0x0000000439000000| Complete 
| 111|0x0000000439800000, 0x000000043a000000, 0x000000043a000000|100%| E|CS|TAMS 0x0000000439800000, 0x0000000439800000| Complete 
| 112|0x000000043a000000, 0x000000043a800000, 0x000000043a800000|100%| E|CS|TAMS 0x000000043a000000, 0x000000043a000000| Complete 
| 113|0x000000043a800000, 0x000000043b000000, 0x000000043b000000|100%| E|CS|TAMS 0x000000043a800000, 0x000000043a800000| Complete 
| 114|0x000000043b000000, 0x000000043b800000, 0x000000043b800000|100%| E|CS|TAMS 0x000000043b000000, 0x000000043b000000| Complete 
| 115|0x000000043b800000, 0x000000043c000000, 0x000000043c000000|100%| E|CS|TAMS 0x000000043b800000, 0x000000043b800000| Complete 
| 116|0x000000043c000000, 0x000000043c800000, 0x000000043c800000|100%| E|CS|TAMS 0x000000043c000000, 0x000000043c000000| Complete 
| 117|0x000000043c800000, 0x000000043d000000, 0x000000043d000000|100%| E|CS|TAMS 0x000000043c800000, 0x000000043c800000| Complete 
| 118|0x000000043d000000, 0x000000043d800000, 0x000000043d800000|100%| E|CS|TAMS 0x000000043d000000, 0x000000043d000000| Complete 
| 119|0x000000043d800000, 0x000000043e000000, 0x000000043e000000|100%| E|CS|TAMS 0x000000043d800000, 0x000000043d800000| Complete 
| 120|0x000000043e000000, 0x000000043e800000, 0x000000043e800000|100%| E|CS|TAMS 0x000000043e000000, 0x000000043e000000| Complete 
| 121|0x000000043e800000, 0x000000043f000000, 0x000000043f000000|100%| E|CS|TAMS 0x000000043e800000, 0x000000043e800000| Complete 
| 122|0x000000043f000000, 0x000000043f800000, 0x000000043f800000|100%| E|CS|TAMS 0x000000043f000000, 0x000000043f000000| Complete 
| 123|0x000000043f800000, 0x0000000440000000, 0x0000000440000000|100%| E|CS|TAMS 0x000000043f800000, 0x000000043f800000| Complete 
| 124|0x0000000440000000, 0x0000000440800000, 0x0000000440800000|100%| E|CS|TAMS 0x0000000440000000, 0x0000000440000000| Complete 
| 125|0x0000000440800000, 0x0000000441000000, 0x0000000441000000|100%| E|CS|TAMS 0x0000000440800000, 0x0000000440800000| Complete 
| 126|0x0000000441000000, 0x0000000441800000, 0x0000000441800000|100%| E|CS|TAMS 0x0000000441000000, 0x0000000441000000| Complete 
| 127|0x0000000441800000, 0x0000000442000000, 0x0000000442000000|100%| E|CS|TAMS 0x0000000441800000, 0x0000000441800000| Complete 
| 128|0x0000000442000000, 0x0000000442800000, 0x0000000442800000|100%| E|CS|TAMS 0x0000000442000000, 0x0000000442000000| Complete 
| 129|0x0000000442800000, 0x0000000443000000, 0x0000000443000000|100%| E|CS|TAMS 0x0000000442800000, 0x0000000442800000| Complete 
| 130|0x0000000443000000, 0x0000000443800000, 0x0000000443800000|100%| E|CS|TAMS 0x0000000443000000, 0x0000000443000000| Complete 
| 131|0x0000000443800000, 0x0000000444000000, 0x0000000444000000|100%| E|CS|TAMS 0x0000000443800000, 0x0000000443800000| Complete 
| 132|0x0000000444000000, 0x0000000444800000, 0x0000000444800000|100%| E|CS|TAMS 0x0000000444000000, 0x0000000444000000| Complete 
| 133|0x0000000444800000, 0x0000000445000000, 0x0000000445000000|100%| E|CS|TAMS 0x0000000444800000, 0x0000000444800000| Complete 
| 134|0x0000000445000000, 0x0000000445800000, 0x0000000445800000|100%| E|CS|TAMS 0x0000000445000000, 0x0000000445000000| Complete 
| 135|0x0000000445800000, 0x0000000446000000, 0x0000000446000000|100%| E|CS|TAMS 0x0000000445800000, 0x0000000445800000| Complete 
| 136|0x0000000446000000, 0x0000000446800000, 0x0000000446800000|100%| E|CS|TAMS 0x0000000446000000, 0x0000000446000000| Complete 
| 137|0x0000000446800000, 0x0000000447000000, 0x0000000447000000|100%| E|CS|TAMS 0x0000000446800000, 0x0000000446800000| Complete 
| 138|0x0000000447000000, 0x0000000447800000, 0x0000000447800000|100%| E|CS|TAMS 0x0000000447000000, 0x0000000447000000| Complete 
| 139|0x0000000447800000, 0x0000000448000000, 0x0000000448000000|100%| E|CS|TAMS 0x0000000447800000, 0x0000000447800000| Complete 
| 140|0x0000000448000000, 0x0000000448800000, 0x0000000448800000|100%| E|CS|TAMS 0x0000000448000000, 0x0000000448000000| Complete 
| 141|0x0000000448800000, 0x0000000449000000, 0x0000000449000000|100%| E|CS|TAMS 0x0000000448800000, 0x0000000448800000| Complete 
| 142|0x0000000449000000, 0x0000000449800000, 0x0000000449800000|100%| E|CS|TAMS 0x0000000449000000, 0x0000000449000000| Complete 
| 143|0x0000000449800000, 0x000000044a000000, 0x000000044a000000|100%| E|CS|TAMS 0x0000000449800000, 0x0000000449800000| Complete 
| 144|0x000000044a000000, 0x000000044a800000, 0x000000044a800000|100%| E|CS|TAMS 0x000000044a000000, 0x000000044a000000| Complete 
| 145|0x000000044a800000, 0x000000044b000000, 0x000000044b000000|100%| E|CS|TAMS 0x000000044a800000, 0x000000044a800000| Complete 
| 146|0x000000044b000000, 0x000000044b800000, 0x000000044b800000|100%| E|CS|TAMS 0x000000044b000000, 0x000000044b000000| Complete 
| 147|0x000000044b800000, 0x000000044c000000, 0x000000044c000000|100%| E|CS|TAMS 0x000000044b800000, 0x000000044b800000| Complete 
| 148|0x000000044c000000, 0x000000044c800000, 0x000000044c800000|100%| E|CS|TAMS 0x000000044c000000, 0x000000044c000000| Complete 
| 149|0x000000044c800000, 0x000000044d000000, 0x000000044d000000|100%| E|CS|TAMS 0x000000044c800000, 0x000000044c800000| Complete 
| 150|0x000000044d000000, 0x000000044d800000, 0x000000044d800000|100%| E|CS|TAMS 0x000000044d000000, 0x000000044d000000| Complete 
| 151|0x000000044d800000, 0x000000044e000000, 0x000000044e000000|100%| E|CS|TAMS 0x000000044d800000, 0x000000044d800000| Complete 
| 152|0x000000044e000000, 0x000000044e800000, 0x000000044e800000|100%| E|CS|TAMS 0x000000044e000000, 0x000000044e000000| Complete 
| 153|0x000000044e800000, 0x000000044f000000, 0x000000044f000000|100%| E|CS|TAMS 0x000000044e800000, 0x000000044e800000| Complete 
| 154|0x000000044f000000, 0x000000044f800000, 0x000000044f800000|100%| E|CS|TAMS 0x000000044f000000, 0x000000044f000000| Complete 
| 155|0x000000044f800000, 0x0000000450000000, 0x0000000450000000|100%| E|CS|TAMS 0x000000044f800000, 0x000000044f800000| Complete 
| 156|0x0000000450000000, 0x0000000450800000, 0x0000000450800000|100%| E|CS|TAMS 0x0000000450000000, 0x0000000450000000| Complete 
| 157|0x0000000450800000, 0x0000000451000000, 0x0000000451000000|100%| E|CS|TAMS 0x0000000450800000, 0x0000000450800000| Complete 
| 158|0x0000000451000000, 0x0000000451800000, 0x0000000451800000|100%| E|CS|TAMS 0x0000000451000000, 0x0000000451000000| Complete 
| 159|0x0000000451800000, 0x0000000452000000, 0x0000000452000000|100%| E|CS|TAMS 0x0000000451800000, 0x0000000451800000| Complete 
| 160|0x0000000452000000, 0x0000000452800000, 0x0000000452800000|100%| E|CS|TAMS 0x0000000452000000, 0x0000000452000000| Complete 
| 161|0x0000000452800000, 0x0000000453000000, 0x0000000453000000|100%| E|CS|TAMS 0x0000000452800000, 0x0000000452800000| Complete 
| 162|0x0000000453000000, 0x0000000453800000, 0x0000000453800000|100%| E|CS|TAMS 0x0000000453000000, 0x0000000453000000| Complete 
| 163|0x0000000453800000, 0x0000000454000000, 0x0000000454000000|100%| E|CS|TAMS 0x0000000453800000, 0x0000000453800000| Complete 
| 164|0x0000000454000000, 0x0000000454800000, 0x0000000454800000|100%| E|CS|TAMS 0x0000000454000000, 0x0000000454000000| Complete 
| 165|0x0000000454800000, 0x0000000455000000, 0x0000000455000000|100%| E|CS|TAMS 0x0000000454800000, 0x0000000454800000| Complete 
| 166|0x0000000455000000, 0x0000000455800000, 0x0000000455800000|100%| E|CS|TAMS 0x0000000455000000, 0x0000000455000000| Complete 
| 167|0x0000000455800000, 0x0000000456000000, 0x0000000456000000|100%| E|CS|TAMS 0x0000000455800000, 0x0000000455800000| Complete 
| 168|0x0000000456000000, 0x0000000456800000, 0x0000000456800000|100%| E|CS|TAMS 0x0000000456000000, 0x0000000456000000| Complete 
| 169|0x0000000456800000, 0x0000000457000000, 0x0000000457000000|100%| E|CS|TAMS 0x0000000456800000, 0x0000000456800000| Complete 
| 170|0x0000000457000000, 0x0000000457800000, 0x0000000457800000|100%| E|CS|TAMS 0x0000000457000000, 0x0000000457000000| Complete 
| 171|0x0000000457800000, 0x0000000458000000, 0x0000000458000000|100%| E|CS|TAMS 0x0000000457800000, 0x0000000457800000| Complete 
| 172|0x0000000458000000, 0x0000000458800000, 0x0000000458800000|100%| E|CS|TAMS 0x0000000458000000, 0x0000000458000000| Complete 
| 173|0x0000000458800000, 0x0000000459000000, 0x0000000459000000|100%| E|CS|TAMS 0x0000000458800000, 0x0000000458800000| Complete 
| 174|0x0000000459000000, 0x0000000459800000, 0x0000000459800000|100%| E|CS|TAMS 0x0000000459000000, 0x0000000459000000| Complete 
| 175|0x0000000459800000, 0x000000045a000000, 0x000000045a000000|100%| E|CS|TAMS 0x0000000459800000, 0x0000000459800000| Complete 
| 176|0x000000045a000000, 0x000000045a800000, 0x000000045a800000|100%| E|CS|TAMS 0x000000045a000000, 0x000000045a000000| Complete 
| 177|0x000000045a800000, 0x000000045b000000, 0x000000045b000000|100%| E|CS|TAMS 0x000000045a800000, 0x000000045a800000| Complete 
| 178|0x000000045b000000, 0x000000045b800000, 0x000000045b800000|100%| E|CS|TAMS 0x000000045b000000, 0x000000045b000000| Complete 

Card table byte_map: [0x00000163f0ef0000,0x00000163f2ee0000] _byte_map_base: 0x00000163eeee0000

Marking Bits (Prev, Next): (CMBitMap*) 0x00000163d7f7dc90, (CMBitMap*) 0x00000163d7f7dcd0
 Prev Bits: [0x0000016380000000, 0x000001638ff80000)
 Next Bits: [0x000001638ff80000, 0x000001639ff00000)

Polling page: 0x00000163d5e80000

Metaspace:

Usage:
  Non-class:     37.37 MB used.
      Class:      6.67 MB used.
       Both:     44.04 MB used.

Virtual space:
  Non-class space:       40.00 MB reserved,      37.69 MB ( 94%) committed,  5 nodes.
      Class space:        1.00 GB reserved,       6.94 MB ( <1%) committed,  1 nodes.
             Both:        1.04 GB reserved,      44.63 MB (  4%) committed. 

Chunk freelists:
   Non-Class:  2.03 MB
       Class:  1.08 MB
        Both:  3.11 MB

MaxMetaspaceSize: unlimited
CompressedClassSpaceSize: 1.00 GB
Initial GC threshold: 21.00 MB
Current GC threshold: 59.63 MB
CDS: on
MetaspaceReclaimPolicy: balanced
 - commit_granule_bytes: 65536.
 - commit_granule_words: 8192.
 - virtual_space_node_default_size: 1048576.
 - enlarge_chunks_in_place: 1.
 - new_chunks_are_fully_committed: 0.
 - uncommit_free_chunks: 1.
 - use_allocation_guard: 0.
 - handle_deallocations: 1.


Internal statistics:

num_allocs_failed_limit: 6.
num_arena_births: 802.
num_arena_deaths: 0.
num_vsnodes_births: 6.
num_vsnodes_deaths: 0.
num_space_committed: 711.
num_space_uncommitted: 0.
num_chunks_returned_to_freelist: 6.
num_chunks_taken_from_freelist: 2535.
num_chunk_merges: 6.
num_chunk_splits: 1645.
num_chunks_enlarged: 1171.
num_purges: 0.
num_inconsistent_stats: 0.

CodeHeap 'non-profiled nmethods': size=120000Kb used=3559Kb max_used=3559Kb free=116440Kb
 bounds [0x00000163e7480000, 0x00000163e7800000, 0x00000163ee9b0000]
CodeHeap 'profiled nmethods': size=120000Kb used=7946Kb max_used=9231Kb free=112053Kb
 bounds [0x00000163dff50000, 0x00000163e0860000, 0x00000163e7480000]
CodeHeap 'non-nmethods': size=5760Kb used=1834Kb max_used=1834Kb free=3925Kb
 bounds [0x00000163df9b0000, 0x00000163dfc20000, 0x00000163dff50000]
 total_blobs=6100 nmethods=4783 adapters=1229
 compilation: enabled
              stopped_count=0, restarted_count=0
 full_count=0

Compilation events (20 events):
Event: 5.212 Thread 0x00000163f98e2040 5825 %     4       sun.security.provider.SHA::implCompress0 @ 294 (506 bytes)
Event: 5.213 Thread 0x00000163f7cb7770 5826       3       jdk.internal.misc.Unsafe::checkPrimitivePointer (19 bytes)
Event: 5.213 Thread 0x00000163f7cb7770 nmethod 5826 0x00000163e0024b90 code [0x00000163e0024da0, 0x00000163e00253c8]
Event: 5.213 Thread 0x00000163f7cb7770 5827       3       jdk.internal.misc.Unsafe::checkPointer (19 bytes)
Event: 5.213 Thread 0x00000163f7cb4490 5828       4       java.lang.ref.Reference::refersTo (6 bytes)
Event: 5.213 Thread 0x00000163f7cb7770 nmethod 5827 0x00000163e0024490 code [0x00000163e0024660, 0x00000163e0024a08]
Event: 5.213 Thread 0x00000163f7cb4490 nmethod 5828 0x00000163e77f8910 code [0x00000163e77f8a80, 0x00000163e77f8b18]
Event: 5.213 Thread 0x00000163f7cb7770 5829       1       java.nio.HeapByteBuffer::isReadOnly (2 bytes)
Event: 5.213 Thread 0x00000163f7cb7770 nmethod 5829 0x00000163e77f8c10 code [0x00000163e77f8da0, 0x00000163e77f8e78]
Event: 5.215 Thread 0x00000163f7cb7770 5830       3       java.lang.ThreadLocal$ThreadLocalMap::nextIndex (15 bytes)
Event: 5.215 Thread 0x00000163f7cb7770 nmethod 5830 0x00000163e04db590 code [0x00000163e04db720, 0x00000163e04db858]
Event: 5.217 Thread 0x00000163f7cb7770 5831       3       java.nio.Buffer::flip (20 bytes)
Event: 5.217 Thread 0x00000163f7cb7770 nmethod 5831 0x00000163e04db210 code [0x00000163e04db3a0, 0x00000163e04db4b8]
Event: 5.217 Thread 0x00000163f7cb7770 5832       3       java.nio.ByteBuffer::flip (7 bytes)
Event: 5.217 Thread 0x00000163f7cb7770 nmethod 5832 0x00000163e04dae10 code [0x00000163e04dafa0, 0x00000163e04db118]
Event: 5.218 Thread 0x00000163f7cb7770 5834       3       sun.misc.Unsafe::putByte (9 bytes)
Event: 5.218 Thread 0x00000163f7cb7770 nmethod 5834 0x00000163e04daa10 code [0x00000163e04daba0, 0x00000163e04dad18]
Event: 5.218 Thread 0x00000163f7cb7770 5835       3       jdk.internal.misc.Unsafe::putByte (8 bytes)
Event: 5.218 Thread 0x00000163f7cb7770 nmethod 5835 0x00000163e04da690 code [0x00000163e04da820, 0x00000163e04da938]
Event: 5.220 Thread 0x00000163f98e2040 nmethod 5825% 0x00000163e77f9310 code [0x00000163e77f94a0, 0x00000163e77f9ad8]

GC Heap History (20 events):
Event: 3.582 GC heap before
{Heap before GC invocations=9 (full 0):
 garbage-first heap   total 335872K, used 193223K [0x0000000402000000, 0x0000000800000000)
  region size 8192K, 15 young (122880K), 3 survivors (24576K)
 Metaspace       used 35985K, committed 36416K, reserved 1081344K
  class space    used 5266K, committed 5440K, reserved 1048576K
}
Event: 3.601 GC heap after
{Heap after GC invocations=10 (full 0):
 garbage-first heap   total 335872K, used 120231K [0x0000000402000000, 0x0000000800000000)
  region size 8192K, 3 young (24576K), 3 survivors (24576K)
 Metaspace       used 35985K, committed 36416K, reserved 1081344K
  class space    used 5266K, committed 5440K, reserved 1048576K
}
Event: 3.725 GC heap before
{Heap before GC invocations=11 (full 0):
 garbage-first heap   total 335872K, used 210343K [0x0000000402000000, 0x0000000800000000)
  region size 8192K, 15 young (122880K), 3 survivors (24576K)
 Metaspace       used 36329K, committed 36800K, reserved 1081344K
  class space    used 5344K, committed 5568K, reserved 1048576K
}
Event: 3.739 GC heap after
{Heap after GC invocations=12 (full 0):
 garbage-first heap   total 335872K, used 130830K [0x0000000402000000, 0x0000000800000000)
  region size 8192K, 2 young (16384K), 2 survivors (16384K)
 Metaspace       used 36329K, committed 36800K, reserved 1081344K
  class space    used 5344K, committed 5568K, reserved 1048576K
}
Event: 3.887 GC heap before
{Heap before GC invocations=12 (full 0):
 garbage-first heap   total 335872K, used 237326K [0x0000000402000000, 0x0000000800000000)
  region size 8192K, 15 young (122880K), 2 survivors (16384K)
 Metaspace       used 37554K, committed 38016K, reserved 1089536K
  class space    used 5559K, committed 5760K, reserved 1048576K
}
Event: 3.908 GC heap after
{Heap after GC invocations=13 (full 0):
 garbage-first heap   total 720896K, used 146061K [0x0000000402000000, 0x0000000800000000)
  region size 8192K, 2 young (16384K), 2 survivors (16384K)
 Metaspace       used 37554K, committed 38016K, reserved 1089536K
  class space    used 5559K, committed 5760K, reserved 1048576K
}
Event: 4.242 GC heap before
{Heap before GC invocations=13 (full 0):
 garbage-first heap   total 720896K, used 490125K [0x0000000402000000, 0x0000000800000000)
  region size 8192K, 44 young (360448K), 2 survivors (16384K)
 Metaspace       used 40335K, committed 40960K, reserved 1089536K
  class space    used 6092K, committed 6400K, reserved 1048576K
}
Event: 4.276 GC heap after
{Heap after GC invocations=14 (full 0):
 garbage-first heap   total 720896K, used 190253K [0x0000000402000000, 0x0000000800000000)
  region size 8192K, 6 young (49152K), 6 survivors (49152K)
 Metaspace       used 40335K, committed 40960K, reserved 1089536K
  class space    used 6092K, committed 6400K, reserved 1048576K
}
Event: 4.421 GC heap before
{Heap before GC invocations=14 (full 0):
 garbage-first heap   total 720896K, used 485165K [0x0000000402000000, 0x0000000800000000)
  region size 8192K, 42 young (344064K), 6 survivors (49152K)
 Metaspace       used 41620K, committed 42176K, reserved 1089536K
  class space    used 6299K, committed 6592K, reserved 1048576K
}
Event: 4.449 GC heap after
{Heap after GC invocations=15 (full 0):
 garbage-first heap   total 720896K, used 205717K [0x0000000402000000, 0x0000000800000000)
  region size 8192K, 2 young (16384K), 2 survivors (16384K)
 Metaspace       used 41620K, committed 42176K, reserved 1089536K
  class space    used 6299K, committed 6592K, reserved 1048576K
}
Event: 4.503 GC heap before
{Heap before GC invocations=15 (full 0):
 garbage-first heap   total 720896K, used 508821K [0x0000000402000000, 0x0000000800000000)
  region size 8192K, 39 young (319488K), 2 survivors (16384K)
 Metaspace       used 41856K, committed 42432K, reserved 1089536K
  class space    used 6343K, committed 6656K, reserved 1048576K
}
Event: 4.512 GC heap after
{Heap after GC invocations=16 (full 0):
 garbage-first heap   total 720896K, used 207333K [0x0000000402000000, 0x0000000800000000)
  region size 8192K, 3 young (24576K), 3 survivors (24576K)
 Metaspace       used 41856K, committed 42432K, reserved 1089536K
  class space    used 6343K, committed 6656K, reserved 1048576K
}
Event: 4.567 GC heap before
{Heap before GC invocations=16 (full 0):
 garbage-first heap   total 720896K, used 535013K [0x0000000402000000, 0x0000000800000000)
  region size 8192K, 43 young (352256K), 3 survivors (24576K)
 Metaspace       used 42105K, committed 42688K, reserved 1089536K
  class space    used 6387K, committed 6656K, reserved 1048576K
}
Event: 4.579 GC heap after
{Heap after GC invocations=17 (full 0):
 garbage-first heap   total 1466368K, used 209585K [0x0000000402000000, 0x0000000800000000)
  region size 8192K, 3 young (24576K), 3 survivors (24576K)
 Metaspace       used 42105K, committed 42688K, reserved 1089536K
  class space    used 6387K, committed 6656K, reserved 1048576K
}
Event: 4.794 GC heap before
{Heap before GC invocations=17 (full 0):
 garbage-first heap   total 1466368K, used 1061553K [0x0000000402000000, 0x0000000800000000)
  region size 8192K, 107 young (876544K), 3 survivors (24576K)
 Metaspace       used 43670K, committed 44288K, reserved 1089536K
  class space    used 6678K, committed 6976K, reserved 1048576K
}
Event: 4.808 GC heap after
{Heap after GC invocations=18 (full 0):
 garbage-first heap   total 1466368K, used 216683K [0x0000000402000000, 0x0000000800000000)
  region size 8192K, 4 young (32768K), 4 survivors (32768K)
 Metaspace       used 43670K, committed 44288K, reserved 1089536K
  class space    used 6678K, committed 6976K, reserved 1048576K
}
Event: 4.941 GC heap before
{Heap before GC invocations=18 (full 0):
 garbage-first heap   total 1466368K, used 1060459K [0x0000000402000000, 0x0000000800000000)
  region size 8192K, 107 young (876544K), 4 survivors (32768K)
 Metaspace       used 44091K, committed 44672K, reserved 1089536K
  class space    used 6746K, committed 7040K, reserved 1048576K
}
Event: 4.954 GC heap after
{Heap after GC invocations=19 (full 0):
 garbage-first heap   total 1466368K, used 218079K [0x0000000402000000, 0x0000000800000000)
  region size 8192K, 4 young (32768K), 4 survivors (32768K)
 Metaspace       used 44091K, committed 44672K, reserved 1089536K
  class space    used 6746K, committed 7040K, reserved 1048576K
}
Event: 5.115 GC heap before
{Heap before GC invocations=19 (full 0):
 garbage-first heap   total 1466368K, used 1061855K [0x0000000402000000, 0x0000000800000000)
  region size 8192K, 107 young (876544K), 4 survivors (32768K)
 Metaspace       used 44729K, committed 45376K, reserved 1089536K
  class space    used 6811K, committed 7104K, reserved 1048576K
}
Event: 5.134 GC heap after
{Heap after GC invocations=20 (full 0):
 garbage-first heap   total 1466368K, used 219239K [0x0000000402000000, 0x0000000800000000)
  region size 8192K, 4 young (32768K), 4 survivors (32768K)
 Metaspace       used 44729K, committed 45376K, reserved 1089536K
  class space    used 6811K, committed 7104K, reserved 1048576K
}

Deoptimization events (20 events):
Event: 5.215 Thread 0x00000163d7ec2130 DEOPT PACKING pc=0x00000163e02551f2 sp=0x0000004b810fab90
Event: 5.215 Thread 0x00000163d7ec2130 DEOPT UNPACKING pc=0x00000163dfa02b43 sp=0x0000004b810fa008 mode 0
Event: 5.216 Thread 0x00000163d7ec2130 DEOPT PACKING pc=0x00000163e02551f2 sp=0x0000004b810fab90
Event: 5.216 Thread 0x00000163d7ec2130 DEOPT UNPACKING pc=0x00000163dfa02b43 sp=0x0000004b810fa008 mode 0
Event: 5.216 Thread 0x00000163d7ec2130 DEOPT PACKING pc=0x00000163e02551f2 sp=0x0000004b810fab90
Event: 5.216 Thread 0x00000163d7ec2130 DEOPT UNPACKING pc=0x00000163dfa02b43 sp=0x0000004b810fa008 mode 0
Event: 5.216 Thread 0x00000163d7ec2130 DEOPT PACKING pc=0x00000163e02551f2 sp=0x0000004b810fab90
Event: 5.216 Thread 0x00000163d7ec2130 DEOPT UNPACKING pc=0x00000163dfa02b43 sp=0x0000004b810fa008 mode 0
Event: 5.216 Thread 0x00000163d7ec2130 DEOPT PACKING pc=0x00000163e02551f2 sp=0x0000004b810fab90
Event: 5.216 Thread 0x00000163d7ec2130 DEOPT UNPACKING pc=0x00000163dfa02b43 sp=0x0000004b810fa008 mode 0
Event: 5.216 Thread 0x00000163d7ec2130 DEOPT PACKING pc=0x00000163e02551f2 sp=0x0000004b810fab90
Event: 5.216 Thread 0x00000163d7ec2130 DEOPT UNPACKING pc=0x00000163dfa02b43 sp=0x0000004b810fa008 mode 0
Event: 5.217 Thread 0x00000163d7ec2130 DEOPT PACKING pc=0x00000163e02551f2 sp=0x0000004b810fab90
Event: 5.217 Thread 0x00000163d7ec2130 DEOPT UNPACKING pc=0x00000163dfa02b43 sp=0x0000004b810fa008 mode 0
Event: 5.217 Thread 0x00000163d7ec2130 DEOPT PACKING pc=0x00000163e02551f2 sp=0x0000004b810fab90
Event: 5.217 Thread 0x00000163d7ec2130 DEOPT UNPACKING pc=0x00000163dfa02b43 sp=0x0000004b810fa008 mode 0
Event: 5.217 Thread 0x00000163d7ec2130 DEOPT PACKING pc=0x00000163e02551f2 sp=0x0000004b810fab90
Event: 5.217 Thread 0x00000163d7ec2130 DEOPT UNPACKING pc=0x00000163dfa02b43 sp=0x0000004b810fa008 mode 0
Event: 5.217 Thread 0x00000163d7ec2130 DEOPT PACKING pc=0x00000163e02551f2 sp=0x0000004b810fab90
Event: 5.217 Thread 0x00000163d7ec2130 DEOPT UNPACKING pc=0x00000163dfa02b43 sp=0x0000004b810fa008 mode 0

Classes unloaded (0 events):
No events

Classes redefined (0 events):
No events

Internal exceptions (20 events):
Event: 4.129 Thread 0x00000163f96e7da0 Implicit null exception at 0x00000163e753e7d7 to 0x00000163e753e980
Event: 4.141 Thread 0x00000163d7ec2130 Exception <a 'java/lang/NoSuchMethodError'{0x00000004209268d8}: 'float java.lang.invoke.DirectMethodHandle$Holder.invokeStatic(java.lang.Object, java.lang.Object)'> (0x00000004209268d8) 
thrown [c:\wsjdk\corretto17src\installers\windows\zip\corretto-build\buildroot\src\hotspot\share\interpreter\linkResolver.cpp, line 766]
Event: 4.142 Thread 0x00000163d7ec2130 Exception <a 'java/lang/NoSuchMethodError'{0x0000000420929c30}: 'float java.lang.invoke.DirectMethodHandle$Holder.invokeStaticInit(java.lang.Object, java.lang.Object)'> (0x0000000420929c30) 
thrown [c:\wsjdk\corretto17src\installers\windows\zip\corretto-build\buildroot\src\hotspot\share\interpreter\linkResolver.cpp, line 766]
Event: 4.149 Thread 0x00000163d7ec2130 Exception <a 'java/lang/NoSuchMethodError'{0x0000000420999c48}: 'java.lang.Object java.lang.invoke.DirectMethodHandle$Holder.newInvokeSpecial(java.lang.Object, java.lang.Object, java.lang.Object, java.lang.Object, java.lang.Object, java.lang.Object, java.lang.Object, java.lang.Object, java.lang.Object, java.lang.Object, java.lang.Object, java.lang.Object, java.lang.Object, java.lang.Object, java.lang.Object, java.lang.Object)'> (0x0000000420999c48) 
thrown [c:\wsjdk\corretto17src\installers\windows\zip\cor
Event: 4.149 Thread 0x00000163d7ec2130 Exception <a 'java/lang/IncompatibleClassChangeError'{0x00000004209a2d18}: Found class java.lang.Object, but interface was expected> (0x00000004209a2d18) 
thrown [c:\wsjdk\corretto17src\installers\windows\zip\corretto-build\buildroot\src\hotspot\share\interpreter\linkResolver.cpp, line 833]
Event: 4.197 Thread 0x00000163d7ec2130 Exception <a 'java/lang/NoSuchMethodError'{0x000000041dffb130}: 'float java.lang.invoke.DirectMethodHandle$Holder.invokeStatic(java.lang.Object, float)'> (0x000000041dffb130) 
thrown [c:\wsjdk\corretto17src\installers\windows\zip\corretto-build\buildroot\src\hotspot\share\interpreter\linkResolver.cpp, line 766]
Event: 4.293 Thread 0x00000163d7ec2130 Exception <a 'java/lang/NoSuchMethodError'{0x0000000441afec98}: 'java.lang.Object java.lang.invoke.DirectMethodHandle$Holder.newInvokeSpecial(java.lang.Object, java.lang.Object, int, java.lang.Object)'> (0x0000000441afec98) 
thrown [c:\wsjdk\corretto17src\installers\windows\zip\corretto-build\buildroot\src\hotspot\share\interpreter\linkResolver.cpp, line 766]
Event: 4.313 Thread 0x00000163d7ec2130 Exception <a 'java/lang/NoSuchMethodError'{0x000000042b0c9490}: 'int java.lang.invoke.DirectMethodHandle$Holder.invokeSpecialIFC(java.lang.Object, java.lang.Object, java.lang.Object, java.lang.Object)'> (0x000000042b0c9490) 
thrown [c:\wsjdk\corretto17src\installers\windows\zip\corretto-build\buildroot\src\hotspot\share\interpreter\linkResolver.cpp, line 766]
Event: 4.381 Thread 0x00000163d7ec2130 Exception <a 'java/lang/NoSuchMethodError'{0x0000000425e6ba58}: 'void java.lang.invoke.DirectMethodHandle$Holder.invokeStaticInit(java.lang.Object, java.lang.Object, java.lang.Object, java.lang.Object, java.lang.Object, java.lang.Object)'> (0x0000000425e6ba58) 
thrown [c:\wsjdk\corretto17src\installers\windows\zip\corretto-build\buildroot\src\hotspot\share\interpreter\linkResolver.cpp, line 766]
Event: 4.382 Thread 0x00000163d7ec2130 Exception <a 'java/lang/NoSuchMethodError'{0x0000000425e71a30}: 'java.lang.Object java.lang.invoke.DirectMethodHandle$Holder.invokeStatic(java.lang.Object, java.lang.Object, java.lang.Object, java.lang.Object, java.lang.Object, java.lang.Object, java.lang.Object, java.lang.Object, java.lang.Object, java.lang.Object, int)'> (0x0000000425e71a30) 
thrown [c:\wsjdk\corretto17src\installers\windows\zip\corretto-build\buildroot\src\hotspot\share\interpreter\linkResolver.cpp, line 766]
Event: 4.382 Thread 0x00000163d7ec2130 Exception <a 'java/lang/NoSuchMethodError'{0x0000000425e76018}: 'java.lang.Object java.lang.invoke.DirectMethodHandle$Holder.invokeStaticInit(java.lang.Object, java.lang.Object, java.lang.Object, java.lang.Object, java.lang.Object, java.lang.Object, java.lang.Object, java.lang.Object, java.lang.Object, java.lang.Object, int)'> (0x0000000425e76018) 
thrown [c:\wsjdk\corretto17src\installers\windows\zip\corretto-build\buildroot\src\hotspot\share\interpreter\linkResolver.cpp, line 766]
Event: 4.677 Thread 0x00000163d7ec2130 Exception <a 'java/lang/NoSuchMethodError'{0x0000000449379ec0}: 'long java.lang.invoke.DirectMethodHandle$Holder.invokeStaticInit(java.lang.Object, float)'> (0x0000000449379ec0) 
thrown [c:\wsjdk\corretto17src\installers\windows\zip\corretto-build\buildroot\src\hotspot\share\interpreter\linkResolver.cpp, line 766]
Event: 4.677 Thread 0x00000163d7ec2130 Exception <a 'java/lang/NoSuchMethodError'{0x0000000449380270}: 'float java.lang.invoke.DirectMethodHandle$Holder.invokeStatic(java.lang.Object, long)'> (0x0000000449380270) 
thrown [c:\wsjdk\corretto17src\installers\windows\zip\corretto-build\buildroot\src\hotspot\share\interpreter\linkResolver.cpp, line 766]
Event: 4.678 Thread 0x00000163d7ec2130 Exception <a 'java/lang/NoSuchMethodError'{0x00000004493839e0}: 'float java.lang.invoke.DirectMethodHandle$Holder.invokeStaticInit(java.lang.Object, long)'> (0x00000004493839e0) 
thrown [c:\wsjdk\corretto17src\installers\windows\zip\corretto-build\buildroot\src\hotspot\share\interpreter\linkResolver.cpp, line 766]
Event: 4.678 Thread 0x00000163d7ec2130 Exception <a 'java/lang/NoSuchMethodError'{0x000000044938c540}: 'java.lang.Object java.lang.invoke.DirectMethodHandle$Holder.newInvokeSpecial(java.lang.Object, java.lang.Object, java.lang.Object, java.lang.Object, java.lang.Object, java.lang.Object, java.lang.Object, long)'> (0x000000044938c540) 
thrown [c:\wsjdk\corretto17src\installers\windows\zip\corretto-build\buildroot\src\hotspot\share\interpreter\linkResolver.cpp, line 766]
Event: 4.699 Thread 0x00000163d7ec2130 Exception <a 'java/lang/NoSuchMethodError'{0x00000004430fd998}: 'java.lang.Object java.lang.invoke.DirectMethodHandle$Holder.newInvokeSpecial(java.lang.Object, java.lang.Object, long)'> (0x00000004430fd998) 
thrown [c:\wsjdk\corretto17src\installers\windows\zip\corretto-build\buildroot\src\hotspot\share\interpreter\linkResolver.cpp, line 766]
Event: 4.717 Thread 0x00000163d7ec2130 Exception <a 'java/lang/NoSuchMethodError'{0x0000000443156b50}: 'java.lang.Object java.lang.invoke.DirectMethodHandle$Holder.newInvokeSpecial(java.lang.Object, java.lang.Object, java.lang.Object, java.lang.Object, int, int, java.lang.Object)'> (0x0000000443156b50) 
thrown [c:\wsjdk\corretto17src\installers\windows\zip\corretto-build\buildroot\src\hotspot\share\interpreter\linkResolver.cpp, line 766]
Event: 5.019 Thread 0x00000163d7ec2130 Implicit null exception at 0x00000163e764b706 to 0x00000163e764bbb8
Event: 5.020 Thread 0x00000163d7ec2130 Implicit null exception at 0x00000163e76bfdf4 to 0x00000163e76c1168
Event: 5.020 Thread 0x00000163d7ec2130 Implicit null exception at 0x00000163e756ee80 to 0x00000163e756f7d8

VM Operations (20 events):
Event: 4.199 Executing VM operation: ICBufferFull
Event: 4.201 Executing VM operation: ICBufferFull done
Event: 4.242 Executing VM operation: G1CollectForAllocation
Event: 4.276 Executing VM operation: G1CollectForAllocation done
Event: 4.420 Executing VM operation: G1CollectForAllocation
Event: 4.451 Executing VM operation: G1CollectForAllocation done
Event: 4.503 Executing VM operation: G1CollectForAllocation
Event: 4.512 Executing VM operation: G1CollectForAllocation done
Event: 4.567 Executing VM operation: G1CollectForAllocation
Event: 4.580 Executing VM operation: G1CollectForAllocation done
Event: 4.684 Executing VM operation: HandshakeAllThreads
Event: 4.684 Executing VM operation: HandshakeAllThreads done
Event: 4.794 Executing VM operation: G1CollectForAllocation
Event: 4.808 Executing VM operation: G1CollectForAllocation done
Event: 4.941 Executing VM operation: G1CollectForAllocation
Event: 4.956 Executing VM operation: G1CollectForAllocation done
Event: 5.115 Executing VM operation: G1CollectForAllocation
Event: 5.136 Executing VM operation: G1CollectForAllocation done
Event: 5.176 Executing VM operation: HandshakeAllThreads
Event: 5.200 Executing VM operation: HandshakeAllThreads done

Events (20 events):
Event: 5.084 loading class sun/nio/ch/Util$BufferCache
Event: 5.084 loading class sun/nio/ch/Util$BufferCache done
Event: 5.084 loading class java/nio/DirectByteBuffer$Deallocator
Event: 5.084 loading class java/nio/DirectByteBuffer$Deallocator done
Event: 5.085 loading class sun/nio/ch/IOStatus
Event: 5.085 loading class sun/nio/ch/IOStatus done
Event: 5.095 loading class java/nio/DirectShortBufferU
Event: 5.095 loading class java/nio/DirectShortBufferU done
Event: 5.096 loading class java/nio/DirectCharBufferU
Event: 5.096 loading class java/nio/DirectCharBufferU done
Event: 5.096 loading class java/nio/DirectFloatBufferU
Event: 5.096 loading class java/nio/DirectFloatBufferU done
Event: 5.096 loading class java/nio/DirectDoubleBufferU
Event: 5.096 loading class java/nio/DirectDoubleBufferU done
Event: 5.175 loading class java/nio/BufferOverflowException
Event: 5.175 loading class java/nio/BufferOverflowException done
Event: 5.175 loading class java/nio/InvalidMarkException
Event: 5.175 loading class java/nio/InvalidMarkException done
Event: 5.201 loading class java/nio/BufferUnderflowException
Event: 5.201 loading class java/nio/BufferUnderflowException done


Dynamic libraries:
0x00007ff7749f0000 - 0x00007ff7749fd000 	C:\Users\lx\.jdks\corretto-17.0.2\bin\java.exe
0x00007ff97b3d0000 - 0x00007ff97b5c5000 	C:\WINDOWS\SYSTEM32\ntdll.dll
0x00007ff9794e0000 - 0x00007ff97959e000 	C:\WINDOWS\System32\KERNEL32.DLL
0x00007ff978e80000 - 0x00007ff979148000 	C:\WINDOWS\System32\KERNELBASE.dll
0x00007ff979260000 - 0x00007ff979360000 	C:\WINDOWS\System32\ucrtbase.dll
0x00007ff968fc0000 - 0x00007ff968fd8000 	C:\Users\lx\.jdks\corretto-17.0.2\bin\jli.dll
0x00007ff973900000 - 0x00007ff973915000 	C:\Users\lx\.jdks\corretto-17.0.2\bin\VCRUNTIME140.dll
0x00007ff979620000 - 0x00007ff9797c1000 	C:\WINDOWS\System32\USER32.dll
0x00007ff9793e0000 - 0x00007ff979402000 	C:\WINDOWS\System32\win32u.dll
0x00007ff95a9e0000 - 0x00007ff95ac7a000 	C:\WINDOWS\WinSxS\amd64_microsoft.windows.common-controls_6595b64144ccf1df_6.0.19041.1110_none_60b5254171f9507e\COMCTL32.dll
0x00007ff97a1e0000 - 0x00007ff97a20b000 	C:\WINDOWS\System32\GDI32.dll
0x00007ff97b2f0000 - 0x00007ff97b38e000 	C:\WINDOWS\System32\msvcrt.dll
0x00007ff978ae0000 - 0x00007ff978bed000 	C:\WINDOWS\System32\gdi32full.dll
0x00007ff978bf0000 - 0x00007ff978c8d000 	C:\WINDOWS\System32\msvcp_win.dll
0x00007ff9794b0000 - 0x00007ff9794e0000 	C:\WINDOWS\System32\IMM32.DLL
0x00007ff93f460000 - 0x00007ff93f4fb000 	C:\Users\lx\.jdks\corretto-17.0.2\bin\msvcp140.dll
0x00007ff90bef0000 - 0x00007ff90cb0a000 	C:\Users\lx\.jdks\corretto-17.0.2\bin\server\jvm.dll
0x00007ff979e30000 - 0x00007ff979edc000 	C:\WINDOWS\System32\ADVAPI32.dll
0x00007ff979410000 - 0x00007ff9794ab000 	C:\WINDOWS\System32\sechost.dll
0x00007ff979ee0000 - 0x00007ff97a00a000 	C:\WINDOWS\System32\RPCRT4.dll
0x00007ff97aac0000 - 0x00007ff97aac8000 	C:\WINDOWS\System32\PSAPI.DLL
0x00007ff965860000 - 0x00007ff965887000 	C:\WINDOWS\SYSTEM32\WINMM.dll
0x00007ff968af0000 - 0x00007ff968af9000 	C:\WINDOWS\SYSTEM32\WSOCK32.dll
0x00007ff973670000 - 0x00007ff97367a000 	C:\WINDOWS\SYSTEM32\VERSION.dll
0x00007ff97ab30000 - 0x00007ff97ab9b000 	C:\WINDOWS\System32\WS2_32.dll
0x00007ff9769b0000 - 0x00007ff9769c2000 	C:\WINDOWS\SYSTEM32\kernel.appcore.dll
0x00007ff974790000 - 0x00007ff97479a000 	C:\Users\lx\.jdks\corretto-17.0.2\bin\jimage.dll
0x00007ff969620000 - 0x00007ff969804000 	C:\WINDOWS\SYSTEM32\DBGHELP.DLL
0x00007ff964910000 - 0x00007ff96493c000 	C:\WINDOWS\SYSTEM32\dbgcore.DLL
0x00007ff978df0000 - 0x00007ff978e72000 	C:\WINDOWS\System32\bcryptPrimitives.dll
0x00007ff94b660000 - 0x00007ff94b685000 	C:\Users\lx\.jdks\corretto-17.0.2\bin\java.dll
0x00007ff93a9e0000 - 0x00007ff93aab6000 	C:\Users\lx\.jdks\corretto-17.0.2\bin\jsvml.dll
0x00007ff97aba0000 - 0x00007ff97b2e4000 	C:\WINDOWS\System32\SHELL32.dll
0x00007ff976bb0000 - 0x00007ff977344000 	C:\WINDOWS\SYSTEM32\windows.storage.dll
0x00007ff97a340000 - 0x00007ff97a695000 	C:\WINDOWS\System32\combase.dll
0x00007ff978380000 - 0x00007ff9783ae000 	C:\WINDOWS\SYSTEM32\Wldp.dll
0x00007ff97aa10000 - 0x00007ff97aabd000 	C:\WINDOWS\System32\SHCORE.dll
0x00007ff97a100000 - 0x00007ff97a155000 	C:\WINDOWS\System32\shlwapi.dll
0x00007ff978a20000 - 0x00007ff978a3f000 	C:\WINDOWS\SYSTEM32\profapi.dll
0x00007ff967d10000 - 0x00007ff967d29000 	C:\Users\lx\.jdks\corretto-17.0.2\bin\net.dll
0x00007ff973680000 - 0x00007ff97378c000 	C:\WINDOWS\SYSTEM32\WINHTTP.dll
0x00007ff978160000 - 0x00007ff9781ca000 	C:\WINDOWS\system32\mswsock.dll
0x00007ff9566e0000 - 0x00007ff9566f5000 	C:\Users\lx\.jdks\corretto-17.0.2\bin\nio.dll
0x00007ff94f200000 - 0x00007ff94f218000 	C:\Users\lx\.jdks\corretto-17.0.2\bin\zip.dll
0x00007ff968fb0000 - 0x00007ff968fb9000 	C:\Users\lx\.jdks\corretto-17.0.2\bin\management.dll
0x00007ff968d70000 - 0x00007ff968d7b000 	C:\Users\lx\.jdks\corretto-17.0.2\bin\management_ext.dll
0x00007ff965450000 - 0x00007ff965467000 	C:\WINDOWS\system32\napinsp.dll
0x00007ff965350000 - 0x00007ff96536b000 	C:\WINDOWS\system32\pnrpnsp.dll
0x00007ff964520000 - 0x00007ff964535000 	C:\WINDOWS\system32\wshbth.dll
0x00007ff9744c0000 - 0x00007ff9744dd000 	C:\WINDOWS\system32\NLAapi.dll
0x00007ff977e70000 - 0x00007ff977eab000 	C:\WINDOWS\SYSTEM32\IPHLPAPI.DLL
0x00007ff977eb0000 - 0x00007ff977f7b000 	C:\WINDOWS\SYSTEM32\DNSAPI.dll
0x00007ff97a730000 - 0x00007ff97a738000 	C:\WINDOWS\System32\NSI.dll
0x00007ff964190000 - 0x00007ff9641a2000 	C:\WINDOWS\System32\winrnr.dll
0x00000000586a0000 - 0x00000000586c6000 	C:\Program Files\Bonjour\mdnsNSP.dll
0x00007ff971d30000 - 0x00007ff971d3a000 	C:\Windows\System32\rasadhlp.dll
0x00007ff971a10000 - 0x00007ff971a8f000 	C:\WINDOWS\System32\fwpuclnt.dll
0x00007ff9793b0000 - 0x00007ff9793d7000 	C:\WINDOWS\System32\bcrypt.dll
0x00007ff9783c0000 - 0x00007ff9783d8000 	C:\WINDOWS\SYSTEM32\CRYPTSP.dll
0x00007ff977b00000 - 0x00007ff977b34000 	C:\WINDOWS\system32\rsaenh.dll
0x00007ff9789a0000 - 0x00007ff9789ce000 	C:\WINDOWS\SYSTEM32\USERENV.dll
0x00007ff9782f0000 - 0x00007ff9782fc000 	C:\WINDOWS\SYSTEM32\CRYPTBASE.dll
0x00007ff972d50000 - 0x00007ff972d67000 	C:\WINDOWS\SYSTEM32\dhcpcsvc6.DLL
0x00007ff972d30000 - 0x00007ff972d4d000 	C:\WINDOWS\SYSTEM32\dhcpcsvc.DLL
0x00007ff932c10000 - 0x00007ff932c55000 	C:\Users\lx\AppData\Local\Temp\jna-3468\jna11788901482518713792.dll
0x00007ff97a210000 - 0x00007ff97a33a000 	C:\WINDOWS\System32\Ole32.dll
0x00007ff9797d0000 - 0x00007ff979879000 	C:\WINDOWS\System32\clbcatq.dll
0x00007ff979d60000 - 0x00007ff979e2d000 	C:\WINDOWS\System32\OleAut32.dll
0x00007ff96dc80000 - 0x00007ff96dc99000 	C:\WINDOWS\SYSTEM32\amsi.dll
0x00007ff968a90000 - 0x00007ff968ad9000 	C:\WINDOWS\SYSTEM32\Pdh.dll
0x00007ff94d170000 - 0x00007ff94d17f000 	C:\WINDOWS\System32\perfos.dll
0x00007ff9280f0000 - 0x00007ff928162000 	C:\normal\Codes\Code-Java\Rikaishi-Nikui\rikaishi_nikui\minecraft\versions\1.18.2\natives\lwjgl.dll
0x00007ff916460000 - 0x00007ff9166b1000 	C:\normal\Codes\Code-Java\Rikaishi-Nikui\rikaishi_nikui\minecraft\versions\1.18.2\natives\jemalloc.dll

dbghelp: loaded successfully - version: 4.0.5 - missing functions: none
symbol engine: initialized successfully - sym options: 0x614 - pdb path: .;C:\Users\lx\.jdks\corretto-17.0.2\bin;C:\WINDOWS\SYSTEM32;C:\WINDOWS\WinSxS\amd64_microsoft.windows.common-controls_6595b64144ccf1df_6.0.19041.1110_none_60b5254171f9507e;C:\Users\lx\.jdks\corretto-17.0.2\bin\server;C:\Program Files\Bonjour;C:\Users\lx\AppData\Local\Temp\jna-3468;C:\normal\Codes\Code-Java\Rikaishi-Nikui\rikaishi_nikui\minecraft\versions\1.18.2\natives

VM Arguments:
jvm_args: -Dcom.sun.jndi.ldap.object.trustURLCodebase=false -Duser.dir=C:\normal\Codes\Code-Java\Rikaishi-Nikui\rikaishi_nikui\minecraft\versions\1.17.1-Fabric 0.11.6 -Dlog4j2.formatMsgNoLookups=true -Djava.library.path=C:\normal\Codes\Code-Java\Rikaishi-Nikui\rikaishi_nikui\minecraft\versions\1.18.2/natives/ 
java_command: net.minecraft.client.main.Main --username zhuaidadaya --version 1.18.2 --gameDir C:\normal\Codes\Code-Java\Rikaishi-Nikui\rikaishi_nikui\minecraft\versions\1.18.2 --assetsDir C:\normal\Codes\Code-Java\Rikaishi-Nikui\rikaishi_nikui\minecraft\assets --assetIndex 1.18 --uuid 19c8b25b-ff51-45e8-af68-1b9faf1af5af --accessToken 19c8b25b-ff51-45e8-af68-1b9faf1af5af --userProperties {} --userType Legacy --width 854 --height 480
java_class_path (initial): C:/normal/Codes/Code-Java/Rikaishi-Nikui/rikaishi_nikui/minecraft/libraries/ca/weblite/java-objc-bridge/1.0.0/java-objc-bridge-1.0.0.jar;C:/normal/Codes/Code-Java/Rikaishi-Nikui/rikaishi_nikui/minecraft/libraries/com/github/oshi/oshi-core/5.8.5/oshi-core-5.8.5.jar;C:/normal/Codes/Code-Java/Rikaishi-Nikui/rikaishi_nikui/minecraft/libraries/com/google/code/gson/gson/2.8.9/gson-2.8.9.jar;C:/normal/Codes/Code-Java/Rikaishi-Nikui/rikaishi_nikui/minecraft/libraries/com/google/guava/failureaccess/1.0.1/failureaccess-1.0.1.jar;C:/normal/Codes/Code-Java/Rikaishi-Nikui/rikaishi_nikui/minecraft/libraries/com/google/guava/guava/31.0.1-jre/guava-31.0.1-jre.jar;C:/normal/Codes/Code-Java/Rikaishi-Nikui/rikaishi_nikui/minecraft/libraries/com/ibm/icu/icu4j/70.1/icu4j-70.1.jar;C:/normal/Codes/Code-Java/Rikaishi-Nikui/rikaishi_nikui/minecraft/libraries/com/mojang/authlib/3.3.39/authlib-3.3.39.jar;C:/normal/Codes/Code-Java/Rikaishi-Nikui/rikaishi_nikui/minecraft/libraries/com/mojang/blocklist/1.0.10/blocklist-1.0.10.jar;C:/normal/Codes/Code-Java/Rikaishi-Nikui/rikaishi_nikui/minecraft/libraries/com/mojang/brigadier/1.0.18/brigadier-1.0.18.jar;C:/normal/Codes/Code-Java/Rikaishi-Nikui/rikaishi_nikui/minecraft/libraries/com/mojang/datafixerupper/4.1.27/datafixerupper-4.1.27.jar;C:/normal/Codes/Code-Java/Rikaishi-Nikui/rikaishi_nikui/minecraft/libraries/com/mojang/javabridge/1.2.24/javabridge-1.2.24.jar;C:/normal/Codes/Code-Java/Rikaishi-Nikui/rikaishi_nikui/minecraft/libraries/com/mojang/logging/1.0.0/logging-1.0.0.jar;C:/normal/Codes/Code-Java/Rikaishi-Nikui/rikaishi_nikui/minecraft/libraries/com/mojang/patchy/2.2.10/patchy-2.2.10.jar;C:/normal/Codes/Code-Java/Rikaishi-Nikui/rikaishi_nikui/minecraft/libraries/com/mojang/text2speech/1.12.4/text2speech-1.12.4.jar;C:/normal/Codes/Code-Java/Rikaishi-Nikui/rikaishi_nikui/minecraft/libraries/commons-codec/commons-codec/1.15/commons-codec-1.15.jar;C:/normal/Codes/Code-Java/Rikaishi-Nikui/rikaishi_nikui/minecraft/lib
Launcher Type: SUN_STANDARD

[Global flags]
     intx CICompilerCount                          = 4                                         {product} {ergonomic}
     uint ConcGCThreads                            = 3                                         {product} {ergonomic}
     uint G1ConcRefinementThreads                  = 10                                        {product} {ergonomic}
   size_t G1HeapRegionSize                         = 8388608                                   {product} {ergonomic}
    uintx GCDrainStackTargetSize                   = 64                                        {product} {ergonomic}
   size_t InitialHeapSize                          = 1073741824                                {product} {ergonomic}
   size_t MarkStackSize                            = 4194304                                   {product} {ergonomic}
   size_t MaxHeapSize                              = 17146314752                               {product} {ergonomic}
   size_t MaxNewSize                               = 10284433408                               {product} {ergonomic}
   size_t MinHeapDeltaBytes                        = 8388608                                   {product} {ergonomic}
   size_t MinHeapSize                              = 8388608                                   {product} {ergonomic}
    uintx NonNMethodCodeHeapSize                   = 5839372                                {pd product} {ergonomic}
    uintx NonProfiledCodeHeapSize                  = 122909434                              {pd product} {ergonomic}
    uintx ProfiledCodeHeapSize                     = 122909434                              {pd product} {ergonomic}
    uintx ReservedCodeCacheSize                    = 251658240                              {pd product} {ergonomic}
     bool SegmentedCodeCache                       = true                                      {product} {ergonomic}
   size_t SoftMaxHeapSize                          = 17146314752                            {manageable} {ergonomic}
     bool UseCompressedClassPointers               = true                           {product lp64_product} {ergonomic}
     bool UseCompressedOops                        = true                           {product lp64_product} {ergonomic}
     bool UseG1GC                                  = true                                      {product} {ergonomic}
     bool UseLargePagesIndividualAllocation        = false                                  {pd product} {ergonomic}

Logging:
Log output configuration:
 #0: stdout all=warning uptime,level,tags
 #1: stderr all=off uptime,level,tags

Environment Variables:
JAVA_HOME=C:\Users\lx\.jdks\openjdk-16.0.2
CLASSPATH=C:\Users\lx\.jdks\openjdk-16.0.2\lib\dt.jar;C:\Users\lx\.jdks\openjdk-16.0.2\lib\tools.jar
PATH=C:\Program Files\Common Files\Oracle\Java\javapath;C:\Program Files\Python39\Scripts\;C:\Program Files\Python39\;C:\Program Files (x86)\Common Files\Oracle\Java\javapath;C:\Users\lx\.jdks\openjdk-16.0.2\bin;C:\WINDOWS\system32;C:\WINDOWS;C:\WINDOWS\System32\Wbem;C:\WINDOWS\System32\WindowsPowerShell\v1.0\;C:\WINDOWS\System32\OpenSSH\;C:\Program Files\Microsoft SQL Server\130\Tools\Binn\;C:\Program Files (x86)\NVIDIA Corporation\PhysX\Common;C:\Program Files\NVIDIA Corporation\NVIDIA NvDLISR;C:\Program Files\Microsoft SQL Server\Client SDK\ODBC\170\Tools\Binn\;D:\Git\cmd;C:\Program Files (x86)\Microsoft SQL Server\150\Tools\Binn\;C:\Program Files\Microsoft SQL Server\150\Tools\Binn\;C:\Program Files\Microsoft SQL Server\150\DTS\Binn\;C:\Program Files (x86)\Microsoft SQL Server\150\DTS\Binn\;C:\Program Files\Azure Data Studio\bin;C:\Program Files\dotnet\;C:\Program Files\nodejs\;C:\ProgramData\chocolatey\bin;C:\GRADLE\bin;C:\Program Files\Intel\Intel(R) Memory and Storage Tool\;C:\Program Files\Git\cmd;C:\Us;C:\Program Files (x86)\Intel\Platform Flash Tool Lite;C:\Program Files (x86)\Intel\Phone Flash Tool Lite;C:\Users\lx\AppData\Local\Microsoft\WindowsApps;C:\Users\lx\AppData\Local\GitHubDesktop\bin;C:\Program Files\Azure Data Studio\bin;C:\Users\lx\.dotnet\tools;C:\Users\lx\AppData\Roaming\npm
USERNAME=lx
OS=Windows_NT
PROCESSOR_IDENTIFIER=Intel64 Family 6 Model 165 Stepping 0, GenuineIntel



---------------  S Y S T E M  ---------------

OS:
 Windows 10 , 64 bit Build 19041 (10.0.19041.1348)
OS uptime: 9 days 19:11 hours
Hyper-V role detected

CPU: total 12 (initial active 12) (6 cores per cpu, 2 threads per core) family 6 model 165 stepping 0 microcode 0xbe, cx8, cmov, fxsr, ht, mmx, 3dnowpref, sse, sse2, sse3, ssse3, sse4.1, sse4.2, popcnt, lzcnt, tsc, tscinvbit, avx, avx2, aes, erms, clmul, bmi1, bmi2, adx, fma, vzeroupper, clflush, clflushopt, hv

Memory: 4k page, system-wide physical 65398M (24866M free)
TotalPageFile size 72054M (AvailPageFile size 30556M)
current process WorkingSet (physical memory assigned to process): 1556M, peak: 1585M
current process commit charge ("private bytes"): 1664M, peak: 1689M

vm_info: OpenJDK 64-Bit Server VM (17.0.2+8-LTS) for windows-amd64 JRE (17.0.2+8-LTS), built on Jan 17 2022 05:07:39 by "Administrator" with MS VC++ 15.9 (VS2017)

END.
