#
# A fatal error has been detected by the Java Runtime Environment:
#
#  EXCEPTION_ACCESS_VIOLATION (0xc0000005) at pc=0x0000000000000008, pid=40572, tid=42352
#
# JRE version: OpenJDK Runtime Environment Corretto-17.0.2.8.1 (17.0.2+8) (build 17.0.2+8-LTS)
# Java VM: OpenJDK 64-Bit Server VM Corretto-17.0.2.8.1 (17.0.2+8-LTS, mixed mode, sharing, tiered, compressed oops, compressed class ptrs, g1 gc, windows-amd64)
# Problematic frame:
# C  0x0000000000000008
#
# No core dump will be written. Minidumps are not enabled by default on client versions of Windows
#
# If you would like to submit a bug report, please visit:
#   https://github.com/corretto/corretto-17/issues/
# The crash happened outside the Java Virtual Machine in native code.
# See problematic frame for where to report the bug.
#

---------------  S U M M A R Y ------------

Command Line: -Dcom.sun.jndi.ldap.object.trustURLCodebase=false -Duser.dir=C:\normal\Codes\Code-Java\Rikaishi-Nikui\rikaishi_nikui\minecraft\versions\1.17.1-Fabric 0.11.6 -Dlog4j2.formatMsgNoLookups=true -Djava.library.path=C:\normal\Codes\Code-Java\Rikaishi-Nikui\rikaishi_nikui\minecraft\versions\1.18.2/natives/ net.minecraft.client.main.Main --username zhuaidadaya --version 1.18.2 --gameDir C:\normal\Codes\Code-Java\Rikaishi-Nikui\rikaishi_nikui\minecraft\versions\1.18.2 --assetsDir C:\normal\Codes\Code-Java\Rikaishi-Nikui\rikaishi_nikui\minecraft\assets --assetIndex 1.18 --uuid 1a392b17-9954-4408-8932-0ad5d46895b8 --accessToken 1a392b17-9954-4408-8932-0ad5d46895b8 --userProperties {} --userType Legacy --width 854 --height 480

Host: Intel(R) Core(TM) i5-10600 CPU @ 3.30GHz, 12 cores, 63G,  Windows 10 , 64 bit Build 19041 (10.0.19041.1348)
Time: Sun Mar 13 17:38:06 2022  Windows 10 , 64 bit Build 19041 (10.0.19041.1348) elapsed time: 5.266701 seconds (0d 0h 0m 5s)

---------------  T H R E A D  ---------------

Current thread (0x0000021fa185a670):  JavaThread "Render thread" [_thread_in_native, id=42352, stack(0x0000006a47c00000,0x0000006a47d00000)]

Stack: [0x0000006a47c00000,0x0000006a47d00000],  sp=0x0000006a47cfb108,  free space=1004k
Native frames: (J=compiled Java code, j=interpreted, Vv=VM code, C=native code)
C  0x0000000000000008

Java frames: (J=compiled Java code, j=interpreted, Vv=VM code)
j  org.lwjgl.system.JNI.invokePP(JJ)J+0
j  org.lwjgl.system.jemalloc.JEmalloc.nje_malloc(J)J+6
j  org.lwjgl.system.jemalloc.JEmalloc.<clinit>()V+42
v  ~StubRoutines::call_stub
j  org.lwjgl.system.jemalloc.JEmallocAllocator.<clinit>()V+0
v  ~StubRoutines::call_stub
J 1279  java.lang.Class.forName0(Ljava/lang/String;ZLjava/lang/ClassLoader;Ljava/lang/Class;)Ljava/lang/Class; java.base@17.0.2 (0 bytes) @ 0x0000021fb3178a2f [0x0000021fb31789a0+0x000000000000008f]
J 1974 c1 java.lang.Class.forName(Ljava/lang/String;)Ljava/lang/Class; java.base@17.0.2 (15 bytes) @ 0x0000021fabf534e4 [0x0000021fabf533c0+0x0000000000000124]
j  org.lwjgl.system.MemoryManage.getInstance()Lorg/lwjgl/system/MemoryUtil$MemoryAllocator;+68
j  org.lwjgl.system.MemoryUtil$LazyInit.<clinit>()V+0
v  ~StubRoutines::call_stub
j  org.lwjgl.system.MemoryUtil.getAllocator(Z)Lorg/lwjgl/system/MemoryUtil$MemoryAllocator;+10
j  dsk.<clinit>()V+1
v  ~StubRoutines::call_stub
j  dth.<init>(I)V+34
j  dto.<init>(I)V+10
j  dto.<init>()V+3
j  dto.<clinit>()V+4
v  ~StubRoutines::call_stub
j  com.mojang.blaze3d.systems.RenderSystem.<clinit>()V+12
v  ~StubRoutines::call_stub
j  net.minecraft.client.main.Main.main([Ljava/lang/String;)V+1327
v  ~StubRoutines::call_stub

siginfo: EXCEPTION_ACCESS_VIOLATION (0xc0000005), data execution prevention violation at address 0x0000000000000008


Register to memory mapping:

RIP=0x0000000000000008 is an unknown value
RAX=0x00007ff9280f1a60 lwjgl.dll
RBX={method} {0x0000021feb5b5420} 'invokePP' '(JJ)J' in 'org/lwjgl/system/JNI'
RCX=0x00007ff916464870 jemalloc.dll
RDX=0x0000006a47cfb1a8 is pointing into the stack for thread: 0x0000021fa185a670
RSP=0x0000006a47cfb108 is pointing into the stack for thread: 0x0000021fa185a670
RBP=0x0000006a47cfb198 is pointing into the stack for thread: 0x0000021fa185a670
RSI=0x00000000000001b0 is an unknown value
RDI=0x0000000000000111 is an unknown value
R8 =0x00007ff916464870 jemalloc.dll
R9 =0x0000000000000008 is an unknown value
R10=0x0000021fab61d5f2 is at code_begin+946 in an Interpreter codelet
method entry point (kind = native)  [0x0000021fab61d240, 0x0000021fab61dbc0]  2432 bytes
R11=0x0000000458ae0bc8 is an oop: java.lang.Class 
{0x0000000458ae0bc8} - klass: 'java/lang/Class'
 - ---- fields (total size 14 words):
 - private volatile transient 'classRedefinedCount' 'I' @12  0
 - private volatile transient 'cachedConstructor' 'Ljava/lang/reflect/Constructor;' @40  NULL (0)
 - private transient 'name' 'Ljava/lang/String;' @44  "org.lwjgl.system.JNI"{0x0000000458ae0c48} (8b15c189)
 - private transient 'module' 'Ljava/lang/Module;' @48  a 'java/lang/Module'{0x000000040342c228} (80685845)
 - private final 'classLoader' 'Ljava/lang/ClassLoader;' @52  a 'jdk/internal/loader/ClassLoaders$AppClassLoader'{0x00000004033907c0} (806720f8)
 - private transient 'classData' 'Ljava/lang/Object;' @56  NULL (0)
 - private transient 'packageName' 'Ljava/lang/String;' @60  "org.lwjgl.system"{0x000000046f484f78} (8de909ef)
 - private final 'componentType' 'Ljava/lang/Class;' @64  NULL (0)
 - private volatile transient 'reflectionData' 'Ljava/lang/ref/SoftReference;' @68  NULL (0)
 - private volatile transient 'genericInfo' 'Lsun/reflect/generics/repository/ClassRepository;' @72  NULL (0)
 - private volatile transient 'enumConstants' '[Ljava/lang/Object;' @76  NULL (0)
 - private volatile transient 'enumConstantDirectory' 'Ljava/util/Map;' @80  NULL (0)
 - private volatile transient 'annotationData' 'Ljava/lang/Class$AnnotationData;' @84  NULL (0)
 - private volatile transient 'annotationType' 'Lsun/reflect/annotation/AnnotationType;' @88  NULL (0)
 - transient 'classValueMap' 'Ljava/lang/ClassValue$ClassValueMap;' @92  NULL (0)
 - signature: Lorg/lwjgl/system/JNI;
 - fake entry for mirror: 'org/lwjgl/system/JNI'
 - fake entry for array: NULL
 - fake entry for oop_size: 14
 - fake entry for static_oop_field_count: 0
R12=0x0 is NULL
R13={method} {0x0000021feb5b5420} 'invokePP' '(JJ)J' in 'org/lwjgl/system/JNI'
R14=0x0000006a47cfb1d0 is pointing into the stack for thread: 0x0000021fa185a670
R15=0x0000021fa185a670 is a thread


Registers:
RAX=0x00007ff9280f1a60, RBX=0x0000021feb5b5418, RCX=0x00007ff916464870, RDX=0x0000006a47cfb1a8
RSP=0x0000006a47cfb108, RBP=0x0000006a47cfb198, RSI=0x00000000000001b0, RDI=0x0000000000000111
R8 =0x00007ff916464870, R9 =0x0000000000000008, R10=0x0000021fab61d5f2, R11=0x0000000458ae0bc8
R12=0x0000000000000000, R13=0x0000021feb5b5418, R14=0x0000006a47cfb1d0, R15=0x0000021fa185a670
RIP=0x0000000000000008, EFLAGS=0x0000000000010206

Top of Stack: (sp=0x0000006a47cfb108)
0x0000006a47cfb108:   0000021fab61d621 0000000000000111
0x0000006a47cfb118:   0000021fab61d33c 0000021feb5b5418
0x0000006a47cfb128:   00000000000001b0 0000000000000111
0x0000006a47cfb138:   00007ff90c4e6d57 3ff0000000000000
0x0000006a47cfb148:   0000021fab61d2f6 0000006a47cfb150
0x0000006a47cfb158:   0000021feb5b5418 0000006a47cfb1d0
0x0000006a47cfb168:   0000021feb5e3000 0000000000000000
0x0000006a47cfb178:   0000000458ae0bc8 0000021feb5b5418
0x0000006a47cfb188:   0000000000000000 0000006a47cfb1b8
0x0000006a47cfb198:   0000006a47cfb220 0000021fab6195cd
0x0000006a47cfb1a8:   0000000458ae0bc8 0000021fab61af77
0x0000006a47cfb1b8:   0000000000000008 0000000000000000
0x0000006a47cfb1c8:   00007ff916464870 0000000000000000
0x0000006a47cfb1d8:   0000006a47cfb1d8 0000021feb59405e
0x0000006a47cfb1e8:   0000006a47cfb248 0000021feb598000
0x0000006a47cfb1f8:   0000000000000000 000000046bf658a8 

Instructions: (pc=0x0000000000000008)
0xffffffffffffff08:   


Stack slot to memory mapping:
stack at sp + 0 slots: 0x0000021fab61d621 is at code_begin+993 in an Interpreter codelet
method entry point (kind = native)  [0x0000021fab61d240, 0x0000021fab61dbc0]  2432 bytes
stack at sp + 1 slots: 0x0000000000000111 is an unknown value
stack at sp + 2 slots: 0x0000021fab61d33c is at code_begin+252 in an Interpreter codelet
method entry point (kind = native)  [0x0000021fab61d240, 0x0000021fab61dbc0]  2432 bytes
stack at sp + 3 slots: {method} {0x0000021feb5b5420} 'invokePP' '(JJ)J' in 'org/lwjgl/system/JNI'
stack at sp + 4 slots: 0x00000000000001b0 is an unknown value
stack at sp + 5 slots: 0x0000000000000111 is an unknown value
stack at sp + 6 slots: 0x00007ff90c4e6d57 jvm.dll
stack at sp + 7 slots: 0x3ff0000000000000 is an unknown value


---------------  P R O C E S S  ---------------

Threads class SMR info:
_java_thread_list=0x0000021fe9a36080, length=26, elements={
0x0000021fa185a670, 0x0000021fe0c23010, 0x0000021fe0c23ad0, 0x0000021fe38151f0,
0x0000021fe3815cb0, 0x0000021fe3818580, 0x0000021fe38195e0, 0x0000021fe381a970,
0x0000021fe381c020, 0x0000021fe0c38fd0, 0x0000021fe39555d0, 0x0000021fe395dde0,
0x0000021fe4e8ab90, 0x0000021fe4e8b0a0, 0x0000021fe6d663c0, 0x0000021fe6d65080,
0x0000021fe6d633a0, 0x0000021fe6d66890, 0x0000021fe6d66d60, 0x0000021fe6d63870,
0x0000021fe6d63d40, 0x0000021fe9205210, 0x0000021fe92073c0, 0x0000021fe9206a20,
0x0000021fe9208700, 0x0000021fe92056e0
}
_to_delete_list=0x0000021fea287ce0, length=25, elements={
0x0000021fa185a670, 0x0000021fe0c23010, 0x0000021fe0c23ad0, 0x0000021fe38151f0,
0x0000021fe3815cb0, 0x0000021fe3818580, 0x0000021fe38195e0, 0x0000021fe381a970,
0x0000021fe381c020, 0x0000021fe0c38fd0, 0x0000021fe39555d0, 0x0000021fe395dde0,
0x0000021fe4e8ab90, 0x0000021fe4e8b0a0, 0x0000021fe6d663c0, 0x0000021fe6d65080,
0x0000021fe6d633a0, 0x0000021fe6d66890, 0x0000021fe6d66d60, 0x0000021fe6d63870,
0x0000021fe6d63d40, 0x0000021fe9205210, 0x0000021fe92073c0, 0x0000021fe9206a20,
0x0000021fe9208700
}

Java Threads: ( => current thread )
=>0x0000021fa185a670 JavaThread "Render thread" [_thread_in_native, id=42352, stack(0x0000006a47c00000,0x0000006a47d00000)]
  0x0000021fe0c23010 JavaThread "Reference Handler" daemon [_thread_blocked, id=4304, stack(0x0000006a48300000,0x0000006a48400000)]
  0x0000021fe0c23ad0 JavaThread "Finalizer" daemon [_thread_blocked, id=23476, stack(0x0000006a48400000,0x0000006a48500000)]
  0x0000021fe38151f0 JavaThread "Signal Dispatcher" daemon [_thread_blocked, id=42220, stack(0x0000006a48500000,0x0000006a48600000)]
  0x0000021fe3815cb0 JavaThread "Attach Listener" daemon [_thread_blocked, id=18212, stack(0x0000006a48600000,0x0000006a48700000)]
  0x0000021fe3818580 JavaThread "Service Thread" daemon [_thread_blocked, id=42320, stack(0x0000006a48700000,0x0000006a48800000)]
  0x0000021fe38195e0 JavaThread "Monitor Deflation Thread" daemon [_thread_blocked, id=10896, stack(0x0000006a48800000,0x0000006a48900000)]
  0x0000021fe381a970 JavaThread "C2 CompilerThread0" daemon [_thread_blocked, id=42972, stack(0x0000006a48900000,0x0000006a48a00000)]
  0x0000021fe381c020 JavaThread "C1 CompilerThread0" daemon [_thread_blocked, id=19296, stack(0x0000006a48a00000,0x0000006a48b00000)]
  0x0000021fe0c38fd0 JavaThread "Sweeper thread" daemon [_thread_blocked, id=41272, stack(0x0000006a48b00000,0x0000006a48c00000)]
  0x0000021fe39555d0 JavaThread "Notification Thread" daemon [_thread_blocked, id=27972, stack(0x0000006a48c00000,0x0000006a48d00000)]
  0x0000021fe395dde0 JavaThread "Common-Cleaner" daemon [_thread_blocked, id=38836, stack(0x0000006a48e00000,0x0000006a48f00000)]
  0x0000021fe4e8ab90 JavaThread "C2 CompilerThread1" daemon [_thread_blocked, id=26480, stack(0x0000006a48f00000,0x0000006a49000000)]
  0x0000021fe4e8b0a0 JavaThread "C2 CompilerThread2" daemon [_thread_blocked, id=35368, stack(0x0000006a4a500000,0x0000006a4a600000)]
  0x0000021fe6d663c0 JavaThread "Worker-Bootstrap-1" daemon [_thread_in_Java, id=21556, stack(0x0000006a4a600000,0x0000006a4a700000)]
  0x0000021fe6d65080 JavaThread "Worker-Bootstrap-2" daemon [_thread_in_Java, id=26092, stack(0x0000006a4a700000,0x0000006a4a800000)]
  0x0000021fe6d633a0 JavaThread "Worker-Bootstrap-3" daemon [_thread_in_Java, id=21012, stack(0x0000006a4a800000,0x0000006a4a900000)]
  0x0000021fe6d66890 JavaThread "Worker-Bootstrap-4" daemon [_thread_in_Java, id=40172, stack(0x0000006a4a900000,0x0000006a4aa00000)]
  0x0000021fe6d66d60 JavaThread "Worker-Bootstrap-5" daemon [_thread_in_Java, id=7556, stack(0x0000006a4aa00000,0x0000006a4ab00000)]
  0x0000021fe6d63870 JavaThread "Worker-Bootstrap-6" daemon [_thread_in_Java, id=36780, stack(0x0000006a4ab00000,0x0000006a4ac00000)]
  0x0000021fe6d63d40 JavaThread "Worker-Bootstrap-7" daemon [_thread_in_Java, id=31164, stack(0x0000006a4ac00000,0x0000006a4ad00000)]
  0x0000021fe9205210 JavaThread "Worker-Bootstrap-8" daemon [_thread_in_Java, id=11832, stack(0x0000006a4ad00000,0x0000006a4ae00000)]
  0x0000021fe92073c0 JavaThread "Worker-Bootstrap-9" daemon [_thread_in_Java, id=14572, stack(0x0000006a4ae00000,0x0000006a4af00000)]
  0x0000021fe9206a20 JavaThread "Worker-Bootstrap-10" daemon [_thread_in_Java, id=42332, stack(0x0000006a4af00000,0x0000006a4b000000)]
  0x0000021fe9208700 JavaThread "Worker-Bootstrap-11" daemon [_thread_in_Java, id=13256, stack(0x0000006a4b000000,0x0000006a4b100000)]
  0x0000021fe92056e0 JavaThread "Timer hack thread" daemon [_thread_blocked, id=23660, stack(0x0000006a4b300000,0x0000006a4b400000)]

Other Threads:
  0x0000021fe0c1beb0 VMThread "VM Thread" [stack: 0x0000006a48200000,0x0000006a48300000] [id=6964]
  0x0000021fa3bf14b0 WatcherThread [stack: 0x0000006a48d00000,0x0000006a48e00000] [id=9712]
  0x0000021fa3bd9a40 GCTaskThread "GC Thread#0" [stack: 0x0000006a47d00000,0x0000006a47e00000] [id=25108]
  0x0000021fe45cb0b0 GCTaskThread "GC Thread#1" [stack: 0x0000006a49100000,0x0000006a49200000] [id=29388]
  0x0000021fe490d530 GCTaskThread "GC Thread#2" [stack: 0x0000006a49200000,0x0000006a49300000] [id=31580]
  0x0000021fe490d7e0 GCTaskThread "GC Thread#3" [stack: 0x0000006a49300000,0x0000006a49400000] [id=11836]
  0x0000021fe4bfe490 GCTaskThread "GC Thread#4" [stack: 0x0000006a49400000,0x0000006a49500000] [id=41996]
  0x0000021fe4bfe740 GCTaskThread "GC Thread#5" [stack: 0x0000006a49500000,0x0000006a49600000] [id=22760]
  0x0000021fe4bfe9f0 GCTaskThread "GC Thread#6" [stack: 0x0000006a49600000,0x0000006a49700000] [id=20916]
  0x0000021fe4bfeca0 GCTaskThread "GC Thread#7" [stack: 0x0000006a49700000,0x0000006a49800000] [id=3404]
  0x0000021fe4d9c070 GCTaskThread "GC Thread#8" [stack: 0x0000006a49800000,0x0000006a49900000] [id=27228]
  0x0000021fe4d9c320 GCTaskThread "GC Thread#9" [stack: 0x0000006a49900000,0x0000006a49a00000] [id=32500]
  0x0000021fa3bea6b0 ConcurrentGCThread "G1 Main Marker" [stack: 0x0000006a47e00000,0x0000006a47f00000] [id=14016]
  0x0000021fa3beae70 ConcurrentGCThread "G1 Conc#0" [stack: 0x0000006a47f00000,0x0000006a48000000] [id=43764]
  0x0000021fe55f6980 ConcurrentGCThread "G1 Conc#1" [stack: 0x0000006a49000000,0x0000006a49100000] [id=19204]
  0x0000021fe786f0d0 ConcurrentGCThread "G1 Conc#2" [stack: 0x0000006a4a400000,0x0000006a4a500000] [id=19088]
  0x0000021fe0bf7010 ConcurrentGCThread "G1 Refine#0" [stack: 0x0000006a48000000,0x0000006a48100000] [id=38316]
  0x0000021fe4cb89a0 ConcurrentGCThread "G1 Refine#1" [stack: 0x0000006a49a00000,0x0000006a49b00000] [id=38980]
  0x0000021fe4ac9010 ConcurrentGCThread "G1 Refine#2" [stack: 0x0000006a49b00000,0x0000006a49c00000] [id=22096]
  0x0000021fe4616070 ConcurrentGCThread "G1 Refine#3" [stack: 0x0000006a49c00000,0x0000006a49d00000] [id=4836]
  0x0000021fe4d41c80 ConcurrentGCThread "G1 Refine#4" [stack: 0x0000006a49d00000,0x0000006a49e00000] [id=37740]
  0x0000021fe49f29e0 ConcurrentGCThread "G1 Refine#5" [stack: 0x0000006a49e00000,0x0000006a49f00000] [id=35824]
  0x0000021fe49f15c0 ConcurrentGCThread "G1 Refine#6" [stack: 0x0000006a49f00000,0x0000006a4a000000] [id=11996]
  0x0000021fe49f1e60 ConcurrentGCThread "G1 Refine#7" [stack: 0x0000006a4a000000,0x0000006a4a100000] [id=40724]
  0x0000021fe570e4f0 ConcurrentGCThread "G1 Refine#8" [stack: 0x0000006a4b100000,0x0000006a4b200000] [id=25388]
  0x0000021fe570ed90 ConcurrentGCThread "G1 Refine#9" [stack: 0x0000006a4b200000,0x0000006a4b300000] [id=18060]
  0x0000021fe0bf77e0 ConcurrentGCThread "G1 Service" [stack: 0x0000006a48100000,0x0000006a48200000] [id=41212]

Threads with active compile tasks:

VM state: not at safepoint (normal execution)

VM Mutex/Monitor currently owned by a thread: None

Heap address: 0x0000000402000000, size: 16352 MB, Compressed Oops mode: Zero based, Oop shift amount: 3

CDS archive(s) mapped at: [0x0000000800000000-0x0000000800bc0000-0x0000000800bc0000), size 12320768, SharedBaseAddress: 0x0000000800000000, ArchiveRelocationMode: 0.
Compressed class space mapped at: 0x0000000800c00000-0x0000000840c00000, reserved size: 1073741824
Narrow klass base: 0x0000000800000000, Narrow klass shift: 0, Narrow klass range: 0x100000000

GC Precious Log:
 CPUs: 12 total, 12 available
 Memory: 65398M
 Large Page Support: Disabled
 NUMA Support: Disabled
 Compressed Oops: Enabled (Zero based)
 Heap Region Size: 8M
 Heap Min Capacity: 8M
 Heap Initial Capacity: 1G
 Heap Max Capacity: 16352M
 Pre-touch: Disabled
 Parallel Workers: 10
 Concurrent Workers: 3
 Concurrent Refinement Workers: 10
 Periodic GC: Disabled

Heap:
 garbage-first heap   total 2105344K, used 1153353K [0x0000000402000000, 0x0000000800000000)
  region size 8192K, 118 young (966656K), 2 survivors (16384K)
 Metaspace       used 45029K, committed 45632K, reserved 1089536K
  class space    used 6819K, committed 7104K, reserved 1048576K

Heap Regions: E=young(eden), S=young(survivor), O=old, HS=humongous(starts), HC=humongous(continues), CS=collection set, F=free, OA=open archive, CA=closed archive, TAMS=top-at-mark-start (previous, next)
|   0|0x0000000402000000, 0x0000000402800000, 0x0000000402800000|100%| O|  |TAMS 0x0000000402800000, 0x0000000402000000| Untracked 
|   1|0x0000000402800000, 0x0000000403000000, 0x0000000403000000|100%| O|  |TAMS 0x0000000403000000, 0x0000000402800000| Untracked 
|   2|0x0000000403000000, 0x0000000403800000, 0x0000000403800000|100%| O|  |TAMS 0x0000000403800000, 0x0000000403000000| Untracked 
|   3|0x0000000403800000, 0x0000000404000000, 0x0000000404000000|100%| O|  |TAMS 0x0000000404000000, 0x0000000403800000| Untracked 
|   4|0x0000000404000000, 0x0000000404800000, 0x0000000404800000|100%|HS|  |TAMS 0x0000000404800000, 0x0000000404000000| Complete 
|   5|0x0000000404800000, 0x0000000405000000, 0x0000000405000000|100%|HC|  |TAMS 0x0000000405000000, 0x0000000404800000| Complete 
|   6|0x0000000405000000, 0x0000000405800000, 0x0000000405800000|100%| O|  |TAMS 0x0000000405800000, 0x0000000405000000| Untracked 
|   7|0x0000000405800000, 0x0000000406000000, 0x0000000406000000|100%| O|  |TAMS 0x0000000406000000, 0x0000000405800000| Untracked 
|   8|0x0000000406000000, 0x0000000406800000, 0x0000000406800000|100%| O|  |TAMS 0x0000000406800000, 0x0000000406000000| Untracked 
|   9|0x0000000406800000, 0x0000000406c0a400, 0x0000000407000000| 50%| O|  |TAMS 0x0000000406c0a400, 0x0000000406800000| Untracked 
|  10|0x0000000407000000, 0x0000000407800000, 0x0000000407800000|100%| O|  |TAMS 0x0000000407800000, 0x0000000407000000| Untracked 
|  11|0x0000000407800000, 0x0000000408000000, 0x0000000408000000|100%| O|  |TAMS 0x0000000408000000, 0x0000000407800000| Untracked 
|  12|0x0000000408000000, 0x0000000408800000, 0x0000000408800000|100%| O|  |TAMS 0x0000000408800000, 0x0000000408000000| Untracked 
|  13|0x0000000408800000, 0x0000000409000000, 0x0000000409000000|100%| O|  |TAMS 0x0000000409000000, 0x0000000408800000| Untracked 
|  14|0x0000000409000000, 0x0000000409800000, 0x0000000409800000|100%| O|  |TAMS 0x0000000409800000, 0x0000000409000000| Untracked 
|  15|0x0000000409800000, 0x000000040a000000, 0x000000040a000000|100%| O|  |TAMS 0x000000040a000000, 0x0000000409800000| Untracked 
|  16|0x000000040a000000, 0x000000040a800000, 0x000000040a800000|100%| O|  |TAMS 0x000000040a800000, 0x000000040a000000| Untracked 
|  17|0x000000040a800000, 0x000000040b000000, 0x000000040b000000|100%| O|  |TAMS 0x000000040b000000, 0x000000040a800000| Untracked 
|  18|0x000000040b000000, 0x000000040b800000, 0x000000040b800000|100%| O|  |TAMS 0x000000040b800000, 0x000000040b000000| Untracked 
|  19|0x000000040b800000, 0x000000040c000000, 0x000000040c000000|100%| O|  |TAMS 0x000000040c000000, 0x000000040b800000| Untracked 
|  20|0x000000040c000000, 0x000000040c800000, 0x000000040c800000|100%| O|  |TAMS 0x000000040c800000, 0x000000040c000000| Untracked 
|  21|0x000000040c800000, 0x000000040d000000, 0x000000040d000000|100%| O|  |TAMS 0x000000040d000000, 0x000000040c800000| Untracked 
|  22|0x000000040d000000, 0x000000040d800000, 0x000000040d800000|100%| O|  |TAMS 0x000000040d800000, 0x000000040d000000| Untracked 
|  23|0x000000040d800000, 0x000000040e000000, 0x000000040e000000|100%| O|  |TAMS 0x000000040e000000, 0x000000040d800000| Untracked 
|  24|0x000000040e000000, 0x000000040e7bd000, 0x000000040e800000| 96%| O|  |TAMS 0x000000040e7bd000, 0x000000040e000000| Untracked 
|  25|0x000000040e800000, 0x000000040e800000, 0x000000040f000000|  0%| F|  |TAMS 0x000000040e800000, 0x000000040e800000| Untracked 
|  26|0x000000040f000000, 0x000000040f000000, 0x000000040f800000|  0%| F|  |TAMS 0x000000040f000000, 0x000000040f000000| Untracked 
|  27|0x000000040f800000, 0x000000040f800000, 0x0000000410000000|  0%| F|  |TAMS 0x000000040f800000, 0x000000040f800000| Untracked 
|  28|0x0000000410000000, 0x0000000410000000, 0x0000000410800000|  0%| F|  |TAMS 0x0000000410000000, 0x0000000410000000| Untracked 
|  29|0x0000000410800000, 0x0000000410800000, 0x0000000411000000|  0%| F|  |TAMS 0x0000000410800000, 0x0000000410800000| Untracked 
|  30|0x0000000411000000, 0x0000000411000000, 0x0000000411800000|  0%| F|  |TAMS 0x0000000411000000, 0x0000000411000000| Untracked 
|  31|0x0000000411800000, 0x0000000411800000, 0x0000000412000000|  0%| F|  |TAMS 0x0000000411800000, 0x0000000411800000| Untracked 
|  32|0x0000000412000000, 0x0000000412000000, 0x0000000412800000|  0%| F|  |TAMS 0x0000000412000000, 0x0000000412000000| Untracked 
|  33|0x0000000412800000, 0x0000000412800000, 0x0000000413000000|  0%| F|  |TAMS 0x0000000412800000, 0x0000000412800000| Untracked 
|  34|0x0000000413000000, 0x0000000413000000, 0x0000000413800000|  0%| F|  |TAMS 0x0000000413000000, 0x0000000413000000| Untracked 
|  35|0x0000000413800000, 0x0000000413800000, 0x0000000414000000|  0%| F|  |TAMS 0x0000000413800000, 0x0000000413800000| Untracked 
|  36|0x0000000414000000, 0x0000000414000000, 0x0000000414800000|  0%| F|  |TAMS 0x0000000414000000, 0x0000000414000000| Untracked 
|  37|0x0000000414800000, 0x0000000414800000, 0x0000000415000000|  0%| F|  |TAMS 0x0000000414800000, 0x0000000414800000| Untracked 
|  38|0x0000000415000000, 0x0000000415000000, 0x0000000415800000|  0%| F|  |TAMS 0x0000000415000000, 0x0000000415000000| Untracked 
|  39|0x0000000415800000, 0x0000000415800000, 0x0000000416000000|  0%| F|  |TAMS 0x0000000415800000, 0x0000000415800000| Untracked 
|  40|0x0000000416000000, 0x0000000416000000, 0x0000000416800000|  0%| F|  |TAMS 0x0000000416000000, 0x0000000416000000| Untracked 
|  41|0x0000000416800000, 0x0000000416a8b0f8, 0x0000000417000000| 31%| S|CS|TAMS 0x0000000416800000, 0x0000000416800000| Complete 
|  42|0x0000000417000000, 0x0000000417800000, 0x0000000417800000|100%| S|CS|TAMS 0x0000000417000000, 0x0000000417000000| Complete 
|  43|0x0000000417800000, 0x0000000417800000, 0x0000000418000000|  0%| F|  |TAMS 0x0000000417800000, 0x0000000417800000| Untracked 
|  44|0x0000000418000000, 0x0000000418000000, 0x0000000418800000|  0%| F|  |TAMS 0x0000000418000000, 0x0000000418000000| Untracked 
|  45|0x0000000418800000, 0x0000000418800000, 0x0000000419000000|  0%| F|  |TAMS 0x0000000418800000, 0x0000000418800000| Untracked 
|  46|0x0000000419000000, 0x0000000419000000, 0x0000000419800000|  0%| F|  |TAMS 0x0000000419000000, 0x0000000419000000| Untracked 
|  47|0x0000000419800000, 0x0000000419800000, 0x000000041a000000|  0%| F|  |TAMS 0x0000000419800000, 0x0000000419800000| Untracked 
|  48|0x000000041a000000, 0x000000041a000000, 0x000000041a800000|  0%| F|  |TAMS 0x000000041a000000, 0x000000041a000000| Untracked 
|  49|0x000000041a800000, 0x000000041a800000, 0x000000041b000000|  0%| F|  |TAMS 0x000000041a800000, 0x000000041a800000| Untracked 
|  50|0x000000041b000000, 0x000000041b000000, 0x000000041b800000|  0%| F|  |TAMS 0x000000041b000000, 0x000000041b000000| Untracked 
|  51|0x000000041b800000, 0x000000041b800000, 0x000000041c000000|  0%| F|  |TAMS 0x000000041b800000, 0x000000041b800000| Untracked 
|  52|0x000000041c000000, 0x000000041c000000, 0x000000041c800000|  0%| F|  |TAMS 0x000000041c000000, 0x000000041c000000| Untracked 
|  53|0x000000041c800000, 0x000000041c800000, 0x000000041d000000|  0%| F|  |TAMS 0x000000041c800000, 0x000000041c800000| Untracked 
|  54|0x000000041d000000, 0x000000041d000000, 0x000000041d800000|  0%| F|  |TAMS 0x000000041d000000, 0x000000041d000000| Untracked 
|  55|0x000000041d800000, 0x000000041d800000, 0x000000041e000000|  0%| F|  |TAMS 0x000000041d800000, 0x000000041d800000| Untracked 
|  56|0x000000041e000000, 0x000000041e000000, 0x000000041e800000|  0%| F|  |TAMS 0x000000041e000000, 0x000000041e000000| Untracked 
|  57|0x000000041e800000, 0x000000041e800000, 0x000000041f000000|  0%| F|  |TAMS 0x000000041e800000, 0x000000041e800000| Untracked 
|  58|0x000000041f000000, 0x000000041f000000, 0x000000041f800000|  0%| F|  |TAMS 0x000000041f000000, 0x000000041f000000| Untracked 
|  59|0x000000041f800000, 0x000000041f800000, 0x0000000420000000|  0%| F|  |TAMS 0x000000041f800000, 0x000000041f800000| Untracked 
|  60|0x0000000420000000, 0x0000000420000000, 0x0000000420800000|  0%| F|  |TAMS 0x0000000420000000, 0x0000000420000000| Untracked 
|  61|0x0000000420800000, 0x0000000420800000, 0x0000000421000000|  0%| F|  |TAMS 0x0000000420800000, 0x0000000420800000| Untracked 
|  62|0x0000000421000000, 0x0000000421000000, 0x0000000421800000|  0%| F|  |TAMS 0x0000000421000000, 0x0000000421000000| Untracked 
|  63|0x0000000421800000, 0x0000000421800000, 0x0000000422000000|  0%| F|  |TAMS 0x0000000421800000, 0x0000000421800000| Untracked 
|  64|0x0000000422000000, 0x0000000422000000, 0x0000000422800000|  0%| F|  |TAMS 0x0000000422000000, 0x0000000422000000| Untracked 
|  65|0x0000000422800000, 0x0000000422800000, 0x0000000423000000|  0%| F|  |TAMS 0x0000000422800000, 0x0000000422800000| Untracked 
|  66|0x0000000423000000, 0x0000000423000000, 0x0000000423800000|  0%| F|  |TAMS 0x0000000423000000, 0x0000000423000000| Untracked 
|  67|0x0000000423800000, 0x0000000423800000, 0x0000000424000000|  0%| F|  |TAMS 0x0000000423800000, 0x0000000423800000| Untracked 
|  68|0x0000000424000000, 0x0000000424000000, 0x0000000424800000|  0%| F|  |TAMS 0x0000000424000000, 0x0000000424000000| Untracked 
|  69|0x0000000424800000, 0x0000000424800000, 0x0000000425000000|  0%| F|  |TAMS 0x0000000424800000, 0x0000000424800000| Untracked 
|  70|0x0000000425000000, 0x0000000425000000, 0x0000000425800000|  0%| F|  |TAMS 0x0000000425000000, 0x0000000425000000| Untracked 
|  71|0x0000000425800000, 0x0000000425800000, 0x0000000426000000|  0%| F|  |TAMS 0x0000000425800000, 0x0000000425800000| Untracked 
|  72|0x0000000426000000, 0x0000000426000000, 0x0000000426800000|  0%| F|  |TAMS 0x0000000426000000, 0x0000000426000000| Untracked 
|  73|0x0000000426800000, 0x0000000426800000, 0x0000000427000000|  0%| F|  |TAMS 0x0000000426800000, 0x0000000426800000| Untracked 
|  74|0x0000000427000000, 0x0000000427000000, 0x0000000427800000|  0%| F|  |TAMS 0x0000000427000000, 0x0000000427000000| Untracked 
|  75|0x0000000427800000, 0x0000000427800000, 0x0000000428000000|  0%| F|  |TAMS 0x0000000427800000, 0x0000000427800000| Untracked 
|  76|0x0000000428000000, 0x0000000428000000, 0x0000000428800000|  0%| F|  |TAMS 0x0000000428000000, 0x0000000428000000| Untracked 
|  77|0x0000000428800000, 0x0000000428800000, 0x0000000429000000|  0%| F|  |TAMS 0x0000000428800000, 0x0000000428800000| Untracked 
|  78|0x0000000429000000, 0x0000000429000000, 0x0000000429800000|  0%| F|  |TAMS 0x0000000429000000, 0x0000000429000000| Untracked 
|  79|0x0000000429800000, 0x0000000429800000, 0x000000042a000000|  0%| F|  |TAMS 0x0000000429800000, 0x0000000429800000| Untracked 
|  80|0x000000042a000000, 0x000000042a000000, 0x000000042a800000|  0%| F|  |TAMS 0x000000042a000000, 0x000000042a000000| Untracked 
|  81|0x000000042a800000, 0x000000042a800000, 0x000000042b000000|  0%| F|  |TAMS 0x000000042a800000, 0x000000042a800000| Untracked 
|  82|0x000000042b000000, 0x000000042b000000, 0x000000042b800000|  0%| F|  |TAMS 0x000000042b000000, 0x000000042b000000| Untracked 
|  83|0x000000042b800000, 0x000000042b800000, 0x000000042c000000|  0%| F|  |TAMS 0x000000042b800000, 0x000000042b800000| Untracked 
|  84|0x000000042c000000, 0x000000042c000000, 0x000000042c800000|  0%| F|  |TAMS 0x000000042c000000, 0x000000042c000000| Untracked 
|  85|0x000000042c800000, 0x000000042c800000, 0x000000042d000000|  0%| F|  |TAMS 0x000000042c800000, 0x000000042c800000| Untracked 
|  86|0x000000042d000000, 0x000000042d000000, 0x000000042d800000|  0%| F|  |TAMS 0x000000042d000000, 0x000000042d000000| Untracked 
|  87|0x000000042d800000, 0x000000042d800000, 0x000000042e000000|  0%| F|  |TAMS 0x000000042d800000, 0x000000042d800000| Untracked 
|  88|0x000000042e000000, 0x000000042e000000, 0x000000042e800000|  0%| F|  |TAMS 0x000000042e000000, 0x000000042e000000| Untracked 
|  89|0x000000042e800000, 0x000000042e800000, 0x000000042f000000|  0%| F|  |TAMS 0x000000042e800000, 0x000000042e800000| Untracked 
|  90|0x000000042f000000, 0x000000042f000000, 0x000000042f800000|  0%| F|  |TAMS 0x000000042f000000, 0x000000042f000000| Untracked 
|  91|0x000000042f800000, 0x000000042f800000, 0x0000000430000000|  0%| F|  |TAMS 0x000000042f800000, 0x000000042f800000| Untracked 
|  92|0x0000000430000000, 0x0000000430000000, 0x0000000430800000|  0%| F|  |TAMS 0x0000000430000000, 0x0000000430000000| Untracked 
|  93|0x0000000430800000, 0x0000000430800000, 0x0000000431000000|  0%| F|  |TAMS 0x0000000430800000, 0x0000000430800000| Untracked 
|  94|0x0000000431000000, 0x0000000431000000, 0x0000000431800000|  0%| F|  |TAMS 0x0000000431000000, 0x0000000431000000| Untracked 
|  95|0x0000000431800000, 0x0000000431800000, 0x0000000432000000|  0%| F|  |TAMS 0x0000000431800000, 0x0000000431800000| Untracked 
|  96|0x0000000432000000, 0x0000000432000000, 0x0000000432800000|  0%| F|  |TAMS 0x0000000432000000, 0x0000000432000000| Untracked 
|  97|0x0000000432800000, 0x0000000432800000, 0x0000000433000000|  0%| F|  |TAMS 0x0000000432800000, 0x0000000432800000| Untracked 
|  98|0x0000000433000000, 0x0000000433000000, 0x0000000433800000|  0%| F|  |TAMS 0x0000000433000000, 0x0000000433000000| Untracked 
|  99|0x0000000433800000, 0x0000000433800000, 0x0000000434000000|  0%| F|  |TAMS 0x0000000433800000, 0x0000000433800000| Untracked 
| 100|0x0000000434000000, 0x0000000434000000, 0x0000000434800000|  0%| F|  |TAMS 0x0000000434000000, 0x0000000434000000| Untracked 
| 101|0x0000000434800000, 0x0000000434800000, 0x0000000435000000|  0%| F|  |TAMS 0x0000000434800000, 0x0000000434800000| Untracked 
| 102|0x0000000435000000, 0x0000000435000000, 0x0000000435800000|  0%| F|  |TAMS 0x0000000435000000, 0x0000000435000000| Untracked 
| 103|0x0000000435800000, 0x0000000435800000, 0x0000000436000000|  0%| F|  |TAMS 0x0000000435800000, 0x0000000435800000| Untracked 
| 104|0x0000000436000000, 0x0000000436000000, 0x0000000436800000|  0%| F|  |TAMS 0x0000000436000000, 0x0000000436000000| Untracked 
| 105|0x0000000436800000, 0x0000000436800000, 0x0000000437000000|  0%| F|  |TAMS 0x0000000436800000, 0x0000000436800000| Untracked 
| 106|0x0000000437000000, 0x0000000437000000, 0x0000000437800000|  0%| F|  |TAMS 0x0000000437000000, 0x0000000437000000| Untracked 
| 107|0x0000000437800000, 0x0000000437800000, 0x0000000438000000|  0%| F|  |TAMS 0x0000000437800000, 0x0000000437800000| Untracked 
| 108|0x0000000438000000, 0x0000000438000000, 0x0000000438800000|  0%| F|  |TAMS 0x0000000438000000, 0x0000000438000000| Untracked 
| 109|0x0000000438800000, 0x0000000438800000, 0x0000000439000000|  0%| F|  |TAMS 0x0000000438800000, 0x0000000438800000| Untracked 
| 110|0x0000000439000000, 0x0000000439000000, 0x0000000439800000|  0%| F|  |TAMS 0x0000000439000000, 0x0000000439000000| Untracked 
| 111|0x0000000439800000, 0x0000000439800000, 0x000000043a000000|  0%| F|  |TAMS 0x0000000439800000, 0x0000000439800000| Untracked 
| 112|0x000000043a000000, 0x000000043a000000, 0x000000043a800000|  0%| F|  |TAMS 0x000000043a000000, 0x000000043a000000| Untracked 
| 113|0x000000043a800000, 0x000000043a800000, 0x000000043b000000|  0%| F|  |TAMS 0x000000043a800000, 0x000000043a800000| Untracked 
| 114|0x000000043b000000, 0x000000043b000000, 0x000000043b800000|  0%| F|  |TAMS 0x000000043b000000, 0x000000043b000000| Untracked 
| 115|0x000000043b800000, 0x000000043b800000, 0x000000043c000000|  0%| F|  |TAMS 0x000000043b800000, 0x000000043b800000| Untracked 
| 116|0x000000043c000000, 0x000000043c000000, 0x000000043c800000|  0%| F|  |TAMS 0x000000043c000000, 0x000000043c000000| Untracked 
| 117|0x000000043c800000, 0x000000043c800000, 0x000000043d000000|  0%| F|  |TAMS 0x000000043c800000, 0x000000043c800000| Untracked 
| 118|0x000000043d000000, 0x000000043d000000, 0x000000043d800000|  0%| F|  |TAMS 0x000000043d000000, 0x000000043d000000| Untracked 
| 119|0x000000043d800000, 0x000000043d800000, 0x000000043e000000|  0%| F|  |TAMS 0x000000043d800000, 0x000000043d800000| Untracked 
| 120|0x000000043e000000, 0x000000043e000000, 0x000000043e800000|  0%| F|  |TAMS 0x000000043e000000, 0x000000043e000000| Untracked 
| 121|0x000000043e800000, 0x000000043e800000, 0x000000043f000000|  0%| F|  |TAMS 0x000000043e800000, 0x000000043e800000| Untracked 
| 122|0x000000043f000000, 0x000000043f000000, 0x000000043f800000|  0%| F|  |TAMS 0x000000043f000000, 0x000000043f000000| Untracked 
| 123|0x000000043f800000, 0x000000043f800000, 0x0000000440000000|  0%| F|  |TAMS 0x000000043f800000, 0x000000043f800000| Untracked 
| 124|0x0000000440000000, 0x0000000440000000, 0x0000000440800000|  0%| F|  |TAMS 0x0000000440000000, 0x0000000440000000| Untracked 
| 125|0x0000000440800000, 0x0000000440800000, 0x0000000441000000|  0%| F|  |TAMS 0x0000000440800000, 0x0000000440800000| Untracked 
| 126|0x0000000441000000, 0x0000000441000000, 0x0000000441800000|  0%| F|  |TAMS 0x0000000441000000, 0x0000000441000000| Untracked 
| 127|0x0000000441800000, 0x0000000441800000, 0x0000000442000000|  0%| F|  |TAMS 0x0000000441800000, 0x0000000441800000| Untracked 
| 128|0x0000000442000000, 0x0000000442000000, 0x0000000442800000|  0%| F|  |TAMS 0x0000000442000000, 0x0000000442000000| Untracked 
| 129|0x0000000442800000, 0x0000000442800000, 0x0000000443000000|  0%| F|  |TAMS 0x0000000442800000, 0x0000000442800000| Untracked 
| 130|0x0000000443000000, 0x0000000443000000, 0x0000000443800000|  0%| F|  |TAMS 0x0000000443000000, 0x0000000443000000| Untracked 
| 131|0x0000000443800000, 0x0000000443800000, 0x0000000444000000|  0%| F|  |TAMS 0x0000000443800000, 0x0000000443800000| Untracked 
| 132|0x0000000444000000, 0x0000000444000000, 0x0000000444800000|  0%| F|  |TAMS 0x0000000444000000, 0x0000000444000000| Untracked 
| 133|0x0000000444800000, 0x0000000444800000, 0x0000000445000000|  0%| F|  |TAMS 0x0000000444800000, 0x0000000444800000| Untracked 
| 134|0x0000000445000000, 0x0000000445000000, 0x0000000445800000|  0%| F|  |TAMS 0x0000000445000000, 0x0000000445000000| Untracked 
| 135|0x0000000445800000, 0x0000000445800000, 0x0000000446000000|  0%| F|  |TAMS 0x0000000445800000, 0x0000000445800000| Untracked 
| 136|0x0000000446000000, 0x0000000446000000, 0x0000000446800000|  0%| F|  |TAMS 0x0000000446000000, 0x0000000446000000| Untracked 
| 137|0x0000000446800000, 0x0000000446800000, 0x0000000447000000|  0%| F|  |TAMS 0x0000000446800000, 0x0000000446800000| Untracked 
| 138|0x0000000447000000, 0x0000000447000000, 0x0000000447800000|  0%| F|  |TAMS 0x0000000447000000, 0x0000000447000000| Untracked 
| 139|0x0000000447800000, 0x0000000448000000, 0x0000000448000000|100%| E|  |TAMS 0x0000000447800000, 0x0000000447800000| Complete 
| 140|0x0000000448000000, 0x0000000448800000, 0x0000000448800000|100%| E|CS|TAMS 0x0000000448000000, 0x0000000448000000| Complete 
| 141|0x0000000448800000, 0x0000000449000000, 0x0000000449000000|100%| E|CS|TAMS 0x0000000448800000, 0x0000000448800000| Complete 
| 142|0x0000000449000000, 0x0000000449800000, 0x0000000449800000|100%| E|CS|TAMS 0x0000000449000000, 0x0000000449000000| Complete 
| 143|0x0000000449800000, 0x000000044a000000, 0x000000044a000000|100%| E|CS|TAMS 0x0000000449800000, 0x0000000449800000| Complete 
| 144|0x000000044a000000, 0x000000044a800000, 0x000000044a800000|100%| E|CS|TAMS 0x000000044a000000, 0x000000044a000000| Complete 
| 145|0x000000044a800000, 0x000000044b000000, 0x000000044b000000|100%| E|CS|TAMS 0x000000044a800000, 0x000000044a800000| Complete 
| 146|0x000000044b000000, 0x000000044b800000, 0x000000044b800000|100%| E|CS|TAMS 0x000000044b000000, 0x000000044b000000| Complete 
| 147|0x000000044b800000, 0x000000044c000000, 0x000000044c000000|100%| E|CS|TAMS 0x000000044b800000, 0x000000044b800000| Complete 
| 148|0x000000044c000000, 0x000000044c800000, 0x000000044c800000|100%| E|CS|TAMS 0x000000044c000000, 0x000000044c000000| Complete 
| 149|0x000000044c800000, 0x000000044d000000, 0x000000044d000000|100%| E|CS|TAMS 0x000000044c800000, 0x000000044c800000| Complete 
| 150|0x000000044d000000, 0x000000044d800000, 0x000000044d800000|100%| E|CS|TAMS 0x000000044d000000, 0x000000044d000000| Complete 
| 151|0x000000044d800000, 0x000000044e000000, 0x000000044e000000|100%| E|CS|TAMS 0x000000044d800000, 0x000000044d800000| Complete 
| 152|0x000000044e000000, 0x000000044e800000, 0x000000044e800000|100%| E|CS|TAMS 0x000000044e000000, 0x000000044e000000| Complete 
| 153|0x000000044e800000, 0x000000044f000000, 0x000000044f000000|100%| E|CS|TAMS 0x000000044e800000, 0x000000044e800000| Complete 
| 154|0x000000044f000000, 0x000000044f800000, 0x000000044f800000|100%| E|CS|TAMS 0x000000044f000000, 0x000000044f000000| Complete 
| 155|0x000000044f800000, 0x0000000450000000, 0x0000000450000000|100%| E|CS|TAMS 0x000000044f800000, 0x000000044f800000| Complete 
| 156|0x0000000450000000, 0x0000000450800000, 0x0000000450800000|100%| E|CS|TAMS 0x0000000450000000, 0x0000000450000000| Complete 
| 157|0x0000000450800000, 0x0000000451000000, 0x0000000451000000|100%| E|CS|TAMS 0x0000000450800000, 0x0000000450800000| Complete 
| 158|0x0000000451000000, 0x0000000451800000, 0x0000000451800000|100%| E|CS|TAMS 0x0000000451000000, 0x0000000451000000| Complete 
| 159|0x0000000451800000, 0x0000000452000000, 0x0000000452000000|100%| E|CS|TAMS 0x0000000451800000, 0x0000000451800000| Complete 
| 160|0x0000000452000000, 0x0000000452800000, 0x0000000452800000|100%| E|CS|TAMS 0x0000000452000000, 0x0000000452000000| Complete 
| 161|0x0000000452800000, 0x0000000453000000, 0x0000000453000000|100%| E|CS|TAMS 0x0000000452800000, 0x0000000452800000| Complete 
| 162|0x0000000453000000, 0x0000000453800000, 0x0000000453800000|100%| E|CS|TAMS 0x0000000453000000, 0x0000000453000000| Complete 
| 163|0x0000000453800000, 0x0000000454000000, 0x0000000454000000|100%| E|CS|TAMS 0x0000000453800000, 0x0000000453800000| Complete 
| 164|0x0000000454000000, 0x0000000454800000, 0x0000000454800000|100%| E|CS|TAMS 0x0000000454000000, 0x0000000454000000| Complete 
| 165|0x0000000454800000, 0x0000000455000000, 0x0000000455000000|100%| E|CS|TAMS 0x0000000454800000, 0x0000000454800000| Complete 
| 166|0x0000000455000000, 0x0000000455800000, 0x0000000455800000|100%| E|CS|TAMS 0x0000000455000000, 0x0000000455000000| Complete 
| 167|0x0000000455800000, 0x0000000456000000, 0x0000000456000000|100%| E|CS|TAMS 0x0000000455800000, 0x0000000455800000| Complete 
| 168|0x0000000456000000, 0x0000000456800000, 0x0000000456800000|100%| E|CS|TAMS 0x0000000456000000, 0x0000000456000000| Complete 
| 169|0x0000000456800000, 0x0000000457000000, 0x0000000457000000|100%| E|CS|TAMS 0x0000000456800000, 0x0000000456800000| Complete 
| 170|0x0000000457000000, 0x0000000457800000, 0x0000000457800000|100%| E|CS|TAMS 0x0000000457000000, 0x0000000457000000| Complete 
| 171|0x0000000457800000, 0x0000000458000000, 0x0000000458000000|100%| E|CS|TAMS 0x0000000457800000, 0x0000000457800000| Complete 
| 172|0x0000000458000000, 0x0000000458800000, 0x0000000458800000|100%| E|CS|TAMS 0x0000000458000000, 0x0000000458000000| Complete 
| 173|0x0000000458800000, 0x0000000459000000, 0x0000000459000000|100%| E|CS|TAMS 0x0000000458800000, 0x0000000458800000| Complete 
| 174|0x0000000459000000, 0x0000000459800000, 0x0000000459800000|100%| E|CS|TAMS 0x0000000459000000, 0x0000000459000000| Complete 
| 175|0x0000000459800000, 0x000000045a000000, 0x000000045a000000|100%| E|CS|TAMS 0x0000000459800000, 0x0000000459800000| Complete 
| 176|0x000000045a000000, 0x000000045a800000, 0x000000045a800000|100%| E|CS|TAMS 0x000000045a000000, 0x000000045a000000| Complete 
| 177|0x000000045a800000, 0x000000045b000000, 0x000000045b000000|100%| E|CS|TAMS 0x000000045a800000, 0x000000045a800000| Complete 
| 178|0x000000045b000000, 0x000000045b800000, 0x000000045b800000|100%| E|CS|TAMS 0x000000045b000000, 0x000000045b000000| Complete 
| 179|0x000000045b800000, 0x000000045c000000, 0x000000045c000000|100%| E|CS|TAMS 0x000000045b800000, 0x000000045b800000| Complete 
| 180|0x000000045c000000, 0x000000045c800000, 0x000000045c800000|100%| E|CS|TAMS 0x000000045c000000, 0x000000045c000000| Complete 
| 181|0x000000045c800000, 0x000000045d000000, 0x000000045d000000|100%| E|CS|TAMS 0x000000045c800000, 0x000000045c800000| Complete 
| 182|0x000000045d000000, 0x000000045d800000, 0x000000045d800000|100%| E|CS|TAMS 0x000000045d000000, 0x000000045d000000| Complete 
| 183|0x000000045d800000, 0x000000045e000000, 0x000000045e000000|100%| E|CS|TAMS 0x000000045d800000, 0x000000045d800000| Complete 
| 184|0x000000045e000000, 0x000000045e800000, 0x000000045e800000|100%| E|CS|TAMS 0x000000045e000000, 0x000000045e000000| Complete 
| 185|0x000000045e800000, 0x000000045f000000, 0x000000045f000000|100%| E|CS|TAMS 0x000000045e800000, 0x000000045e800000| Complete 
| 186|0x000000045f000000, 0x000000045f800000, 0x000000045f800000|100%| E|CS|TAMS 0x000000045f000000, 0x000000045f000000| Complete 
| 187|0x000000045f800000, 0x0000000460000000, 0x0000000460000000|100%| E|CS|TAMS 0x000000045f800000, 0x000000045f800000| Complete 
| 188|0x0000000460000000, 0x0000000460800000, 0x0000000460800000|100%| E|CS|TAMS 0x0000000460000000, 0x0000000460000000| Complete 
| 189|0x0000000460800000, 0x0000000461000000, 0x0000000461000000|100%| E|CS|TAMS 0x0000000460800000, 0x0000000460800000| Complete 
| 190|0x0000000461000000, 0x0000000461800000, 0x0000000461800000|100%| E|CS|TAMS 0x0000000461000000, 0x0000000461000000| Complete 
| 191|0x0000000461800000, 0x0000000462000000, 0x0000000462000000|100%| E|CS|TAMS 0x0000000461800000, 0x0000000461800000| Complete 
| 192|0x0000000462000000, 0x0000000462800000, 0x0000000462800000|100%| E|CS|TAMS 0x0000000462000000, 0x0000000462000000| Complete 
| 193|0x0000000462800000, 0x0000000463000000, 0x0000000463000000|100%| E|CS|TAMS 0x0000000462800000, 0x0000000462800000| Complete 
| 194|0x0000000463000000, 0x0000000463800000, 0x0000000463800000|100%| E|CS|TAMS 0x0000000463000000, 0x0000000463000000| Complete 
| 195|0x0000000463800000, 0x0000000464000000, 0x0000000464000000|100%| E|CS|TAMS 0x0000000463800000, 0x0000000463800000| Complete 
| 196|0x0000000464000000, 0x0000000464800000, 0x0000000464800000|100%| E|CS|TAMS 0x0000000464000000, 0x0000000464000000| Complete 
| 197|0x0000000464800000, 0x0000000465000000, 0x0000000465000000|100%| E|CS|TAMS 0x0000000464800000, 0x0000000464800000| Complete 
| 198|0x0000000465000000, 0x0000000465800000, 0x0000000465800000|100%| E|CS|TAMS 0x0000000465000000, 0x0000000465000000| Complete 
| 199|0x0000000465800000, 0x0000000466000000, 0x0000000466000000|100%| E|CS|TAMS 0x0000000465800000, 0x0000000465800000| Complete 
| 200|0x0000000466000000, 0x0000000466800000, 0x0000000466800000|100%| E|CS|TAMS 0x0000000466000000, 0x0000000466000000| Complete 
| 201|0x0000000466800000, 0x0000000467000000, 0x0000000467000000|100%| E|CS|TAMS 0x0000000466800000, 0x0000000466800000| Complete 
| 202|0x0000000467000000, 0x0000000467800000, 0x0000000467800000|100%| E|CS|TAMS 0x0000000467000000, 0x0000000467000000| Complete 
| 203|0x0000000467800000, 0x0000000468000000, 0x0000000468000000|100%| E|CS|TAMS 0x0000000467800000, 0x0000000467800000| Complete 
| 204|0x0000000468000000, 0x0000000468800000, 0x0000000468800000|100%| E|CS|TAMS 0x0000000468000000, 0x0000000468000000| Complete 
| 205|0x0000000468800000, 0x0000000469000000, 0x0000000469000000|100%| E|CS|TAMS 0x0000000468800000, 0x0000000468800000| Complete 
| 206|0x0000000469000000, 0x0000000469800000, 0x0000000469800000|100%| E|CS|TAMS 0x0000000469000000, 0x0000000469000000| Complete 
| 207|0x0000000469800000, 0x000000046a000000, 0x000000046a000000|100%| E|CS|TAMS 0x0000000469800000, 0x0000000469800000| Complete 
| 208|0x000000046a000000, 0x000000046a800000, 0x000000046a800000|100%| E|CS|TAMS 0x000000046a000000, 0x000000046a000000| Complete 
| 209|0x000000046a800000, 0x000000046b000000, 0x000000046b000000|100%| E|CS|TAMS 0x000000046a800000, 0x000000046a800000| Complete 
| 210|0x000000046b000000, 0x000000046b800000, 0x000000046b800000|100%| E|CS|TAMS 0x000000046b000000, 0x000000046b000000| Complete 
| 211|0x000000046b800000, 0x000000046c000000, 0x000000046c000000|100%| E|CS|TAMS 0x000000046b800000, 0x000000046b800000| Complete 
| 212|0x000000046c000000, 0x000000046c800000, 0x000000046c800000|100%| E|CS|TAMS 0x000000046c000000, 0x000000046c000000| Complete 
| 213|0x000000046c800000, 0x000000046d000000, 0x000000046d000000|100%| E|CS|TAMS 0x000000046c800000, 0x000000046c800000| Complete 
| 214|0x000000046d000000, 0x000000046d800000, 0x000000046d800000|100%| E|CS|TAMS 0x000000046d000000, 0x000000046d000000| Complete 
| 215|0x000000046d800000, 0x000000046e000000, 0x000000046e000000|100%| E|CS|TAMS 0x000000046d800000, 0x000000046d800000| Complete 
| 216|0x000000046e000000, 0x000000046e800000, 0x000000046e800000|100%| E|CS|TAMS 0x000000046e000000, 0x000000046e000000| Complete 
| 217|0x000000046e800000, 0x000000046f000000, 0x000000046f000000|100%| E|CS|TAMS 0x000000046e800000, 0x000000046e800000| Complete 
| 218|0x000000046f000000, 0x000000046f800000, 0x000000046f800000|100%| E|CS|TAMS 0x000000046f000000, 0x000000046f000000| Complete 
| 219|0x000000046f800000, 0x0000000470000000, 0x0000000470000000|100%| E|CS|TAMS 0x000000046f800000, 0x000000046f800000| Complete 
| 220|0x0000000470000000, 0x0000000470800000, 0x0000000470800000|100%| E|CS|TAMS 0x0000000470000000, 0x0000000470000000| Complete 
| 221|0x0000000470800000, 0x0000000471000000, 0x0000000471000000|100%| E|CS|TAMS 0x0000000470800000, 0x0000000470800000| Complete 
| 222|0x0000000471000000, 0x0000000471800000, 0x0000000471800000|100%| E|CS|TAMS 0x0000000471000000, 0x0000000471000000| Complete 
| 223|0x0000000471800000, 0x0000000472000000, 0x0000000472000000|100%| E|CS|TAMS 0x0000000471800000, 0x0000000471800000| Complete 
| 224|0x0000000472000000, 0x0000000472800000, 0x0000000472800000|100%| E|CS|TAMS 0x0000000472000000, 0x0000000472000000| Complete 
| 225|0x0000000472800000, 0x0000000473000000, 0x0000000473000000|100%| E|CS|TAMS 0x0000000472800000, 0x0000000472800000| Complete 
| 226|0x0000000473000000, 0x0000000473800000, 0x0000000473800000|100%| E|CS|TAMS 0x0000000473000000, 0x0000000473000000| Complete 
| 227|0x0000000473800000, 0x0000000474000000, 0x0000000474000000|100%| E|CS|TAMS 0x0000000473800000, 0x0000000473800000| Complete 
| 228|0x0000000474000000, 0x0000000474800000, 0x0000000474800000|100%| E|CS|TAMS 0x0000000474000000, 0x0000000474000000| Complete 
| 229|0x0000000474800000, 0x0000000475000000, 0x0000000475000000|100%| E|CS|TAMS 0x0000000474800000, 0x0000000474800000| Complete 
| 230|0x0000000475000000, 0x0000000475800000, 0x0000000475800000|100%| E|CS|TAMS 0x0000000475000000, 0x0000000475000000| Complete 
| 231|0x0000000475800000, 0x0000000476000000, 0x0000000476000000|100%| E|CS|TAMS 0x0000000475800000, 0x0000000475800000| Complete 
| 232|0x0000000476000000, 0x0000000476800000, 0x0000000476800000|100%| E|CS|TAMS 0x0000000476000000, 0x0000000476000000| Complete 
| 233|0x0000000476800000, 0x0000000477000000, 0x0000000477000000|100%| E|CS|TAMS 0x0000000476800000, 0x0000000476800000| Complete 
| 234|0x0000000477000000, 0x0000000477800000, 0x0000000477800000|100%| E|CS|TAMS 0x0000000477000000, 0x0000000477000000| Complete 
| 235|0x0000000477800000, 0x0000000478000000, 0x0000000478000000|100%| E|CS|TAMS 0x0000000477800000, 0x0000000477800000| Complete 
| 236|0x0000000478000000, 0x0000000478800000, 0x0000000478800000|100%| E|CS|TAMS 0x0000000478000000, 0x0000000478000000| Complete 
| 237|0x0000000478800000, 0x0000000479000000, 0x0000000479000000|100%| E|CS|TAMS 0x0000000478800000, 0x0000000478800000| Complete 
| 238|0x0000000479000000, 0x0000000479800000, 0x0000000479800000|100%| E|CS|TAMS 0x0000000479000000, 0x0000000479000000| Complete 
| 239|0x0000000479800000, 0x000000047a000000, 0x000000047a000000|100%| E|CS|TAMS 0x0000000479800000, 0x0000000479800000| Complete 
| 240|0x000000047a000000, 0x000000047a800000, 0x000000047a800000|100%| E|CS|TAMS 0x000000047a000000, 0x000000047a000000| Complete 
| 241|0x000000047a800000, 0x000000047b000000, 0x000000047b000000|100%| E|CS|TAMS 0x000000047a800000, 0x000000047a800000| Complete 
| 242|0x000000047b000000, 0x000000047b800000, 0x000000047b800000|100%| E|CS|TAMS 0x000000047b000000, 0x000000047b000000| Complete 
| 243|0x000000047b800000, 0x000000047c000000, 0x000000047c000000|100%| E|CS|TAMS 0x000000047b800000, 0x000000047b800000| Complete 
| 244|0x000000047c000000, 0x000000047c800000, 0x000000047c800000|100%| E|CS|TAMS 0x000000047c000000, 0x000000047c000000| Complete 
| 245|0x000000047c800000, 0x000000047d000000, 0x000000047d000000|100%| E|CS|TAMS 0x000000047c800000, 0x000000047c800000| Complete 
| 246|0x000000047d000000, 0x000000047d800000, 0x000000047d800000|100%| E|CS|TAMS 0x000000047d000000, 0x000000047d000000| Complete 
| 247|0x000000047d800000, 0x000000047e000000, 0x000000047e000000|100%| E|CS|TAMS 0x000000047d800000, 0x000000047d800000| Complete 
| 248|0x000000047e000000, 0x000000047e800000, 0x000000047e800000|100%| E|CS|TAMS 0x000000047e000000, 0x000000047e000000| Complete 
| 249|0x000000047e800000, 0x000000047f000000, 0x000000047f000000|100%| E|CS|TAMS 0x000000047e800000, 0x000000047e800000| Complete 
| 250|0x000000047f000000, 0x000000047f800000, 0x000000047f800000|100%| E|CS|TAMS 0x000000047f000000, 0x000000047f000000| Complete 
| 251|0x000000047f800000, 0x0000000480000000, 0x0000000480000000|100%| E|CS|TAMS 0x000000047f800000, 0x000000047f800000| Complete 
| 252|0x0000000480000000, 0x0000000480800000, 0x0000000480800000|100%| E|CS|TAMS 0x0000000480000000, 0x0000000480000000| Complete 
| 253|0x0000000480800000, 0x0000000481000000, 0x0000000481000000|100%| E|CS|TAMS 0x0000000480800000, 0x0000000480800000| Complete 
| 254|0x0000000481000000, 0x0000000481800000, 0x0000000481800000|100%| E|CS|TAMS 0x0000000481000000, 0x0000000481000000| Complete 
| 255|0x0000000481800000, 0x0000000482000000, 0x0000000482000000|100%| E|CS|TAMS 0x0000000481800000, 0x0000000481800000| Complete 
| 256|0x0000000482000000, 0x0000000482800000, 0x0000000482800000|100%| E|CS|TAMS 0x0000000482000000, 0x0000000482000000| Complete 

Card table byte_map: [0x0000021fbcb60000,0x0000021fbeb50000] _byte_map_base: 0x0000021fbab50000

Marking Bits (Prev, Next): (CMBitMap*) 0x0000021fa3bd9e00, (CMBitMap*) 0x0000021fa3bd9e40
 Prev Bits: [0x0000021fc0b40000, 0x0000021fd0ac0000)
 Next Bits: [0x0000021fd0ac0000, 0x0000021fe0a40000)

Polling page: 0x0000021fa1a60000

Metaspace:

Usage:
  Non-class:     37.31 MB used.
      Class:      6.66 MB used.
       Both:     43.97 MB used.

Virtual space:
  Non-class space:       40.00 MB reserved,      37.63 MB ( 94%) committed,  5 nodes.
      Class space:        1.00 GB reserved,       6.94 MB ( <1%) committed,  1 nodes.
             Both:        1.04 GB reserved,      44.56 MB (  4%) committed. 

Chunk freelists:
   Non-Class:  2.11 MB
       Class:  1.10 MB
        Both:  3.21 MB

MaxMetaspaceSize: unlimited
CompressedClassSpaceSize: 1.00 GB
Initial GC threshold: 21.00 MB
Current GC threshold: 73.75 MB
CDS: on
MetaspaceReclaimPolicy: balanced
 - commit_granule_bytes: 65536.
 - commit_granule_words: 8192.
 - virtual_space_node_default_size: 1048576.
 - enlarge_chunks_in_place: 1.
 - new_chunks_are_fully_committed: 0.
 - uncommit_free_chunks: 1.
 - use_allocation_guard: 0.
 - handle_deallocations: 1.


Internal statistics:

num_allocs_failed_limit: 15.
num_arena_births: 810.
num_arena_deaths: 28.
num_vsnodes_births: 6.
num_vsnodes_deaths: 0.
num_space_committed: 710.
num_space_uncommitted: 0.
num_chunks_returned_to_freelist: 49.
num_chunks_taken_from_freelist: 2505.
num_chunk_merges: 30.
num_chunk_splits: 1664.
num_chunks_enlarged: 1213.
num_purges: 2.
num_inconsistent_stats: 0.

CodeHeap 'non-profiled nmethods': size=120000Kb used=3474Kb max_used=3474Kb free=116526Kb
 bounds [0x0000021fb30e0000, 0x0000021fb3450000, 0x0000021fba610000]
CodeHeap 'profiled nmethods': size=120000Kb used=7916Kb max_used=9395Kb free=112083Kb
 bounds [0x0000021fabbb0000, 0x0000021fac4e0000, 0x0000021fb30e0000]
CodeHeap 'non-nmethods': size=5760Kb used=1833Kb max_used=1847Kb free=3926Kb
 bounds [0x0000021fab610000, 0x0000021fab880000, 0x0000021fabbb0000]
 total_blobs=5987 nmethods=4670 adapters=1229
 compilation: enabled
              stopped_count=0, restarted_count=0
 full_count=0

Compilation events (20 events):
Event: 5.235 Thread 0x0000021fe381c020 nmethod 5753 0x0000021fac227410 code [0x0000021fac2275a0, 0x0000021fac2276d8]
Event: 5.236 Thread 0x0000021fe381a970 nmethod 5742 0x0000021fb343ea10 code [0x0000021fb343ec00, 0x0000021fb343f6c8]
Event: 5.236 Thread 0x0000021fe381a970 5751       4       com.mojang.datafixers.functions.Apply$$Lambda$1818/0x0000000801150cf8::apply (12 bytes)
Event: 5.237 Thread 0x0000021fe4e8b0a0 nmethod 5705 0x0000021fb343ff10 code [0x0000021fb3440140, 0x0000021fb3440a20]
Event: 5.237 Thread 0x0000021fe4e8b0a0 5747 %     4       sun.security.provider.SHA::implCompress0 @ 294 (506 bytes)
Event: 5.238 Thread 0x0000021fe381a970 nmethod 5751 0x0000021fb3441310 code [0x0000021fb34414a0, 0x0000021fb3441698]
Event: 5.238 Thread 0x0000021fe381a970 5750       4       com.mojang.datafixers.functions.Apply::lambda$null$4 (13 bytes)
Event: 5.238 Thread 0x0000021fe4e8ab90 nmethod 5741 0x0000021fb3441810 code [0x0000021fb3441a20, 0x0000021fb3442728]
Event: 5.239 Thread 0x0000021fe381a970 nmethod 5750 0x0000021fb3443190 code [0x0000021fb3443320, 0x0000021fb3443418]
Event: 5.240 Thread 0x0000021fe381c020 5754       3       java.nio.Buffer::flip (20 bytes)
Event: 5.240 Thread 0x0000021fe381c020 nmethod 5754 0x0000021fac28ba90 code [0x0000021fac28bc20, 0x0000021fac28bd38]
Event: 5.240 Thread 0x0000021fe381c020 5755       3       com.mojang.datafixers.functions.PointFreeRule$CompAssocLeft::swap (40 bytes)
Event: 5.241 Thread 0x0000021fe381c020 nmethod 5755 0x0000021fabce4d90 code [0x0000021fabce4fa0, 0x0000021fabce5878]
Event: 5.241 Thread 0x0000021fe381c020 5756       3       java.nio.ByteBuffer::flip (7 bytes)
Event: 5.241 Thread 0x0000021fe381c020 nmethod 5756 0x0000021fabce4990 code [0x0000021fabce4b20, 0x0000021fabce4c98]
Event: 5.249 Thread 0x0000021fe381c020 5758       3       sun.misc.Unsafe::putByte (9 bytes)
Event: 5.249 Thread 0x0000021fe381c020 nmethod 5758 0x0000021fac315690 code [0x0000021fac315820, 0x0000021fac315998]
Event: 5.249 Thread 0x0000021fe381c020 5759       3       jdk.internal.misc.Unsafe::putByte (8 bytes)
Event: 5.249 Thread 0x0000021fe381c020 nmethod 5759 0x0000021fac330790 code [0x0000021fac330920, 0x0000021fac330a38]
Event: 5.252 Thread 0x0000021fe4e8b0a0 nmethod 5747% 0x0000021fb3443910 code [0x0000021fb3443aa0, 0x0000021fb34440d8]

GC Heap History (20 events):
Event: 3.407 GC heap before
{Heap before GC invocations=9 (full 0):
 garbage-first heap   total 360448K, used 271495K [0x0000000402000000, 0x0000000800000000)
  region size 8192K, 27 young (221184K), 2 survivors (16384K)
 Metaspace       used 30959K, committed 31424K, reserved 1081344K
  class space    used 4074K, committed 4288K, reserved 1048576K
}
Event: 3.429 GC heap after
{Heap after GC invocations=10 (full 0):
 garbage-first heap   total 360448K, used 105673K [0x0000000402000000, 0x0000000800000000)
  region size 8192K, 4 young (32768K), 4 survivors (32768K)
 Metaspace       used 30959K, committed 31424K, reserved 1081344K
  class space    used 4074K, committed 4288K, reserved 1048576K
}
Event: 3.807 GC heap before
{Heap before GC invocations=10 (full 0):
 garbage-first heap   total 360448K, used 236745K [0x0000000402000000, 0x0000000800000000)
  region size 8192K, 20 young (163840K), 4 survivors (32768K)
 Metaspace       used 36656K, committed 37056K, reserved 1081344K
  class space    used 5390K, committed 5568K, reserved 1048576K
}
Event: 3.833 GC heap after
{Heap after GC invocations=11 (full 0):
 garbage-first heap   total 360448K, used 124598K [0x0000000402000000, 0x0000000800000000)
  region size 8192K, 3 young (24576K), 3 survivors (24576K)
 Metaspace       used 36656K, committed 37056K, reserved 1081344K
  class space    used 5390K, committed 5568K, reserved 1048576K
}
Event: 4.000 GC heap before
{Heap before GC invocations=11 (full 0):
 garbage-first heap   total 360448K, used 239286K [0x0000000402000000, 0x0000000800000000)
  region size 8192K, 17 young (139264K), 3 survivors (24576K)
 Metaspace       used 37857K, committed 38400K, reserved 1089536K
  class space    used 5598K, committed 5824K, reserved 1048576K
}
Event: 4.017 GC heap after
{Heap after GC invocations=12 (full 0):
 garbage-first heap   total 360448K, used 139198K [0x0000000402000000, 0x0000000800000000)
  region size 8192K, 2 young (16384K), 2 survivors (16384K)
 Metaspace       used 37857K, committed 38400K, reserved 1089536K
  class space    used 5598K, committed 5824K, reserved 1048576K
}
Event: 4.111 GC heap before
{Heap before GC invocations=12 (full 0):
 garbage-first heap   total 360448K, used 253886K [0x0000000402000000, 0x0000000800000000)
  region size 8192K, 16 young (131072K), 2 survivors (16384K)
 Metaspace       used 38491K, committed 39104K, reserved 1089536K
  class space    used 5730K, committed 6016K, reserved 1048576K
}
Event: 4.128 GC heap after
{Heap after GC invocations=13 (full 0):
 garbage-first heap   total 360448K, used 154317K [0x0000000402000000, 0x0000000800000000)
  region size 8192K, 2 young (16384K), 2 survivors (16384K)
 Metaspace       used 38491K, committed 39104K, reserved 1089536K
  class space    used 5730K, committed 6016K, reserved 1048576K
}
Event: 4.215 GC heap before
{Heap before GC invocations=13 (full 0):
 garbage-first heap   total 360448K, used 260813K [0x0000000402000000, 0x0000000800000000)
  region size 8192K, 15 young (122880K), 2 survivors (16384K)
 Metaspace       used 39190K, committed 39744K, reserved 1089536K
  class space    used 5859K, committed 6144K, reserved 1048576K
}
Event: 4.237 GC heap after
{Heap after GC invocations=14 (full 0):
 garbage-first heap   total 720896K, used 170312K [0x0000000402000000, 0x0000000800000000)
  region size 8192K, 2 young (16384K), 2 survivors (16384K)
 Metaspace       used 39190K, committed 39744K, reserved 1089536K
  class space    used 5859K, committed 6144K, reserved 1048576K
}
Event: 4.537 GC heap before
{Heap before GC invocations=14 (full 0):
 garbage-first heap   total 720896K, used 506184K [0x0000000402000000, 0x0000000800000000)
  region size 8192K, 44 young (360448K), 2 survivors (16384K)
 Metaspace       used 41884K, committed 42496K, reserved 1089536K
  class space    used 6334K, committed 6592K, reserved 1048576K
}
Event: 4.568 GC heap after
{Heap after GC invocations=15 (full 0):
 garbage-first heap   total 720896K, used 201849K [0x0000000402000000, 0x0000000800000000)
  region size 8192K, 6 young (49152K), 6 survivors (49152K)
 Metaspace       used 41884K, committed 42496K, reserved 1089536K
  class space    used 6334K, committed 6592K, reserved 1048576K
}
Event: 4.662 GC heap before
{Heap before GC invocations=15 (full 0):
 garbage-first heap   total 720896K, used 513145K [0x0000000402000000, 0x0000000800000000)
  region size 8192K, 44 young (360448K), 6 survivors (49152K)
 Metaspace       used 42433K, committed 43072K, reserved 1089536K
  class space    used 6427K, committed 6720K, reserved 1048576K
}
Event: 4.680 GC heap after
{Heap after GC invocations=16 (full 0):
 garbage-first heap   total 720896K, used 207932K [0x0000000402000000, 0x0000000800000000)
  region size 8192K, 1 young (8192K), 1 survivors (8192K)
 Metaspace       used 42433K, committed 43072K, reserved 1089536K
  class space    used 6427K, committed 6720K, reserved 1048576K
}
Event: 4.774 GC heap before
{Heap before GC invocations=16 (full 0):
 garbage-first heap   total 720896K, used 535612K [0x0000000402000000, 0x0000000800000000)
  region size 8192K, 41 young (335872K), 1 survivors (8192K)
 Metaspace       used 42643K, committed 43264K, reserved 1089536K
  class space    used 6464K, committed 6784K, reserved 1048576K
}
Event: 4.781 GC heap after
{Heap after GC invocations=17 (full 0):
 garbage-first heap   total 720896K, used 208167K [0x0000000402000000, 0x0000000800000000)
  region size 8192K, 1 young (8192K), 1 survivors (8192K)
 Metaspace       used 42643K, committed 43264K, reserved 1089536K
  class space    used 6464K, committed 6784K, reserved 1048576K
}
Event: 4.873 GC heap before
{Heap before GC invocations=18 (full 0):
 garbage-first heap   total 720896K, used 552231K [0x0000000402000000, 0x0000000800000000)
  region size 8192K, 43 young (352256K), 1 survivors (8192K)
 Metaspace       used 42989K, committed 43584K, reserved 1089536K
  class space    used 6552K, committed 6848K, reserved 1048576K
}
Event: 4.878 GC heap after
{Heap after GC invocations=19 (full 0):
 garbage-first heap   total 720896K, used 207050K [0x0000000402000000, 0x0000000800000000)
  region size 8192K, 1 young (8192K), 1 survivors (8192K)
 Metaspace       used 42989K, committed 43584K, reserved 1089536K
  class space    used 6552K, committed 6848K, reserved 1048576K
}
Event: 4.956 GC heap before
{Heap before GC invocations=19 (full 0):
 garbage-first heap   total 720896K, used 567498K [0x0000000402000000, 0x0000000800000000)
  region size 8192K, 45 young (368640K), 1 survivors (8192K)
 Metaspace       used 43158K, committed 43712K, reserved 1089536K
  class space    used 6588K, committed 6848K, reserved 1048576K
}
Event: 4.968 GC heap after
{Heap after GC invocations=20 (full 0):
 garbage-first heap   total 2105344K, used 211273K [0x0000000402000000, 0x0000000800000000)
  region size 8192K, 2 young (16384K), 2 survivors (16384K)
 Metaspace       used 43158K, committed 43712K, reserved 1089536K
  class space    used 6588K, committed 6848K, reserved 1048576K
}

Deoptimization events (20 events):
Event: 5.230 Thread 0x0000021fe6d663c0 DEOPT PACKING pc=0x0000021fb31df08c sp=0x0000006a4a6fd5f0
Event: 5.230 Thread 0x0000021fe6d663c0 DEOPT UNPACKING pc=0x0000021fab6623a3 sp=0x0000006a4a6fd578 mode 2
Event: 5.232 Thread 0x0000021fa185a670 DEOPT PACKING pc=0x0000021fabeba03a sp=0x0000006a47cfade0
Event: 5.232 Thread 0x0000021fa185a670 DEOPT UNPACKING pc=0x0000021fab662b43 sp=0x0000006a47cfa258 mode 0
Event: 5.232 Thread 0x0000021fa185a670 DEOPT PACKING pc=0x0000021fabeba03a sp=0x0000006a47cfade0
Event: 5.232 Thread 0x0000021fa185a670 DEOPT UNPACKING pc=0x0000021fab662b43 sp=0x0000006a47cfa258 mode 0
Event: 5.232 Thread 0x0000021fa185a670 DEOPT PACKING pc=0x0000021fabeba03a sp=0x0000006a47cfade0
Event: 5.232 Thread 0x0000021fa185a670 DEOPT UNPACKING pc=0x0000021fab662b43 sp=0x0000006a47cfa258 mode 0
Event: 5.232 Thread 0x0000021fa185a670 DEOPT PACKING pc=0x0000021fabeba03a sp=0x0000006a47cfade0
Event: 5.232 Thread 0x0000021fa185a670 DEOPT UNPACKING pc=0x0000021fab662b43 sp=0x0000006a47cfa258 mode 0
Event: 5.233 Thread 0x0000021fa185a670 DEOPT PACKING pc=0x0000021fabeba03a sp=0x0000006a47cfade0
Event: 5.233 Thread 0x0000021fa185a670 DEOPT UNPACKING pc=0x0000021fab662b43 sp=0x0000006a47cfa258 mode 0
Event: 5.234 Thread 0x0000021fa185a670 DEOPT PACKING pc=0x0000021fabeba03a sp=0x0000006a47cfade0
Event: 5.234 Thread 0x0000021fa185a670 DEOPT UNPACKING pc=0x0000021fab662b43 sp=0x0000006a47cfa258 mode 0
Event: 5.235 Thread 0x0000021fa185a670 DEOPT PACKING pc=0x0000021fabeba03a sp=0x0000006a47cfade0
Event: 5.235 Thread 0x0000021fa185a670 DEOPT UNPACKING pc=0x0000021fab662b43 sp=0x0000006a47cfa258 mode 0
Event: 5.235 Thread 0x0000021fa185a670 DEOPT PACKING pc=0x0000021fabeba03a sp=0x0000006a47cfade0
Event: 5.235 Thread 0x0000021fa185a670 DEOPT UNPACKING pc=0x0000021fab662b43 sp=0x0000006a47cfa258 mode 0
Event: 5.236 Thread 0x0000021fa185a670 DEOPT PACKING pc=0x0000021fabeba03a sp=0x0000006a47cfade0
Event: 5.236 Thread 0x0000021fa185a670 DEOPT UNPACKING pc=0x0000021fab662b43 sp=0x0000006a47cfa258 mode 0

Classes unloaded (14 events):
Event: 4.782 Thread 0x0000021fe0c1beb0 Unloading class 0x0000000801032800 'java/lang/invoke/LambdaForm$DMH+0x0000000801032800'
Event: 4.782 Thread 0x0000021fe0c1beb0 Unloading class 0x0000000801032400 'java/lang/invoke/LambdaForm$DMH+0x0000000801032400'
Event: 4.782 Thread 0x0000021fe0c1beb0 Unloading class 0x0000000801032000 'java/lang/invoke/LambdaForm$DMH+0x0000000801032000'
Event: 4.782 Thread 0x0000021fe0c1beb0 Unloading class 0x0000000801031c00 'java/lang/invoke/LambdaForm$DMH+0x0000000801031c00'
Event: 4.782 Thread 0x0000021fe0c1beb0 Unloading class 0x0000000801031800 'java/lang/invoke/LambdaForm$DMH+0x0000000801031800'
Event: 4.782 Thread 0x0000021fe0c1beb0 Unloading class 0x0000000801031400 'java/lang/invoke/LambdaForm$DMH+0x0000000801031400'
Event: 4.782 Thread 0x0000021fe0c1beb0 Unloading class 0x0000000801031000 'java/lang/invoke/LambdaForm$DMH+0x0000000801031000'
Event: 4.782 Thread 0x0000021fe0c1beb0 Unloading class 0x0000000801030c00 'java/lang/invoke/LambdaForm$DMH+0x0000000801030c00'
Event: 4.782 Thread 0x0000021fe0c1beb0 Unloading class 0x0000000801030400 'java/lang/invoke/LambdaForm$DMH+0x0000000801030400'
Event: 4.782 Thread 0x0000021fe0c1beb0 Unloading class 0x0000000801030000 'java/lang/invoke/LambdaForm$DMH+0x0000000801030000'
Event: 4.782 Thread 0x0000021fe0c1beb0 Unloading class 0x000000080102dc00 'java/lang/invoke/LambdaForm$DMH+0x000000080102dc00'
Event: 4.782 Thread 0x0000021fe0c1beb0 Unloading class 0x000000080102d800 'java/lang/invoke/LambdaForm$DMH+0x000000080102d800'
Event: 4.782 Thread 0x0000021fe0c1beb0 Unloading class 0x000000080102d400 'java/lang/invoke/LambdaForm$DMH+0x000000080102d400'
Event: 4.782 Thread 0x0000021fe0c1beb0 Unloading class 0x000000080102d000 'java/lang/invoke/LambdaForm$DMH+0x000000080102d000'

Classes redefined (0 events):
No events

Internal exceptions (20 events):
Event: 4.268 Thread 0x0000021fa185a670 Exception <a 'java/lang/NoSuchMethodError'{0x00000004419685e0}: 'float java.lang.invoke.DirectMethodHandle$Holder.invokeStatic(java.lang.Object, java.lang.Object)'> (0x00000004419685e0) 
thrown [c:\wsjdk\corretto17src\installers\windows\zip\corretto-build\buildroot\src\hotspot\share\interpreter\linkResolver.cpp, line 766]
Event: 4.269 Thread 0x0000021fe6d66d60 Implicit null exception at 0x0000021fb317cf57 to 0x0000021fb317d100
Event: 4.269 Thread 0x0000021fa185a670 Exception <a 'java/lang/NoSuchMethodError'{0x000000044196b938}: 'float java.lang.invoke.DirectMethodHandle$Holder.invokeStaticInit(java.lang.Object, java.lang.Object)'> (0x000000044196b938) 
thrown [c:\wsjdk\corretto17src\installers\windows\zip\corretto-build\buildroot\src\hotspot\share\interpreter\linkResolver.cpp, line 766]
Event: 4.275 Thread 0x0000021fa185a670 Exception <a 'java/lang/NoSuchMethodError'{0x00000004419db390}: 'java.lang.Object java.lang.invoke.DirectMethodHandle$Holder.newInvokeSpecial(java.lang.Object, java.lang.Object, java.lang.Object, java.lang.Object, java.lang.Object, java.lang.Object, java.lang.Object, java.lang.Object, java.lang.Object, java.lang.Object, java.lang.Object, java.lang.Object, java.lang.Object, java.lang.Object, java.lang.Object, java.lang.Object)'> (0x00000004419db390) 
thrown [c:\wsjdk\corretto17src\installers\windows\zip\cor
Event: 4.276 Thread 0x0000021fa185a670 Exception <a 'java/lang/IncompatibleClassChangeError'{0x00000004419e4460}: Found class java.lang.Object, but interface was expected> (0x00000004419e4460) 
thrown [c:\wsjdk\corretto17src\installers\windows\zip\corretto-build\buildroot\src\hotspot\share\interpreter\linkResolver.cpp, line 833]
Event: 4.310 Thread 0x0000021fa185a670 Exception <a 'java/lang/NoSuchMethodError'{0x0000000428a50db8}: 'float java.lang.invoke.DirectMethodHandle$Holder.invokeStatic(java.lang.Object, float)'> (0x0000000428a50db8) 
thrown [c:\wsjdk\corretto17src\installers\windows\zip\corretto-build\buildroot\src\hotspot\share\interpreter\linkResolver.cpp, line 766]
Event: 4.358 Thread 0x0000021fa185a670 Exception <a 'java/lang/NoSuchMethodError'{0x0000000426c9d260}: 'java.lang.Object java.lang.invoke.DirectMethodHandle$Holder.newInvokeSpecial(java.lang.Object, java.lang.Object, int, java.lang.Object)'> (0x0000000426c9d260) 
thrown [c:\wsjdk\corretto17src\installers\windows\zip\corretto-build\buildroot\src\hotspot\share\interpreter\linkResolver.cpp, line 766]
Event: 4.380 Thread 0x0000021fa185a670 Exception <a 'java/lang/NoSuchMethodError'{0x0000000424a32ff8}: 'int java.lang.invoke.DirectMethodHandle$Holder.invokeSpecialIFC(java.lang.Object, java.lang.Object, java.lang.Object, java.lang.Object)'> (0x0000000424a32ff8) 
thrown [c:\wsjdk\corretto17src\installers\windows\zip\corretto-build\buildroot\src\hotspot\share\interpreter\linkResolver.cpp, line 766]
Event: 4.468 Thread 0x0000021fa185a670 Exception <a 'java/lang/NoSuchMethodError'{0x000000041fc05768}: 'void java.lang.invoke.DirectMethodHandle$Holder.invokeStaticInit(java.lang.Object, java.lang.Object, java.lang.Object, java.lang.Object, java.lang.Object, java.lang.Object)'> (0x000000041fc05768) 
thrown [c:\wsjdk\corretto17src\installers\windows\zip\corretto-build\buildroot\src\hotspot\share\interpreter\linkResolver.cpp, line 766]
Event: 4.469 Thread 0x0000021fa185a670 Exception <a 'java/lang/NoSuchMethodError'{0x000000041fc0b740}: 'java.lang.Object java.lang.invoke.DirectMethodHandle$Holder.invokeStatic(java.lang.Object, java.lang.Object, java.lang.Object, java.lang.Object, java.lang.Object, java.lang.Object, java.lang.Object, java.lang.Object, java.lang.Object, java.lang.Object, int)'> (0x000000041fc0b740) 
thrown [c:\wsjdk\corretto17src\installers\windows\zip\corretto-build\buildroot\src\hotspot\share\interpreter\linkResolver.cpp, line 766]
Event: 4.469 Thread 0x0000021fa185a670 Exception <a 'java/lang/NoSuchMethodError'{0x000000041fc0fd28}: 'java.lang.Object java.lang.invoke.DirectMethodHandle$Holder.invokeStaticInit(java.lang.Object, java.lang.Object, java.lang.Object, java.lang.Object, java.lang.Object, java.lang.Object, java.lang.Object, java.lang.Object, java.lang.Object, java.lang.Object, int)'> (0x000000041fc0fd28) 
thrown [c:\wsjdk\corretto17src\installers\windows\zip\corretto-build\buildroot\src\hotspot\share\interpreter\linkResolver.cpp, line 766]
Event: 4.849 Thread 0x0000021fa185a670 Exception <a 'java/lang/NoSuchMethodError'{0x000000041ebe7dc8}: 'long java.lang.invoke.DirectMethodHandle$Holder.invokeStaticInit(java.lang.Object, float)'> (0x000000041ebe7dc8) 
thrown [c:\wsjdk\corretto17src\installers\windows\zip\corretto-build\buildroot\src\hotspot\share\interpreter\linkResolver.cpp, line 766]
Event: 4.849 Thread 0x0000021fa185a670 Exception <a 'java/lang/NoSuchMethodError'{0x000000041ebedf48}: 'float java.lang.invoke.DirectMethodHandle$Holder.invokeStatic(java.lang.Object, long)'> (0x000000041ebedf48) 
thrown [c:\wsjdk\corretto17src\installers\windows\zip\corretto-build\buildroot\src\hotspot\share\interpreter\linkResolver.cpp, line 766]
Event: 4.849 Thread 0x0000021fa185a670 Exception <a 'java/lang/NoSuchMethodError'{0x000000041ebf16b8}: 'float java.lang.invoke.DirectMethodHandle$Holder.invokeStaticInit(java.lang.Object, long)'> (0x000000041ebf16b8) 
thrown [c:\wsjdk\corretto17src\installers\windows\zip\corretto-build\buildroot\src\hotspot\share\interpreter\linkResolver.cpp, line 766]
Event: 4.850 Thread 0x0000021fa185a670 Exception <a 'java/lang/NoSuchMethodError'{0x000000041ebfa218}: 'java.lang.Object java.lang.invoke.DirectMethodHandle$Holder.newInvokeSpecial(java.lang.Object, java.lang.Object, java.lang.Object, java.lang.Object, java.lang.Object, java.lang.Object, java.lang.Object, long)'> (0x000000041ebfa218) 
thrown [c:\wsjdk\corretto17src\installers\windows\zip\corretto-build\buildroot\src\hotspot\share\interpreter\linkResolver.cpp, line 766]
Event: 4.912 Thread 0x0000021fa185a670 Exception <a 'java/lang/NoSuchMethodError'{0x00000004418a4138}: 'java.lang.Object java.lang.invoke.DirectMethodHandle$Holder.newInvokeSpecial(java.lang.Object, java.lang.Object, long)'> (0x00000004418a4138) 
thrown [c:\wsjdk\corretto17src\installers\windows\zip\corretto-build\buildroot\src\hotspot\share\interpreter\linkResolver.cpp, line 766]
Event: 4.925 Thread 0x0000021fa185a670 Exception <a 'java/lang/NoSuchMethodError'{0x0000000422022fb0}: 'java.lang.Object java.lang.invoke.DirectMethodHandle$Holder.newInvokeSpecial(java.lang.Object, java.lang.Object, java.lang.Object, java.lang.Object, int, int, java.lang.Object)'> (0x0000000422022fb0) 
thrown [c:\wsjdk\corretto17src\installers\windows\zip\corretto-build\buildroot\src\hotspot\share\interpreter\linkResolver.cpp, line 766]
Event: 5.102 Thread 0x0000021fa185a670 Implicit null exception at 0x0000021fb339d106 to 0x0000021fb339d5bc
Event: 5.102 Thread 0x0000021fa185a670 Implicit null exception at 0x0000021fb324b173 to 0x0000021fb324c5a4
Event: 5.102 Thread 0x0000021fa185a670 Implicit null exception at 0x0000021fb31cc780 to 0x0000021fb31cd0d8

VM Operations (20 events):
Event: 4.726 Executing VM operation: CollectForMetadataAllocation
Event: 4.727 Executing VM operation: CollectForMetadataAllocation done
Event: 4.752 Executing VM operation: G1CollectForAllocation
Event: 4.781 Executing VM operation: G1CollectForAllocation done
Event: 4.782 Executing VM operation: G1Concurrent
Event: 4.787 Executing VM operation: G1Concurrent done
Event: 4.856 Executing VM operation: HandshakeAllThreads
Event: 4.870 Executing VM operation: HandshakeAllThreads done
Event: 4.870 Executing VM operation: G1Concurrent
Event: 4.870 Executing VM operation: G1Concurrent done
Event: 4.873 Executing VM operation: G1CollectForAllocation
Event: 4.878 Executing VM operation: G1CollectForAllocation done
Event: 4.956 Executing VM operation: G1CollectForAllocation
Event: 4.968 Executing VM operation: G1CollectForAllocation done
Event: 5.147 Executing VM operation: G1Concurrent
Event: 5.153 Executing VM operation: G1Concurrent done
Event: 5.176 Executing VM operation: HandshakeAllThreads
Event: 5.216 Executing VM operation: HandshakeAllThreads done
Event: 5.222 Executing VM operation: G1Concurrent
Event: 5.225 Executing VM operation: G1Concurrent done

Events (20 events):
Event: 5.122 loading class sun/nio/ch/Util$BufferCache
Event: 5.122 loading class sun/nio/ch/Util$BufferCache done
Event: 5.122 loading class java/nio/DirectByteBuffer$Deallocator
Event: 5.122 loading class java/nio/DirectByteBuffer$Deallocator done
Event: 5.122 loading class sun/nio/ch/IOStatus
Event: 5.122 loading class sun/nio/ch/IOStatus done
Event: 5.130 loading class java/nio/DirectShortBufferU
Event: 5.130 loading class java/nio/DirectShortBufferU done
Event: 5.130 loading class java/nio/DirectCharBufferU
Event: 5.130 loading class java/nio/DirectCharBufferU done
Event: 5.130 loading class java/nio/DirectFloatBufferU
Event: 5.130 loading class java/nio/DirectFloatBufferU done
Event: 5.130 loading class java/nio/DirectDoubleBufferU
Event: 5.130 loading class java/nio/DirectDoubleBufferU done
Event: 5.176 loading class java/nio/BufferOverflowException
Event: 5.176 loading class java/nio/BufferOverflowException done
Event: 5.176 loading class java/nio/InvalidMarkException
Event: 5.176 loading class java/nio/InvalidMarkException done
Event: 5.216 loading class java/nio/BufferUnderflowException
Event: 5.217 loading class java/nio/BufferUnderflowException done


Dynamic libraries:
0x00007ff7749f0000 - 0x00007ff7749fd000 	C:\Users\lx\.jdks\corretto-17.0.2\bin\java.exe
0x00007ff97b3d0000 - 0x00007ff97b5c5000 	C:\WINDOWS\SYSTEM32\ntdll.dll
0x00007ff9794e0000 - 0x00007ff97959e000 	C:\WINDOWS\System32\KERNEL32.DLL
0x00007ff978e80000 - 0x00007ff979148000 	C:\WINDOWS\System32\KERNELBASE.dll
0x00007ff979260000 - 0x00007ff979360000 	C:\WINDOWS\System32\ucrtbase.dll
0x00007ff973900000 - 0x00007ff973915000 	C:\Users\lx\.jdks\corretto-17.0.2\bin\VCRUNTIME140.dll
0x00007ff968fc0000 - 0x00007ff968fd8000 	C:\Users\lx\.jdks\corretto-17.0.2\bin\jli.dll
0x00007ff979620000 - 0x00007ff9797c1000 	C:\WINDOWS\System32\USER32.dll
0x00007ff9793e0000 - 0x00007ff979402000 	C:\WINDOWS\System32\win32u.dll
0x00007ff95a9e0000 - 0x00007ff95ac7a000 	C:\WINDOWS\WinSxS\amd64_microsoft.windows.common-controls_6595b64144ccf1df_6.0.19041.1110_none_60b5254171f9507e\COMCTL32.dll
0x00007ff97a1e0000 - 0x00007ff97a20b000 	C:\WINDOWS\System32\GDI32.dll
0x00007ff97b2f0000 - 0x00007ff97b38e000 	C:\WINDOWS\System32\msvcrt.dll
0x00007ff978ae0000 - 0x00007ff978bed000 	C:\WINDOWS\System32\gdi32full.dll
0x00007ff978bf0000 - 0x00007ff978c8d000 	C:\WINDOWS\System32\msvcp_win.dll
0x00007ff9794b0000 - 0x00007ff9794e0000 	C:\WINDOWS\System32\IMM32.DLL
0x00007ff93f460000 - 0x00007ff93f4fb000 	C:\Users\lx\.jdks\corretto-17.0.2\bin\msvcp140.dll
0x00007ff90bef0000 - 0x00007ff90cb0a000 	C:\Users\lx\.jdks\corretto-17.0.2\bin\server\jvm.dll
0x00007ff979e30000 - 0x00007ff979edc000 	C:\WINDOWS\System32\ADVAPI32.dll
0x00007ff979410000 - 0x00007ff9794ab000 	C:\WINDOWS\System32\sechost.dll
0x00007ff979ee0000 - 0x00007ff97a00a000 	C:\WINDOWS\System32\RPCRT4.dll
0x00007ff97aac0000 - 0x00007ff97aac8000 	C:\WINDOWS\System32\PSAPI.DLL
0x00007ff968af0000 - 0x00007ff968af9000 	C:\WINDOWS\SYSTEM32\WSOCK32.dll
0x00007ff965860000 - 0x00007ff965887000 	C:\WINDOWS\SYSTEM32\WINMM.dll
0x00007ff973670000 - 0x00007ff97367a000 	C:\WINDOWS\SYSTEM32\VERSION.dll
0x00007ff97ab30000 - 0x00007ff97ab9b000 	C:\WINDOWS\System32\WS2_32.dll
0x00007ff9769b0000 - 0x00007ff9769c2000 	C:\WINDOWS\SYSTEM32\kernel.appcore.dll
0x00007ff974790000 - 0x00007ff97479a000 	C:\Users\lx\.jdks\corretto-17.0.2\bin\jimage.dll
0x00007ff969620000 - 0x00007ff969804000 	C:\WINDOWS\SYSTEM32\DBGHELP.DLL
0x00007ff964910000 - 0x00007ff96493c000 	C:\WINDOWS\SYSTEM32\dbgcore.DLL
0x00007ff978df0000 - 0x00007ff978e72000 	C:\WINDOWS\System32\bcryptPrimitives.dll
0x00007ff94b660000 - 0x00007ff94b685000 	C:\Users\lx\.jdks\corretto-17.0.2\bin\java.dll
0x00007ff93a9e0000 - 0x00007ff93aab6000 	C:\Users\lx\.jdks\corretto-17.0.2\bin\jsvml.dll
0x00007ff97aba0000 - 0x00007ff97b2e4000 	C:\WINDOWS\System32\SHELL32.dll
0x00007ff976bb0000 - 0x00007ff977344000 	C:\WINDOWS\SYSTEM32\windows.storage.dll
0x00007ff97a340000 - 0x00007ff97a695000 	C:\WINDOWS\System32\combase.dll
0x00007ff978380000 - 0x00007ff9783ae000 	C:\WINDOWS\SYSTEM32\Wldp.dll
0x00007ff97aa10000 - 0x00007ff97aabd000 	C:\WINDOWS\System32\SHCORE.dll
0x00007ff97a100000 - 0x00007ff97a155000 	C:\WINDOWS\System32\shlwapi.dll
0x00007ff978a20000 - 0x00007ff978a3f000 	C:\WINDOWS\SYSTEM32\profapi.dll
0x00007ff967d10000 - 0x00007ff967d29000 	C:\Users\lx\.jdks\corretto-17.0.2\bin\net.dll
0x00007ff973680000 - 0x00007ff97378c000 	C:\WINDOWS\SYSTEM32\WINHTTP.dll
0x00007ff978160000 - 0x00007ff9781ca000 	C:\WINDOWS\system32\mswsock.dll
0x00007ff9566e0000 - 0x00007ff9566f5000 	C:\Users\lx\.jdks\corretto-17.0.2\bin\nio.dll
0x00007ff94f200000 - 0x00007ff94f218000 	C:\Users\lx\.jdks\corretto-17.0.2\bin\zip.dll
0x00007ff968fb0000 - 0x00007ff968fb9000 	C:\Users\lx\.jdks\corretto-17.0.2\bin\management.dll
0x00007ff968d70000 - 0x00007ff968d7b000 	C:\Users\lx\.jdks\corretto-17.0.2\bin\management_ext.dll
0x00007ff965450000 - 0x00007ff965467000 	C:\WINDOWS\system32\napinsp.dll
0x00007ff965350000 - 0x00007ff96536b000 	C:\WINDOWS\system32\pnrpnsp.dll
0x00007ff964520000 - 0x00007ff964535000 	C:\WINDOWS\system32\wshbth.dll
0x00007ff9744c0000 - 0x00007ff9744dd000 	C:\WINDOWS\system32\NLAapi.dll
0x00007ff977e70000 - 0x00007ff977eab000 	C:\WINDOWS\SYSTEM32\IPHLPAPI.DLL
0x00007ff977eb0000 - 0x00007ff977f7b000 	C:\WINDOWS\SYSTEM32\DNSAPI.dll
0x00007ff97a730000 - 0x00007ff97a738000 	C:\WINDOWS\System32\NSI.dll
0x00007ff964190000 - 0x00007ff9641a2000 	C:\WINDOWS\System32\winrnr.dll
0x00000000586a0000 - 0x00000000586c6000 	C:\Program Files\Bonjour\mdnsNSP.dll
0x00007ff971d30000 - 0x00007ff971d3a000 	C:\Windows\System32\rasadhlp.dll
0x00007ff971a10000 - 0x00007ff971a8f000 	C:\WINDOWS\System32\fwpuclnt.dll
0x00007ff9793b0000 - 0x00007ff9793d7000 	C:\WINDOWS\System32\bcrypt.dll
0x00007ff9783c0000 - 0x00007ff9783d8000 	C:\WINDOWS\SYSTEM32\CRYPTSP.dll
0x00007ff977b00000 - 0x00007ff977b34000 	C:\WINDOWS\system32\rsaenh.dll
0x00007ff9789a0000 - 0x00007ff9789ce000 	C:\WINDOWS\SYSTEM32\USERENV.dll
0x00007ff9782f0000 - 0x00007ff9782fc000 	C:\WINDOWS\SYSTEM32\CRYPTBASE.dll
0x00007ff972d50000 - 0x00007ff972d67000 	C:\WINDOWS\SYSTEM32\dhcpcsvc6.DLL
0x00007ff972d30000 - 0x00007ff972d4d000 	C:\WINDOWS\SYSTEM32\dhcpcsvc.DLL
0x00007ff93f1d0000 - 0x00007ff93f215000 	C:\Users\lx\AppData\Local\Temp\jna-3468\jna8100637359281938756.dll
0x00007ff97a210000 - 0x00007ff97a33a000 	C:\WINDOWS\System32\Ole32.dll
0x00007ff9797d0000 - 0x00007ff979879000 	C:\WINDOWS\System32\clbcatq.dll
0x00007ff979d60000 - 0x00007ff979e2d000 	C:\WINDOWS\System32\OleAut32.dll
0x00007ff96dc80000 - 0x00007ff96dc99000 	C:\WINDOWS\SYSTEM32\amsi.dll
0x00007ff968a90000 - 0x00007ff968ad9000 	C:\WINDOWS\SYSTEM32\Pdh.dll
0x00007ff94d170000 - 0x00007ff94d17f000 	C:\WINDOWS\System32\perfos.dll
0x00007ff9280f0000 - 0x00007ff928162000 	C:\normal\Codes\Code-Java\Rikaishi-Nikui\rikaishi_nikui\minecraft\versions\1.18.2\natives\lwjgl.dll
0x00007ff916460000 - 0x00007ff9166b1000 	C:\normal\Codes\Code-Java\Rikaishi-Nikui\rikaishi_nikui\minecraft\versions\1.18.2\natives\jemalloc.dll

dbghelp: loaded successfully - version: 4.0.5 - missing functions: none
symbol engine: initialized successfully - sym options: 0x614 - pdb path: .;C:\Users\lx\.jdks\corretto-17.0.2\bin;C:\WINDOWS\SYSTEM32;C:\WINDOWS\WinSxS\amd64_microsoft.windows.common-controls_6595b64144ccf1df_6.0.19041.1110_none_60b5254171f9507e;C:\Users\lx\.jdks\corretto-17.0.2\bin\server;C:\Program Files\Bonjour;C:\Users\lx\AppData\Local\Temp\jna-3468;C:\normal\Codes\Code-Java\Rikaishi-Nikui\rikaishi_nikui\minecraft\versions\1.18.2\natives

VM Arguments:
jvm_args: -Dcom.sun.jndi.ldap.object.trustURLCodebase=false -Duser.dir=C:\normal\Codes\Code-Java\Rikaishi-Nikui\rikaishi_nikui\minecraft\versions\1.17.1-Fabric 0.11.6 -Dlog4j2.formatMsgNoLookups=true -Djava.library.path=C:\normal\Codes\Code-Java\Rikaishi-Nikui\rikaishi_nikui\minecraft\versions\1.18.2/natives/ 
java_command: net.minecraft.client.main.Main --username zhuaidadaya --version 1.18.2 --gameDir C:\normal\Codes\Code-Java\Rikaishi-Nikui\rikaishi_nikui\minecraft\versions\1.18.2 --assetsDir C:\normal\Codes\Code-Java\Rikaishi-Nikui\rikaishi_nikui\minecraft\assets --assetIndex 1.18 --uuid 1a392b17-9954-4408-8932-0ad5d46895b8 --accessToken 1a392b17-9954-4408-8932-0ad5d46895b8 --userProperties {} --userType Legacy --width 854 --height 480
java_class_path (initial): C:/normal/Codes/Code-Java/Rikaishi-Nikui/rikaishi_nikui/minecraft/libraries/ca/weblite/java-objc-bridge/1.0.0/java-objc-bridge-1.0.0.jar;C:/normal/Codes/Code-Java/Rikaishi-Nikui/rikaishi_nikui/minecraft/libraries/com/github/oshi/oshi-core/5.8.5/oshi-core-5.8.5.jar;C:/normal/Codes/Code-Java/Rikaishi-Nikui/rikaishi_nikui/minecraft/libraries/com/google/code/gson/gson/2.8.9/gson-2.8.9.jar;C:/normal/Codes/Code-Java/Rikaishi-Nikui/rikaishi_nikui/minecraft/libraries/com/google/guava/failureaccess/1.0.1/failureaccess-1.0.1.jar;C:/normal/Codes/Code-Java/Rikaishi-Nikui/rikaishi_nikui/minecraft/libraries/com/google/guava/guava/31.0.1-jre/guava-31.0.1-jre.jar;C:/normal/Codes/Code-Java/Rikaishi-Nikui/rikaishi_nikui/minecraft/libraries/com/ibm/icu/icu4j/70.1/icu4j-70.1.jar;C:/normal/Codes/Code-Java/Rikaishi-Nikui/rikaishi_nikui/minecraft/libraries/com/mojang/authlib/3.3.39/authlib-3.3.39.jar;C:/normal/Codes/Code-Java/Rikaishi-Nikui/rikaishi_nikui/minecraft/libraries/com/mojang/blocklist/1.0.10/blocklist-1.0.10.jar;C:/normal/Codes/Code-Java/Rikaishi-Nikui/rikaishi_nikui/minecraft/libraries/com/mojang/brigadier/1.0.18/brigadier-1.0.18.jar;C:/normal/Codes/Code-Java/Rikaishi-Nikui/rikaishi_nikui/minecraft/libraries/com/mojang/datafixerupper/4.1.27/datafixerupper-4.1.27.jar;C:/normal/Codes/Code-Java/Rikaishi-Nikui/rikaishi_nikui/minecraft/libraries/com/mojang/javabridge/1.2.24/javabridge-1.2.24.jar;C:/normal/Codes/Code-Java/Rikaishi-Nikui/rikaishi_nikui/minecraft/libraries/com/mojang/logging/1.0.0/logging-1.0.0.jar;C:/normal/Codes/Code-Java/Rikaishi-Nikui/rikaishi_nikui/minecraft/libraries/com/mojang/patchy/2.2.10/patchy-2.2.10.jar;C:/normal/Codes/Code-Java/Rikaishi-Nikui/rikaishi_nikui/minecraft/libraries/com/mojang/text2speech/1.12.4/text2speech-1.12.4.jar;C:/normal/Codes/Code-Java/Rikaishi-Nikui/rikaishi_nikui/minecraft/libraries/commons-codec/commons-codec/1.15/commons-codec-1.15.jar;C:/normal/Codes/Code-Java/Rikaishi-Nikui/rikaishi_nikui/minecraft/lib
Launcher Type: SUN_STANDARD

[Global flags]
     intx CICompilerCount                          = 4                                         {product} {ergonomic}
     uint ConcGCThreads                            = 3                                         {product} {ergonomic}
     uint G1ConcRefinementThreads                  = 10                                        {product} {ergonomic}
   size_t G1HeapRegionSize                         = 8388608                                   {product} {ergonomic}
    uintx GCDrainStackTargetSize                   = 64                                        {product} {ergonomic}
   size_t InitialHeapSize                          = 1073741824                                {product} {ergonomic}
   size_t MarkStackSize                            = 4194304                                   {product} {ergonomic}
   size_t MaxHeapSize                              = 17146314752                               {product} {ergonomic}
   size_t MaxNewSize                               = 10284433408                               {product} {ergonomic}
   size_t MinHeapDeltaBytes                        = 8388608                                   {product} {ergonomic}
   size_t MinHeapSize                              = 8388608                                   {product} {ergonomic}
    uintx NonNMethodCodeHeapSize                   = 5839372                                {pd product} {ergonomic}
    uintx NonProfiledCodeHeapSize                  = 122909434                              {pd product} {ergonomic}
    uintx ProfiledCodeHeapSize                     = 122909434                              {pd product} {ergonomic}
    uintx ReservedCodeCacheSize                    = 251658240                              {pd product} {ergonomic}
     bool SegmentedCodeCache                       = true                                      {product} {ergonomic}
   size_t SoftMaxHeapSize                          = 17146314752                            {manageable} {ergonomic}
     bool UseCompressedClassPointers               = true                           {product lp64_product} {ergonomic}
     bool UseCompressedOops                        = true                           {product lp64_product} {ergonomic}
     bool UseG1GC                                  = true                                      {product} {ergonomic}
     bool UseLargePagesIndividualAllocation        = false                                  {pd product} {ergonomic}

Logging:
Log output configuration:
 #0: stdout all=warning uptime,level,tags
 #1: stderr all=off uptime,level,tags

Environment Variables:
JAVA_HOME=C:\Users\lx\.jdks\openjdk-16.0.2
CLASSPATH=C:\Users\lx\.jdks\openjdk-16.0.2\lib\dt.jar;C:\Users\lx\.jdks\openjdk-16.0.2\lib\tools.jar
PATH=C:\Program Files\Common Files\Oracle\Java\javapath;C:\Program Files\Python39\Scripts\;C:\Program Files\Python39\;C:\Program Files (x86)\Common Files\Oracle\Java\javapath;C:\Users\lx\.jdks\openjdk-16.0.2\bin;C:\WINDOWS\system32;C:\WINDOWS;C:\WINDOWS\System32\Wbem;C:\WINDOWS\System32\WindowsPowerShell\v1.0\;C:\WINDOWS\System32\OpenSSH\;C:\Program Files\Microsoft SQL Server\130\Tools\Binn\;C:\Program Files (x86)\NVIDIA Corporation\PhysX\Common;C:\Program Files\NVIDIA Corporation\NVIDIA NvDLISR;C:\Program Files\Microsoft SQL Server\Client SDK\ODBC\170\Tools\Binn\;D:\Git\cmd;C:\Program Files (x86)\Microsoft SQL Server\150\Tools\Binn\;C:\Program Files\Microsoft SQL Server\150\Tools\Binn\;C:\Program Files\Microsoft SQL Server\150\DTS\Binn\;C:\Program Files (x86)\Microsoft SQL Server\150\DTS\Binn\;C:\Program Files\Azure Data Studio\bin;C:\Program Files\dotnet\;C:\Program Files\nodejs\;C:\ProgramData\chocolatey\bin;C:\GRADLE\bin;C:\Program Files\Intel\Intel(R) Memory and Storage Tool\;C:\Program Files\Git\cmd;C:\Us;C:\Program Files (x86)\Intel\Platform Flash Tool Lite;C:\Program Files (x86)\Intel\Phone Flash Tool Lite;C:\Users\lx\AppData\Local\Microsoft\WindowsApps;C:\Users\lx\AppData\Local\GitHubDesktop\bin;C:\Program Files\Azure Data Studio\bin;C:\Users\lx\.dotnet\tools;C:\Users\lx\AppData\Roaming\npm
USERNAME=lx
OS=Windows_NT
PROCESSOR_IDENTIFIER=Intel64 Family 6 Model 165 Stepping 0, GenuineIntel



---------------  S Y S T E M  ---------------

OS:
 Windows 10 , 64 bit Build 19041 (10.0.19041.1348)
OS uptime: 9 days 19:10 hours
Hyper-V role detected

CPU: total 12 (initial active 12) (6 cores per cpu, 2 threads per core) family 6 model 165 stepping 0 microcode 0xbe, cx8, cmov, fxsr, ht, mmx, 3dnowpref, sse, sse2, sse3, ssse3, sse4.1, sse4.2, popcnt, lzcnt, tsc, tscinvbit, avx, avx2, aes, erms, clmul, bmi1, bmi2, adx, fma, vzeroupper, clflush, clflushopt, hv

Memory: 4k page, system-wide physical 65398M (24171M free)
TotalPageFile size 72054M (AvailPageFile size 29498M)
current process WorkingSet (physical memory assigned to process): 1920M, peak: 1920M
current process commit charge ("private bytes"): 2331M, peak: 2363M

vm_info: OpenJDK 64-Bit Server VM (17.0.2+8-LTS) for windows-amd64 JRE (17.0.2+8-LTS), built on Jan 17 2022 05:07:39 by "Administrator" with MS VC++ 15.9 (VS2017)

END.
