#
# A fatal error has been detected by the Java Runtime Environment:
#
#  EXCEPTION_ACCESS_VIOLATION (0xc0000005) at pc=0x0000000000000008, pid=39628, tid=11128
#
# JRE version: OpenJDK Runtime Environment Corretto-17.0.2.8.1 (17.0.2+8) (build 17.0.2+8-LTS)
# Java VM: OpenJDK 64-Bit Server VM Corretto-17.0.2.8.1 (17.0.2+8-LTS, mixed mode, sharing, tiered, compressed oops, compressed class ptrs, g1 gc, windows-amd64)
# Problematic frame:
# C  0x0000000000000008
#
# No core dump will be written. Minidumps are not enabled by default on client versions of Windows
#
# If you would like to submit a bug report, please visit:
#   https://github.com/corretto/corretto-17/issues/
# The crash happened outside the Java Virtual Machine in native code.
# See problematic frame for where to report the bug.
#

---------------  S U M M A R Y ------------

Command Line: -Dcom.sun.jndi.ldap.object.trustURLCodebase=false -Duser.dir=C:\normal\Codes\Code-Java\Rikaishi-Nikui\rikaishi_nikui\minecraft\versions\1.17.1-Fabric 0.11.6 -Dlog4j2.formatMsgNoLookups=true -Djava.library.path=C:\normal\Codes\Code-Java\Rikaishi-Nikui\rikaishi_nikui\minecraft\versions\1.18.2/natives/ net.minecraft.client.main.Main --username zhuaidadaya --version 1.18.2 --gameDir C:\normal\Codes\Code-Java\Rikaishi-Nikui\rikaishi_nikui\minecraft\versions\1.18.2 --assetsDir C:\normal\Codes\Code-Java\Rikaishi-Nikui\rikaishi_nikui\minecraft\assets --assetIndex 1.18 --uuid 042e1bf7-0954-49c9-b45b-8fcf3465efa0 --accessToken 042e1bf7-0954-49c9-b45b-8fcf3465efa0 --userProperties {} --userType Legacy --width 854 --height 480

Host: Intel(R) Core(TM) i5-10600 CPU @ 3.30GHz, 12 cores, 63G,  Windows 10 , 64 bit Build 19041 (10.0.19041.1348)
Time: Sun Mar 13 17:37:47 2022  Windows 10 , 64 bit Build 19041 (10.0.19041.1348) elapsed time: 5.822476 seconds (0d 0h 0m 5s)

---------------  T H R E A D  ---------------

Current thread (0x00000273f4ef49a0):  JavaThread "Render thread" [_thread_in_native, id=11128, stack(0x000000e6a6700000,0x000000e6a6800000)]

Stack: [0x000000e6a6700000,0x000000e6a6800000],  sp=0x000000e6a67fae68,  free space=1003k
Native frames: (J=compiled Java code, j=interpreted, Vv=VM code, C=native code)
C  0x0000000000000008

Java frames: (J=compiled Java code, j=interpreted, Vv=VM code)
j  org.lwjgl.system.JNI.invokePP(JJ)J+0
j  org.lwjgl.system.jemalloc.JEmalloc.nje_malloc(J)J+6
j  org.lwjgl.system.jemalloc.JEmalloc.<clinit>()V+42
v  ~StubRoutines::call_stub
j  org.lwjgl.system.jemalloc.JEmallocAllocator.<clinit>()V+0
v  ~StubRoutines::call_stub
J 1297  java.lang.Class.forName0(Ljava/lang/String;ZLjava/lang/ClassLoader;Ljava/lang/Class;)Ljava/lang/Class; java.base@17.0.2 (0 bytes) @ 0x0000027387b6ccaf [0x0000027387b6cc20+0x000000000000008f]
J 1978 c1 java.lang.Class.forName(Ljava/lang/String;)Ljava/lang/Class; java.base@17.0.2 (15 bytes) @ 0x0000027380943ae4 [0x00000273809439c0+0x0000000000000124]
j  org.lwjgl.system.MemoryManage.getInstance()Lorg/lwjgl/system/MemoryUtil$MemoryAllocator;+68
j  org.lwjgl.system.MemoryUtil$LazyInit.<clinit>()V+0
v  ~StubRoutines::call_stub
j  org.lwjgl.system.MemoryUtil.getAllocator(Z)Lorg/lwjgl/system/MemoryUtil$MemoryAllocator;+10
j  dsk.<clinit>()V+1
v  ~StubRoutines::call_stub
j  dth.<init>(I)V+34
j  dto.<init>(I)V+10
j  dto.<init>()V+3
j  dto.<clinit>()V+4
v  ~StubRoutines::call_stub
j  com.mojang.blaze3d.systems.RenderSystem.<clinit>()V+12
v  ~StubRoutines::call_stub
j  net.minecraft.client.main.Main.main([Ljava/lang/String;)V+1327
v  ~StubRoutines::call_stub

siginfo: EXCEPTION_ACCESS_VIOLATION (0xc0000005), data execution prevention violation at address 0x0000000000000008


Register to memory mapping:

RIP=0x0000000000000008 is an unknown value
RAX=0x00007ff9280f1a60 lwjgl.dll
RBX={method} {0x00000273be9c2cf8} 'invokePP' '(JJ)J' in 'org/lwjgl/system/JNI'
RCX=0x00007ff916464870 jemalloc.dll
RDX=0x000000e6a67faf08 is pointing into the stack for thread: 0x00000273f4ef49a0
RSP=0x000000e6a67fae68 is pointing into the stack for thread: 0x00000273f4ef49a0
RBP=0x000000e6a67faef8 is pointing into the stack for thread: 0x00000273f4ef49a0
RSI=0x0000000463ea3090 is an oop: [B 
{0x0000000463ea3090} - klass: {type array byte}
 - length: 20
RDI=0x0000000000000014 is an unknown value
R8 =0x00007ff916464870 jemalloc.dll
R9 =0x0000000000000008 is an unknown value
R10=0x000002738000d5f2 is at code_begin+946 in an Interpreter codelet
method entry point (kind = native)  [0x000002738000d240, 0x000002738000dbc0]  2432 bytes
R11=0x0000000463ed0098 is an oop: java.lang.Class 
{0x0000000463ed0098} - klass: 'java/lang/Class'
 - ---- fields (total size 14 words):
 - private volatile transient 'classRedefinedCount' 'I' @12  0
 - private volatile transient 'cachedConstructor' 'Ljava/lang/reflect/Constructor;' @40  NULL (0)
 - private transient 'name' 'Ljava/lang/String;' @44  "org.lwjgl.system.JNI"{0x0000000463ed0118} (8c7da023)
 - private transient 'module' 'Ljava/lang/Module;' @48  a 'java/lang/Module'{0x00000004035bccd0} (806b799a)
 - private final 'classLoader' 'Ljava/lang/ClassLoader;' @52  a 'jdk/internal/loader/ClassLoaders$AppClassLoader'{0x00000004036040e8} (806c081d)
 - private transient 'classData' 'Ljava/lang/Object;' @56  NULL (0)
 - private transient 'packageName' 'Ljava/lang/String;' @60  "org.lwjgl.system"{0x000000047ddf9e88} (8fbbf3d1)
 - private final 'componentType' 'Ljava/lang/Class;' @64  NULL (0)
 - private volatile transient 'reflectionData' 'Ljava/lang/ref/SoftReference;' @68  NULL (0)
 - private volatile transient 'genericInfo' 'Lsun/reflect/generics/repository/ClassRepository;' @72  NULL (0)
 - private volatile transient 'enumConstants' '[Ljava/lang/Object;' @76  NULL (0)
 - private volatile transient 'enumConstantDirectory' 'Ljava/util/Map;' @80  NULL (0)
 - private volatile transient 'annotationData' 'Ljava/lang/Class$AnnotationData;' @84  NULL (0)
 - private volatile transient 'annotationType' 'Lsun/reflect/annotation/AnnotationType;' @88  NULL (0)
 - transient 'classValueMap' 'Ljava/lang/ClassValue$ClassValueMap;' @92  NULL (0)
 - signature: Lorg/lwjgl/system/JNI;
 - fake entry for mirror: 'org/lwjgl/system/JNI'
 - fake entry for array: NULL
 - fake entry for oop_size: 14
 - fake entry for static_oop_field_count: 0
R12=0x0 is NULL
R13={method} {0x00000273be9c2cf8} 'invokePP' '(JJ)J' in 'org/lwjgl/system/JNI'
R14=0x000000e6a67faf30 is pointing into the stack for thread: 0x00000273f4ef49a0
R15=0x00000273f4ef49a0 is a thread


Registers:
RAX=0x00007ff9280f1a60, RBX=0x00000273be9c2cf0, RCX=0x00007ff916464870, RDX=0x000000e6a67faf08
RSP=0x000000e6a67fae68, RBP=0x000000e6a67faef8, RSI=0x0000000463ea3090, RDI=0x0000000000000014
R8 =0x00007ff916464870, R9 =0x0000000000000008, R10=0x000002738000d5f2, R11=0x0000000463ed0098
R12=0x0000000000000000, R13=0x00000273be9c2cf0, R14=0x000000e6a67faf30, R15=0x00000273f4ef49a0
RIP=0x0000000000000008, EFLAGS=0x0000000000010206

Top of Stack: (sp=0x000000e6a67fae68)
0x000000e6a67fae68:   000002738000d621 0000000000000014
0x000000e6a67fae78:   000002738000d33c 00000273be9c2cf0
0x000000e6a67fae88:   0000000463ea3090 0000000000000014
0x000000e6a67fae98:   00007ff90c4e6d57 3ff0000000000000
0x000000e6a67faea8:   000002738000d2f6 000000e6a67faeb0
0x000000e6a67faeb8:   00000273be9c2cf0 000000e6a67faf30
0x000000e6a67faec8:   00000273be9f08c0 0000000000000000
0x000000e6a67faed8:   0000000463ed0098 00000273be9c2cf0
0x000000e6a67faee8:   0000000000000000 000000e6a67faf18
0x000000e6a67faef8:   000000e6a67faf80 00000273800095cd
0x000000e6a67faf08:   0000000463ed0098 000002738000af77
0x000000e6a67faf18:   0000000000000008 0000000000000000
0x000000e6a67faf28:   00007ff916464870 0000000000000000
0x000000e6a67faf38:   000000e6a67faf38 00000273be9a35ae
0x000000e6a67faf48:   000000e6a67fafa8 00000273be9a6ec0
0x000000e6a67faf58:   0000000000000000 0000000463e52120 

Instructions: (pc=0x0000000000000008)
0xffffffffffffff08:   


Stack slot to memory mapping:
stack at sp + 0 slots: 0x000002738000d621 is at code_begin+993 in an Interpreter codelet
method entry point (kind = native)  [0x000002738000d240, 0x000002738000dbc0]  2432 bytes
stack at sp + 1 slots: 0x0000000000000014 is an unknown value
stack at sp + 2 slots: 0x000002738000d33c is at code_begin+252 in an Interpreter codelet
method entry point (kind = native)  [0x000002738000d240, 0x000002738000dbc0]  2432 bytes
stack at sp + 3 slots: {method} {0x00000273be9c2cf8} 'invokePP' '(JJ)J' in 'org/lwjgl/system/JNI'
stack at sp + 4 slots: 0x0000000463ea3090 is an oop: [B 
{0x0000000463ea3090} - klass: {type array byte}
 - length: 20
stack at sp + 5 slots: 0x0000000000000014 is an unknown value
stack at sp + 6 slots: 0x00007ff90c4e6d57 jvm.dll
stack at sp + 7 slots: 0x3ff0000000000000 is an unknown value


---------------  P R O C E S S  ---------------

Threads class SMR info:
_java_thread_list=0x00000273b889c590, length=25, elements={
0x00000273f4ef49a0, 0x00000273ff0e5e50, 0x00000273ff0e6910, 0x00000273ffce2fd0,
0x00000273ffce59a0, 0x00000273ffce6260, 0x00000273ffce6b20, 0x00000273ffce77c0,
0x00000273ffce8eb0, 0x00000273ffcf3f80, 0x00000273ffe190f0, 0x00000273ffe27c00,
0x00000273b8921230, 0x00000273b8929280, 0x00000273b8926c00, 0x00000273b8928db0,
0x00000273b89258c0, 0x00000273b8927a70, 0x00000273b89270d0, 0x00000273b89275a0,
0x00000273b89288e0, 0x00000273ba514150, 0x00000273ba514620, 0x00000273ba515960,
0x00000273ba513c80
}

Java Threads: ( => current thread )
=>0x00000273f4ef49a0 JavaThread "Render thread" [_thread_in_native, id=11128, stack(0x000000e6a6700000,0x000000e6a6800000)]
  0x00000273ff0e5e50 JavaThread "Reference Handler" daemon [_thread_blocked, id=33184, stack(0x000000e6a6e00000,0x000000e6a6f00000)]
  0x00000273ff0e6910 JavaThread "Finalizer" daemon [_thread_blocked, id=24764, stack(0x000000e6a6f00000,0x000000e6a7000000)]
  0x00000273ffce2fd0 JavaThread "Signal Dispatcher" daemon [_thread_blocked, id=7568, stack(0x000000e6a7000000,0x000000e6a7100000)]
  0x00000273ffce59a0 JavaThread "Attach Listener" daemon [_thread_blocked, id=36580, stack(0x000000e6a7100000,0x000000e6a7200000)]
  0x00000273ffce6260 JavaThread "Service Thread" daemon [_thread_blocked, id=33780, stack(0x000000e6a7200000,0x000000e6a7300000)]
  0x00000273ffce6b20 JavaThread "Monitor Deflation Thread" daemon [_thread_blocked, id=21648, stack(0x000000e6a7300000,0x000000e6a7400000)]
  0x00000273ffce77c0 JavaThread "C2 CompilerThread0" daemon [_thread_blocked, id=31804, stack(0x000000e6a7400000,0x000000e6a7500000)]
  0x00000273ffce8eb0 JavaThread "C1 CompilerThread0" daemon [_thread_blocked, id=40204, stack(0x000000e6a7500000,0x000000e6a7600000)]
  0x00000273ffcf3f80 JavaThread "Sweeper thread" daemon [_thread_blocked, id=43372, stack(0x000000e6a7600000,0x000000e6a7700000)]
  0x00000273ffe190f0 JavaThread "Notification Thread" daemon [_thread_blocked, id=25544, stack(0x000000e6a7700000,0x000000e6a7800000)]
  0x00000273ffe27c00 JavaThread "Common-Cleaner" daemon [_thread_blocked, id=10344, stack(0x000000e6a7900000,0x000000e6a7a00000)]
  0x00000273b8921230 JavaThread "C2 CompilerThread1" daemon [_thread_blocked, id=33152, stack(0x000000e6a8f00000,0x000000e6a9000000)]
  0x00000273b8929280 JavaThread "Worker-Bootstrap-1" daemon [_thread_in_Java, id=13668, stack(0x000000e6a9100000,0x000000e6a9200000)]
  0x00000273b8926c00 JavaThread "Worker-Bootstrap-2" daemon [_thread_in_Java, id=15528, stack(0x000000e6a9200000,0x000000e6a9300000)]
  0x00000273b8928db0 JavaThread "Worker-Bootstrap-3" daemon [_thread_in_Java, id=17884, stack(0x000000e6a9300000,0x000000e6a9400000)]
  0x00000273b89258c0 JavaThread "Worker-Bootstrap-4" daemon [_thread_in_Java, id=1724, stack(0x000000e6a9400000,0x000000e6a9500000)]
  0x00000273b8927a70 JavaThread "Worker-Bootstrap-5" daemon [_thread_in_Java, id=32068, stack(0x000000e6a9500000,0x000000e6a9600000)]
  0x00000273b89270d0 JavaThread "Worker-Bootstrap-6" daemon [_thread_in_Java, id=38548, stack(0x000000e6a9600000,0x000000e6a9700000)]
  0x00000273b89275a0 JavaThread "Worker-Bootstrap-7" daemon [_thread_in_Java, id=18612, stack(0x000000e6a9700000,0x000000e6a9800000)]
  0x00000273b89288e0 JavaThread "Worker-Bootstrap-8" daemon [_thread_in_Java, id=36852, stack(0x000000e6a9800000,0x000000e6a9900000)]
  0x00000273ba514150 JavaThread "Worker-Bootstrap-9" daemon [_thread_in_Java, id=37180, stack(0x000000e6a9900000,0x000000e6a9a00000)]
  0x00000273ba514620 JavaThread "Worker-Bootstrap-10" daemon [_thread_in_Java, id=27408, stack(0x000000e6a9a00000,0x000000e6a9b00000)]
  0x00000273ba515960 JavaThread "Worker-Bootstrap-11" daemon [_thread_in_Java, id=29784, stack(0x000000e6a9b00000,0x000000e6a9c00000)]
  0x00000273ba513c80 JavaThread "Timer hack thread" daemon [_thread_blocked, id=34604, stack(0x000000e6a9000000,0x000000e6a9100000)]

Other Threads:
  0x00000273ff0df490 VMThread "VM Thread" [stack: 0x000000e6a6d00000,0x000000e6a6e00000] [id=17532]
  0x00000273f4fc3300 WatcherThread [stack: 0x000000e6a7800000,0x000000e6a7900000] [id=24460]
  0x00000273f4faa930 GCTaskThread "GC Thread#0" [stack: 0x000000e6a6800000,0x000000e6a6900000] [id=35932]
  0x00000273b7d2fbc0 GCTaskThread "GC Thread#1" [stack: 0x000000e6a7c00000,0x000000e6a7d00000] [id=8776]
  0x00000273fff51f70 GCTaskThread "GC Thread#2" [stack: 0x000000e6a7d00000,0x000000e6a7e00000] [id=17996]
  0x00000273b7e2adb0 GCTaskThread "GC Thread#3" [stack: 0x000000e6a7e00000,0x000000e6a7f00000] [id=29124]
  0x00000273b7ee8430 GCTaskThread "GC Thread#4" [stack: 0x000000e6a7f00000,0x000000e6a8000000] [id=14332]
  0x00000273b79bf790 GCTaskThread "GC Thread#5" [stack: 0x000000e6a8000000,0x000000e6a8100000] [id=35356]
  0x00000273b81787f0 GCTaskThread "GC Thread#6" [stack: 0x000000e6a8100000,0x000000e6a8200000] [id=42364]
  0x00000273b7ab86a0 GCTaskThread "GC Thread#7" [stack: 0x000000e6a8200000,0x000000e6a8300000] [id=36600]
  0x00000273b7ab8950 GCTaskThread "GC Thread#8" [stack: 0x000000e6a8300000,0x000000e6a8400000] [id=23688]
  0x00000273b7ab8c00 GCTaskThread "GC Thread#9" [stack: 0x000000e6a8400000,0x000000e6a8500000] [id=4052]
  0x00000273f4fbb5a0 ConcurrentGCThread "G1 Main Marker" [stack: 0x000000e6a6900000,0x000000e6a6a00000] [id=30772]
  0x00000273f4fbbd60 ConcurrentGCThread "G1 Conc#0" [stack: 0x000000e6a6a00000,0x000000e6a6b00000] [id=28564]
  0x00000273b852fcb0 ConcurrentGCThread "G1 Conc#1" [stack: 0x000000e6a7a00000,0x000000e6a7b00000] [id=18148]
  0x00000273b852f1f0 ConcurrentGCThread "G1 Conc#2" [stack: 0x000000e6a7b00000,0x000000e6a7c00000] [id=30616]
  0x00000273f4fce8c0 ConcurrentGCThread "G1 Refine#0" [stack: 0x000000e6a6b00000,0x000000e6a6c00000] [id=32704]
  0x00000273b7f98320 ConcurrentGCThread "G1 Refine#1" [stack: 0x000000e6a8500000,0x000000e6a8600000] [id=38228]
  0x00000273b80e1a30 ConcurrentGCThread "G1 Refine#2" [stack: 0x000000e6a8600000,0x000000e6a8700000] [id=37388]
  0x00000273b7c634f0 ConcurrentGCThread "G1 Refine#3" [stack: 0x000000e6a8700000,0x000000e6a8800000] [id=34544]
  0x00000273b7c637d0 ConcurrentGCThread "G1 Refine#4" [stack: 0x000000e6a8800000,0x000000e6a8900000] [id=30112]
  0x00000273b7c63ab0 ConcurrentGCThread "G1 Refine#5" [stack: 0x000000e6a8900000,0x000000e6a8a00000] [id=21068]
  0x00000273b7c63fc0 ConcurrentGCThread "G1 Refine#6" [stack: 0x000000e6a8a00000,0x000000e6a8b00000] [id=2668]
  0x00000273b8724d30 ConcurrentGCThread "G1 Refine#7" [stack: 0x000000e6a8b00000,0x000000e6a8c00000] [id=28544]
  0x00000273b8b72760 ConcurrentGCThread "G1 Refine#8" [stack: 0x000000e6a9c00000,0x000000e6a9d00000] [id=16556]
  0x00000273ff0b7110 ConcurrentGCThread "G1 Service" [stack: 0x000000e6a6c00000,0x000000e6a6d00000] [id=26152]

Threads with active compile tasks:

VM state: not at safepoint (normal execution)

VM Mutex/Monitor currently owned by a thread: None

Heap address: 0x0000000402000000, size: 16352 MB, Compressed Oops mode: Zero based, Oop shift amount: 3

CDS archive(s) mapped at: [0x0000000800000000-0x0000000800bc0000-0x0000000800bc0000), size 12320768, SharedBaseAddress: 0x0000000800000000, ArchiveRelocationMode: 0.
Compressed class space mapped at: 0x0000000800c00000-0x0000000840c00000, reserved size: 1073741824
Narrow klass base: 0x0000000800000000, Narrow klass shift: 0, Narrow klass range: 0x100000000

GC Precious Log:
 CPUs: 12 total, 12 available
 Memory: 65398M
 Large Page Support: Disabled
 NUMA Support: Disabled
 Compressed Oops: Enabled (Zero based)
 Heap Region Size: 8M
 Heap Min Capacity: 8M
 Heap Initial Capacity: 1G
 Heap Max Capacity: 16352M
 Pre-touch: Disabled
 Parallel Workers: 10
 Concurrent Workers: 3
 Concurrent Refinement Workers: 10
 Periodic GC: Disabled

Heap:
 garbage-first heap   total 2031616K, used 965386K [0x0000000402000000, 0x0000000800000000)
  region size 8192K, 96 young (786432K), 3 survivors (24576K)
 Metaspace       used 45093K, committed 45696K, reserved 1089536K
  class space    used 6823K, committed 7104K, reserved 1048576K

Heap Regions: E=young(eden), S=young(survivor), O=old, HS=humongous(starts), HC=humongous(continues), CS=collection set, F=free, OA=open archive, CA=closed archive, TAMS=top-at-mark-start (previous, next)
|   0|0x0000000402000000, 0x0000000402800000, 0x0000000402800000|100%| O|  |TAMS 0x0000000402800000, 0x0000000402000000| Untracked 
|   1|0x0000000402800000, 0x0000000403000000, 0x0000000403000000|100%| O|  |TAMS 0x0000000403000000, 0x0000000402800000| Untracked 
|   2|0x0000000403000000, 0x0000000403800000, 0x0000000403800000|100%| O|  |TAMS 0x0000000403800000, 0x0000000403000000| Untracked 
|   3|0x0000000403800000, 0x0000000404000000, 0x0000000404000000|100%| O|  |TAMS 0x0000000404000000, 0x0000000403800000| Untracked 
|   4|0x0000000404000000, 0x0000000404800000, 0x0000000404800000|100%|HS|  |TAMS 0x0000000404800000, 0x0000000404000000| Complete 
|   5|0x0000000404800000, 0x0000000405000000, 0x0000000405000000|100%|HC|  |TAMS 0x0000000405000000, 0x0000000404800000| Complete 
|   6|0x0000000405000000, 0x0000000405800000, 0x0000000405800000|100%| O|  |TAMS 0x0000000405800000, 0x0000000405000000| Untracked 
|   7|0x0000000405800000, 0x0000000406000000, 0x0000000406000000|100%| O|  |TAMS 0x0000000406000000, 0x0000000405800000| Untracked 
|   8|0x0000000406000000, 0x0000000406800000, 0x0000000406800000|100%| O|  |TAMS 0x0000000406800000, 0x0000000406000000| Untracked 
|   9|0x0000000406800000, 0x0000000407000000, 0x0000000407000000|100%| O|  |TAMS 0x0000000407000000, 0x0000000406800000| Untracked 
|  10|0x0000000407000000, 0x0000000407800000, 0x0000000407800000|100%| O|  |TAMS 0x0000000407800000, 0x0000000407000000| Untracked 
|  11|0x0000000407800000, 0x0000000408000000, 0x0000000408000000|100%| O|  |TAMS 0x0000000408000000, 0x0000000407800000| Untracked 
|  12|0x0000000408000000, 0x0000000408800000, 0x0000000408800000|100%| O|  |TAMS 0x0000000408800000, 0x0000000408000000| Untracked 
|  13|0x0000000408800000, 0x0000000409000000, 0x0000000409000000|100%| O|  |TAMS 0x0000000408cdca00, 0x0000000408800000| Untracked 
|  14|0x0000000409000000, 0x0000000409800000, 0x0000000409800000|100%| O|  |TAMS 0x0000000409000000, 0x0000000409000000| Untracked 
|  15|0x0000000409800000, 0x000000040a000000, 0x000000040a000000|100%| O|  |TAMS 0x0000000409800000, 0x0000000409800000| Untracked 
|  16|0x000000040a000000, 0x000000040a800000, 0x000000040a800000|100%| O|  |TAMS 0x000000040a000000, 0x000000040a000000| Untracked 
|  17|0x000000040a800000, 0x000000040b000000, 0x000000040b000000|100%| O|  |TAMS 0x000000040a800000, 0x000000040a800000| Untracked 
|  18|0x000000040b000000, 0x000000040b800000, 0x000000040b800000|100%| O|  |TAMS 0x000000040b000000, 0x000000040b000000| Untracked 
|  19|0x000000040b800000, 0x000000040c000000, 0x000000040c000000|100%| O|  |TAMS 0x000000040b800000, 0x000000040b800000| Untracked 
|  20|0x000000040c000000, 0x000000040c800000, 0x000000040c800000|100%| O|  |TAMS 0x000000040c000000, 0x000000040c000000| Untracked 
|  21|0x000000040c800000, 0x000000040d000000, 0x000000040d000000|100%| O|  |TAMS 0x000000040c800000, 0x000000040c800000| Untracked 
|  22|0x000000040d000000, 0x000000040d800000, 0x000000040d800000|100%| O|  |TAMS 0x000000040d000000, 0x000000040d000000| Untracked 
|  23|0x000000040d800000, 0x000000040df7e400, 0x000000040e000000| 93%| O|  |TAMS 0x000000040d800000, 0x000000040d800000| Untracked 
|  24|0x000000040e000000, 0x000000040e000000, 0x000000040e800000|  0%| F|  |TAMS 0x000000040e000000, 0x000000040e000000| Untracked 
|  25|0x000000040e800000, 0x000000040e800000, 0x000000040f000000|  0%| F|  |TAMS 0x000000040e800000, 0x000000040e800000| Untracked 
|  26|0x000000040f000000, 0x000000040f000000, 0x000000040f800000|  0%| F|  |TAMS 0x000000040f000000, 0x000000040f000000| Untracked 
|  27|0x000000040f800000, 0x000000040f800000, 0x0000000410000000|  0%| F|  |TAMS 0x000000040f800000, 0x000000040f800000| Untracked 
|  28|0x0000000410000000, 0x0000000410000000, 0x0000000410800000|  0%| F|  |TAMS 0x0000000410000000, 0x0000000410000000| Untracked 
|  29|0x0000000410800000, 0x0000000410800000, 0x0000000411000000|  0%| F|  |TAMS 0x0000000410800000, 0x0000000410800000| Untracked 
|  30|0x0000000411000000, 0x0000000411000000, 0x0000000411800000|  0%| F|  |TAMS 0x0000000411000000, 0x0000000411000000| Untracked 
|  31|0x0000000411800000, 0x0000000411800000, 0x0000000412000000|  0%| F|  |TAMS 0x0000000411800000, 0x0000000411800000| Untracked 
|  32|0x0000000412000000, 0x0000000412000000, 0x0000000412800000|  0%| F|  |TAMS 0x0000000412000000, 0x0000000412000000| Untracked 
|  33|0x0000000412800000, 0x0000000412800000, 0x0000000413000000|  0%| F|  |TAMS 0x0000000412800000, 0x0000000412800000| Untracked 
|  34|0x0000000413000000, 0x0000000413000000, 0x0000000413800000|  0%| F|  |TAMS 0x0000000413000000, 0x0000000413000000| Untracked 
|  35|0x0000000413800000, 0x0000000413800000, 0x0000000414000000|  0%| F|  |TAMS 0x0000000413800000, 0x0000000413800000| Untracked 
|  36|0x0000000414000000, 0x0000000414000000, 0x0000000414800000|  0%| F|  |TAMS 0x0000000414000000, 0x0000000414000000| Untracked 
|  37|0x0000000414800000, 0x0000000414800000, 0x0000000415000000|  0%| F|  |TAMS 0x0000000414800000, 0x0000000414800000| Untracked 
|  38|0x0000000415000000, 0x0000000415000000, 0x0000000415800000|  0%| F|  |TAMS 0x0000000415000000, 0x0000000415000000| Untracked 
|  39|0x0000000415800000, 0x0000000415800000, 0x0000000416000000|  0%| F|  |TAMS 0x0000000415800000, 0x0000000415800000| Untracked 
|  40|0x0000000416000000, 0x0000000416000000, 0x0000000416800000|  0%| F|  |TAMS 0x0000000416000000, 0x0000000416000000| Untracked 
|  41|0x0000000416800000, 0x0000000416800000, 0x0000000417000000|  0%| F|  |TAMS 0x0000000416800000, 0x0000000416800000| Untracked 
|  42|0x0000000417000000, 0x0000000417000000, 0x0000000417800000|  0%| F|  |TAMS 0x0000000417000000, 0x0000000417000000| Untracked 
|  43|0x0000000417800000, 0x0000000417800000, 0x0000000418000000|  0%| F|  |TAMS 0x0000000417800000, 0x0000000417800000| Untracked 
|  44|0x0000000418000000, 0x0000000418000000, 0x0000000418800000|  0%| F|  |TAMS 0x0000000418000000, 0x0000000418000000| Untracked 
|  45|0x0000000418800000, 0x0000000418800000, 0x0000000419000000|  0%| F|  |TAMS 0x0000000418800000, 0x0000000418800000| Untracked 
|  46|0x0000000419000000, 0x0000000419000000, 0x0000000419800000|  0%| F|  |TAMS 0x0000000419000000, 0x0000000419000000| Untracked 
|  47|0x0000000419800000, 0x0000000419f444a0, 0x000000041a000000| 90%| S|CS|TAMS 0x0000000419800000, 0x0000000419800000| Complete 
|  48|0x000000041a000000, 0x000000041a800000, 0x000000041a800000|100%| S|CS|TAMS 0x000000041a000000, 0x000000041a000000| Complete 
|  49|0x000000041a800000, 0x000000041b000000, 0x000000041b000000|100%| S|CS|TAMS 0x000000041a800000, 0x000000041a800000| Complete 
|  50|0x000000041b000000, 0x000000041b000000, 0x000000041b800000|  0%| F|  |TAMS 0x000000041b000000, 0x000000041b000000| Untracked 
|  51|0x000000041b800000, 0x000000041b800000, 0x000000041c000000|  0%| F|  |TAMS 0x000000041b800000, 0x000000041b800000| Untracked 
|  52|0x000000041c000000, 0x000000041c000000, 0x000000041c800000|  0%| F|  |TAMS 0x000000041c000000, 0x000000041c000000| Untracked 
|  53|0x000000041c800000, 0x000000041c800000, 0x000000041d000000|  0%| F|  |TAMS 0x000000041c800000, 0x000000041c800000| Untracked 
|  54|0x000000041d000000, 0x000000041d000000, 0x000000041d800000|  0%| F|  |TAMS 0x000000041d000000, 0x000000041d000000| Untracked 
|  55|0x000000041d800000, 0x000000041d800000, 0x000000041e000000|  0%| F|  |TAMS 0x000000041d800000, 0x000000041d800000| Untracked 
|  56|0x000000041e000000, 0x000000041e000000, 0x000000041e800000|  0%| F|  |TAMS 0x000000041e000000, 0x000000041e000000| Untracked 
|  57|0x000000041e800000, 0x000000041e800000, 0x000000041f000000|  0%| F|  |TAMS 0x000000041e800000, 0x000000041e800000| Untracked 
|  58|0x000000041f000000, 0x000000041f000000, 0x000000041f800000|  0%| F|  |TAMS 0x000000041f000000, 0x000000041f000000| Untracked 
|  59|0x000000041f800000, 0x000000041f800000, 0x0000000420000000|  0%| F|  |TAMS 0x000000041f800000, 0x000000041f800000| Untracked 
|  60|0x0000000420000000, 0x0000000420000000, 0x0000000420800000|  0%| F|  |TAMS 0x0000000420000000, 0x0000000420000000| Untracked 
|  61|0x0000000420800000, 0x0000000420800000, 0x0000000421000000|  0%| F|  |TAMS 0x0000000420800000, 0x0000000420800000| Untracked 
|  62|0x0000000421000000, 0x0000000421000000, 0x0000000421800000|  0%| F|  |TAMS 0x0000000421000000, 0x0000000421000000| Untracked 
|  63|0x0000000421800000, 0x0000000421800000, 0x0000000422000000|  0%| F|  |TAMS 0x0000000421800000, 0x0000000421800000| Untracked 
|  64|0x0000000422000000, 0x0000000422000000, 0x0000000422800000|  0%| F|  |TAMS 0x0000000422000000, 0x0000000422000000| Untracked 
|  65|0x0000000422800000, 0x0000000422800000, 0x0000000423000000|  0%| F|  |TAMS 0x0000000422800000, 0x0000000422800000| Untracked 
|  66|0x0000000423000000, 0x0000000423000000, 0x0000000423800000|  0%| F|  |TAMS 0x0000000423000000, 0x0000000423000000| Untracked 
|  67|0x0000000423800000, 0x0000000423800000, 0x0000000424000000|  0%| F|  |TAMS 0x0000000423800000, 0x0000000423800000| Untracked 
|  68|0x0000000424000000, 0x0000000424000000, 0x0000000424800000|  0%| F|  |TAMS 0x0000000424000000, 0x0000000424000000| Untracked 
|  69|0x0000000424800000, 0x0000000424800000, 0x0000000425000000|  0%| F|  |TAMS 0x0000000424800000, 0x0000000424800000| Untracked 
|  70|0x0000000425000000, 0x0000000425000000, 0x0000000425800000|  0%| F|  |TAMS 0x0000000425000000, 0x0000000425000000| Untracked 
|  71|0x0000000425800000, 0x0000000425800000, 0x0000000426000000|  0%| F|  |TAMS 0x0000000425800000, 0x0000000425800000| Untracked 
|  72|0x0000000426000000, 0x0000000426000000, 0x0000000426800000|  0%| F|  |TAMS 0x0000000426000000, 0x0000000426000000| Untracked 
|  73|0x0000000426800000, 0x0000000426800000, 0x0000000427000000|  0%| F|  |TAMS 0x0000000426800000, 0x0000000426800000| Untracked 
|  74|0x0000000427000000, 0x0000000427000000, 0x0000000427800000|  0%| F|  |TAMS 0x0000000427000000, 0x0000000427000000| Untracked 
|  75|0x0000000427800000, 0x0000000427800000, 0x0000000428000000|  0%| F|  |TAMS 0x0000000427800000, 0x0000000427800000| Untracked 
|  76|0x0000000428000000, 0x0000000428000000, 0x0000000428800000|  0%| F|  |TAMS 0x0000000428000000, 0x0000000428000000| Untracked 
|  77|0x0000000428800000, 0x0000000428800000, 0x0000000429000000|  0%| F|  |TAMS 0x0000000428800000, 0x0000000428800000| Untracked 
|  78|0x0000000429000000, 0x0000000429000000, 0x0000000429800000|  0%| F|  |TAMS 0x0000000429000000, 0x0000000429000000| Untracked 
|  79|0x0000000429800000, 0x0000000429800000, 0x000000042a000000|  0%| F|  |TAMS 0x0000000429800000, 0x0000000429800000| Untracked 
|  80|0x000000042a000000, 0x000000042a000000, 0x000000042a800000|  0%| F|  |TAMS 0x000000042a000000, 0x000000042a000000| Untracked 
|  81|0x000000042a800000, 0x000000042a800000, 0x000000042b000000|  0%| F|  |TAMS 0x000000042a800000, 0x000000042a800000| Untracked 
|  82|0x000000042b000000, 0x000000042b000000, 0x000000042b800000|  0%| F|  |TAMS 0x000000042b000000, 0x000000042b000000| Untracked 
|  83|0x000000042b800000, 0x000000042b800000, 0x000000042c000000|  0%| F|  |TAMS 0x000000042b800000, 0x000000042b800000| Untracked 
|  84|0x000000042c000000, 0x000000042c000000, 0x000000042c800000|  0%| F|  |TAMS 0x000000042c000000, 0x000000042c000000| Untracked 
|  85|0x000000042c800000, 0x000000042c800000, 0x000000042d000000|  0%| F|  |TAMS 0x000000042c800000, 0x000000042c800000| Untracked 
|  86|0x000000042d000000, 0x000000042d000000, 0x000000042d800000|  0%| F|  |TAMS 0x000000042d000000, 0x000000042d000000| Untracked 
|  87|0x000000042d800000, 0x000000042d800000, 0x000000042e000000|  0%| F|  |TAMS 0x000000042d800000, 0x000000042d800000| Untracked 
|  88|0x000000042e000000, 0x000000042e000000, 0x000000042e800000|  0%| F|  |TAMS 0x000000042e000000, 0x000000042e000000| Untracked 
|  89|0x000000042e800000, 0x000000042e800000, 0x000000042f000000|  0%| F|  |TAMS 0x000000042e800000, 0x000000042e800000| Untracked 
|  90|0x000000042f000000, 0x000000042f000000, 0x000000042f800000|  0%| F|  |TAMS 0x000000042f000000, 0x000000042f000000| Untracked 
|  91|0x000000042f800000, 0x000000042f800000, 0x0000000430000000|  0%| F|  |TAMS 0x000000042f800000, 0x000000042f800000| Untracked 
|  92|0x0000000430000000, 0x0000000430000000, 0x0000000430800000|  0%| F|  |TAMS 0x0000000430000000, 0x0000000430000000| Untracked 
|  93|0x0000000430800000, 0x0000000430800000, 0x0000000431000000|  0%| F|  |TAMS 0x0000000430800000, 0x0000000430800000| Untracked 
|  94|0x0000000431000000, 0x0000000431000000, 0x0000000431800000|  0%| F|  |TAMS 0x0000000431000000, 0x0000000431000000| Untracked 
|  95|0x0000000431800000, 0x0000000431800000, 0x0000000432000000|  0%| F|  |TAMS 0x0000000431800000, 0x0000000431800000| Untracked 
|  96|0x0000000432000000, 0x0000000432000000, 0x0000000432800000|  0%| F|  |TAMS 0x0000000432000000, 0x0000000432000000| Untracked 
|  97|0x0000000432800000, 0x0000000432800000, 0x0000000433000000|  0%| F|  |TAMS 0x0000000432800000, 0x0000000432800000| Untracked 
|  98|0x0000000433000000, 0x0000000433000000, 0x0000000433800000|  0%| F|  |TAMS 0x0000000433000000, 0x0000000433000000| Untracked 
|  99|0x0000000433800000, 0x0000000433800000, 0x0000000434000000|  0%| F|  |TAMS 0x0000000433800000, 0x0000000433800000| Untracked 
| 100|0x0000000434000000, 0x0000000434000000, 0x0000000434800000|  0%| F|  |TAMS 0x0000000434000000, 0x0000000434000000| Untracked 
| 101|0x0000000434800000, 0x0000000434800000, 0x0000000435000000|  0%| F|  |TAMS 0x0000000434800000, 0x0000000434800000| Untracked 
| 102|0x0000000435000000, 0x0000000435000000, 0x0000000435800000|  0%| F|  |TAMS 0x0000000435000000, 0x0000000435000000| Untracked 
| 103|0x0000000435800000, 0x0000000435800000, 0x0000000436000000|  0%| F|  |TAMS 0x0000000435800000, 0x0000000435800000| Untracked 
| 104|0x0000000436000000, 0x0000000436000000, 0x0000000436800000|  0%| F|  |TAMS 0x0000000436000000, 0x0000000436000000| Untracked 
| 105|0x0000000436800000, 0x0000000436800000, 0x0000000437000000|  0%| F|  |TAMS 0x0000000436800000, 0x0000000436800000| Untracked 
| 106|0x0000000437000000, 0x0000000437000000, 0x0000000437800000|  0%| F|  |TAMS 0x0000000437000000, 0x0000000437000000| Untracked 
| 107|0x0000000437800000, 0x0000000437800000, 0x0000000438000000|  0%| F|  |TAMS 0x0000000437800000, 0x0000000437800000| Untracked 
| 108|0x0000000438000000, 0x0000000438000000, 0x0000000438800000|  0%| F|  |TAMS 0x0000000438000000, 0x0000000438000000| Untracked 
| 109|0x0000000438800000, 0x0000000438800000, 0x0000000439000000|  0%| F|  |TAMS 0x0000000438800000, 0x0000000438800000| Untracked 
| 110|0x0000000439000000, 0x0000000439000000, 0x0000000439800000|  0%| F|  |TAMS 0x0000000439000000, 0x0000000439000000| Untracked 
| 111|0x0000000439800000, 0x0000000439800000, 0x000000043a000000|  0%| F|  |TAMS 0x0000000439800000, 0x0000000439800000| Untracked 
| 112|0x000000043a000000, 0x000000043a000000, 0x000000043a800000|  0%| F|  |TAMS 0x000000043a000000, 0x000000043a000000| Untracked 
| 113|0x000000043a800000, 0x000000043a800000, 0x000000043b000000|  0%| F|  |TAMS 0x000000043a800000, 0x000000043a800000| Untracked 
| 114|0x000000043b000000, 0x000000043b000000, 0x000000043b800000|  0%| F|  |TAMS 0x000000043b000000, 0x000000043b000000| Untracked 
| 115|0x000000043b800000, 0x000000043b800000, 0x000000043c000000|  0%| F|  |TAMS 0x000000043b800000, 0x000000043b800000| Untracked 
| 116|0x000000043c000000, 0x000000043c000000, 0x000000043c800000|  0%| F|  |TAMS 0x000000043c000000, 0x000000043c000000| Untracked 
| 117|0x000000043c800000, 0x000000043c800000, 0x000000043d000000|  0%| F|  |TAMS 0x000000043c800000, 0x000000043c800000| Untracked 
| 118|0x000000043d000000, 0x000000043d000000, 0x000000043d800000|  0%| F|  |TAMS 0x000000043d000000, 0x000000043d000000| Untracked 
| 119|0x000000043d800000, 0x000000043d800000, 0x000000043e000000|  0%| F|  |TAMS 0x000000043d800000, 0x000000043d800000| Untracked 
| 120|0x000000043e000000, 0x000000043e000000, 0x000000043e800000|  0%| F|  |TAMS 0x000000043e000000, 0x000000043e000000| Untracked 
| 121|0x000000043e800000, 0x000000043e800000, 0x000000043f000000|  0%| F|  |TAMS 0x000000043e800000, 0x000000043e800000| Untracked 
| 122|0x000000043f000000, 0x000000043f000000, 0x000000043f800000|  0%| F|  |TAMS 0x000000043f000000, 0x000000043f000000| Untracked 
| 123|0x000000043f800000, 0x000000043f800000, 0x0000000440000000|  0%| F|  |TAMS 0x000000043f800000, 0x000000043f800000| Untracked 
| 124|0x0000000440000000, 0x0000000440000000, 0x0000000440800000|  0%| F|  |TAMS 0x0000000440000000, 0x0000000440000000| Untracked 
| 125|0x0000000440800000, 0x0000000440800000, 0x0000000441000000|  0%| F|  |TAMS 0x0000000440800000, 0x0000000440800000| Untracked 
| 126|0x0000000441000000, 0x0000000441000000, 0x0000000441800000|  0%| F|  |TAMS 0x0000000441000000, 0x0000000441000000| Untracked 
| 127|0x0000000441800000, 0x0000000441800000, 0x0000000442000000|  0%| F|  |TAMS 0x0000000441800000, 0x0000000441800000| Untracked 
| 128|0x0000000442000000, 0x0000000442000000, 0x0000000442800000|  0%| F|  |TAMS 0x0000000442000000, 0x0000000442000000| Untracked 
| 129|0x0000000442800000, 0x0000000442800000, 0x0000000443000000|  0%| F|  |TAMS 0x0000000442800000, 0x0000000442800000| Untracked 
| 130|0x0000000443000000, 0x0000000443000000, 0x0000000443800000|  0%| F|  |TAMS 0x0000000443000000, 0x0000000443000000| Untracked 
| 131|0x0000000443800000, 0x0000000443800000, 0x0000000444000000|  0%| F|  |TAMS 0x0000000443800000, 0x0000000443800000| Untracked 
| 132|0x0000000444000000, 0x0000000444000000, 0x0000000444800000|  0%| F|  |TAMS 0x0000000444000000, 0x0000000444000000| Untracked 
| 133|0x0000000444800000, 0x0000000444800000, 0x0000000445000000|  0%| F|  |TAMS 0x0000000444800000, 0x0000000444800000| Untracked 
| 134|0x0000000445000000, 0x0000000445000000, 0x0000000445800000|  0%| F|  |TAMS 0x0000000445000000, 0x0000000445000000| Untracked 
| 135|0x0000000445800000, 0x0000000445800000, 0x0000000446000000|  0%| F|  |TAMS 0x0000000445800000, 0x0000000445800000| Untracked 
| 136|0x0000000446000000, 0x0000000446000000, 0x0000000446800000|  0%| F|  |TAMS 0x0000000446000000, 0x0000000446000000| Untracked 
| 137|0x0000000446800000, 0x0000000446800000, 0x0000000447000000|  0%| F|  |TAMS 0x0000000446800000, 0x0000000446800000| Untracked 
| 138|0x0000000447000000, 0x0000000447000000, 0x0000000447800000|  0%| F|  |TAMS 0x0000000447000000, 0x0000000447000000| Untracked 
| 139|0x0000000447800000, 0x0000000447800000, 0x0000000448000000|  0%| F|  |TAMS 0x0000000447800000, 0x0000000447800000| Untracked 
| 140|0x0000000448000000, 0x0000000448000000, 0x0000000448800000|  0%| F|  |TAMS 0x0000000448000000, 0x0000000448000000| Untracked 
| 141|0x0000000448800000, 0x0000000448800000, 0x0000000449000000|  0%| F|  |TAMS 0x0000000448800000, 0x0000000448800000| Untracked 
| 142|0x0000000449000000, 0x0000000449000000, 0x0000000449800000|  0%| F|  |TAMS 0x0000000449000000, 0x0000000449000000| Untracked 
| 143|0x0000000449800000, 0x0000000449800000, 0x000000044a000000|  0%| F|  |TAMS 0x0000000449800000, 0x0000000449800000| Untracked 
| 144|0x000000044a000000, 0x000000044a000000, 0x000000044a800000|  0%| F|  |TAMS 0x000000044a000000, 0x000000044a000000| Untracked 
| 145|0x000000044a800000, 0x000000044a800000, 0x000000044b000000|  0%| F|  |TAMS 0x000000044a800000, 0x000000044a800000| Untracked 
| 146|0x000000044b000000, 0x000000044b000000, 0x000000044b800000|  0%| F|  |TAMS 0x000000044b000000, 0x000000044b000000| Untracked 
| 147|0x000000044b800000, 0x000000044b800000, 0x000000044c000000|  0%| F|  |TAMS 0x000000044b800000, 0x000000044b800000| Untracked 
| 148|0x000000044c000000, 0x000000044c000000, 0x000000044c800000|  0%| F|  |TAMS 0x000000044c000000, 0x000000044c000000| Untracked 
| 149|0x000000044c800000, 0x000000044c800000, 0x000000044d000000|  0%| F|  |TAMS 0x000000044c800000, 0x000000044c800000| Untracked 
| 150|0x000000044d000000, 0x000000044d000000, 0x000000044d800000|  0%| F|  |TAMS 0x000000044d000000, 0x000000044d000000| Untracked 
| 151|0x000000044d800000, 0x000000044d800000, 0x000000044e000000|  0%| F|  |TAMS 0x000000044d800000, 0x000000044d800000| Untracked 
| 152|0x000000044e000000, 0x000000044e000000, 0x000000044e800000|  0%| F|  |TAMS 0x000000044e000000, 0x000000044e000000| Untracked 
| 153|0x000000044e800000, 0x000000044e800000, 0x000000044f000000|  0%| F|  |TAMS 0x000000044e800000, 0x000000044e800000| Untracked 
| 154|0x000000044f000000, 0x000000044f7a84a0, 0x000000044f800000| 95%| E|  |TAMS 0x000000044f000000, 0x000000044f000000| Complete 
| 155|0x000000044f800000, 0x0000000450000000, 0x0000000450000000|100%| E|CS|TAMS 0x000000044f800000, 0x000000044f800000| Complete 
| 156|0x0000000450000000, 0x0000000450800000, 0x0000000450800000|100%| E|CS|TAMS 0x0000000450000000, 0x0000000450000000| Complete 
| 157|0x0000000450800000, 0x0000000451000000, 0x0000000451000000|100%| E|CS|TAMS 0x0000000450800000, 0x0000000450800000| Complete 
| 158|0x0000000451000000, 0x0000000451800000, 0x0000000451800000|100%| E|CS|TAMS 0x0000000451000000, 0x0000000451000000| Complete 
| 159|0x0000000451800000, 0x0000000452000000, 0x0000000452000000|100%| E|CS|TAMS 0x0000000451800000, 0x0000000451800000| Complete 
| 160|0x0000000452000000, 0x0000000452800000, 0x0000000452800000|100%| E|CS|TAMS 0x0000000452000000, 0x0000000452000000| Complete 
| 161|0x0000000452800000, 0x0000000453000000, 0x0000000453000000|100%| E|CS|TAMS 0x0000000452800000, 0x0000000452800000| Complete 
| 162|0x0000000453000000, 0x0000000453800000, 0x0000000453800000|100%| E|CS|TAMS 0x0000000453000000, 0x0000000453000000| Complete 
| 163|0x0000000453800000, 0x0000000454000000, 0x0000000454000000|100%| E|CS|TAMS 0x0000000453800000, 0x0000000453800000| Complete 
| 164|0x0000000454000000, 0x0000000454800000, 0x0000000454800000|100%| E|CS|TAMS 0x0000000454000000, 0x0000000454000000| Complete 
| 165|0x0000000454800000, 0x0000000455000000, 0x0000000455000000|100%| E|CS|TAMS 0x0000000454800000, 0x0000000454800000| Complete 
| 166|0x0000000455000000, 0x0000000455800000, 0x0000000455800000|100%| E|CS|TAMS 0x0000000455000000, 0x0000000455000000| Complete 
| 167|0x0000000455800000, 0x0000000456000000, 0x0000000456000000|100%| E|CS|TAMS 0x0000000455800000, 0x0000000455800000| Complete 
| 168|0x0000000456000000, 0x0000000456800000, 0x0000000456800000|100%| E|CS|TAMS 0x0000000456000000, 0x0000000456000000| Complete 
| 169|0x0000000456800000, 0x0000000457000000, 0x0000000457000000|100%| E|CS|TAMS 0x0000000456800000, 0x0000000456800000| Complete 
| 170|0x0000000457000000, 0x0000000457800000, 0x0000000457800000|100%| E|CS|TAMS 0x0000000457000000, 0x0000000457000000| Complete 
| 171|0x0000000457800000, 0x0000000458000000, 0x0000000458000000|100%| E|CS|TAMS 0x0000000457800000, 0x0000000457800000| Complete 
| 172|0x0000000458000000, 0x0000000458800000, 0x0000000458800000|100%| E|CS|TAMS 0x0000000458000000, 0x0000000458000000| Complete 
| 173|0x0000000458800000, 0x0000000459000000, 0x0000000459000000|100%| E|CS|TAMS 0x0000000458800000, 0x0000000458800000| Complete 
| 174|0x0000000459000000, 0x0000000459800000, 0x0000000459800000|100%| E|CS|TAMS 0x0000000459000000, 0x0000000459000000| Complete 
| 175|0x0000000459800000, 0x000000045a000000, 0x000000045a000000|100%| E|CS|TAMS 0x0000000459800000, 0x0000000459800000| Complete 
| 176|0x000000045a000000, 0x000000045a800000, 0x000000045a800000|100%| E|CS|TAMS 0x000000045a000000, 0x000000045a000000| Complete 
| 177|0x000000045a800000, 0x000000045b000000, 0x000000045b000000|100%| E|CS|TAMS 0x000000045a800000, 0x000000045a800000| Complete 
| 178|0x000000045b000000, 0x000000045b800000, 0x000000045b800000|100%| E|CS|TAMS 0x000000045b000000, 0x000000045b000000| Complete 
| 179|0x000000045b800000, 0x000000045c000000, 0x000000045c000000|100%| E|CS|TAMS 0x000000045b800000, 0x000000045b800000| Complete 
| 180|0x000000045c000000, 0x000000045c800000, 0x000000045c800000|100%| E|CS|TAMS 0x000000045c000000, 0x000000045c000000| Complete 
| 181|0x000000045c800000, 0x000000045d000000, 0x000000045d000000|100%| E|CS|TAMS 0x000000045c800000, 0x000000045c800000| Complete 
| 182|0x000000045d000000, 0x000000045d800000, 0x000000045d800000|100%| E|CS|TAMS 0x000000045d000000, 0x000000045d000000| Complete 
| 183|0x000000045d800000, 0x000000045e000000, 0x000000045e000000|100%| E|CS|TAMS 0x000000045d800000, 0x000000045d800000| Complete 
| 184|0x000000045e000000, 0x000000045e800000, 0x000000045e800000|100%| E|CS|TAMS 0x000000045e000000, 0x000000045e000000| Complete 
| 185|0x000000045e800000, 0x000000045f000000, 0x000000045f000000|100%| E|CS|TAMS 0x000000045e800000, 0x000000045e800000| Complete 
| 186|0x000000045f000000, 0x000000045f800000, 0x000000045f800000|100%| E|CS|TAMS 0x000000045f000000, 0x000000045f000000| Complete 
| 187|0x000000045f800000, 0x0000000460000000, 0x0000000460000000|100%| E|CS|TAMS 0x000000045f800000, 0x000000045f800000| Complete 
| 188|0x0000000460000000, 0x0000000460800000, 0x0000000460800000|100%| E|CS|TAMS 0x0000000460000000, 0x0000000460000000| Complete 
| 189|0x0000000460800000, 0x0000000461000000, 0x0000000461000000|100%| E|CS|TAMS 0x0000000460800000, 0x0000000460800000| Complete 
| 190|0x0000000461000000, 0x0000000461800000, 0x0000000461800000|100%| E|CS|TAMS 0x0000000461000000, 0x0000000461000000| Complete 
| 191|0x0000000461800000, 0x0000000462000000, 0x0000000462000000|100%| E|CS|TAMS 0x0000000461800000, 0x0000000461800000| Complete 
| 192|0x0000000462000000, 0x0000000462800000, 0x0000000462800000|100%| E|CS|TAMS 0x0000000462000000, 0x0000000462000000| Complete 
| 193|0x0000000462800000, 0x0000000463000000, 0x0000000463000000|100%| E|CS|TAMS 0x0000000462800000, 0x0000000462800000| Complete 
| 194|0x0000000463000000, 0x0000000463800000, 0x0000000463800000|100%| E|CS|TAMS 0x0000000463000000, 0x0000000463000000| Complete 
| 195|0x0000000463800000, 0x0000000464000000, 0x0000000464000000|100%| E|CS|TAMS 0x0000000463800000, 0x0000000463800000| Complete 
| 196|0x0000000464000000, 0x0000000464800000, 0x0000000464800000|100%| E|CS|TAMS 0x0000000464000000, 0x0000000464000000| Complete 
| 197|0x0000000464800000, 0x0000000465000000, 0x0000000465000000|100%| E|CS|TAMS 0x0000000464800000, 0x0000000464800000| Complete 
| 198|0x0000000465000000, 0x0000000465800000, 0x0000000465800000|100%| E|CS|TAMS 0x0000000465000000, 0x0000000465000000| Complete 
| 199|0x0000000465800000, 0x0000000466000000, 0x0000000466000000|100%| E|CS|TAMS 0x0000000465800000, 0x0000000465800000| Complete 
| 200|0x0000000466000000, 0x0000000466800000, 0x0000000466800000|100%| E|CS|TAMS 0x0000000466000000, 0x0000000466000000| Complete 
| 201|0x0000000466800000, 0x0000000467000000, 0x0000000467000000|100%| E|CS|TAMS 0x0000000466800000, 0x0000000466800000| Complete 
| 202|0x0000000467000000, 0x0000000467800000, 0x0000000467800000|100%| E|CS|TAMS 0x0000000467000000, 0x0000000467000000| Complete 
| 203|0x0000000467800000, 0x0000000468000000, 0x0000000468000000|100%| E|CS|TAMS 0x0000000467800000, 0x0000000467800000| Complete 
| 204|0x0000000468000000, 0x0000000468800000, 0x0000000468800000|100%| E|CS|TAMS 0x0000000468000000, 0x0000000468000000| Complete 
| 205|0x0000000468800000, 0x0000000469000000, 0x0000000469000000|100%| E|CS|TAMS 0x0000000468800000, 0x0000000468800000| Complete 
| 206|0x0000000469000000, 0x0000000469800000, 0x0000000469800000|100%| E|CS|TAMS 0x0000000469000000, 0x0000000469000000| Complete 
| 207|0x0000000469800000, 0x000000046a000000, 0x000000046a000000|100%| E|CS|TAMS 0x0000000469800000, 0x0000000469800000| Complete 
| 208|0x000000046a000000, 0x000000046a800000, 0x000000046a800000|100%| E|CS|TAMS 0x000000046a000000, 0x000000046a000000| Complete 
| 209|0x000000046a800000, 0x000000046b000000, 0x000000046b000000|100%| E|CS|TAMS 0x000000046a800000, 0x000000046a800000| Complete 
| 210|0x000000046b000000, 0x000000046b800000, 0x000000046b800000|100%| E|CS|TAMS 0x000000046b000000, 0x000000046b000000| Complete 
| 211|0x000000046b800000, 0x000000046c000000, 0x000000046c000000|100%| E|CS|TAMS 0x000000046b800000, 0x000000046b800000| Complete 
| 212|0x000000046c000000, 0x000000046c800000, 0x000000046c800000|100%| E|CS|TAMS 0x000000046c000000, 0x000000046c000000| Complete 
| 213|0x000000046c800000, 0x000000046d000000, 0x000000046d000000|100%| E|CS|TAMS 0x000000046c800000, 0x000000046c800000| Complete 
| 214|0x000000046d000000, 0x000000046d800000, 0x000000046d800000|100%| E|CS|TAMS 0x000000046d000000, 0x000000046d000000| Complete 
| 215|0x000000046d800000, 0x000000046e000000, 0x000000046e000000|100%| E|CS|TAMS 0x000000046d800000, 0x000000046d800000| Complete 
| 216|0x000000046e000000, 0x000000046e800000, 0x000000046e800000|100%| E|CS|TAMS 0x000000046e000000, 0x000000046e000000| Complete 
| 217|0x000000046e800000, 0x000000046f000000, 0x000000046f000000|100%| E|CS|TAMS 0x000000046e800000, 0x000000046e800000| Complete 
| 218|0x000000046f000000, 0x000000046f800000, 0x000000046f800000|100%| E|CS|TAMS 0x000000046f000000, 0x000000046f000000| Complete 
| 219|0x000000046f800000, 0x0000000470000000, 0x0000000470000000|100%| E|CS|TAMS 0x000000046f800000, 0x000000046f800000| Complete 
| 220|0x0000000470000000, 0x0000000470800000, 0x0000000470800000|100%| E|CS|TAMS 0x0000000470000000, 0x0000000470000000| Complete 
| 221|0x0000000470800000, 0x0000000471000000, 0x0000000471000000|100%| E|CS|TAMS 0x0000000470800000, 0x0000000470800000| Complete 
| 222|0x0000000471000000, 0x0000000471800000, 0x0000000471800000|100%| E|CS|TAMS 0x0000000471000000, 0x0000000471000000| Complete 
| 223|0x0000000471800000, 0x0000000472000000, 0x0000000472000000|100%| E|CS|TAMS 0x0000000471800000, 0x0000000471800000| Complete 
| 224|0x0000000472000000, 0x0000000472800000, 0x0000000472800000|100%| E|CS|TAMS 0x0000000472000000, 0x0000000472000000| Complete 
| 225|0x0000000472800000, 0x0000000473000000, 0x0000000473000000|100%| E|CS|TAMS 0x0000000472800000, 0x0000000472800000| Complete 
| 226|0x0000000473000000, 0x0000000473800000, 0x0000000473800000|100%| E|CS|TAMS 0x0000000473000000, 0x0000000473000000| Complete 
| 227|0x0000000473800000, 0x0000000474000000, 0x0000000474000000|100%| E|CS|TAMS 0x0000000473800000, 0x0000000473800000| Complete 
| 228|0x0000000474000000, 0x0000000474800000, 0x0000000474800000|100%| E|CS|TAMS 0x0000000474000000, 0x0000000474000000| Complete 
| 229|0x0000000474800000, 0x0000000475000000, 0x0000000475000000|100%| E|CS|TAMS 0x0000000474800000, 0x0000000474800000| Complete 
| 230|0x0000000475000000, 0x0000000475800000, 0x0000000475800000|100%| E|CS|TAMS 0x0000000475000000, 0x0000000475000000| Complete 
| 231|0x0000000475800000, 0x0000000476000000, 0x0000000476000000|100%| E|CS|TAMS 0x0000000475800000, 0x0000000475800000| Complete 
| 232|0x0000000476000000, 0x0000000476800000, 0x0000000476800000|100%| E|CS|TAMS 0x0000000476000000, 0x0000000476000000| Complete 
| 233|0x0000000476800000, 0x0000000477000000, 0x0000000477000000|100%| E|CS|TAMS 0x0000000476800000, 0x0000000476800000| Complete 
| 234|0x0000000477000000, 0x0000000477800000, 0x0000000477800000|100%| E|CS|TAMS 0x0000000477000000, 0x0000000477000000| Complete 
| 235|0x0000000477800000, 0x0000000478000000, 0x0000000478000000|100%| E|CS|TAMS 0x0000000477800000, 0x0000000477800000| Complete 
| 236|0x0000000478000000, 0x0000000478800000, 0x0000000478800000|100%| E|CS|TAMS 0x0000000478000000, 0x0000000478000000| Complete 
| 237|0x0000000478800000, 0x0000000479000000, 0x0000000479000000|100%| E|CS|TAMS 0x0000000478800000, 0x0000000478800000| Complete 
| 238|0x0000000479000000, 0x0000000479800000, 0x0000000479800000|100%| E|CS|TAMS 0x0000000479000000, 0x0000000479000000| Complete 
| 239|0x0000000479800000, 0x000000047a000000, 0x000000047a000000|100%| E|CS|TAMS 0x0000000479800000, 0x0000000479800000| Complete 
| 240|0x000000047a000000, 0x000000047a800000, 0x000000047a800000|100%| E|CS|TAMS 0x000000047a000000, 0x000000047a000000| Complete 
| 241|0x000000047a800000, 0x000000047b000000, 0x000000047b000000|100%| E|CS|TAMS 0x000000047a800000, 0x000000047a800000| Complete 
| 242|0x000000047b000000, 0x000000047b800000, 0x000000047b800000|100%| E|CS|TAMS 0x000000047b000000, 0x000000047b000000| Complete 
| 243|0x000000047b800000, 0x000000047c000000, 0x000000047c000000|100%| E|CS|TAMS 0x000000047b800000, 0x000000047b800000| Complete 
| 244|0x000000047c000000, 0x000000047c800000, 0x000000047c800000|100%| E|CS|TAMS 0x000000047c000000, 0x000000047c000000| Complete 
| 245|0x000000047c800000, 0x000000047d000000, 0x000000047d000000|100%| E|  |TAMS 0x000000047c800000, 0x000000047c800000| Complete 
| 246|0x000000047d000000, 0x000000047d800000, 0x000000047d800000|100%| E|CS|TAMS 0x000000047d000000, 0x000000047d000000| Complete 
| 247|0x000000047d800000, 0x000000047e000000, 0x000000047e000000|100%| E|CS|TAMS 0x000000047d800000, 0x000000047d800000| Complete 

Card table byte_map: [0x0000027390ff0000,0x0000027392fe0000] _byte_map_base: 0x000002738efe0000

Marking Bits (Prev, Next): (CMBitMap*) 0x00000273f4faad30, (CMBitMap*) 0x00000273f4faacf0
 Prev Bits: [0x00000273a4f50000, 0x00000273b4ed0000)
 Next Bits: [0x0000027394fd0000, 0x00000273a4f50000)

Polling page: 0x00000273f4fd0000

Metaspace:

Usage:
  Non-class:     37.37 MB used.
      Class:      6.66 MB used.
       Both:     44.04 MB used.

Virtual space:
  Non-class space:       40.00 MB reserved,      37.69 MB ( 94%) committed,  5 nodes.
      Class space:        1.00 GB reserved,       6.94 MB ( <1%) committed,  1 nodes.
             Both:        1.04 GB reserved,      44.63 MB (  4%) committed. 

Chunk freelists:
   Non-Class:  2.05 MB
       Class:  1003.00 KB
        Both:  3.03 MB

MaxMetaspaceSize: unlimited
CompressedClassSpaceSize: 1.00 GB
Initial GC threshold: 21.00 MB
Current GC threshold: 63.75 MB
CDS: on
MetaspaceReclaimPolicy: balanced
 - commit_granule_bytes: 65536.
 - commit_granule_words: 8192.
 - virtual_space_node_default_size: 1048576.
 - enlarge_chunks_in_place: 1.
 - new_chunks_are_fully_committed: 0.
 - uncommit_free_chunks: 1.
 - use_allocation_guard: 0.
 - handle_deallocations: 1.


Internal statistics:

num_allocs_failed_limit: 9.
num_arena_births: 816.
num_arena_deaths: 34.
num_vsnodes_births: 6.
num_vsnodes_deaths: 0.
num_space_committed: 711.
num_space_uncommitted: 0.
num_chunks_returned_to_freelist: 55.
num_chunks_taken_from_freelist: 2559.
num_chunk_merges: 29.
num_chunk_splits: 1670.
num_chunks_enlarged: 1171.
num_purges: 2.
num_inconsistent_stats: 0.

CodeHeap 'non-profiled nmethods': size=120000Kb used=3604Kb max_used=3604Kb free=116395Kb
 bounds [0x0000027387ad0000, 0x0000027387e60000, 0x000002738f000000]
CodeHeap 'profiled nmethods': size=120000Kb used=8055Kb max_used=8646Kb free=111944Kb
 bounds [0x00000273805a0000, 0x0000027380e20000, 0x0000027387ad0000]
CodeHeap 'non-nmethods': size=5760Kb used=1829Kb max_used=1847Kb free=3930Kb
 bounds [0x0000027380000000, 0x0000027380270000, 0x00000273805a0000]
 total_blobs=6172 nmethods=4855 adapters=1229
 compilation: enabled
              stopped_count=0, restarted_count=0
 full_count=0

Compilation events (20 events):
Event: 5.804 Thread 0x00000273b8921230 5888 %     4       sun.security.provider.SHA::implCompress0 @ 379 (506 bytes)
Event: 5.804 Thread 0x00000273ffce8eb0 5889       3       jdk.internal.misc.Unsafe::checkPrimitivePointer (19 bytes)
Event: 5.805 Thread 0x00000273ffce8eb0 nmethod 5889 0x0000027380c1f490 code [0x0000027380c1f6a0, 0x0000027380c1fcc8]
Event: 5.805 Thread 0x00000273ffce8eb0 5890       3       jdk.internal.misc.Unsafe::checkPointer (19 bytes)
Event: 5.805 Thread 0x00000273ffce8eb0 nmethod 5890 0x0000027380c1ed90 code [0x0000027380c1ef60, 0x0000027380c1f308]
Event: 5.805 Thread 0x00000273ffce8eb0 5891       1       java.nio.HeapByteBuffer::isReadOnly (2 bytes)
Event: 5.805 Thread 0x00000273ffce8eb0 nmethod 5891 0x0000027387e53810 code [0x0000027387e539a0, 0x0000027387e53a78]
Event: 5.807 Thread 0x00000273ffce8eb0 5892       3       java.lang.ThreadLocal$ThreadLocalMap::nextIndex (15 bytes)
Event: 5.807 Thread 0x00000273ffce8eb0 nmethod 5892 0x0000027380c54a90 code [0x0000027380c54c20, 0x0000027380c54d58]
Event: 5.808 Thread 0x00000273ffce8eb0 5893       3       java.nio.Buffer::flip (20 bytes)
Event: 5.808 Thread 0x00000273ffce8eb0 nmethod 5893 0x0000027380c1ea10 code [0x0000027380c1eba0, 0x0000027380c1ecb8]
Event: 5.808 Thread 0x00000273ffce8eb0 5894       3       java.nio.ByteBuffer::flip (7 bytes)
Event: 5.808 Thread 0x00000273ffce8eb0 nmethod 5894 0x0000027380c1e610 code [0x0000027380c1e7a0, 0x0000027380c1e918]
Event: 5.809 Thread 0x00000273ffce8eb0 5896       3       sun.misc.Unsafe::putByte (9 bytes)
Event: 5.809 Thread 0x00000273b8921230 nmethod 5888% 0x0000027387e53f10 code [0x0000027387e540a0, 0x0000027387e544b8]
Event: 5.810 Thread 0x00000273ffce8eb0 nmethod 5896 0x0000027380c1e210 code [0x0000027380c1e3a0, 0x0000027380c1e518]
Event: 5.810 Thread 0x00000273ffce8eb0 5897       3       jdk.internal.misc.Unsafe::putByte (8 bytes)
Event: 5.810 Thread 0x00000273ffce8eb0 nmethod 5897 0x0000027380c1de90 code [0x0000027380c1e020, 0x0000027380c1e138]
Event: 5.813 Thread 0x00000273ffce8eb0 5898       3       com.mojang.datafixers.types.families.RecursiveTypeFamily::lambda$fold$0 (44 bytes)
Event: 5.814 Thread 0x00000273ffce8eb0 nmethod 5898 0x0000027380c1c710 code [0x0000027380c1c9c0, 0x0000027380c1d8f8]

GC Heap History (20 events):
Event: 4.108 GC heap before
{Heap before GC invocations=8 (full 0):
 garbage-first heap   total 499712K, used 297853K [0x0000000402000000, 0x0000000800000000)
  region size 8192K, 29 young (237568K), 2 survivors (16384K)
 Metaspace       used 35039K, committed 35520K, reserved 1081344K
  class space    used 5053K, committed 5248K, reserved 1048576K
}
Event: 4.127 GC heap after
{Heap after GC invocations=9 (full 0):
 garbage-first heap   total 499712K, used 110112K [0x0000000402000000, 0x0000000800000000)
  region size 8192K, 4 young (32768K), 4 survivors (32768K)
 Metaspace       used 35039K, committed 35520K, reserved 1081344K
  class space    used 5053K, committed 5248K, reserved 1048576K
}
Event: 4.244 GC heap before
{Heap before GC invocations=9 (full 0):
 garbage-first heap   total 499712K, used 167456K [0x0000000402000000, 0x0000000800000000)
  region size 8192K, 12 young (98304K), 4 survivors (32768K)
 Metaspace       used 35992K, committed 36416K, reserved 1081344K
  class space    used 5268K, committed 5440K, reserved 1048576K
}
Event: 4.262 GC heap after
{Heap after GC invocations=10 (full 0):
 garbage-first heap   total 499712K, used 121293K [0x0000000402000000, 0x0000000800000000)
  region size 8192K, 2 young (16384K), 2 survivors (16384K)
 Metaspace       used 35992K, committed 36416K, reserved 1081344K
  class space    used 5268K, committed 5440K, reserved 1048576K
}
Event: 4.571 GC heap before
{Heap before GC invocations=11 (full 0):
 garbage-first heap   total 499712K, used 334285K [0x0000000402000000, 0x0000000800000000)
  region size 8192K, 29 young (237568K), 2 survivors (16384K)
 Metaspace       used 38193K, committed 38784K, reserved 1089536K
  class space    used 5676K, committed 5952K, reserved 1048576K
}
Event: 4.590 GC heap after
{Heap after GC invocations=12 (full 0):
 garbage-first heap   total 499712K, used 145327K [0x0000000402000000, 0x0000000800000000)
  region size 8192K, 4 young (32768K), 4 survivors (32768K)
 Metaspace       used 38193K, committed 38784K, reserved 1089536K
  class space    used 5676K, committed 5952K, reserved 1048576K
}
Event: 4.784 GC heap before
{Heap before GC invocations=13 (full 0):
 garbage-first heap   total 499712K, used 358319K [0x0000000402000000, 0x0000000800000000)
  region size 8192K, 30 young (245760K), 4 survivors (32768K)
 Metaspace       used 39091K, committed 39680K, reserved 1089536K
  class space    used 5847K, committed 6144K, reserved 1048576K
}
Event: 4.815 GC heap after
{Heap after GC invocations=14 (full 0):
 garbage-first heap   total 499712K, used 173263K [0x0000000402000000, 0x0000000800000000)
  region size 8192K, 4 young (32768K), 4 survivors (32768K)
 Metaspace       used 39091K, committed 39680K, reserved 1089536K
  class space    used 5847K, committed 6144K, reserved 1048576K
}
Event: 4.985 GC heap before
{Heap before GC invocations=14 (full 0):
 garbage-first heap   total 499712K, used 361679K [0x0000000402000000, 0x0000000800000000)
  region size 8192K, 27 young (221184K), 4 survivors (32768K)
 Metaspace       used 40686K, committed 41216K, reserved 1089536K
  class space    used 6141K, committed 6400K, reserved 1048576K
}
Event: 5.009 GC heap after
{Heap after GC invocations=15 (full 0):
 garbage-first heap   total 499712K, used 197175K [0x0000000402000000, 0x0000000800000000)
  region size 8192K, 3 young (24576K), 3 survivors (24576K)
 Metaspace       used 40686K, committed 41216K, reserved 1089536K
  class space    used 6141K, committed 6400K, reserved 1048576K
}
Event: 5.101 GC heap before
{Heap before GC invocations=15 (full 0):
 garbage-first heap   total 499712K, used 369207K [0x0000000402000000, 0x0000000800000000)
  region size 8192K, 24 young (196608K), 3 survivors (24576K)
 Metaspace       used 41038K, committed 41600K, reserved 1089536K
  class space    used 6191K, committed 6464K, reserved 1048576K
}
Event: 5.116 GC heap after
{Heap after GC invocations=16 (full 0):
 garbage-first heap   total 1015808K, used 202163K [0x0000000402000000, 0x0000000800000000)
  region size 8192K, 1 young (8192K), 1 survivors (8192K)
 Metaspace       used 41038K, committed 41600K, reserved 1089536K
  class space    used 6191K, committed 6464K, reserved 1048576K
}
Event: 5.282 GC heap before
{Heap before GC invocations=16 (full 0):
 garbage-first heap   total 1015808K, used 767411K [0x0000000402000000, 0x0000000800000000)
  region size 8192K, 70 young (573440K), 1 survivors (8192K)
 Metaspace       used 42546K, committed 43136K, reserved 1089536K
  class space    used 6454K, committed 6720K, reserved 1048576K
}
Event: 5.290 GC heap after
{Heap after GC invocations=17 (full 0):
 garbage-first heap   total 1015808K, used 209230K [0x0000000402000000, 0x0000000800000000)
  region size 8192K, 2 young (16384K), 2 survivors (16384K)
 Metaspace       used 42546K, committed 43136K, reserved 1089536K
  class space    used 6454K, committed 6720K, reserved 1048576K
}
Event: 5.403 GC heap before
{Heap before GC invocations=17 (full 0):
 garbage-first heap   total 1015808K, used 799054K [0x0000000402000000, 0x0000000800000000)
  region size 8192K, 74 young (606208K), 2 survivors (16384K)
 Metaspace       used 43196K, committed 43776K, reserved 1089536K
  class space    used 6585K, committed 6848K, reserved 1048576K
}
Event: 5.415 GC heap after
{Heap after GC invocations=18 (full 0):
 garbage-first heap   total 1015808K, used 215745K [0x0000000402000000, 0x0000000800000000)
  region size 8192K, 3 young (24576K), 3 survivors (24576K)
 Metaspace       used 43196K, committed 43776K, reserved 1089536K
  class space    used 6585K, committed 6848K, reserved 1048576K
}
Event: 5.535 GC heap before
{Heap before GC invocations=18 (full 0):
 garbage-first heap   total 1015808K, used 797377K [0x0000000402000000, 0x0000000800000000)
  region size 8192K, 74 young (606208K), 3 survivors (24576K)
 Metaspace       used 43739K, committed 44352K, reserved 1089536K
  class space    used 6685K, committed 6976K, reserved 1048576K
}
Event: 5.546 GC heap after
{Heap after GC invocations=19 (full 0):
 garbage-first heap   total 1015808K, used 217225K [0x0000000402000000, 0x0000000800000000)
  region size 8192K, 3 young (24576K), 3 survivors (24576K)
 Metaspace       used 43739K, committed 44352K, reserved 1089536K
  class space    used 6685K, committed 6976K, reserved 1048576K
}
Event: 5.643 GC heap before
{Heap before GC invocations=19 (full 0):
 garbage-first heap   total 1015808K, used 798857K [0x0000000402000000, 0x0000000800000000)
  region size 8192K, 74 young (606208K), 3 survivors (24576K)
 Metaspace       used 44174K, committed 44800K, reserved 1089536K
  class space    used 6755K, committed 7040K, reserved 1048576K
}
Event: 5.657 GC heap after
{Heap after GC invocations=20 (full 0):
 garbage-first heap   total 2031616K, used 219914K [0x0000000402000000, 0x0000000800000000)
  region size 8192K, 3 young (24576K), 3 survivors (24576K)
 Metaspace       used 44174K, committed 44800K, reserved 1089536K
  class space    used 6755K, committed 7040K, reserved 1048576K
}

Deoptimization events (20 events):
Event: 5.807 Thread 0x00000273f4ef49a0 DEOPT PACKING pc=0x00000273808a7d72 sp=0x000000e6a67fab40
Event: 5.807 Thread 0x00000273f4ef49a0 DEOPT UNPACKING pc=0x0000027380052b43 sp=0x000000e6a67f9fb8 mode 0
Event: 5.807 Thread 0x00000273f4ef49a0 DEOPT PACKING pc=0x00000273808a7d72 sp=0x000000e6a67fab40
Event: 5.807 Thread 0x00000273f4ef49a0 DEOPT UNPACKING pc=0x0000027380052b43 sp=0x000000e6a67f9fb8 mode 0
Event: 5.808 Thread 0x00000273f4ef49a0 DEOPT PACKING pc=0x00000273808a7d72 sp=0x000000e6a67fab40
Event: 5.808 Thread 0x00000273f4ef49a0 DEOPT UNPACKING pc=0x0000027380052b43 sp=0x000000e6a67f9fb8 mode 0
Event: 5.808 Thread 0x00000273f4ef49a0 DEOPT PACKING pc=0x00000273808a7d72 sp=0x000000e6a67fab40
Event: 5.808 Thread 0x00000273f4ef49a0 DEOPT UNPACKING pc=0x0000027380052b43 sp=0x000000e6a67f9fb8 mode 0
Event: 5.808 Thread 0x00000273f4ef49a0 DEOPT PACKING pc=0x00000273808a7d72 sp=0x000000e6a67fab40
Event: 5.808 Thread 0x00000273f4ef49a0 DEOPT UNPACKING pc=0x0000027380052b43 sp=0x000000e6a67f9fb8 mode 0
Event: 5.808 Thread 0x00000273f4ef49a0 DEOPT PACKING pc=0x00000273808a7d72 sp=0x000000e6a67fab40
Event: 5.808 Thread 0x00000273f4ef49a0 DEOPT UNPACKING pc=0x0000027380052b43 sp=0x000000e6a67f9fb8 mode 0
Event: 5.808 Thread 0x00000273f4ef49a0 DEOPT PACKING pc=0x00000273808a7d72 sp=0x000000e6a67fab40
Event: 5.808 Thread 0x00000273f4ef49a0 DEOPT UNPACKING pc=0x0000027380052b43 sp=0x000000e6a67f9fb8 mode 0
Event: 5.808 Thread 0x00000273f4ef49a0 DEOPT PACKING pc=0x00000273808a7d72 sp=0x000000e6a67fab40
Event: 5.808 Thread 0x00000273f4ef49a0 DEOPT UNPACKING pc=0x0000027380052b43 sp=0x000000e6a67f9fb8 mode 0
Event: 5.808 Thread 0x00000273f4ef49a0 DEOPT PACKING pc=0x00000273808a7d72 sp=0x000000e6a67fab40
Event: 5.808 Thread 0x00000273f4ef49a0 DEOPT UNPACKING pc=0x0000027380052b43 sp=0x000000e6a67f9fb8 mode 0
Event: 5.808 Thread 0x00000273f4ef49a0 DEOPT PACKING pc=0x00000273808a7d72 sp=0x000000e6a67fab40
Event: 5.808 Thread 0x00000273f4ef49a0 DEOPT UNPACKING pc=0x0000027380052b43 sp=0x000000e6a67f9fb8 mode 0

Classes unloaded (17 events):
Event: 4.686 Thread 0x00000273ff0df490 Unloading class 0x0000000801053400 'java/lang/invoke/LambdaForm$DMH+0x0000000801053400'
Event: 4.686 Thread 0x00000273ff0df490 Unloading class 0x0000000801053000 'java/lang/invoke/LambdaForm$DMH+0x0000000801053000'
Event: 4.686 Thread 0x00000273ff0df490 Unloading class 0x0000000801052c00 'java/lang/invoke/LambdaForm$DMH+0x0000000801052c00'
Event: 4.686 Thread 0x00000273ff0df490 Unloading class 0x0000000801052800 'java/lang/invoke/LambdaForm$DMH+0x0000000801052800'
Event: 4.686 Thread 0x00000273ff0df490 Unloading class 0x0000000801052400 'java/lang/invoke/LambdaForm$DMH+0x0000000801052400'
Event: 4.686 Thread 0x00000273ff0df490 Unloading class 0x0000000801052000 'java/lang/invoke/LambdaForm$DMH+0x0000000801052000'
Event: 4.686 Thread 0x00000273ff0df490 Unloading class 0x0000000801051c00 'java/lang/invoke/LambdaForm$DMH+0x0000000801051c00'
Event: 4.686 Thread 0x00000273ff0df490 Unloading class 0x0000000801051800 'java/lang/invoke/LambdaForm$DMH+0x0000000801051800'
Event: 4.686 Thread 0x00000273ff0df490 Unloading class 0x0000000801051400 'java/lang/invoke/LambdaForm$DMH+0x0000000801051400'
Event: 4.686 Thread 0x00000273ff0df490 Unloading class 0x0000000801050c00 'java/lang/invoke/LambdaForm$DMH+0x0000000801050c00'
Event: 4.686 Thread 0x00000273ff0df490 Unloading class 0x0000000801050800 'java/lang/invoke/LambdaForm$DMH+0x0000000801050800'
Event: 4.686 Thread 0x00000273ff0df490 Unloading class 0x0000000801050400 'java/lang/invoke/LambdaForm$DMH+0x0000000801050400'
Event: 4.686 Thread 0x00000273ff0df490 Unloading class 0x0000000801050000 'java/lang/invoke/LambdaForm$DMH+0x0000000801050000'
Event: 4.686 Thread 0x00000273ff0df490 Unloading class 0x000000080104dc00 'java/lang/invoke/LambdaForm$DMH+0x000000080104dc00'
Event: 4.686 Thread 0x00000273ff0df490 Unloading class 0x000000080104d000 'java/lang/invoke/LambdaForm$DMH+0x000000080104d000'
Event: 4.686 Thread 0x00000273ff0df490 Unloading class 0x000000080104d800 'java/lang/invoke/LambdaForm$DMH+0x000000080104d800'
Event: 4.686 Thread 0x00000273ff0df490 Unloading class 0x000000080104d400 'java/lang/invoke/LambdaForm$DMH+0x000000080104d400'

Classes redefined (0 events):
No events

Internal exceptions (20 events):
Event: 4.832 Thread 0x00000273f4ef49a0 Exception <a 'java/lang/NoSuchMethodError'{0x000000044187cb60}: 'float java.lang.invoke.DirectMethodHandle$Holder.invokeSpecial(java.lang.Object, java.lang.Object)'> (0x000000044187cb60) 
thrown [c:\wsjdk\corretto17src\installers\windows\zip\corretto-build\buildroot\src\hotspot\share\interpreter\linkResolver.cpp, line 766]
Event: 4.852 Thread 0x00000273f4ef49a0 Exception <a 'java/lang/NoSuchMethodError'{0x000000044190ed80}: 'float java.lang.invoke.DirectMethodHandle$Holder.invokeStatic(java.lang.Object, java.lang.Object)'> (0x000000044190ed80) 
thrown [c:\wsjdk\corretto17src\installers\windows\zip\corretto-build\buildroot\src\hotspot\share\interpreter\linkResolver.cpp, line 766]
Event: 4.852 Thread 0x00000273f4ef49a0 Exception <a 'java/lang/NoSuchMethodError'{0x00000004419120d8}: 'float java.lang.invoke.DirectMethodHandle$Holder.invokeStaticInit(java.lang.Object, java.lang.Object)'> (0x00000004419120d8) 
thrown [c:\wsjdk\corretto17src\installers\windows\zip\corretto-build\buildroot\src\hotspot\share\interpreter\linkResolver.cpp, line 766]
Event: 4.861 Thread 0x00000273f4ef49a0 Exception <a 'java/lang/NoSuchMethodError'{0x000000041d608f18}: 'java.lang.Object java.lang.invoke.DirectMethodHandle$Holder.newInvokeSpecial(java.lang.Object, java.lang.Object, java.lang.Object, java.lang.Object, java.lang.Object, java.lang.Object, java.lang.Object, java.lang.Object, java.lang.Object, java.lang.Object, java.lang.Object, java.lang.Object, java.lang.Object, java.lang.Object, java.lang.Object, java.lang.Object)'> (0x000000041d608f18) 
thrown [c:\wsjdk\corretto17src\installers\windows\zip\cor
Event: 4.862 Thread 0x00000273f4ef49a0 Exception <a 'java/lang/IncompatibleClassChangeError'{0x000000041d611fe8}: Found class java.lang.Object, but interface was expected> (0x000000041d611fe8) 
thrown [c:\wsjdk\corretto17src\installers\windows\zip\corretto-build\buildroot\src\hotspot\share\interpreter\linkResolver.cpp, line 833]
Event: 4.905 Thread 0x00000273f4ef49a0 Exception <a 'java/lang/NoSuchMethodError'{0x000000041d786a48}: 'float java.lang.invoke.DirectMethodHandle$Holder.invokeStatic(java.lang.Object, float)'> (0x000000041d786a48) 
thrown [c:\wsjdk\corretto17src\installers\windows\zip\corretto-build\buildroot\src\hotspot\share\interpreter\linkResolver.cpp, line 766]
Event: 4.972 Thread 0x00000273f4ef49a0 Exception <a 'java/lang/NoSuchMethodError'{0x0000000417e00178}: 'java.lang.Object java.lang.invoke.DirectMethodHandle$Holder.newInvokeSpecial(java.lang.Object, java.lang.Object, int, java.lang.Object)'> (0x0000000417e00178) 
thrown [c:\wsjdk\corretto17src\installers\windows\zip\corretto-build\buildroot\src\hotspot\share\interpreter\linkResolver.cpp, line 766]
Event: 5.027 Thread 0x00000273f4ef49a0 Exception <a 'java/lang/NoSuchMethodError'{0x000000044188b868}: 'int java.lang.invoke.DirectMethodHandle$Holder.invokeSpecialIFC(java.lang.Object, java.lang.Object, java.lang.Object, java.lang.Object)'> (0x000000044188b868) 
thrown [c:\wsjdk\corretto17src\installers\windows\zip\corretto-build\buildroot\src\hotspot\share\interpreter\linkResolver.cpp, line 766]
Event: 5.165 Thread 0x00000273f4ef49a0 Exception <a 'java/lang/NoSuchMethodError'{0x0000000441dc7b78}: 'void java.lang.invoke.DirectMethodHandle$Holder.invokeStaticInit(java.lang.Object, java.lang.Object, java.lang.Object, java.lang.Object, java.lang.Object, java.lang.Object)'> (0x0000000441dc7b78) 
thrown [c:\wsjdk\corretto17src\installers\windows\zip\corretto-build\buildroot\src\hotspot\share\interpreter\linkResolver.cpp, line 766]
Event: 5.166 Thread 0x00000273f4ef49a0 Exception <a 'java/lang/NoSuchMethodError'{0x0000000441dcdb50}: 'java.lang.Object java.lang.invoke.DirectMethodHandle$Holder.invokeStatic(java.lang.Object, java.lang.Object, java.lang.Object, java.lang.Object, java.lang.Object, java.lang.Object, java.lang.Object, java.lang.Object, java.lang.Object, java.lang.Object, int)'> (0x0000000441dcdb50) 
thrown [c:\wsjdk\corretto17src\installers\windows\zip\corretto-build\buildroot\src\hotspot\share\interpreter\linkResolver.cpp, line 766]
Event: 5.167 Thread 0x00000273f4ef49a0 Exception <a 'java/lang/NoSuchMethodError'{0x0000000441dd2138}: 'java.lang.Object java.lang.invoke.DirectMethodHandle$Holder.invokeStaticInit(java.lang.Object, java.lang.Object, java.lang.Object, java.lang.Object, java.lang.Object, java.lang.Object, java.lang.Object, java.lang.Object, java.lang.Object, java.lang.Object, int)'> (0x0000000441dd2138) 
thrown [c:\wsjdk\corretto17src\installers\windows\zip\corretto-build\buildroot\src\hotspot\share\interpreter\linkResolver.cpp, line 766]
Event: 5.364 Thread 0x00000273f4ef49a0 Exception <a 'java/lang/NoSuchMethodError'{0x0000000441f0f078}: 'long java.lang.invoke.DirectMethodHandle$Holder.invokeStaticInit(java.lang.Object, float)'> (0x0000000441f0f078) 
thrown [c:\wsjdk\corretto17src\installers\windows\zip\corretto-build\buildroot\src\hotspot\share\interpreter\linkResolver.cpp, line 766]
Event: 5.364 Thread 0x00000273f4ef49a0 Exception <a 'java/lang/NoSuchMethodError'{0x00000004275454b0}: 'float java.lang.invoke.DirectMethodHandle$Holder.invokeStatic(java.lang.Object, long)'> (0x00000004275454b0) 
thrown [c:\wsjdk\corretto17src\installers\windows\zip\corretto-build\buildroot\src\hotspot\share\interpreter\linkResolver.cpp, line 766]
Event: 5.365 Thread 0x00000273f4ef49a0 Exception <a 'java/lang/NoSuchMethodError'{0x0000000427548c20}: 'float java.lang.invoke.DirectMethodHandle$Holder.invokeStaticInit(java.lang.Object, long)'> (0x0000000427548c20) 
thrown [c:\wsjdk\corretto17src\installers\windows\zip\corretto-build\buildroot\src\hotspot\share\interpreter\linkResolver.cpp, line 766]
Event: 5.365 Thread 0x00000273f4ef49a0 Exception <a 'java/lang/NoSuchMethodError'{0x0000000427551780}: 'java.lang.Object java.lang.invoke.DirectMethodHandle$Holder.newInvokeSpecial(java.lang.Object, java.lang.Object, java.lang.Object, java.lang.Object, java.lang.Object, java.lang.Object, java.lang.Object, long)'> (0x0000000427551780) 
thrown [c:\wsjdk\corretto17src\installers\windows\zip\corretto-build\buildroot\src\hotspot\share\interpreter\linkResolver.cpp, line 766]
Event: 5.380 Thread 0x00000273f4ef49a0 Exception <a 'java/lang/NoSuchMethodError'{0x00000004275f9730}: 'java.lang.Object java.lang.invoke.DirectMethodHandle$Holder.newInvokeSpecial(java.lang.Object, java.lang.Object, long)'> (0x00000004275f9730) 
thrown [c:\wsjdk\corretto17src\installers\windows\zip\corretto-build\buildroot\src\hotspot\share\interpreter\linkResolver.cpp, line 766]
Event: 5.392 Thread 0x00000273f4ef49a0 Exception <a 'java/lang/NoSuchMethodError'{0x0000000427652b28}: 'java.lang.Object java.lang.invoke.DirectMethodHandle$Holder.newInvokeSpecial(java.lang.Object, java.lang.Object, java.lang.Object, java.lang.Object, int, int, java.lang.Object)'> (0x0000000427652b28) 
thrown [c:\wsjdk\corretto17src\installers\windows\zip\corretto-build\buildroot\src\hotspot\share\interpreter\linkResolver.cpp, line 766]
Event: 5.691 Thread 0x00000273f4ef49a0 Implicit null exception at 0x0000027387d90706 to 0x0000027387d90bbc
Event: 5.691 Thread 0x00000273f4ef49a0 Implicit null exception at 0x0000027387d1aa74 to 0x0000027387d1bd98
Event: 5.691 Thread 0x00000273f4ef49a0 Implicit null exception at 0x0000027387bbd500 to 0x0000027387bbde58

VM Operations (20 events):
Event: 4.784 Executing VM operation: G1CollectForAllocation
Event: 4.816 Executing VM operation: G1CollectForAllocation done
Event: 4.984 Executing VM operation: G1CollectForAllocation
Event: 5.011 Executing VM operation: G1CollectForAllocation done
Event: 5.101 Executing VM operation: G1CollectForAllocation
Event: 5.116 Executing VM operation: G1CollectForAllocation done
Event: 5.282 Executing VM operation: G1CollectForAllocation
Event: 5.292 Executing VM operation: G1CollectForAllocation done
Event: 5.373 Executing VM operation: HandshakeAllThreads
Event: 5.374 Executing VM operation: HandshakeAllThreads done
Event: 5.403 Executing VM operation: G1CollectForAllocation
Event: 5.416 Executing VM operation: G1CollectForAllocation done
Event: 5.535 Executing VM operation: G1CollectForAllocation
Event: 5.546 Executing VM operation: G1CollectForAllocation done
Event: 5.627 Executing VM operation: HandshakeAllThreads
Event: 5.643 Executing VM operation: HandshakeAllThreads done
Event: 5.643 Executing VM operation: G1CollectForAllocation
Event: 5.657 Executing VM operation: G1CollectForAllocation done
Event: 5.775 Executing VM operation: HandshakeAllThreads
Event: 5.793 Executing VM operation: HandshakeAllThreads done

Events (20 events):
Event: 5.719 loading class sun/nio/ch/Util$BufferCache
Event: 5.719 loading class sun/nio/ch/Util$BufferCache done
Event: 5.719 loading class java/nio/DirectByteBuffer$Deallocator
Event: 5.719 loading class java/nio/DirectByteBuffer$Deallocator done
Event: 5.719 loading class sun/nio/ch/IOStatus
Event: 5.719 loading class sun/nio/ch/IOStatus done
Event: 5.727 loading class java/nio/DirectShortBufferU
Event: 5.727 loading class java/nio/DirectShortBufferU done
Event: 5.727 loading class java/nio/DirectCharBufferU
Event: 5.728 loading class java/nio/DirectCharBufferU done
Event: 5.728 loading class java/nio/DirectFloatBufferU
Event: 5.728 loading class java/nio/DirectFloatBufferU done
Event: 5.728 loading class java/nio/DirectDoubleBufferU
Event: 5.728 loading class java/nio/DirectDoubleBufferU done
Event: 5.774 loading class java/nio/BufferOverflowException
Event: 5.774 loading class java/nio/BufferOverflowException done
Event: 5.774 loading class java/nio/InvalidMarkException
Event: 5.774 loading class java/nio/InvalidMarkException done
Event: 5.793 loading class java/nio/BufferUnderflowException
Event: 5.793 loading class java/nio/BufferUnderflowException done


Dynamic libraries:
0x00007ff7749f0000 - 0x00007ff7749fd000 	C:\Users\lx\.jdks\corretto-17.0.2\bin\java.exe
0x00007ff97b3d0000 - 0x00007ff97b5c5000 	C:\WINDOWS\SYSTEM32\ntdll.dll
0x00007ff9794e0000 - 0x00007ff97959e000 	C:\WINDOWS\System32\KERNEL32.DLL
0x00007ff978e80000 - 0x00007ff979148000 	C:\WINDOWS\System32\KERNELBASE.dll
0x00007ff979260000 - 0x00007ff979360000 	C:\WINDOWS\System32\ucrtbase.dll
0x00007ff968fc0000 - 0x00007ff968fd8000 	C:\Users\lx\.jdks\corretto-17.0.2\bin\jli.dll
0x00007ff973900000 - 0x00007ff973915000 	C:\Users\lx\.jdks\corretto-17.0.2\bin\VCRUNTIME140.dll
0x00007ff979620000 - 0x00007ff9797c1000 	C:\WINDOWS\System32\USER32.dll
0x00007ff9793e0000 - 0x00007ff979402000 	C:\WINDOWS\System32\win32u.dll
0x00007ff95a9e0000 - 0x00007ff95ac7a000 	C:\WINDOWS\WinSxS\amd64_microsoft.windows.common-controls_6595b64144ccf1df_6.0.19041.1110_none_60b5254171f9507e\COMCTL32.dll
0x00007ff97a1e0000 - 0x00007ff97a20b000 	C:\WINDOWS\System32\GDI32.dll
0x00007ff97b2f0000 - 0x00007ff97b38e000 	C:\WINDOWS\System32\msvcrt.dll
0x00007ff978ae0000 - 0x00007ff978bed000 	C:\WINDOWS\System32\gdi32full.dll
0x00007ff978bf0000 - 0x00007ff978c8d000 	C:\WINDOWS\System32\msvcp_win.dll
0x00007ff9794b0000 - 0x00007ff9794e0000 	C:\WINDOWS\System32\IMM32.DLL
0x00007ff93f460000 - 0x00007ff93f4fb000 	C:\Users\lx\.jdks\corretto-17.0.2\bin\msvcp140.dll
0x00007ff90bef0000 - 0x00007ff90cb0a000 	C:\Users\lx\.jdks\corretto-17.0.2\bin\server\jvm.dll
0x00007ff979e30000 - 0x00007ff979edc000 	C:\WINDOWS\System32\ADVAPI32.dll
0x00007ff979410000 - 0x00007ff9794ab000 	C:\WINDOWS\System32\sechost.dll
0x00007ff979ee0000 - 0x00007ff97a00a000 	C:\WINDOWS\System32\RPCRT4.dll
0x00007ff97aac0000 - 0x00007ff97aac8000 	C:\WINDOWS\System32\PSAPI.DLL
0x00007ff968af0000 - 0x00007ff968af9000 	C:\WINDOWS\SYSTEM32\WSOCK32.dll
0x00007ff97ab30000 - 0x00007ff97ab9b000 	C:\WINDOWS\System32\WS2_32.dll
0x00007ff965860000 - 0x00007ff965887000 	C:\WINDOWS\SYSTEM32\WINMM.dll
0x00007ff973670000 - 0x00007ff97367a000 	C:\WINDOWS\SYSTEM32\VERSION.dll
0x00007ff9769b0000 - 0x00007ff9769c2000 	C:\WINDOWS\SYSTEM32\kernel.appcore.dll
0x00007ff974790000 - 0x00007ff97479a000 	C:\Users\lx\.jdks\corretto-17.0.2\bin\jimage.dll
0x00007ff969620000 - 0x00007ff969804000 	C:\WINDOWS\SYSTEM32\DBGHELP.DLL
0x00007ff964910000 - 0x00007ff96493c000 	C:\WINDOWS\SYSTEM32\dbgcore.DLL
0x00007ff978df0000 - 0x00007ff978e72000 	C:\WINDOWS\System32\bcryptPrimitives.dll
0x00007ff94b660000 - 0x00007ff94b685000 	C:\Users\lx\.jdks\corretto-17.0.2\bin\java.dll
0x00007ff93a9e0000 - 0x00007ff93aab6000 	C:\Users\lx\.jdks\corretto-17.0.2\bin\jsvml.dll
0x00007ff97aba0000 - 0x00007ff97b2e4000 	C:\WINDOWS\System32\SHELL32.dll
0x00007ff976bb0000 - 0x00007ff977344000 	C:\WINDOWS\SYSTEM32\windows.storage.dll
0x00007ff97a340000 - 0x00007ff97a695000 	C:\WINDOWS\System32\combase.dll
0x00007ff978380000 - 0x00007ff9783ae000 	C:\WINDOWS\SYSTEM32\Wldp.dll
0x00007ff97aa10000 - 0x00007ff97aabd000 	C:\WINDOWS\System32\SHCORE.dll
0x00007ff97a100000 - 0x00007ff97a155000 	C:\WINDOWS\System32\shlwapi.dll
0x00007ff978a20000 - 0x00007ff978a3f000 	C:\WINDOWS\SYSTEM32\profapi.dll
0x00007ff967d10000 - 0x00007ff967d29000 	C:\Users\lx\.jdks\corretto-17.0.2\bin\net.dll
0x00007ff973680000 - 0x00007ff97378c000 	C:\WINDOWS\SYSTEM32\WINHTTP.dll
0x00007ff978160000 - 0x00007ff9781ca000 	C:\WINDOWS\system32\mswsock.dll
0x00007ff9566e0000 - 0x00007ff9566f5000 	C:\Users\lx\.jdks\corretto-17.0.2\bin\nio.dll
0x00007ff94f200000 - 0x00007ff94f218000 	C:\Users\lx\.jdks\corretto-17.0.2\bin\zip.dll
0x00007ff968fb0000 - 0x00007ff968fb9000 	C:\Users\lx\.jdks\corretto-17.0.2\bin\management.dll
0x00007ff968d70000 - 0x00007ff968d7b000 	C:\Users\lx\.jdks\corretto-17.0.2\bin\management_ext.dll
0x00007ff965450000 - 0x00007ff965467000 	C:\WINDOWS\system32\napinsp.dll
0x00007ff965350000 - 0x00007ff96536b000 	C:\WINDOWS\system32\pnrpnsp.dll
0x00007ff964520000 - 0x00007ff964535000 	C:\WINDOWS\system32\wshbth.dll
0x00007ff9744c0000 - 0x00007ff9744dd000 	C:\WINDOWS\system32\NLAapi.dll
0x00007ff977e70000 - 0x00007ff977eab000 	C:\WINDOWS\SYSTEM32\IPHLPAPI.DLL
0x00007ff977eb0000 - 0x00007ff977f7b000 	C:\WINDOWS\SYSTEM32\DNSAPI.dll
0x00007ff97a730000 - 0x00007ff97a738000 	C:\WINDOWS\System32\NSI.dll
0x00007ff964190000 - 0x00007ff9641a2000 	C:\WINDOWS\System32\winrnr.dll
0x00000000586a0000 - 0x00000000586c6000 	C:\Program Files\Bonjour\mdnsNSP.dll
0x00007ff971d30000 - 0x00007ff971d3a000 	C:\Windows\System32\rasadhlp.dll
0x00007ff971a10000 - 0x00007ff971a8f000 	C:\WINDOWS\System32\fwpuclnt.dll
0x00007ff9793b0000 - 0x00007ff9793d7000 	C:\WINDOWS\System32\bcrypt.dll
0x00007ff9783c0000 - 0x00007ff9783d8000 	C:\WINDOWS\SYSTEM32\CRYPTSP.dll
0x00007ff977b00000 - 0x00007ff977b34000 	C:\WINDOWS\system32\rsaenh.dll
0x00007ff9789a0000 - 0x00007ff9789ce000 	C:\WINDOWS\SYSTEM32\USERENV.dll
0x00007ff9782f0000 - 0x00007ff9782fc000 	C:\WINDOWS\SYSTEM32\CRYPTBASE.dll
0x00007ff972d50000 - 0x00007ff972d67000 	C:\WINDOWS\SYSTEM32\dhcpcsvc6.DLL
0x00007ff972d30000 - 0x00007ff972d4d000 	C:\WINDOWS\SYSTEM32\dhcpcsvc.DLL
0x00007ff93f1d0000 - 0x00007ff93f215000 	C:\Users\lx\AppData\Local\Temp\jna-3468\jna11392121235639073954.dll
0x00007ff97a210000 - 0x00007ff97a33a000 	C:\WINDOWS\System32\Ole32.dll
0x00007ff9797d0000 - 0x00007ff979879000 	C:\WINDOWS\System32\clbcatq.dll
0x00007ff979d60000 - 0x00007ff979e2d000 	C:\WINDOWS\System32\OleAut32.dll
0x00007ff96dc80000 - 0x00007ff96dc99000 	C:\WINDOWS\SYSTEM32\amsi.dll
0x00007ff968a90000 - 0x00007ff968ad9000 	C:\WINDOWS\SYSTEM32\Pdh.dll
0x00007ff94d170000 - 0x00007ff94d17f000 	C:\WINDOWS\System32\perfos.dll
0x00007ff9280f0000 - 0x00007ff928162000 	C:\normal\Codes\Code-Java\Rikaishi-Nikui\rikaishi_nikui\minecraft\versions\1.18.2\natives\lwjgl.dll
0x00007ff916460000 - 0x00007ff9166b1000 	C:\normal\Codes\Code-Java\Rikaishi-Nikui\rikaishi_nikui\minecraft\versions\1.18.2\natives\jemalloc.dll

dbghelp: loaded successfully - version: 4.0.5 - missing functions: none
symbol engine: initialized successfully - sym options: 0x614 - pdb path: .;C:\Users\lx\.jdks\corretto-17.0.2\bin;C:\WINDOWS\SYSTEM32;C:\WINDOWS\WinSxS\amd64_microsoft.windows.common-controls_6595b64144ccf1df_6.0.19041.1110_none_60b5254171f9507e;C:\Users\lx\.jdks\corretto-17.0.2\bin\server;C:\Program Files\Bonjour;C:\Users\lx\AppData\Local\Temp\jna-3468;C:\normal\Codes\Code-Java\Rikaishi-Nikui\rikaishi_nikui\minecraft\versions\1.18.2\natives

VM Arguments:
jvm_args: -Dcom.sun.jndi.ldap.object.trustURLCodebase=false -Duser.dir=C:\normal\Codes\Code-Java\Rikaishi-Nikui\rikaishi_nikui\minecraft\versions\1.17.1-Fabric 0.11.6 -Dlog4j2.formatMsgNoLookups=true -Djava.library.path=C:\normal\Codes\Code-Java\Rikaishi-Nikui\rikaishi_nikui\minecraft\versions\1.18.2/natives/ 
java_command: net.minecraft.client.main.Main --username zhuaidadaya --version 1.18.2 --gameDir C:\normal\Codes\Code-Java\Rikaishi-Nikui\rikaishi_nikui\minecraft\versions\1.18.2 --assetsDir C:\normal\Codes\Code-Java\Rikaishi-Nikui\rikaishi_nikui\minecraft\assets --assetIndex 1.18 --uuid 042e1bf7-0954-49c9-b45b-8fcf3465efa0 --accessToken 042e1bf7-0954-49c9-b45b-8fcf3465efa0 --userProperties {} --userType Legacy --width 854 --height 480
java_class_path (initial): C:/normal/Codes/Code-Java/Rikaishi-Nikui/rikaishi_nikui/minecraft/libraries/ca/weblite/java-objc-bridge/1.0.0/java-objc-bridge-1.0.0.jar;C:/normal/Codes/Code-Java/Rikaishi-Nikui/rikaishi_nikui/minecraft/libraries/com/github/oshi/oshi-core/5.8.5/oshi-core-5.8.5.jar;C:/normal/Codes/Code-Java/Rikaishi-Nikui/rikaishi_nikui/minecraft/libraries/com/google/code/gson/gson/2.8.9/gson-2.8.9.jar;C:/normal/Codes/Code-Java/Rikaishi-Nikui/rikaishi_nikui/minecraft/libraries/com/google/guava/failureaccess/1.0.1/failureaccess-1.0.1.jar;C:/normal/Codes/Code-Java/Rikaishi-Nikui/rikaishi_nikui/minecraft/libraries/com/google/guava/guava/31.0.1-jre/guava-31.0.1-jre.jar;C:/normal/Codes/Code-Java/Rikaishi-Nikui/rikaishi_nikui/minecraft/libraries/com/ibm/icu/icu4j/70.1/icu4j-70.1.jar;C:/normal/Codes/Code-Java/Rikaishi-Nikui/rikaishi_nikui/minecraft/libraries/com/mojang/authlib/3.3.39/authlib-3.3.39.jar;C:/normal/Codes/Code-Java/Rikaishi-Nikui/rikaishi_nikui/minecraft/libraries/com/mojang/blocklist/1.0.10/blocklist-1.0.10.jar;C:/normal/Codes/Code-Java/Rikaishi-Nikui/rikaishi_nikui/minecraft/libraries/com/mojang/brigadier/1.0.18/brigadier-1.0.18.jar;C:/normal/Codes/Code-Java/Rikaishi-Nikui/rikaishi_nikui/minecraft/libraries/com/mojang/datafixerupper/4.1.27/datafixerupper-4.1.27.jar;C:/normal/Codes/Code-Java/Rikaishi-Nikui/rikaishi_nikui/minecraft/libraries/com/mojang/javabridge/1.2.24/javabridge-1.2.24.jar;C:/normal/Codes/Code-Java/Rikaishi-Nikui/rikaishi_nikui/minecraft/libraries/com/mojang/logging/1.0.0/logging-1.0.0.jar;C:/normal/Codes/Code-Java/Rikaishi-Nikui/rikaishi_nikui/minecraft/libraries/com/mojang/patchy/2.2.10/patchy-2.2.10.jar;C:/normal/Codes/Code-Java/Rikaishi-Nikui/rikaishi_nikui/minecraft/libraries/com/mojang/text2speech/1.12.4/text2speech-1.12.4.jar;C:/normal/Codes/Code-Java/Rikaishi-Nikui/rikaishi_nikui/minecraft/libraries/commons-codec/commons-codec/1.15/commons-codec-1.15.jar;C:/normal/Codes/Code-Java/Rikaishi-Nikui/rikaishi_nikui/minecraft/lib
Launcher Type: SUN_STANDARD

[Global flags]
     intx CICompilerCount                          = 4                                         {product} {ergonomic}
     uint ConcGCThreads                            = 3                                         {product} {ergonomic}
     uint G1ConcRefinementThreads                  = 10                                        {product} {ergonomic}
   size_t G1HeapRegionSize                         = 8388608                                   {product} {ergonomic}
    uintx GCDrainStackTargetSize                   = 64                                        {product} {ergonomic}
   size_t InitialHeapSize                          = 1073741824                                {product} {ergonomic}
   size_t MarkStackSize                            = 4194304                                   {product} {ergonomic}
   size_t MaxHeapSize                              = 17146314752                               {product} {ergonomic}
   size_t MaxNewSize                               = 10284433408                               {product} {ergonomic}
   size_t MinHeapDeltaBytes                        = 8388608                                   {product} {ergonomic}
   size_t MinHeapSize                              = 8388608                                   {product} {ergonomic}
    uintx NonNMethodCodeHeapSize                   = 5839372                                {pd product} {ergonomic}
    uintx NonProfiledCodeHeapSize                  = 122909434                              {pd product} {ergonomic}
    uintx ProfiledCodeHeapSize                     = 122909434                              {pd product} {ergonomic}
    uintx ReservedCodeCacheSize                    = 251658240                              {pd product} {ergonomic}
     bool SegmentedCodeCache                       = true                                      {product} {ergonomic}
   size_t SoftMaxHeapSize                          = 17146314752                            {manageable} {ergonomic}
     bool UseCompressedClassPointers               = true                           {product lp64_product} {ergonomic}
     bool UseCompressedOops                        = true                           {product lp64_product} {ergonomic}
     bool UseG1GC                                  = true                                      {product} {ergonomic}
     bool UseLargePagesIndividualAllocation        = false                                  {pd product} {ergonomic}

Logging:
Log output configuration:
 #0: stdout all=warning uptime,level,tags
 #1: stderr all=off uptime,level,tags

Environment Variables:
JAVA_HOME=C:\Users\lx\.jdks\openjdk-16.0.2
CLASSPATH=C:\Users\lx\.jdks\openjdk-16.0.2\lib\dt.jar;C:\Users\lx\.jdks\openjdk-16.0.2\lib\tools.jar
PATH=C:\Program Files\Common Files\Oracle\Java\javapath;C:\Program Files\Python39\Scripts\;C:\Program Files\Python39\;C:\Program Files (x86)\Common Files\Oracle\Java\javapath;C:\Users\lx\.jdks\openjdk-16.0.2\bin;C:\WINDOWS\system32;C:\WINDOWS;C:\WINDOWS\System32\Wbem;C:\WINDOWS\System32\WindowsPowerShell\v1.0\;C:\WINDOWS\System32\OpenSSH\;C:\Program Files\Microsoft SQL Server\130\Tools\Binn\;C:\Program Files (x86)\NVIDIA Corporation\PhysX\Common;C:\Program Files\NVIDIA Corporation\NVIDIA NvDLISR;C:\Program Files\Microsoft SQL Server\Client SDK\ODBC\170\Tools\Binn\;D:\Git\cmd;C:\Program Files (x86)\Microsoft SQL Server\150\Tools\Binn\;C:\Program Files\Microsoft SQL Server\150\Tools\Binn\;C:\Program Files\Microsoft SQL Server\150\DTS\Binn\;C:\Program Files (x86)\Microsoft SQL Server\150\DTS\Binn\;C:\Program Files\Azure Data Studio\bin;C:\Program Files\dotnet\;C:\Program Files\nodejs\;C:\ProgramData\chocolatey\bin;C:\GRADLE\bin;C:\Program Files\Intel\Intel(R) Memory and Storage Tool\;C:\Program Files\Git\cmd;C:\Us;C:\Program Files (x86)\Intel\Platform Flash Tool Lite;C:\Program Files (x86)\Intel\Phone Flash Tool Lite;C:\Users\lx\AppData\Local\Microsoft\WindowsApps;C:\Users\lx\AppData\Local\GitHubDesktop\bin;C:\Program Files\Azure Data Studio\bin;C:\Users\lx\.dotnet\tools;C:\Users\lx\AppData\Roaming\npm
USERNAME=lx
OS=Windows_NT
PROCESSOR_IDENTIFIER=Intel64 Family 6 Model 165 Stepping 0, GenuineIntel



---------------  S Y S T E M  ---------------

OS:
 Windows 10 , 64 bit Build 19041 (10.0.19041.1348)
OS uptime: 9 days 19:10 hours
Hyper-V role detected

CPU: total 12 (initial active 12) (6 cores per cpu, 2 threads per core) family 6 model 165 stepping 0 microcode 0xbe, cx8, cmov, fxsr, ht, mmx, 3dnowpref, sse, sse2, sse3, ssse3, sse4.1, sse4.2, popcnt, lzcnt, tsc, tscinvbit, avx, avx2, aes, erms, clmul, bmi1, bmi2, adx, fma, vzeroupper, clflush, clflushopt, hv

Memory: 4k page, system-wide physical 65398M (24492M free)
TotalPageFile size 72054M (AvailPageFile size 29963M)
current process WorkingSet (physical memory assigned to process): 1908M, peak: 1908M
current process commit charge ("private bytes"): 2241M, peak: 2245M

vm_info: OpenJDK 64-Bit Server VM (17.0.2+8-LTS) for windows-amd64 JRE (17.0.2+8-LTS), built on Jan 17 2022 05:07:39 by "Administrator" with MS VC++ 15.9 (VS2017)

END.
