#
# A fatal error has been detected by the Java Runtime Environment:
#
#  EXCEPTION_ACCESS_VIOLATION (0xc0000005) at pc=0x0000000000000008, pid=20020, tid=32720
#
# JRE version: OpenJDK Runtime Environment Corretto-17.0.2.8.1 (17.0.2+8) (build 17.0.2+8-LTS)
# Java VM: OpenJDK 64-Bit Server VM Corretto-17.0.2.8.1 (17.0.2+8-LTS, mixed mode, sharing, tiered, compressed oops, compressed class ptrs, g1 gc, windows-amd64)
# Problematic frame:
# C  0x0000000000000008
#
# No core dump will be written. Minidumps are not enabled by default on client versions of Windows
#
# If you would like to submit a bug report, please visit:
#   https://github.com/corretto/corretto-17/issues/
# The crash happened outside the Java Virtual Machine in native code.
# See problematic frame for where to report the bug.
#

---------------  S U M M A R Y ------------

Command Line: -Dcom.sun.jndi.ldap.object.trustURLCodebase=false -Duser.dir=C:\normal\Codes\Code-Java\Rikaishi-Nikui\rikaishi_nikui\minecraft\versions\1.18.2 -Dlog4j2.formatMsgNoLookups=true -Djava.library.path=C:\normal\Codes\Code-Java\Rikaishi-Nikui\rikaishi_nikui\minecraft\versions\1.18.2/natives/ net.minecraft.client.main.Main --username zhuaidadaya --version 1.18.2 --gameDir C:\normal\Codes\Code-Java\Rikaishi-Nikui\rikaishi_nikui\minecraft\versions\1.18.2 --assetsDir C:\normal\Codes\Code-Java\Rikaishi-Nikui\rikaishi_nikui\minecraft\assets --assetIndex 1.18 --uuid 0d3e31cd-394f-4bb8-b261-305772a457ba --accessToken 0d3e31cd-394f-4bb8-b261-305772a457ba --userProperties {} --userType Legacy --width 854 --height 480

Host: Intel(R) Core(TM) i5-10600 CPU @ 3.30GHz, 12 cores, 63G,  Windows 10 , 64 bit Build 19041 (10.0.19041.1348)
Time: Sun Mar 13 17:41:32 2022  Windows 10 , 64 bit Build 19041 (10.0.19041.1348) elapsed time: 6.510340 seconds (0d 0h 0m 6s)

---------------  T H R E A D  ---------------

Current thread (0x00000278f6ea0850):  JavaThread "Render thread" [_thread_in_native, id=32720, stack(0x000000e6f9800000,0x000000e6f9900000)]

Stack: [0x000000e6f9800000,0x000000e6f9900000],  sp=0x000000e6f98fb288,  free space=1004k
Native frames: (J=compiled Java code, j=interpreted, Vv=VM code, C=native code)
C  0x0000000000000008

Java frames: (J=compiled Java code, j=interpreted, Vv=VM code)
j  org.lwjgl.system.JNI.invokePP(JJ)J+0
j  org.lwjgl.system.jemalloc.JEmalloc.nje_malloc(J)J+6
j  org.lwjgl.system.jemalloc.JEmalloc.<clinit>()V+42
v  ~StubRoutines::call_stub
j  org.lwjgl.system.jemalloc.JEmallocAllocator.<clinit>()V+0
v  ~StubRoutines::call_stub
J 1288  java.lang.Class.forName0(Ljava/lang/String;ZLjava/lang/ClassLoader;Ljava/lang/Class;)Ljava/lang/Class; java.base@17.0.2 (0 bytes) @ 0x0000027887b6c42f [0x0000027887b6c3a0+0x000000000000008f]
J 1977 c1 java.lang.Class.forName(Ljava/lang/String;)Ljava/lang/Class; java.base@17.0.2 (15 bytes) @ 0x000002788094bc64 [0x000002788094bb40+0x0000000000000124]
j  org.lwjgl.system.MemoryManage.getInstance()Lorg/lwjgl/system/MemoryUtil$MemoryAllocator;+68
j  org.lwjgl.system.MemoryUtil$LazyInit.<clinit>()V+0
v  ~StubRoutines::call_stub
j  org.lwjgl.system.MemoryUtil.getAllocator(Z)Lorg/lwjgl/system/MemoryUtil$MemoryAllocator;+10
j  dsk.<clinit>()V+1
v  ~StubRoutines::call_stub
j  dth.<init>(I)V+34
j  dto.<init>(I)V+10
j  dto.<init>()V+3
j  dto.<clinit>()V+4
v  ~StubRoutines::call_stub
j  com.mojang.blaze3d.systems.RenderSystem.<clinit>()V+12
v  ~StubRoutines::call_stub
j  net.minecraft.client.main.Main.main([Ljava/lang/String;)V+1327
v  ~StubRoutines::call_stub

siginfo: EXCEPTION_ACCESS_VIOLATION (0xc0000005), data execution prevention violation at address 0x0000000000000008


Register to memory mapping:

RIP=0x0000000000000008 is an unknown value
RAX=0x00007ff927fc1a60 lwjgl.dll
RBX={method} {0x00000278bd9b5420} 'invokePP' '(JJ)J' in 'org/lwjgl/system/JNI'
RCX=0x00007ff9265b4870 jemalloc.dll
RDX=0x000000e6f98fb328 is pointing into the stack for thread: 0x00000278f6ea0850
RSP=0x000000e6f98fb288 is pointing into the stack for thread: 0x00000278f6ea0850
RBP=0x000000e6f98fb318 is pointing into the stack for thread: 0x00000278f6ea0850
RSI=0x00000000000001b0 is an unknown value
RDI=0x000000000000010b is an unknown value
R8 =0x00007ff9265b4870 jemalloc.dll
R9 =0x0000000000000008 is an unknown value
R10=0x000002788000d5f2 is at code_begin+946 in an Interpreter codelet
method entry point (kind = native)  [0x000002788000d240, 0x000002788000dbc0]  2432 bytes
R11=0x0000000430a35f90 is an oop: java.lang.Class 
{0x0000000430a35f90} - klass: 'java/lang/Class'
 - ---- fields (total size 14 words):
 - private volatile transient 'classRedefinedCount' 'I' @12  0
 - private volatile transient 'cachedConstructor' 'Ljava/lang/reflect/Constructor;' @40  NULL (0)
 - private transient 'name' 'Ljava/lang/String;' @44  "org.lwjgl.system.JNI"{0x0000000430a36010} (86146c02)
 - private transient 'module' 'Ljava/lang/Module;' @48  a 'java/lang/Module'{0x00000004035c57c8} (806b8af9)
 - private final 'classLoader' 'Ljava/lang/ClassLoader;' @52  a 'jdk/internal/loader/ClassLoaders$AppClassLoader'{0x00000004036fc9a8} (806df935)
 - private transient 'classData' 'Ljava/lang/Object;' @56  NULL (0)
 - private transient 'packageName' 'Ljava/lang/String;' @60  "org.lwjgl.system"{0x000000041b50a4e8} (836a149d)
 - private final 'componentType' 'Ljava/lang/Class;' @64  NULL (0)
 - private volatile transient 'reflectionData' 'Ljava/lang/ref/SoftReference;' @68  NULL (0)
 - private volatile transient 'genericInfo' 'Lsun/reflect/generics/repository/ClassRepository;' @72  NULL (0)
 - private volatile transient 'enumConstants' '[Ljava/lang/Object;' @76  NULL (0)
 - private volatile transient 'enumConstantDirectory' 'Ljava/util/Map;' @80  NULL (0)
 - private volatile transient 'annotationData' 'Ljava/lang/Class$AnnotationData;' @84  NULL (0)
 - private volatile transient 'annotationType' 'Lsun/reflect/annotation/AnnotationType;' @88  NULL (0)
 - transient 'classValueMap' 'Ljava/lang/ClassValue$ClassValueMap;' @92  NULL (0)
 - signature: Lorg/lwjgl/system/JNI;
 - fake entry for mirror: 'org/lwjgl/system/JNI'
 - fake entry for array: NULL
 - fake entry for oop_size: 14
 - fake entry for static_oop_field_count: 0
R12=0x0 is NULL
R13={method} {0x00000278bd9b5420} 'invokePP' '(JJ)J' in 'org/lwjgl/system/JNI'
R14=0x000000e6f98fb350 is pointing into the stack for thread: 0x00000278f6ea0850
R15=0x00000278f6ea0850 is a thread


Registers:
RAX=0x00007ff927fc1a60, RBX=0x00000278bd9b5418, RCX=0x00007ff9265b4870, RDX=0x000000e6f98fb328
RSP=0x000000e6f98fb288, RBP=0x000000e6f98fb318, RSI=0x00000000000001b0, RDI=0x000000000000010b
R8 =0x00007ff9265b4870, R9 =0x0000000000000008, R10=0x000002788000d5f2, R11=0x0000000430a35f90
R12=0x0000000000000000, R13=0x00000278bd9b5418, R14=0x000000e6f98fb350, R15=0x00000278f6ea0850
RIP=0x0000000000000008, EFLAGS=0x0000000000010206

Top of Stack: (sp=0x000000e6f98fb288)
0x000000e6f98fb288:   000002788000d621 000000000000010b
0x000000e6f98fb298:   000002788000d33c 00000278bd9b5418
0x000000e6f98fb2a8:   00000000000001b0 000000000000010b
0x000000e6f98fb2b8:   00007ff90c4e6d57 3ff0000000000000
0x000000e6f98fb2c8:   000002788000d2f6 000000e6f98fb2d0
0x000000e6f98fb2d8:   00000278bd9b5418 000000e6f98fb350
0x000000e6f98fb2e8:   00000278bd9e3000 0000000000000000
0x000000e6f98fb2f8:   0000000430a35f90 00000278bd9b5418
0x000000e6f98fb308:   0000000000000000 000000e6f98fb338
0x000000e6f98fb318:   000000e6f98fb3a0 00000278800095cd
0x000000e6f98fb328:   0000000430a35f90 000002788000af77
0x000000e6f98fb338:   0000000000000008 0000000000000000
0x000000e6f98fb348:   00007ff9265b4870 0000000000000000
0x000000e6f98fb358:   000000e6f98fb358 00000278bd9955d6
0x000000e6f98fb368:   000000e6f98fb3c8 00000278bd998ee8
0x000000e6f98fb378:   0000000000000000 00000004339936e0 

Instructions: (pc=0x0000000000000008)
0xffffffffffffff08:   


Stack slot to memory mapping:
stack at sp + 0 slots: 0x000002788000d621 is at code_begin+993 in an Interpreter codelet
method entry point (kind = native)  [0x000002788000d240, 0x000002788000dbc0]  2432 bytes
stack at sp + 1 slots: 0x000000000000010b is an unknown value
stack at sp + 2 slots: 0x000002788000d33c is at code_begin+252 in an Interpreter codelet
method entry point (kind = native)  [0x000002788000d240, 0x000002788000dbc0]  2432 bytes
stack at sp + 3 slots: {method} {0x00000278bd9b5420} 'invokePP' '(JJ)J' in 'org/lwjgl/system/JNI'
stack at sp + 4 slots: 0x00000000000001b0 is an unknown value
stack at sp + 5 slots: 0x000000000000010b is an unknown value
stack at sp + 6 slots: 0x00007ff90c4e6d57 jvm.dll
stack at sp + 7 slots: 0x3ff0000000000000 is an unknown value


---------------  P R O C E S S  ---------------

Threads class SMR info:
_java_thread_list=0x00000278bac73c50, length=24, elements={
0x00000278f6ea0850, 0x00000278ff0c4a70, 0x00000278ff0c5cd0, 0x00000278ff0deab0,
0x00000278ffca23d0, 0x00000278ffca4ca0, 0x00000278ffca5d00, 0x00000278ffca7140,
0x00000278ffcab790, 0x00000278ffcac830, 0x00000278ffdddfa0, 0x00000278ffdea3c0,
0x00000278b8438020, 0x00000278bab94a30, 0x00000278bab96be0, 0x00000278bab97580,
0x00000278bab94560, 0x00000278bab96240, 0x00000278bab94f00, 0x00000278bab953d0,
0x00000278bab958a0, 0x00000278bab97a50, 0x00000278bab95d70, 0x00000278b7b9cef0
}

Java Threads: ( => current thread )
=>0x00000278f6ea0850 JavaThread "Render thread" [_thread_in_native, id=32720, stack(0x000000e6f9800000,0x000000e6f9900000)]
  0x00000278ff0c4a70 JavaThread "Reference Handler" daemon [_thread_blocked, id=37244, stack(0x000000e6f9f00000,0x000000e6fa000000)]
  0x00000278ff0c5cd0 JavaThread "Finalizer" daemon [_thread_blocked, id=38472, stack(0x000000e6fa000000,0x000000e6fa100000)]
  0x00000278ff0deab0 JavaThread "Signal Dispatcher" daemon [_thread_blocked, id=41220, stack(0x000000e6fa100000,0x000000e6fa200000)]
  0x00000278ffca23d0 JavaThread "Attach Listener" daemon [_thread_blocked, id=42212, stack(0x000000e6fa200000,0x000000e6fa300000)]
  0x00000278ffca4ca0 JavaThread "Service Thread" daemon [_thread_blocked, id=32708, stack(0x000000e6fa300000,0x000000e6fa400000)]
  0x00000278ffca5d00 JavaThread "Monitor Deflation Thread" daemon [_thread_blocked, id=33948, stack(0x000000e6fa400000,0x000000e6fa500000)]
  0x00000278ffca7140 JavaThread "C2 CompilerThread0" daemon [_thread_in_vm, id=35200, stack(0x000000e6fa500000,0x000000e6fa600000)]
  0x00000278ffcab790 JavaThread "C1 CompilerThread0" daemon [_thread_blocked, id=26788, stack(0x000000e6fa600000,0x000000e6fa700000)]
  0x00000278ffcac830 JavaThread "Sweeper thread" daemon [_thread_blocked, id=43132, stack(0x000000e6fa700000,0x000000e6fa800000)]
  0x00000278ffdddfa0 JavaThread "Notification Thread" daemon [_thread_blocked, id=21008, stack(0x000000e6fa800000,0x000000e6fa900000)]
  0x00000278ffdea3c0 JavaThread "Common-Cleaner" daemon [_thread_blocked, id=43580, stack(0x000000e6faa00000,0x000000e6fab00000)]
  0x00000278b8438020 JavaThread "Worker-Bootstrap-1" daemon [_thread_in_Java, id=34732, stack(0x000000e6fc100000,0x000000e6fc200000)]
  0x00000278bab94a30 JavaThread "Worker-Bootstrap-2" daemon [_thread_in_Java, id=32608, stack(0x000000e6fc200000,0x000000e6fc300000)]
  0x00000278bab96be0 JavaThread "Worker-Bootstrap-3" daemon [_thread_in_Java, id=13248, stack(0x000000e6fc300000,0x000000e6fc400000)]
  0x00000278bab97580 JavaThread "Worker-Bootstrap-4" daemon [_thread_in_Java, id=11060, stack(0x000000e6fc400000,0x000000e6fc500000)]
  0x00000278bab94560 JavaThread "Worker-Bootstrap-5" daemon [_thread_in_Java, id=34368, stack(0x000000e6fc500000,0x000000e6fc600000)]
  0x00000278bab96240 JavaThread "Worker-Bootstrap-6" daemon [_thread_in_Java, id=40340, stack(0x000000e6fc600000,0x000000e6fc700000)]
  0x00000278bab94f00 JavaThread "Worker-Bootstrap-7" daemon [_thread_in_Java, id=21108, stack(0x000000e6fc700000,0x000000e6fc800000)]
  0x00000278bab953d0 JavaThread "Worker-Bootstrap-8" daemon [_thread_in_vm, id=28412, stack(0x000000e6fc800000,0x000000e6fc900000)]
  0x00000278bab958a0 JavaThread "Worker-Bootstrap-9" daemon [_thread_in_Java, id=4964, stack(0x000000e6fc900000,0x000000e6fca00000)]
  0x00000278bab97a50 JavaThread "Worker-Bootstrap-10" daemon [_thread_blocked, id=28968, stack(0x000000e6fca00000,0x000000e6fcb00000)]
  0x00000278bab95d70 JavaThread "Worker-Bootstrap-11" daemon [_thread_in_Java, id=13784, stack(0x000000e6fcb00000,0x000000e6fcc00000)]
  0x00000278b7b9cef0 JavaThread "Timer hack thread" daemon [_thread_blocked, id=4120, stack(0x000000e6fcd00000,0x000000e6fce00000)]

Other Threads:
  0x00000278ff0bd910 VMThread "VM Thread" [stack: 0x000000e6f9e00000,0x000000e6f9f00000] [id=14120]
  0x00000278f6f71140 WatcherThread [stack: 0x000000e6fa900000,0x000000e6faa00000] [id=37640]
  0x00000278f6f58260 GCTaskThread "GC Thread#0" [stack: 0x000000e6f9900000,0x000000e6f9a00000] [id=27552]
  0x00000278fff2bc10 GCTaskThread "GC Thread#1" [stack: 0x000000e6fad00000,0x000000e6fae00000] [id=19688]
  0x00000278b7981f70 GCTaskThread "GC Thread#2" [stack: 0x000000e6fae00000,0x000000e6faf00000] [id=40928]
  0x00000278b7ee1b70 GCTaskThread "GC Thread#3" [stack: 0x000000e6faf00000,0x000000e6fb000000] [id=36352]
  0x00000278b7e60010 GCTaskThread "GC Thread#4" [stack: 0x000000e6fb000000,0x000000e6fb100000] [id=19116]
  0x00000278fff296b0 GCTaskThread "GC Thread#5" [stack: 0x000000e6fb100000,0x000000e6fb200000] [id=42224]
  0x00000278b7ce6830 GCTaskThread "GC Thread#6" [stack: 0x000000e6fb200000,0x000000e6fb300000] [id=21232]
  0x00000278b7ce6ae0 GCTaskThread "GC Thread#7" [stack: 0x000000e6fb300000,0x000000e6fb400000] [id=38380]
  0x00000278b797cdc0 GCTaskThread "GC Thread#8" [stack: 0x000000e6fb400000,0x000000e6fb500000] [id=32144]
  0x00000278b797db30 GCTaskThread "GC Thread#9" [stack: 0x000000e6fb500000,0x000000e6fb600000] [id=7188]
  0x00000278f6f68ed0 ConcurrentGCThread "G1 Main Marker" [stack: 0x000000e6f9a00000,0x000000e6f9b00000] [id=15080]
  0x00000278f6f69e30 ConcurrentGCThread "G1 Conc#0" [stack: 0x000000e6f9b00000,0x000000e6f9c00000] [id=18672]
  0x00000278ba5d0640 ConcurrentGCThread "G1 Conc#1" [stack: 0x000000e6fbf00000,0x000000e6fc000000] [id=18544]
  0x00000278ba5d1910 ConcurrentGCThread "G1 Conc#2" [stack: 0x000000e6fc000000,0x000000e6fc100000] [id=27944]
  0x00000278f6f7e9e0 ConcurrentGCThread "G1 Refine#0" [stack: 0x000000e6f9c00000,0x000000e6f9d00000] [id=39724]
  0x00000278b8141b70 ConcurrentGCThread "G1 Refine#1" [stack: 0x000000e6fb600000,0x000000e6fb700000] [id=38240]
  0x00000278b7c2efb0 ConcurrentGCThread "G1 Refine#2" [stack: 0x000000e6fb700000,0x000000e6fb800000] [id=40512]
  0x00000278b8106040 ConcurrentGCThread "G1 Refine#3" [stack: 0x000000e6fb800000,0x000000e6fb900000] [id=11356]
  0x00000278b8106320 ConcurrentGCThread "G1 Refine#4" [stack: 0x000000e6fb900000,0x000000e6fba00000] [id=24160]
  0x00000278b7bcd160 ConcurrentGCThread "G1 Refine#5" [stack: 0x000000e6fba00000,0x000000e6fbb00000] [id=20800]
  0x00000278b8911460 ConcurrentGCThread "G1 Refine#6" [stack: 0x000000e6fbb00000,0x000000e6fbc00000] [id=14236]
  0x00000278ba80ce60 ConcurrentGCThread "G1 Refine#7" [stack: 0x000000e6fcc00000,0x000000e6fcd00000] [id=27496]
  0x00000278ff094400 ConcurrentGCThread "G1 Service" [stack: 0x000000e6f9d00000,0x000000e6f9e00000] [id=21964]

Threads with active compile tasks:
C2 CompilerThread0     6555 5902   !   4       java.util.concurrent.ConcurrentHashMap::putVal (432 bytes)

VM state: not at safepoint (normal execution)

VM Mutex/Monitor currently owned by a thread: None

Heap address: 0x0000000402000000, size: 16352 MB, Compressed Oops mode: Zero based, Oop shift amount: 3

CDS archive(s) mapped at: [0x0000000800000000-0x0000000800bc0000-0x0000000800bc0000), size 12320768, SharedBaseAddress: 0x0000000800000000, ArchiveRelocationMode: 0.
Compressed class space mapped at: 0x0000000800c00000-0x0000000840c00000, reserved size: 1073741824
Narrow klass base: 0x0000000800000000, Narrow klass shift: 0, Narrow klass range: 0x100000000

GC Precious Log:
 CPUs: 12 total, 12 available
 Memory: 65398M
 Large Page Support: Disabled
 NUMA Support: Disabled
 Compressed Oops: Enabled (Zero based)
 Heap Region Size: 8M
 Heap Min Capacity: 8M
 Heap Initial Capacity: 1G
 Heap Max Capacity: 16352M
 Pre-touch: Disabled
 Parallel Workers: 10
 Concurrent Workers: 3
 Concurrent Refinement Workers: 10
 Periodic GC: Disabled

Heap:
 garbage-first heap   total 983040K, used 712972K [0x0000000402000000, 0x0000000800000000)
  region size 8192K, 64 young (524288K), 3 survivors (24576K)
 Metaspace       used 45027K, committed 45632K, reserved 1089536K
  class space    used 6822K, committed 7104K, reserved 1048576K

Heap Regions: E=young(eden), S=young(survivor), O=old, HS=humongous(starts), HC=humongous(continues), CS=collection set, F=free, OA=open archive, CA=closed archive, TAMS=top-at-mark-start (previous, next)
|   0|0x0000000402000000, 0x0000000402800000, 0x0000000402800000|100%| O|  |TAMS 0x0000000402800000, 0x0000000402000000| Untracked 
|   1|0x0000000402800000, 0x0000000403000000, 0x0000000403000000|100%| O|  |TAMS 0x0000000403000000, 0x0000000402800000| Untracked 
|   2|0x0000000403000000, 0x0000000403800000, 0x0000000403800000|100%| O|  |TAMS 0x0000000403800000, 0x0000000403000000| Untracked 
|   3|0x0000000403800000, 0x0000000404000000, 0x0000000404000000|100%| O|  |TAMS 0x0000000404000000, 0x0000000403800000| Untracked 
|   4|0x0000000404000000, 0x0000000404800000, 0x0000000404800000|100%| O|  |TAMS 0x0000000404800000, 0x0000000404000000| Untracked 
|   5|0x0000000404800000, 0x0000000405000000, 0x0000000405000000|100%|HS|  |TAMS 0x0000000405000000, 0x0000000404800000| Complete 
|   6|0x0000000405000000, 0x0000000405800000, 0x0000000405800000|100%|HC|  |TAMS 0x0000000405800000, 0x0000000405000000| Complete 
|   7|0x0000000405800000, 0x0000000406000000, 0x0000000406000000|100%| O|  |TAMS 0x0000000406000000, 0x0000000405800000| Untracked 
|   8|0x0000000406000000, 0x0000000406800000, 0x0000000406800000|100%| O|  |TAMS 0x0000000406800000, 0x0000000406000000| Untracked 
|   9|0x0000000406800000, 0x0000000406f15a00, 0x0000000407000000| 88%| O|  |TAMS 0x0000000406f15a00, 0x0000000406800000| Untracked 
|  10|0x0000000407000000, 0x0000000407800000, 0x0000000407800000|100%| O|  |TAMS 0x0000000407800000, 0x0000000407000000| Untracked 
|  11|0x0000000407800000, 0x0000000408000000, 0x0000000408000000|100%| O|  |TAMS 0x0000000408000000, 0x0000000407800000| Untracked 
|  12|0x0000000408000000, 0x0000000408800000, 0x0000000408800000|100%| O|  |TAMS 0x0000000408800000, 0x0000000408000000| Untracked 
|  13|0x0000000408800000, 0x0000000409000000, 0x0000000409000000|100%| O|  |TAMS 0x0000000409000000, 0x0000000408800000| Untracked 
|  14|0x0000000409000000, 0x0000000409800000, 0x0000000409800000|100%| O|  |TAMS 0x0000000409800000, 0x0000000409000000| Untracked 
|  15|0x0000000409800000, 0x000000040a000000, 0x000000040a000000|100%| O|  |TAMS 0x000000040a000000, 0x0000000409800000| Untracked 
|  16|0x000000040a000000, 0x000000040a800000, 0x000000040a800000|100%| O|  |TAMS 0x000000040a800000, 0x000000040a000000| Untracked 
|  17|0x000000040a800000, 0x000000040b000000, 0x000000040b000000|100%| O|  |TAMS 0x000000040b000000, 0x000000040a800000| Untracked 
|  18|0x000000040b000000, 0x000000040b800000, 0x000000040b800000|100%| O|  |TAMS 0x000000040b800000, 0x000000040b000000| Untracked 
|  19|0x000000040b800000, 0x000000040c000000, 0x000000040c000000|100%| O|  |TAMS 0x000000040c000000, 0x000000040b800000| Untracked 
|  20|0x000000040c000000, 0x000000040c800000, 0x000000040c800000|100%| O|  |TAMS 0x000000040c800000, 0x000000040c000000| Untracked 
|  21|0x000000040c800000, 0x000000040d000000, 0x000000040d000000|100%| O|  |TAMS 0x000000040d000000, 0x000000040c800000| Untracked 
|  22|0x000000040d000000, 0x000000040d800000, 0x000000040d800000|100%| O|  |TAMS 0x000000040d800000, 0x000000040d000000| Untracked 
|  23|0x000000040d800000, 0x000000040e000000, 0x000000040e000000|100%| O|  |TAMS 0x000000040e000000, 0x000000040d800000| Untracked 
|  24|0x000000040e000000, 0x000000040e559800, 0x000000040e800000| 66%| O|  |TAMS 0x000000040e559800, 0x000000040e000000| Untracked 
|  25|0x000000040e800000, 0x000000040e800000, 0x000000040f000000|  0%| F|  |TAMS 0x000000040e800000, 0x000000040e800000| Untracked 
|  26|0x000000040f000000, 0x000000040f000000, 0x000000040f800000|  0%| F|  |TAMS 0x000000040f000000, 0x000000040f000000| Untracked 
|  27|0x000000040f800000, 0x000000040f800000, 0x0000000410000000|  0%| F|  |TAMS 0x000000040f800000, 0x000000040f800000| Untracked 
|  28|0x0000000410000000, 0x0000000410000000, 0x0000000410800000|  0%| F|  |TAMS 0x0000000410000000, 0x0000000410000000| Untracked 
|  29|0x0000000410800000, 0x0000000410800000, 0x0000000411000000|  0%| F|  |TAMS 0x0000000410800000, 0x0000000410800000| Untracked 
|  30|0x0000000411000000, 0x0000000411000000, 0x0000000411800000|  0%| F|  |TAMS 0x0000000411000000, 0x0000000411000000| Untracked 
|  31|0x0000000411800000, 0x0000000411800000, 0x0000000412000000|  0%| F|  |TAMS 0x0000000411800000, 0x0000000411800000| Untracked 
|  32|0x0000000412000000, 0x0000000412000000, 0x0000000412800000|  0%| F|  |TAMS 0x0000000412000000, 0x0000000412000000| Untracked 
|  33|0x0000000412800000, 0x0000000412800000, 0x0000000413000000|  0%| F|  |TAMS 0x0000000412800000, 0x0000000412800000| Untracked 
|  34|0x0000000413000000, 0x0000000413000000, 0x0000000413800000|  0%| F|  |TAMS 0x0000000413000000, 0x0000000413000000| Untracked 
|  35|0x0000000413800000, 0x0000000413800000, 0x0000000414000000|  0%| F|  |TAMS 0x0000000413800000, 0x0000000413800000| Untracked 
|  36|0x0000000414000000, 0x0000000414000000, 0x0000000414800000|  0%| F|  |TAMS 0x0000000414000000, 0x0000000414000000| Untracked 
|  37|0x0000000414800000, 0x0000000414800000, 0x0000000415000000|  0%| F|  |TAMS 0x0000000414800000, 0x0000000414800000| Untracked 
|  38|0x0000000415000000, 0x0000000415000000, 0x0000000415800000|  0%| F|  |TAMS 0x0000000415000000, 0x0000000415000000| Untracked 
|  39|0x0000000415800000, 0x0000000415800000, 0x0000000416000000|  0%| F|  |TAMS 0x0000000415800000, 0x0000000415800000| Untracked 
|  40|0x0000000416000000, 0x0000000416000000, 0x0000000416800000|  0%| F|  |TAMS 0x0000000416000000, 0x0000000416000000| Untracked 
|  41|0x0000000416800000, 0x0000000416800000, 0x0000000417000000|  0%| F|  |TAMS 0x0000000416800000, 0x0000000416800000| Untracked 
|  42|0x0000000417000000, 0x0000000417000000, 0x0000000417800000|  0%| F|  |TAMS 0x0000000417000000, 0x0000000417000000| Untracked 
|  43|0x0000000417800000, 0x0000000417800000, 0x0000000418000000|  0%| F|  |TAMS 0x0000000417800000, 0x0000000417800000| Untracked 
|  44|0x0000000418000000, 0x0000000418000000, 0x0000000418800000|  0%| F|  |TAMS 0x0000000418000000, 0x0000000418000000| Untracked 
|  45|0x0000000418800000, 0x0000000418800000, 0x0000000419000000|  0%| F|  |TAMS 0x0000000418800000, 0x0000000418800000| Untracked 
|  46|0x0000000419000000, 0x0000000419000000, 0x0000000419800000|  0%| F|  |TAMS 0x0000000419000000, 0x0000000419000000| Untracked 
|  47|0x0000000419800000, 0x0000000419800000, 0x000000041a000000|  0%| F|  |TAMS 0x0000000419800000, 0x0000000419800000| Untracked 
|  48|0x000000041a000000, 0x000000041a3d4008, 0x000000041a800000| 47%| S|CS|TAMS 0x000000041a000000, 0x000000041a000000| Complete 
|  49|0x000000041a800000, 0x000000041b000000, 0x000000041b000000|100%| S|CS|TAMS 0x000000041a800000, 0x000000041a800000| Complete 
|  50|0x000000041b000000, 0x000000041b800000, 0x000000041b800000|100%| S|CS|TAMS 0x000000041b000000, 0x000000041b000000| Complete 
|  51|0x000000041b800000, 0x000000041b800000, 0x000000041c000000|  0%| F|  |TAMS 0x000000041b800000, 0x000000041b800000| Untracked 
|  52|0x000000041c000000, 0x000000041c000000, 0x000000041c800000|  0%| F|  |TAMS 0x000000041c000000, 0x000000041c000000| Untracked 
|  53|0x000000041c800000, 0x000000041c800000, 0x000000041d000000|  0%| F|  |TAMS 0x000000041c800000, 0x000000041c800000| Untracked 
|  54|0x000000041d000000, 0x000000041d000000, 0x000000041d800000|  0%| F|  |TAMS 0x000000041d000000, 0x000000041d000000| Untracked 
|  55|0x000000041d800000, 0x000000041d800000, 0x000000041e000000|  0%| F|  |TAMS 0x000000041d800000, 0x000000041d800000| Untracked 
|  56|0x000000041e000000, 0x000000041e000000, 0x000000041e800000|  0%| F|  |TAMS 0x000000041e000000, 0x000000041e000000| Untracked 
|  57|0x000000041e800000, 0x000000041e800000, 0x000000041f000000|  0%| F|  |TAMS 0x000000041e800000, 0x000000041e800000| Untracked 
|  58|0x000000041f000000, 0x000000041f1af288, 0x000000041f800000| 21%| E|  |TAMS 0x000000041f000000, 0x000000041f000000| Complete 
|  59|0x000000041f800000, 0x0000000420000000, 0x0000000420000000|100%| E|CS|TAMS 0x000000041f800000, 0x000000041f800000| Complete 
|  60|0x0000000420000000, 0x0000000420800000, 0x0000000420800000|100%| E|CS|TAMS 0x0000000420000000, 0x0000000420000000| Complete 
|  61|0x0000000420800000, 0x0000000421000000, 0x0000000421000000|100%| E|CS|TAMS 0x0000000420800000, 0x0000000420800000| Complete 
|  62|0x0000000421000000, 0x0000000421800000, 0x0000000421800000|100%| E|CS|TAMS 0x0000000421000000, 0x0000000421000000| Complete 
|  63|0x0000000421800000, 0x0000000422000000, 0x0000000422000000|100%| E|CS|TAMS 0x0000000421800000, 0x0000000421800000| Complete 
|  64|0x0000000422000000, 0x0000000422800000, 0x0000000422800000|100%| E|CS|TAMS 0x0000000422000000, 0x0000000422000000| Complete 
|  65|0x0000000422800000, 0x0000000423000000, 0x0000000423000000|100%| E|CS|TAMS 0x0000000422800000, 0x0000000422800000| Complete 
|  66|0x0000000423000000, 0x0000000423800000, 0x0000000423800000|100%| E|CS|TAMS 0x0000000423000000, 0x0000000423000000| Complete 
|  67|0x0000000423800000, 0x0000000424000000, 0x0000000424000000|100%| E|CS|TAMS 0x0000000423800000, 0x0000000423800000| Complete 
|  68|0x0000000424000000, 0x0000000424800000, 0x0000000424800000|100%| E|CS|TAMS 0x0000000424000000, 0x0000000424000000| Complete 
|  69|0x0000000424800000, 0x0000000425000000, 0x0000000425000000|100%| E|CS|TAMS 0x0000000424800000, 0x0000000424800000| Complete 
|  70|0x0000000425000000, 0x0000000425800000, 0x0000000425800000|100%| E|CS|TAMS 0x0000000425000000, 0x0000000425000000| Complete 
|  71|0x0000000425800000, 0x0000000426000000, 0x0000000426000000|100%| E|CS|TAMS 0x0000000425800000, 0x0000000425800000| Complete 
|  72|0x0000000426000000, 0x0000000426800000, 0x0000000426800000|100%| E|CS|TAMS 0x0000000426000000, 0x0000000426000000| Complete 
|  73|0x0000000426800000, 0x0000000427000000, 0x0000000427000000|100%| E|CS|TAMS 0x0000000426800000, 0x0000000426800000| Complete 
|  74|0x0000000427000000, 0x0000000427800000, 0x0000000427800000|100%| E|CS|TAMS 0x0000000427000000, 0x0000000427000000| Complete 
|  75|0x0000000427800000, 0x0000000428000000, 0x0000000428000000|100%| E|CS|TAMS 0x0000000427800000, 0x0000000427800000| Complete 
|  76|0x0000000428000000, 0x0000000428800000, 0x0000000428800000|100%| E|CS|TAMS 0x0000000428000000, 0x0000000428000000| Complete 
|  77|0x0000000428800000, 0x0000000429000000, 0x0000000429000000|100%| E|CS|TAMS 0x0000000428800000, 0x0000000428800000| Complete 
|  78|0x0000000429000000, 0x0000000429800000, 0x0000000429800000|100%| E|CS|TAMS 0x0000000429000000, 0x0000000429000000| Complete 
|  79|0x0000000429800000, 0x000000042a000000, 0x000000042a000000|100%| E|CS|TAMS 0x0000000429800000, 0x0000000429800000| Complete 
|  80|0x000000042a000000, 0x000000042a800000, 0x000000042a800000|100%| E|CS|TAMS 0x000000042a000000, 0x000000042a000000| Complete 
|  81|0x000000042a800000, 0x000000042b000000, 0x000000042b000000|100%| E|CS|TAMS 0x000000042a800000, 0x000000042a800000| Complete 
|  82|0x000000042b000000, 0x000000042b800000, 0x000000042b800000|100%| E|CS|TAMS 0x000000042b000000, 0x000000042b000000| Complete 
|  83|0x000000042b800000, 0x000000042c000000, 0x000000042c000000|100%| E|CS|TAMS 0x000000042b800000, 0x000000042b800000| Complete 
|  84|0x000000042c000000, 0x000000042c800000, 0x000000042c800000|100%| E|CS|TAMS 0x000000042c000000, 0x000000042c000000| Complete 
|  85|0x000000042c800000, 0x000000042d000000, 0x000000042d000000|100%| E|CS|TAMS 0x000000042c800000, 0x000000042c800000| Complete 
|  86|0x000000042d000000, 0x000000042d800000, 0x000000042d800000|100%| E|CS|TAMS 0x000000042d000000, 0x000000042d000000| Complete 
|  87|0x000000042d800000, 0x000000042e000000, 0x000000042e000000|100%| E|CS|TAMS 0x000000042d800000, 0x000000042d800000| Complete 
|  88|0x000000042e000000, 0x000000042e800000, 0x000000042e800000|100%| E|CS|TAMS 0x000000042e000000, 0x000000042e000000| Complete 
|  89|0x000000042e800000, 0x000000042f000000, 0x000000042f000000|100%| E|CS|TAMS 0x000000042e800000, 0x000000042e800000| Complete 
|  90|0x000000042f000000, 0x000000042f800000, 0x000000042f800000|100%| E|CS|TAMS 0x000000042f000000, 0x000000042f000000| Complete 
|  91|0x000000042f800000, 0x0000000430000000, 0x0000000430000000|100%| E|CS|TAMS 0x000000042f800000, 0x000000042f800000| Complete 
|  92|0x0000000430000000, 0x0000000430800000, 0x0000000430800000|100%| E|CS|TAMS 0x0000000430000000, 0x0000000430000000| Complete 
|  93|0x0000000430800000, 0x0000000431000000, 0x0000000431000000|100%| E|CS|TAMS 0x0000000430800000, 0x0000000430800000| Complete 
|  94|0x0000000431000000, 0x0000000431800000, 0x0000000431800000|100%| E|CS|TAMS 0x0000000431000000, 0x0000000431000000| Complete 
|  95|0x0000000431800000, 0x0000000432000000, 0x0000000432000000|100%| E|CS|TAMS 0x0000000431800000, 0x0000000431800000| Complete 
|  96|0x0000000432000000, 0x0000000432800000, 0x0000000432800000|100%| E|CS|TAMS 0x0000000432000000, 0x0000000432000000| Complete 
|  97|0x0000000432800000, 0x0000000433000000, 0x0000000433000000|100%| E|CS|TAMS 0x0000000432800000, 0x0000000432800000| Complete 
|  98|0x0000000433000000, 0x0000000433800000, 0x0000000433800000|100%| E|CS|TAMS 0x0000000433000000, 0x0000000433000000| Complete 
|  99|0x0000000433800000, 0x0000000434000000, 0x0000000434000000|100%| E|CS|TAMS 0x0000000433800000, 0x0000000433800000| Complete 
| 100|0x0000000434000000, 0x0000000434800000, 0x0000000434800000|100%| E|CS|TAMS 0x0000000434000000, 0x0000000434000000| Complete 
| 101|0x0000000434800000, 0x0000000435000000, 0x0000000435000000|100%| E|CS|TAMS 0x0000000434800000, 0x0000000434800000| Complete 
| 102|0x0000000435000000, 0x0000000435800000, 0x0000000435800000|100%| E|CS|TAMS 0x0000000435000000, 0x0000000435000000| Complete 
| 103|0x0000000435800000, 0x0000000436000000, 0x0000000436000000|100%| E|CS|TAMS 0x0000000435800000, 0x0000000435800000| Complete 
| 104|0x0000000436000000, 0x0000000436800000, 0x0000000436800000|100%| E|CS|TAMS 0x0000000436000000, 0x0000000436000000| Complete 
| 105|0x0000000436800000, 0x0000000437000000, 0x0000000437000000|100%| E|CS|TAMS 0x0000000436800000, 0x0000000436800000| Complete 
| 106|0x0000000437000000, 0x0000000437800000, 0x0000000437800000|100%| E|CS|TAMS 0x0000000437000000, 0x0000000437000000| Complete 
| 107|0x0000000437800000, 0x0000000438000000, 0x0000000438000000|100%| E|CS|TAMS 0x0000000437800000, 0x0000000437800000| Complete 
| 108|0x0000000438000000, 0x0000000438800000, 0x0000000438800000|100%| E|CS|TAMS 0x0000000438000000, 0x0000000438000000| Complete 
| 109|0x0000000438800000, 0x0000000439000000, 0x0000000439000000|100%| E|CS|TAMS 0x0000000438800000, 0x0000000438800000| Complete 
| 110|0x0000000439000000, 0x0000000439800000, 0x0000000439800000|100%| E|CS|TAMS 0x0000000439000000, 0x0000000439000000| Complete 
| 111|0x0000000439800000, 0x000000043a000000, 0x000000043a000000|100%| E|CS|TAMS 0x0000000439800000, 0x0000000439800000| Complete 
| 165|0x0000000454800000, 0x0000000455000000, 0x0000000455000000|100%| E|CS|TAMS 0x0000000454800000, 0x0000000454800000| Complete 
| 166|0x0000000455000000, 0x0000000455800000, 0x0000000455800000|100%| E|CS|TAMS 0x0000000455000000, 0x0000000455000000| Complete 
| 167|0x0000000455800000, 0x0000000456000000, 0x0000000456000000|100%| E|CS|TAMS 0x0000000455800000, 0x0000000455800000| Complete 
| 168|0x0000000456000000, 0x0000000456800000, 0x0000000456800000|100%| E|CS|TAMS 0x0000000456000000, 0x0000000456000000| Complete 
| 169|0x0000000456800000, 0x0000000457000000, 0x0000000457000000|100%| E|CS|TAMS 0x0000000456800000, 0x0000000456800000| Complete 
| 170|0x0000000457000000, 0x0000000457800000, 0x0000000457800000|100%| E|CS|TAMS 0x0000000457000000, 0x0000000457000000| Complete 
| 171|0x0000000457800000, 0x0000000458000000, 0x0000000458000000|100%| E|CS|TAMS 0x0000000457800000, 0x0000000457800000| Complete 
| 172|0x0000000458000000, 0x0000000458800000, 0x0000000458800000|100%| E|CS|TAMS 0x0000000458000000, 0x0000000458000000| Complete 

Card table byte_map: [0x0000027890ff0000,0x0000027892fe0000] _byte_map_base: 0x000002788efe0000

Marking Bits (Prev, Next): (CMBitMap*) 0x00000278f6f58620, (CMBitMap*) 0x00000278f6f58660
 Prev Bits: [0x0000027894fd0000, 0x00000278a4f50000)
 Next Bits: [0x00000278a4f50000, 0x00000278b4ed0000)

Polling page: 0x00000278f4b20000

Metaspace:

Usage:
  Non-class:     37.31 MB used.
      Class:      6.66 MB used.
       Both:     43.97 MB used.

Virtual space:
  Non-class space:       40.00 MB reserved,      37.63 MB ( 94%) committed,  5 nodes.
      Class space:        1.00 GB reserved,       6.94 MB ( <1%) committed,  1 nodes.
             Both:        1.04 GB reserved,      44.56 MB (  4%) committed. 

Chunk freelists:
   Non-Class:  2.11 MB
       Class:  1.10 MB
        Both:  3.21 MB

MaxMetaspaceSize: unlimited
CompressedClassSpaceSize: 1.00 GB
Initial GC threshold: 21.00 MB
Current GC threshold: 71.38 MB
CDS: on
MetaspaceReclaimPolicy: balanced
 - commit_granule_bytes: 65536.
 - commit_granule_words: 8192.
 - virtual_space_node_default_size: 1048576.
 - enlarge_chunks_in_place: 1.
 - new_chunks_are_fully_committed: 0.
 - uncommit_free_chunks: 1.
 - use_allocation_guard: 0.
 - handle_deallocations: 1.


Internal statistics:

num_allocs_failed_limit: 12.
num_arena_births: 804.
num_arena_deaths: 22.
num_vsnodes_births: 6.
num_vsnodes_deaths: 0.
num_space_committed: 710.
num_space_uncommitted: 0.
num_chunks_returned_to_freelist: 41.
num_chunks_taken_from_freelist: 2506.
num_chunk_merges: 23.
num_chunk_splits: 1661.
num_chunks_enlarged: 1207.
num_purges: 2.
num_inconsistent_stats: 0.

CodeHeap 'non-profiled nmethods': size=120000Kb used=3540Kb max_used=3540Kb free=116459Kb
 bounds [0x0000027887ad0000, 0x0000027887e50000, 0x000002788f000000]
CodeHeap 'profiled nmethods': size=120000Kb used=7930Kb max_used=9036Kb free=112069Kb
 bounds [0x00000278805a0000, 0x0000027880e80000, 0x0000027887ad0000]
CodeHeap 'non-nmethods': size=5760Kb used=1836Kb max_used=1853Kb free=3924Kb
 bounds [0x0000027880000000, 0x0000027880270000, 0x00000278805a0000]
 total_blobs=6155 nmethods=4837 adapters=1229
 compilation: enabled
              stopped_count=0, restarted_count=0
 full_count=0

Compilation events (20 events):
Event: 6.489 Thread 0x00000278ffcab790 nmethod 5889 0x0000027880baab10 code [0x0000027880baacc0, 0x0000027880bab038]
Event: 6.489 Thread 0x00000278ffcab790 5890       3       java.util.regex.ASCII::isWord (7 bytes)
Event: 6.489 Thread 0x00000278ffcab790 nmethod 5890 0x00000278808f7290 code [0x00000278808f7440, 0x00000278808f76d8]
Event: 6.489 Thread 0x00000278ffca7140 5891 %     4       sun.security.provider.SHA::implCompress0 @ 27 (506 bytes)
Event: 6.489 Thread 0x00000278ffcab790 5892       3       jdk.internal.misc.Unsafe::checkPrimitivePointer (19 bytes)
Event: 6.490 Thread 0x00000278ffcab790 nmethod 5892 0x0000027880c17610 code [0x0000027880c17820, 0x0000027880c17e48]
Event: 6.490 Thread 0x00000278ffcab790 5893       3       jdk.internal.misc.Unsafe::checkPointer (19 bytes)
Event: 6.490 Thread 0x00000278ffcab790 nmethod 5893 0x0000027880c16f10 code [0x0000027880c170e0, 0x0000027880c17488]
Event: 6.490 Thread 0x00000278ffcab790 5894       1       java.nio.HeapByteBuffer::isReadOnly (2 bytes)
Event: 6.490 Thread 0x00000278ffcab790 nmethod 5894 0x0000027887e43990 code [0x0000027887e43b20, 0x0000027887e43bf8]
Event: 6.492 Thread 0x00000278ffcab790 5895       3       java.lang.ThreadLocal$ThreadLocalMap::nextIndex (15 bytes)
Event: 6.492 Thread 0x00000278ffcab790 nmethod 5895 0x0000027880baa790 code [0x0000027880baa920, 0x0000027880baaa58]
Event: 6.497 Thread 0x00000278ffcab790 5896       3       java.nio.ByteBuffer::flip (7 bytes)
Event: 6.497 Thread 0x00000278ffcab790 nmethod 5896 0x0000027880c16b10 code [0x0000027880c16ca0, 0x0000027880c16e18]
Event: 6.497 Thread 0x00000278ffcab790 5897       3       java.nio.Buffer::flip (20 bytes)
Event: 6.497 Thread 0x00000278ffcab790 nmethod 5897 0x0000027880c16790 code [0x0000027880c16920, 0x0000027880c16a38]
Event: 6.498 Thread 0x00000278ffcab790 5899       3       sun.misc.Unsafe::putByte (9 bytes)
Event: 6.498 Thread 0x00000278ffcab790 nmethod 5899 0x0000027880bd0f90 code [0x0000027880bd1120, 0x0000027880bd1298]
Event: 6.498 Thread 0x00000278ffcab790 5900       3       jdk.internal.misc.Unsafe::putByte (8 bytes)
Event: 6.498 Thread 0x00000278ffcab790 nmethod 5900 0x0000027880bd0c10 code [0x0000027880bd0da0, 0x0000027880bd0eb8]

GC Heap History (20 events):
Event: 4.860 GC heap before
{Heap before GC invocations=13 (full 0):
 garbage-first heap   total 327680K, used 249655K [0x0000000402000000, 0x0000000800000000)
  region size 8192K, 14 young (114688K), 2 survivors (16384K)
 Metaspace       used 38053K, committed 38528K, reserved 1089536K
  class space    used 5642K, committed 5824K, reserved 1048576K
}
Event: 4.880 GC heap after
{Heap after GC invocations=14 (full 0):
 garbage-first heap   total 638976K, used 167182K [0x0000000402000000, 0x0000000800000000)
  region size 8192K, 2 young (16384K), 2 survivors (16384K)
 Metaspace       used 38053K, committed 38528K, reserved 1089536K
  class space    used 5642K, committed 5824K, reserved 1048576K
}
Event: 5.171 GC heap before
{Heap before GC invocations=14 (full 0):
 garbage-first heap   total 638976K, used 470286K [0x0000000402000000, 0x0000000800000000)
  region size 8192K, 39 young (319488K), 2 survivors (16384K)
 Metaspace       used 40750K, committed 41344K, reserved 1089536K
  class space    used 6148K, committed 6464K, reserved 1048576K
}
Event: 5.203 GC heap after
{Heap after GC invocations=15 (full 0):
 garbage-first heap   total 638976K, used 200444K [0x0000000402000000, 0x0000000800000000)
  region size 8192K, 5 young (40960K), 5 survivors (40960K)
 Metaspace       used 40750K, committed 41344K, reserved 1089536K
  class space    used 6148K, committed 6464K, reserved 1048576K
}
Event: 5.273 GC heap before
{Heap before GC invocations=15 (full 0):
 garbage-first heap   total 638976K, used 462588K [0x0000000402000000, 0x0000000800000000)
  region size 8192K, 37 young (303104K), 5 survivors (40960K)
 Metaspace       used 40973K, committed 41536K, reserved 1089536K
  class space    used 6186K, committed 6464K, reserved 1048576K
}
Event: 5.295 GC heap after
{Heap after GC invocations=16 (full 0):
 garbage-first heap   total 638976K, used 207799K [0x0000000402000000, 0x0000000800000000)
  region size 8192K, 1 young (8192K), 1 survivors (8192K)
 Metaspace       used 40973K, committed 41536K, reserved 1089536K
  class space    used 6186K, committed 6464K, reserved 1048576K
}
Event: 5.353 GC heap before
{Heap before GC invocations=16 (full 0):
 garbage-first heap   total 638976K, used 478135K [0x0000000402000000, 0x0000000800000000)
  region size 8192K, 34 young (278528K), 1 survivors (8192K)
 Metaspace       used 41031K, committed 41600K, reserved 1089536K
  class space    used 6190K, committed 6464K, reserved 1048576K
}
Event: 5.360 GC heap after
{Heap after GC invocations=17 (full 0):
 garbage-first heap   total 638976K, used 206410K [0x0000000402000000, 0x0000000800000000)
  region size 8192K, 1 young (8192K), 1 survivors (8192K)
 Metaspace       used 41031K, committed 41600K, reserved 1089536K
  class space    used 6190K, committed 6464K, reserved 1048576K
}
Event: 5.425 GC heap before
{Heap before GC invocations=17 (full 0):
 garbage-first heap   total 638976K, used 501322K [0x0000000402000000, 0x0000000800000000)
  region size 8192K, 37 young (303104K), 1 survivors (8192K)
 Metaspace       used 41192K, committed 41792K, reserved 1089536K
  class space    used 6211K, committed 6528K, reserved 1048576K
}
Event: 5.436 GC heap after
{Heap after GC invocations=18 (full 0):
 garbage-first heap   total 1417216K, used 210011K [0x0000000402000000, 0x0000000800000000)
  region size 8192K, 2 young (16384K), 2 survivors (16384K)
 Metaspace       used 41192K, committed 41792K, reserved 1089536K
  class space    used 6211K, committed 6528K, reserved 1048576K
}
Event: 5.579 GC heap before
{Heap before GC invocations=18 (full 0):
 garbage-first heap   total 1417216K, used 586843K [0x0000000402000000, 0x0000000800000000)
  region size 8192K, 49 young (401408K), 2 survivors (16384K)
 Metaspace       used 41866K, committed 42496K, reserved 1089536K
  class space    used 6332K, committed 6656K, reserved 1048576K
}
Event: 5.589 GC heap after
{Heap after GC invocations=19 (full 0):
 garbage-first heap   total 1417216K, used 214422K [0x0000000402000000, 0x0000000800000000)
  region size 8192K, 2 young (16384K), 2 survivors (16384K)
 Metaspace       used 41866K, committed 42496K, reserved 1089536K
  class space    used 6332K, committed 6656K, reserved 1048576K
}
Event: 5.898 GC heap before
{Heap before GC invocations=20 (full 0):
 garbage-first heap   total 1417216K, used 1033622K [0x0000000402000000, 0x0000000800000000)
  region size 8192K, 103 young (843776K), 2 survivors (16384K)
 Metaspace       used 42665K, committed 43264K, reserved 1089536K
  class space    used 6487K, committed 6784K, reserved 1048576K
}
Event: 5.909 GC heap after
{Heap after GC invocations=21 (full 0):
 garbage-first heap   total 1417216K, used 217914K [0x0000000402000000, 0x0000000800000000)
  region size 8192K, 3 young (24576K), 3 survivors (24576K)
 Metaspace       used 42665K, committed 43264K, reserved 1089536K
  class space    used 6487K, committed 6784K, reserved 1048576K
}
Event: 6.117 GC heap before
{Heap before GC invocations=21 (full 0):
 garbage-first heap   total 1417216K, used 1037114K [0x0000000402000000, 0x0000000800000000)
  region size 8192K, 103 young (843776K), 3 survivors (24576K)
 Metaspace       used 43216K, committed 43840K, reserved 1089536K
  class space    used 6604K, committed 6912K, reserved 1048576K
}
Event: 6.126 GC heap after
{Heap after GC invocations=22 (full 0):
 garbage-first heap   total 1417216K, used 219306K [0x0000000402000000, 0x0000000800000000)
  region size 8192K, 3 young (24576K), 3 survivors (24576K)
 Metaspace       used 43216K, committed 43840K, reserved 1089536K
  class space    used 6604K, committed 6912K, reserved 1048576K
}
Event: 6.298 GC heap before
{Heap before GC invocations=23 (full 0):
 garbage-first heap   total 983040K, used 923818K [0x0000000402000000, 0x0000000800000000)
  region size 8192K, 90 young (737280K), 3 survivors (24576K)
 Metaspace       used 43942K, committed 44608K, reserved 1089536K
  class space    used 6729K, committed 7040K, reserved 1048576K
}
Event: 6.308 GC heap after
{Heap after GC invocations=24 (full 0):
 garbage-first heap   total 983040K, used 219520K [0x0000000402000000, 0x0000000800000000)
  region size 8192K, 3 young (24576K), 3 survivors (24576K)
 Metaspace       used 43942K, committed 44608K, reserved 1089536K
  class space    used 6729K, committed 7040K, reserved 1048576K
}
Event: 6.417 GC heap before
{Heap before GC invocations=24 (full 0):
 garbage-first heap   total 983040K, used 784768K [0x0000000402000000, 0x0000000800000000)
  region size 8192K, 72 young (589824K), 3 survivors (24576K)
 Metaspace       used 44427K, committed 45056K, reserved 1089536K
  class space    used 6783K, committed 7104K, reserved 1048576K
}
Event: 6.427 GC heap after
{Heap after GC invocations=25 (full 0):
 garbage-first heap   total 983040K, used 221452K [0x0000000402000000, 0x0000000800000000)
  region size 8192K, 3 young (24576K), 3 survivors (24576K)
 Metaspace       used 44427K, committed 45056K, reserved 1089536K
  class space    used 6783K, committed 7104K, reserved 1048576K
}

Deoptimization events (20 events):
Event: 6.491 Thread 0x00000278f6ea0850 DEOPT PACKING pc=0x00000278808acb0f sp=0x000000e6f98faf60
Event: 6.491 Thread 0x00000278f6ea0850 DEOPT UNPACKING pc=0x0000027880052b43 sp=0x000000e6f98fa3d8 mode 0
Event: 6.492 Thread 0x00000278f6ea0850 DEOPT PACKING pc=0x00000278808acbba sp=0x000000e6f98faf60
Event: 6.492 Thread 0x00000278f6ea0850 DEOPT UNPACKING pc=0x0000027880052b43 sp=0x000000e6f98fa3d8 mode 0
Event: 6.492 Thread 0x00000278f6ea0850 DEOPT PACKING pc=0x00000278808acbba sp=0x000000e6f98faf60
Event: 6.492 Thread 0x00000278f6ea0850 DEOPT UNPACKING pc=0x0000027880052b43 sp=0x000000e6f98fa3d8 mode 0
Event: 6.492 Thread 0x00000278f6ea0850 DEOPT PACKING pc=0x00000278808acb0f sp=0x000000e6f98faf60
Event: 6.492 Thread 0x00000278f6ea0850 DEOPT UNPACKING pc=0x0000027880052b43 sp=0x000000e6f98fa3d8 mode 0
Event: 6.492 Thread 0x00000278f6ea0850 DEOPT PACKING pc=0x00000278808acbba sp=0x000000e6f98faf60
Event: 6.492 Thread 0x00000278f6ea0850 DEOPT UNPACKING pc=0x0000027880052b43 sp=0x000000e6f98fa3d8 mode 0
Event: 6.492 Thread 0x00000278f6ea0850 DEOPT PACKING pc=0x00000278808acb0f sp=0x000000e6f98faf60
Event: 6.492 Thread 0x00000278f6ea0850 DEOPT UNPACKING pc=0x0000027880052b43 sp=0x000000e6f98fa3d8 mode 0
Event: 6.493 Thread 0x00000278f6ea0850 DEOPT PACKING pc=0x00000278808acbba sp=0x000000e6f98faf60
Event: 6.493 Thread 0x00000278f6ea0850 DEOPT UNPACKING pc=0x0000027880052b43 sp=0x000000e6f98fa3d8 mode 0
Event: 6.493 Thread 0x00000278f6ea0850 DEOPT PACKING pc=0x00000278808acb0f sp=0x000000e6f98faf60
Event: 6.493 Thread 0x00000278f6ea0850 DEOPT UNPACKING pc=0x0000027880052b43 sp=0x000000e6f98fa3d8 mode 0
Event: 6.493 Thread 0x00000278f6ea0850 DEOPT PACKING pc=0x00000278808acbba sp=0x000000e6f98faf60
Event: 6.493 Thread 0x00000278f6ea0850 DEOPT UNPACKING pc=0x0000027880052b43 sp=0x000000e6f98fa3d8 mode 0
Event: 6.497 Thread 0x00000278f6ea0850 DEOPT PACKING pc=0x00000278808acb0f sp=0x000000e6f98faf60
Event: 6.497 Thread 0x00000278f6ea0850 DEOPT UNPACKING pc=0x0000027880052b43 sp=0x000000e6f98fa3d8 mode 0

Classes unloaded (11 events):
Event: 5.810 Thread 0x00000278ff0bd910 Unloading class 0x0000000801036000 'java/lang/invoke/LambdaForm$DMH+0x0000000801036000'
Event: 5.810 Thread 0x00000278ff0bd910 Unloading class 0x0000000801035800 'java/lang/invoke/LambdaForm$DMH+0x0000000801035800'
Event: 5.810 Thread 0x00000278ff0bd910 Unloading class 0x0000000801035c00 'java/lang/invoke/LambdaForm$DMH+0x0000000801035c00'
Event: 5.810 Thread 0x00000278ff0bd910 Unloading class 0x0000000801035400 'java/lang/invoke/LambdaForm$DMH+0x0000000801035400'
Event: 5.810 Thread 0x00000278ff0bd910 Unloading class 0x0000000801034c00 'java/lang/invoke/LambdaForm$DMH+0x0000000801034c00'
Event: 5.810 Thread 0x00000278ff0bd910 Unloading class 0x0000000801035000 'java/lang/invoke/LambdaForm$DMH+0x0000000801035000'
Event: 5.810 Thread 0x00000278ff0bd910 Unloading class 0x0000000801034800 'java/lang/invoke/LambdaForm$DMH+0x0000000801034800'
Event: 5.810 Thread 0x00000278ff0bd910 Unloading class 0x0000000801034400 'java/lang/invoke/LambdaForm$DMH+0x0000000801034400'
Event: 5.810 Thread 0x00000278ff0bd910 Unloading class 0x0000000801034000 'java/lang/invoke/LambdaForm$DMH+0x0000000801034000'
Event: 5.810 Thread 0x00000278ff0bd910 Unloading class 0x0000000801029800 'java/lang/invoke/LambdaForm$DMH+0x0000000801029800'
Event: 5.810 Thread 0x00000278ff0bd910 Unloading class 0x0000000801029400 'java/lang/invoke/LambdaForm$DMH+0x0000000801029400'

Classes redefined (0 events):
No events

Internal exceptions (20 events):
Event: 5.039 Thread 0x00000278f6ea0850 Exception <a 'java/lang/NoSuchMethodError'{0x00000004202814d0}: 'float java.lang.invoke.DirectMethodHandle$Holder.invokeStaticInit(java.lang.Object, java.lang.Object)'> (0x00000004202814d0) 
thrown [c:\wsjdk\corretto17src\installers\windows\zip\corretto-build\buildroot\src\hotspot\share\interpreter\linkResolver.cpp, line 766]
Event: 5.045 Thread 0x00000278f6ea0850 Exception <a 'java/lang/NoSuchMethodError'{0x000000041f57c560}: 'java.lang.Object java.lang.invoke.DirectMethodHandle$Holder.newInvokeSpecial(java.lang.Object, java.lang.Object, java.lang.Object, java.lang.Object, java.lang.Object, java.lang.Object, java.lang.Object, java.lang.Object, java.lang.Object, java.lang.Object, java.lang.Object, java.lang.Object, java.lang.Object, java.lang.Object, java.lang.Object, java.lang.Object)'> (0x000000041f57c560) 
thrown [c:\wsjdk\corretto17src\installers\windows\zip\cor
Event: 5.046 Thread 0x00000278f6ea0850 Exception <a 'java/lang/IncompatibleClassChangeError'{0x000000041f585630}: Found class java.lang.Object, but interface was expected> (0x000000041f585630) 
thrown [c:\wsjdk\corretto17src\installers\windows\zip\corretto-build\buildroot\src\hotspot\share\interpreter\linkResolver.cpp, line 833]
Event: 5.077 Thread 0x00000278bab97a50 Implicit null exception at 0x0000027887d1d057 to 0x0000027887d1d200
Event: 5.081 Thread 0x00000278f6ea0850 Exception <a 'java/lang/NoSuchMethodError'{0x000000041d6f39f8}: 'float java.lang.invoke.DirectMethodHandle$Holder.invokeStatic(java.lang.Object, float)'> (0x000000041d6f39f8) 
thrown [c:\wsjdk\corretto17src\installers\windows\zip\corretto-build\buildroot\src\hotspot\share\interpreter\linkResolver.cpp, line 766]
Event: 5.149 Thread 0x00000278f6ea0850 Exception <a 'java/lang/NoSuchMethodError'{0x0000000418f86cf8}: 'java.lang.Object java.lang.invoke.DirectMethodHandle$Holder.newInvokeSpecial(java.lang.Object, java.lang.Object, int, java.lang.Object)'> (0x0000000418f86cf8) 
thrown [c:\wsjdk\corretto17src\installers\windows\zip\corretto-build\buildroot\src\hotspot\share\interpreter\linkResolver.cpp, line 766]
Event: 5.223 Thread 0x00000278f6ea0850 Exception <a 'java/lang/NoSuchMethodError'{0x00000004407084a8}: 'int java.lang.invoke.DirectMethodHandle$Holder.invokeSpecialIFC(java.lang.Object, java.lang.Object, java.lang.Object, java.lang.Object)'> (0x00000004407084a8) 
thrown [c:\wsjdk\corretto17src\installers\windows\zip\corretto-build\buildroot\src\hotspot\share\interpreter\linkResolver.cpp, line 766]
Event: 5.492 Thread 0x00000278f6ea0850 Exception <a 'java/lang/NoSuchMethodError'{0x0000000456f3e4b0}: 'void java.lang.invoke.DirectMethodHandle$Holder.invokeStaticInit(java.lang.Object, java.lang.Object, java.lang.Object, java.lang.Object, java.lang.Object, java.lang.Object)'> (0x0000000456f3e4b0) 
thrown [c:\wsjdk\corretto17src\installers\windows\zip\corretto-build\buildroot\src\hotspot\share\interpreter\linkResolver.cpp, line 766]
Event: 5.495 Thread 0x00000278f6ea0850 Exception <a 'java/lang/NoSuchMethodError'{0x0000000456f44488}: 'java.lang.Object java.lang.invoke.DirectMethodHandle$Holder.invokeStatic(java.lang.Object, java.lang.Object, java.lang.Object, java.lang.Object, java.lang.Object, java.lang.Object, java.lang.Object, java.lang.Object, java.lang.Object, java.lang.Object, int)'> (0x0000000456f44488) 
thrown [c:\wsjdk\corretto17src\installers\windows\zip\corretto-build\buildroot\src\hotspot\share\interpreter\linkResolver.cpp, line 766]
Event: 5.495 Thread 0x00000278f6ea0850 Exception <a 'java/lang/NoSuchMethodError'{0x0000000456f48a70}: 'java.lang.Object java.lang.invoke.DirectMethodHandle$Holder.invokeStaticInit(java.lang.Object, java.lang.Object, java.lang.Object, java.lang.Object, java.lang.Object, java.lang.Object, java.lang.Object, java.lang.Object, java.lang.Object, java.lang.Object, int)'> (0x0000000456f48a70) 
thrown [c:\wsjdk\corretto17src\installers\windows\zip\corretto-build\buildroot\src\hotspot\share\interpreter\linkResolver.cpp, line 766]
Event: 5.930 Thread 0x00000278f6ea0850 Implicit null exception at 0x0000027887b5b9c0 to 0x0000027887b5bbe8
Event: 5.991 Thread 0x00000278f6ea0850 Exception <a 'java/lang/NoSuchMethodError'{0x000000044692c1a8}: 'long java.lang.invoke.DirectMethodHandle$Holder.invokeStaticInit(java.lang.Object, float)'> (0x000000044692c1a8) 
thrown [c:\wsjdk\corretto17src\installers\windows\zip\corretto-build\buildroot\src\hotspot\share\interpreter\linkResolver.cpp, line 766]
Event: 5.991 Thread 0x00000278f6ea0850 Exception <a 'java/lang/NoSuchMethodError'{0x0000000446932328}: 'float java.lang.invoke.DirectMethodHandle$Holder.invokeStatic(java.lang.Object, long)'> (0x0000000446932328) 
thrown [c:\wsjdk\corretto17src\installers\windows\zip\corretto-build\buildroot\src\hotspot\share\interpreter\linkResolver.cpp, line 766]
Event: 5.992 Thread 0x00000278f6ea0850 Exception <a 'java/lang/NoSuchMethodError'{0x0000000446935a98}: 'float java.lang.invoke.DirectMethodHandle$Holder.invokeStaticInit(java.lang.Object, long)'> (0x0000000446935a98) 
thrown [c:\wsjdk\corretto17src\installers\windows\zip\corretto-build\buildroot\src\hotspot\share\interpreter\linkResolver.cpp, line 766]
Event: 5.992 Thread 0x00000278f6ea0850 Exception <a 'java/lang/NoSuchMethodError'{0x0000000443c66660}: 'java.lang.Object java.lang.invoke.DirectMethodHandle$Holder.newInvokeSpecial(java.lang.Object, java.lang.Object, java.lang.Object, java.lang.Object, java.lang.Object, java.lang.Object, java.lang.Object, long)'> (0x0000000443c66660) 
thrown [c:\wsjdk\corretto17src\installers\windows\zip\corretto-build\buildroot\src\hotspot\share\interpreter\linkResolver.cpp, line 766]
Event: 6.081 Thread 0x00000278f6ea0850 Exception <a 'java/lang/NoSuchMethodError'{0x000000043b9b4230}: 'java.lang.Object java.lang.invoke.DirectMethodHandle$Holder.newInvokeSpecial(java.lang.Object, java.lang.Object, long)'> (0x000000043b9b4230) 
thrown [c:\wsjdk\corretto17src\installers\windows\zip\corretto-build\buildroot\src\hotspot\share\interpreter\linkResolver.cpp, line 766]
Event: 6.093 Thread 0x00000278f6ea0850 Exception <a 'java/lang/NoSuchMethodError'{0x000000042a3d0cd0}: 'java.lang.Object java.lang.invoke.DirectMethodHandle$Holder.newInvokeSpecial(java.lang.Object, java.lang.Object, java.lang.Object, java.lang.Object, int, int, java.lang.Object)'> (0x000000042a3d0cd0) 
thrown [c:\wsjdk\corretto17src\installers\windows\zip\corretto-build\buildroot\src\hotspot\share\interpreter\linkResolver.cpp, line 766]
Event: 6.407 Thread 0x00000278f6ea0850 Implicit null exception at 0x0000027887d96686 to 0x0000027887d96b3c
Event: 6.407 Thread 0x00000278f6ea0850 Implicit null exception at 0x0000027887c463f3 to 0x0000027887c47824
Event: 6.407 Thread 0x00000278f6ea0850 Implicit null exception at 0x0000027887bc3e00 to 0x0000027887bc4758

VM Operations (20 events):
Event: 5.809 Executing VM operation: G1Concurrent
Event: 5.815 Executing VM operation: G1Concurrent done
Event: 5.880 Executing VM operation: G1Concurrent
Event: 5.881 Executing VM operation: G1Concurrent done
Event: 5.898 Executing VM operation: G1CollectForAllocation
Event: 5.911 Executing VM operation: G1CollectForAllocation done
Event: 6.021 Executing VM operation: HandshakeAllThreads
Event: 6.072 Executing VM operation: HandshakeAllThreads done
Event: 6.116 Executing VM operation: G1CollectForAllocation
Event: 6.127 Executing VM operation: G1CollectForAllocation done
Event: 6.140 Executing VM operation: G1Concurrent
Event: 6.145 Executing VM operation: G1Concurrent done
Event: 6.212 Executing VM operation: G1Concurrent
Event: 6.214 Executing VM operation: G1Concurrent done
Event: 6.298 Executing VM operation: G1CollectForAllocation
Event: 6.308 Executing VM operation: G1CollectForAllocation done
Event: 6.417 Executing VM operation: G1CollectForAllocation
Event: 6.429 Executing VM operation: G1CollectForAllocation done
Event: 6.476 Executing VM operation: HandshakeAllThreads
Event: 6.478 Executing VM operation: HandshakeAllThreads done

Events (20 events):
Event: 6.447 loading class sun/nio/ch/Util$BufferCache
Event: 6.447 loading class sun/nio/ch/Util$BufferCache done
Event: 6.447 loading class java/nio/DirectByteBuffer$Deallocator
Event: 6.447 loading class java/nio/DirectByteBuffer$Deallocator done
Event: 6.447 loading class sun/nio/ch/IOStatus
Event: 6.447 loading class sun/nio/ch/IOStatus done
Event: 6.460 loading class java/nio/DirectShortBufferU
Event: 6.460 loading class java/nio/DirectShortBufferU done
Event: 6.460 loading class java/nio/DirectCharBufferU
Event: 6.461 loading class java/nio/DirectCharBufferU done
Event: 6.461 loading class java/nio/DirectFloatBufferU
Event: 6.461 loading class java/nio/DirectFloatBufferU done
Event: 6.461 loading class java/nio/DirectDoubleBufferU
Event: 6.461 loading class java/nio/DirectDoubleBufferU done
Event: 6.475 loading class java/nio/BufferOverflowException
Event: 6.475 loading class java/nio/BufferOverflowException done
Event: 6.475 loading class java/nio/InvalidMarkException
Event: 6.475 loading class java/nio/InvalidMarkException done
Event: 6.479 loading class java/nio/BufferUnderflowException
Event: 6.479 loading class java/nio/BufferUnderflowException done


Dynamic libraries:
0x00007ff7749f0000 - 0x00007ff7749fd000 	C:\Users\lx\.jdks\corretto-17.0.2\bin\java.exe
0x00007ff97b3d0000 - 0x00007ff97b5c5000 	C:\WINDOWS\SYSTEM32\ntdll.dll
0x00007ff9794e0000 - 0x00007ff97959e000 	C:\WINDOWS\System32\KERNEL32.DLL
0x00007ff978e80000 - 0x00007ff979148000 	C:\WINDOWS\System32\KERNELBASE.dll
0x00007ff979260000 - 0x00007ff979360000 	C:\WINDOWS\System32\ucrtbase.dll
0x00007ff973900000 - 0x00007ff973915000 	C:\Users\lx\.jdks\corretto-17.0.2\bin\VCRUNTIME140.dll
0x00007ff968fc0000 - 0x00007ff968fd8000 	C:\Users\lx\.jdks\corretto-17.0.2\bin\jli.dll
0x00007ff979620000 - 0x00007ff9797c1000 	C:\WINDOWS\System32\USER32.dll
0x00007ff9793e0000 - 0x00007ff979402000 	C:\WINDOWS\System32\win32u.dll
0x00007ff95a9e0000 - 0x00007ff95ac7a000 	C:\WINDOWS\WinSxS\amd64_microsoft.windows.common-controls_6595b64144ccf1df_6.0.19041.1110_none_60b5254171f9507e\COMCTL32.dll
0x00007ff97a1e0000 - 0x00007ff97a20b000 	C:\WINDOWS\System32\GDI32.dll
0x00007ff97b2f0000 - 0x00007ff97b38e000 	C:\WINDOWS\System32\msvcrt.dll
0x00007ff978ae0000 - 0x00007ff978bed000 	C:\WINDOWS\System32\gdi32full.dll
0x00007ff978bf0000 - 0x00007ff978c8d000 	C:\WINDOWS\System32\msvcp_win.dll
0x00007ff9794b0000 - 0x00007ff9794e0000 	C:\WINDOWS\System32\IMM32.DLL
0x00007ff93f460000 - 0x00007ff93f4fb000 	C:\Users\lx\.jdks\corretto-17.0.2\bin\msvcp140.dll
0x00007ff90bef0000 - 0x00007ff90cb0a000 	C:\Users\lx\.jdks\corretto-17.0.2\bin\server\jvm.dll
0x00007ff979e30000 - 0x00007ff979edc000 	C:\WINDOWS\System32\ADVAPI32.dll
0x00007ff979410000 - 0x00007ff9794ab000 	C:\WINDOWS\System32\sechost.dll
0x00007ff979ee0000 - 0x00007ff97a00a000 	C:\WINDOWS\System32\RPCRT4.dll
0x00007ff97aac0000 - 0x00007ff97aac8000 	C:\WINDOWS\System32\PSAPI.DLL
0x00007ff965860000 - 0x00007ff965887000 	C:\WINDOWS\SYSTEM32\WINMM.dll
0x00007ff968af0000 - 0x00007ff968af9000 	C:\WINDOWS\SYSTEM32\WSOCK32.dll
0x00007ff973670000 - 0x00007ff97367a000 	C:\WINDOWS\SYSTEM32\VERSION.dll
0x00007ff97ab30000 - 0x00007ff97ab9b000 	C:\WINDOWS\System32\WS2_32.dll
0x00007ff9769b0000 - 0x00007ff9769c2000 	C:\WINDOWS\SYSTEM32\kernel.appcore.dll
0x00007ff974790000 - 0x00007ff97479a000 	C:\Users\lx\.jdks\corretto-17.0.2\bin\jimage.dll
0x00007ff969620000 - 0x00007ff969804000 	C:\WINDOWS\SYSTEM32\DBGHELP.DLL
0x00007ff964910000 - 0x00007ff96493c000 	C:\WINDOWS\SYSTEM32\dbgcore.DLL
0x00007ff978df0000 - 0x00007ff978e72000 	C:\WINDOWS\System32\bcryptPrimitives.dll
0x00007ff94b660000 - 0x00007ff94b685000 	C:\Users\lx\.jdks\corretto-17.0.2\bin\java.dll
0x00007ff93a9e0000 - 0x00007ff93aab6000 	C:\Users\lx\.jdks\corretto-17.0.2\bin\jsvml.dll
0x00007ff97aba0000 - 0x00007ff97b2e4000 	C:\WINDOWS\System32\SHELL32.dll
0x00007ff976bb0000 - 0x00007ff977344000 	C:\WINDOWS\SYSTEM32\windows.storage.dll
0x00007ff97a340000 - 0x00007ff97a695000 	C:\WINDOWS\System32\combase.dll
0x00007ff978380000 - 0x00007ff9783ae000 	C:\WINDOWS\SYSTEM32\Wldp.dll
0x00007ff97aa10000 - 0x00007ff97aabd000 	C:\WINDOWS\System32\SHCORE.dll
0x00007ff97a100000 - 0x00007ff97a155000 	C:\WINDOWS\System32\shlwapi.dll
0x00007ff978a20000 - 0x00007ff978a3f000 	C:\WINDOWS\SYSTEM32\profapi.dll
0x00007ff967d10000 - 0x00007ff967d29000 	C:\Users\lx\.jdks\corretto-17.0.2\bin\net.dll
0x00007ff973680000 - 0x00007ff97378c000 	C:\WINDOWS\SYSTEM32\WINHTTP.dll
0x00007ff978160000 - 0x00007ff9781ca000 	C:\WINDOWS\system32\mswsock.dll
0x00007ff9566e0000 - 0x00007ff9566f5000 	C:\Users\lx\.jdks\corretto-17.0.2\bin\nio.dll
0x00007ff94f200000 - 0x00007ff94f218000 	C:\Users\lx\.jdks\corretto-17.0.2\bin\zip.dll
0x00007ff968fb0000 - 0x00007ff968fb9000 	C:\Users\lx\.jdks\corretto-17.0.2\bin\management.dll
0x00007ff968d70000 - 0x00007ff968d7b000 	C:\Users\lx\.jdks\corretto-17.0.2\bin\management_ext.dll
0x00007ff965450000 - 0x00007ff965467000 	C:\WINDOWS\system32\napinsp.dll
0x00007ff965350000 - 0x00007ff96536b000 	C:\WINDOWS\system32\pnrpnsp.dll
0x00007ff964520000 - 0x00007ff964535000 	C:\WINDOWS\system32\wshbth.dll
0x00007ff9744c0000 - 0x00007ff9744dd000 	C:\WINDOWS\system32\NLAapi.dll
0x00007ff977e70000 - 0x00007ff977eab000 	C:\WINDOWS\SYSTEM32\IPHLPAPI.DLL
0x00007ff977eb0000 - 0x00007ff977f7b000 	C:\WINDOWS\SYSTEM32\DNSAPI.dll
0x00007ff97a730000 - 0x00007ff97a738000 	C:\WINDOWS\System32\NSI.dll
0x00007ff964190000 - 0x00007ff9641a2000 	C:\WINDOWS\System32\winrnr.dll
0x00000000586a0000 - 0x00000000586c6000 	C:\Program Files\Bonjour\mdnsNSP.dll
0x00007ff971d30000 - 0x00007ff971d3a000 	C:\Windows\System32\rasadhlp.dll
0x00007ff971a10000 - 0x00007ff971a8f000 	C:\WINDOWS\System32\fwpuclnt.dll
0x00007ff9793b0000 - 0x00007ff9793d7000 	C:\WINDOWS\System32\bcrypt.dll
0x00007ff9783c0000 - 0x00007ff9783d8000 	C:\WINDOWS\SYSTEM32\CRYPTSP.dll
0x00007ff977b00000 - 0x00007ff977b34000 	C:\WINDOWS\system32\rsaenh.dll
0x00007ff9789a0000 - 0x00007ff9789ce000 	C:\WINDOWS\SYSTEM32\USERENV.dll
0x00007ff9782f0000 - 0x00007ff9782fc000 	C:\WINDOWS\SYSTEM32\CRYPTBASE.dll
0x00007ff972d50000 - 0x00007ff972d67000 	C:\WINDOWS\SYSTEM32\dhcpcsvc6.DLL
0x00007ff972d30000 - 0x00007ff972d4d000 	C:\WINDOWS\SYSTEM32\dhcpcsvc.DLL
0x00007ff93f1d0000 - 0x00007ff93f215000 	C:\Users\lx\AppData\Local\Temp\jna-3468\jna3000890872959314683.dll
0x00007ff97a210000 - 0x00007ff97a33a000 	C:\WINDOWS\System32\Ole32.dll
0x00007ff9797d0000 - 0x00007ff979879000 	C:\WINDOWS\System32\clbcatq.dll
0x00007ff979d60000 - 0x00007ff979e2d000 	C:\WINDOWS\System32\OleAut32.dll
0x00007ff96dc80000 - 0x00007ff96dc99000 	C:\WINDOWS\SYSTEM32\amsi.dll
0x00007ff968a90000 - 0x00007ff968ad9000 	C:\WINDOWS\SYSTEM32\Pdh.dll
0x00007ff94d170000 - 0x00007ff94d17f000 	C:\WINDOWS\System32\perfos.dll
0x00007ff927fc0000 - 0x00007ff928032000 	C:\normal\Codes\Code-Java\Rikaishi-Nikui\rikaishi_nikui\minecraft\versions\1.18.2\natives\lwjgl.dll
0x00007ff9265b0000 - 0x00007ff926801000 	C:\normal\Codes\Code-Java\Rikaishi-Nikui\rikaishi_nikui\minecraft\versions\1.18.2\natives\jemalloc.dll

dbghelp: loaded successfully - version: 4.0.5 - missing functions: none
symbol engine: initialized successfully - sym options: 0x614 - pdb path: .;C:\Users\lx\.jdks\corretto-17.0.2\bin;C:\WINDOWS\SYSTEM32;C:\WINDOWS\WinSxS\amd64_microsoft.windows.common-controls_6595b64144ccf1df_6.0.19041.1110_none_60b5254171f9507e;C:\Users\lx\.jdks\corretto-17.0.2\bin\server;C:\Program Files\Bonjour;C:\Users\lx\AppData\Local\Temp\jna-3468;C:\normal\Codes\Code-Java\Rikaishi-Nikui\rikaishi_nikui\minecraft\versions\1.18.2\natives

VM Arguments:
jvm_args: -Dcom.sun.jndi.ldap.object.trustURLCodebase=false -Duser.dir=C:\normal\Codes\Code-Java\Rikaishi-Nikui\rikaishi_nikui\minecraft\versions\1.18.2 -Dlog4j2.formatMsgNoLookups=true -Djava.library.path=C:\normal\Codes\Code-Java\Rikaishi-Nikui\rikaishi_nikui\minecraft\versions\1.18.2/natives/ 
java_command: net.minecraft.client.main.Main --username zhuaidadaya --version 1.18.2 --gameDir C:\normal\Codes\Code-Java\Rikaishi-Nikui\rikaishi_nikui\minecraft\versions\1.18.2 --assetsDir C:\normal\Codes\Code-Java\Rikaishi-Nikui\rikaishi_nikui\minecraft\assets --assetIndex 1.18 --uuid 0d3e31cd-394f-4bb8-b261-305772a457ba --accessToken 0d3e31cd-394f-4bb8-b261-305772a457ba --userProperties {} --userType Legacy --width 854 --height 480
java_class_path (initial): C:/normal/Codes/Code-Java/Rikaishi-Nikui/rikaishi_nikui/minecraft/libraries/ca/weblite/java-objc-bridge/1.0.0/java-objc-bridge-1.0.0.jar;C:/normal/Codes/Code-Java/Rikaishi-Nikui/rikaishi_nikui/minecraft/libraries/com/github/oshi/oshi-core/5.8.5/oshi-core-5.8.5.jar;C:/normal/Codes/Code-Java/Rikaishi-Nikui/rikaishi_nikui/minecraft/libraries/com/google/code/gson/gson/2.8.9/gson-2.8.9.jar;C:/normal/Codes/Code-Java/Rikaishi-Nikui/rikaishi_nikui/minecraft/libraries/com/google/guava/failureaccess/1.0.1/failureaccess-1.0.1.jar;C:/normal/Codes/Code-Java/Rikaishi-Nikui/rikaishi_nikui/minecraft/libraries/com/google/guava/guava/31.0.1-jre/guava-31.0.1-jre.jar;C:/normal/Codes/Code-Java/Rikaishi-Nikui/rikaishi_nikui/minecraft/libraries/com/ibm/icu/icu4j/70.1/icu4j-70.1.jar;C:/normal/Codes/Code-Java/Rikaishi-Nikui/rikaishi_nikui/minecraft/libraries/com/mojang/authlib/3.3.39/authlib-3.3.39.jar;C:/normal/Codes/Code-Java/Rikaishi-Nikui/rikaishi_nikui/minecraft/libraries/com/mojang/blocklist/1.0.10/blocklist-1.0.10.jar;C:/normal/Codes/Code-Java/Rikaishi-Nikui/rikaishi_nikui/minecraft/libraries/com/mojang/brigadier/1.0.18/brigadier-1.0.18.jar;C:/normal/Codes/Code-Java/Rikaishi-Nikui/rikaishi_nikui/minecraft/libraries/com/mojang/datafixerupper/4.1.27/datafixerupper-4.1.27.jar;C:/normal/Codes/Code-Java/Rikaishi-Nikui/rikaishi_nikui/minecraft/libraries/com/mojang/javabridge/1.2.24/javabridge-1.2.24.jar;C:/normal/Codes/Code-Java/Rikaishi-Nikui/rikaishi_nikui/minecraft/libraries/com/mojang/logging/1.0.0/logging-1.0.0.jar;C:/normal/Codes/Code-Java/Rikaishi-Nikui/rikaishi_nikui/minecraft/libraries/com/mojang/patchy/2.2.10/patchy-2.2.10.jar;C:/normal/Codes/Code-Java/Rikaishi-Nikui/rikaishi_nikui/minecraft/libraries/com/mojang/text2speech/1.12.4/text2speech-1.12.4.jar;C:/normal/Codes/Code-Java/Rikaishi-Nikui/rikaishi_nikui/minecraft/libraries/commons-codec/commons-codec/1.15/commons-codec-1.15.jar;C:/normal/Codes/Code-Java/Rikaishi-Nikui/rikaishi_nikui/minecraft/lib
Launcher Type: SUN_STANDARD

[Global flags]
     intx CICompilerCount                          = 4                                         {product} {ergonomic}
     uint ConcGCThreads                            = 3                                         {product} {ergonomic}
     uint G1ConcRefinementThreads                  = 10                                        {product} {ergonomic}
   size_t G1HeapRegionSize                         = 8388608                                   {product} {ergonomic}
    uintx GCDrainStackTargetSize                   = 64                                        {product} {ergonomic}
   size_t InitialHeapSize                          = 1073741824                                {product} {ergonomic}
   size_t MarkStackSize                            = 4194304                                   {product} {ergonomic}
   size_t MaxHeapSize                              = 17146314752                               {product} {ergonomic}
   size_t MaxNewSize                               = 10284433408                               {product} {ergonomic}
   size_t MinHeapDeltaBytes                        = 8388608                                   {product} {ergonomic}
   size_t MinHeapSize                              = 8388608                                   {product} {ergonomic}
    uintx NonNMethodCodeHeapSize                   = 5839372                                {pd product} {ergonomic}
    uintx NonProfiledCodeHeapSize                  = 122909434                              {pd product} {ergonomic}
    uintx ProfiledCodeHeapSize                     = 122909434                              {pd product} {ergonomic}
    uintx ReservedCodeCacheSize                    = 251658240                              {pd product} {ergonomic}
     bool SegmentedCodeCache                       = true                                      {product} {ergonomic}
   size_t SoftMaxHeapSize                          = 17146314752                            {manageable} {ergonomic}
     bool UseCompressedClassPointers               = true                           {product lp64_product} {ergonomic}
     bool UseCompressedOops                        = true                           {product lp64_product} {ergonomic}
     bool UseG1GC                                  = true                                      {product} {ergonomic}
     bool UseLargePagesIndividualAllocation        = false                                  {pd product} {ergonomic}

Logging:
Log output configuration:
 #0: stdout all=warning uptime,level,tags
 #1: stderr all=off uptime,level,tags

Environment Variables:
JAVA_HOME=C:\Users\lx\.jdks\openjdk-16.0.2
CLASSPATH=C:\Users\lx\.jdks\openjdk-16.0.2\lib\dt.jar;C:\Users\lx\.jdks\openjdk-16.0.2\lib\tools.jar
PATH=C:\Program Files\Common Files\Oracle\Java\javapath;C:\Program Files\Python39\Scripts\;C:\Program Files\Python39\;C:\Program Files (x86)\Common Files\Oracle\Java\javapath;C:\Users\lx\.jdks\openjdk-16.0.2\bin;C:\WINDOWS\system32;C:\WINDOWS;C:\WINDOWS\System32\Wbem;C:\WINDOWS\System32\WindowsPowerShell\v1.0\;C:\WINDOWS\System32\OpenSSH\;C:\Program Files\Microsoft SQL Server\130\Tools\Binn\;C:\Program Files (x86)\NVIDIA Corporation\PhysX\Common;C:\Program Files\NVIDIA Corporation\NVIDIA NvDLISR;C:\Program Files\Microsoft SQL Server\Client SDK\ODBC\170\Tools\Binn\;D:\Git\cmd;C:\Program Files (x86)\Microsoft SQL Server\150\Tools\Binn\;C:\Program Files\Microsoft SQL Server\150\Tools\Binn\;C:\Program Files\Microsoft SQL Server\150\DTS\Binn\;C:\Program Files (x86)\Microsoft SQL Server\150\DTS\Binn\;C:\Program Files\Azure Data Studio\bin;C:\Program Files\dotnet\;C:\Program Files\nodejs\;C:\ProgramData\chocolatey\bin;C:\GRADLE\bin;C:\Program Files\Intel\Intel(R) Memory and Storage Tool\;C:\Program Files\Git\cmd;C:\Us;C:\Program Files (x86)\Intel\Platform Flash Tool Lite;C:\Program Files (x86)\Intel\Phone Flash Tool Lite;C:\Users\lx\AppData\Local\Microsoft\WindowsApps;C:\Users\lx\AppData\Local\GitHubDesktop\bin;C:\Program Files\Azure Data Studio\bin;C:\Users\lx\.dotnet\tools;C:\Users\lx\AppData\Roaming\npm
USERNAME=lx
OS=Windows_NT
PROCESSOR_IDENTIFIER=Intel64 Family 6 Model 165 Stepping 0, GenuineIntel



---------------  S Y S T E M  ---------------

OS:
 Windows 10 , 64 bit Build 19041 (10.0.19041.1348)
OS uptime: 9 days 19:14 hours
Hyper-V role detected

CPU: total 12 (initial active 12) (6 cores per cpu, 2 threads per core) family 6 model 165 stepping 0 microcode 0xbe, cx8, cmov, fxsr, ht, mmx, 3dnowpref, sse, sse2, sse3, ssse3, sse4.1, sse4.2, popcnt, lzcnt, tsc, tscinvbit, avx, avx2, aes, erms, clmul, bmi1, bmi2, adx, fma, vzeroupper, clflush, clflushopt, hv

Memory: 4k page, system-wide physical 65398M (25347M free)
TotalPageFile size 72054M (AvailPageFile size 31111M)
current process WorkingSet (physical memory assigned to process): 1134M, peak: 1562M
current process commit charge ("private bytes"): 1186M, peak: 1625M

vm_info: OpenJDK 64-Bit Server VM (17.0.2+8-LTS) for windows-amd64 JRE (17.0.2+8-LTS), built on Jan 17 2022 05:07:39 by "Administrator" with MS VC++ 15.9 (VS2017)

END.
