#
# A fatal error has been detected by the Java Runtime Environment:
#
#  EXCEPTION_ACCESS_VIOLATION (0xc0000005) at pc=0x0000000000000008, pid=21972, tid=39312
#
# JRE version: OpenJDK Runtime Environment Corretto-17.0.2.8.1 (17.0.2+8) (build 17.0.2+8-LTS)
# Java VM: OpenJDK 64-Bit Server VM Corretto-17.0.2.8.1 (17.0.2+8-LTS, mixed mode, sharing, tiered, compressed oops, compressed class ptrs, g1 gc, windows-amd64)
# Problematic frame:
# C  0x0000000000000008
#
# No core dump will be written. Minidumps are not enabled by default on client versions of Windows
#
# If you would like to submit a bug report, please visit:
#   https://github.com/corretto/corretto-17/issues/
# The crash happened outside the Java Virtual Machine in native code.
# See problematic frame for where to report the bug.
#

---------------  S U M M A R Y ------------

Command Line: -Dcom.sun.jndi.ldap.object.trustURLCodebase=false -Duser.dir=C:\normal\Codes\Code-Java\Rikaishi-Nikui\rikaishi_nikui\minecraft\versions\1.18.2 -Dlog4j2.formatMsgNoLookups=true -Djava.library.path=C:\normal\Codes\Code-Java\Rikaishi-Nikui\rikaishi_nikui\minecraft\versions\1.18.2/natives/ net.minecraft.client.main.Main --username zhuaidadaya --version 1.18.2 --gameDir C:\normal\Codes\Code-Java\Rikaishi-Nikui\rikaishi_nikui\minecraft\versions\1.18.2 --assetsDir C:\normal\Codes\Code-Java\Rikaishi-Nikui\rikaishi_nikui\minecraft\assets --assetIndex 1.18 --uuid 278c1f83-69f3-4c48-b366-46ecfff9c718 --accessToken 278c1f83-69f3-4c48-b366-46ecfff9c718 --userProperties {} --userType Legacy --width 854 --height 480

Host: Intel(R) Core(TM) i5-10600 CPU @ 3.30GHz, 12 cores, 63G,  Windows 10 , 64 bit Build 19041 (10.0.19041.1348)
Time: Sun Mar 13 17:43:12 2022  Windows 10 , 64 bit Build 19041 (10.0.19041.1348) elapsed time: 6.526041 seconds (0d 0h 0m 6s)

---------------  T H R E A D  ---------------

Current thread (0x00000192047041a0):  JavaThread "Render thread" [_thread_in_native, id=39312, stack(0x00000015c6800000,0x00000015c6900000)]

Stack: [0x00000015c6800000,0x00000015c6900000],  sp=0x00000015c68fafc8,  free space=1003k
Native frames: (J=compiled Java code, j=interpreted, Vv=VM code, C=native code)
C  0x0000000000000008

Java frames: (J=compiled Java code, j=interpreted, Vv=VM code)
j  org.lwjgl.system.JNI.invokePP(JJ)J+0
j  org.lwjgl.system.jemalloc.JEmalloc.nje_malloc(J)J+6
j  org.lwjgl.system.jemalloc.JEmalloc.<clinit>()V+42
v  ~StubRoutines::call_stub
j  org.lwjgl.system.jemalloc.JEmallocAllocator.<clinit>()V+0
v  ~StubRoutines::call_stub
J 1279  java.lang.Class.forName0(Ljava/lang/String;ZLjava/lang/ClassLoader;Ljava/lang/Class;)Ljava/lang/Class; java.base@17.0.2 (0 bytes) @ 0x0000019213d5c7af [0x0000019213d5c720+0x000000000000008f]
J 1980 c1 java.lang.Class.forName(Ljava/lang/String;)Ljava/lang/Class; java.base@17.0.2 (15 bytes) @ 0x000001920cb39e64 [0x000001920cb39d40+0x0000000000000124]
j  org.lwjgl.system.MemoryManage.getInstance()Lorg/lwjgl/system/MemoryUtil$MemoryAllocator;+68
j  org.lwjgl.system.MemoryUtil$LazyInit.<clinit>()V+0
v  ~StubRoutines::call_stub
j  org.lwjgl.system.MemoryUtil.getAllocator(Z)Lorg/lwjgl/system/MemoryUtil$MemoryAllocator;+10
j  dsk.<clinit>()V+1
v  ~StubRoutines::call_stub
j  dth.<init>(I)V+34
j  dto.<init>(I)V+10
j  dto.<init>()V+3
j  dto.<clinit>()V+4
v  ~StubRoutines::call_stub
j  com.mojang.blaze3d.systems.RenderSystem.<clinit>()V+12
v  ~StubRoutines::call_stub
j  net.minecraft.client.main.Main.main([Ljava/lang/String;)V+1327
v  ~StubRoutines::call_stub

siginfo: EXCEPTION_ACCESS_VIOLATION (0xc0000005), data execution prevention violation at address 0x0000000000000008


Register to memory mapping:

RIP=0x0000000000000008 is an unknown value
RAX=0x00007ff926a71a60 lwjgl.dll
RBX={method} {0x000001924b1c7918} 'invokePP' '(JJ)J' in 'org/lwjgl/system/JNI'
RCX=0x00007ff916464870 jemalloc.dll
RDX=0x00000015c68fb068 is pointing into the stack for thread: 0x00000192047041a0
RSP=0x00000015c68fafc8 is pointing into the stack for thread: 0x00000192047041a0
RBP=0x00000015c68fb058 is pointing into the stack for thread: 0x00000192047041a0
RSI=0x0000000000000014 is an unknown value
RDI=0x0000000000000180 is an unknown value
R8 =0x00007ff916464870 jemalloc.dll
R9 =0x0000000000000008 is an unknown value
R10=0x000001920c1fd5f2 is at code_begin+946 in an Interpreter codelet
method entry point (kind = native)  [0x000001920c1fd240, 0x000001920c1fdbc0]  2432 bytes
R11=0x000000045f244118 is an oop: java.lang.Class 
{0x000000045f244118} - klass: 'java/lang/Class'
 - ---- fields (total size 14 words):
 - private volatile transient 'classRedefinedCount' 'I' @12  0
 - private volatile transient 'cachedConstructor' 'Ljava/lang/reflect/Constructor;' @40  NULL (0)
 - private transient 'name' 'Ljava/lang/String;' @44  "org.lwjgl.system.JNI"{0x000000045f244198} (8be48833)
 - private transient 'module' 'Ljava/lang/Module;' @48  a 'java/lang/Module'{0x0000000403764640} (806ec8c8)
 - private final 'classLoader' 'Ljava/lang/ClassLoader;' @52  a 'jdk/internal/loader/ClassLoaders$AppClassLoader'{0x00000004036d8a78} (806db14f)
 - private transient 'classData' 'Ljava/lang/Object;' @56  NULL (0)
 - private transient 'packageName' 'Ljava/lang/String;' @60  "org.lwjgl.system"{0x000000042e18e4a0} (85c31c94)
 - private final 'componentType' 'Ljava/lang/Class;' @64  NULL (0)
 - private volatile transient 'reflectionData' 'Ljava/lang/ref/SoftReference;' @68  NULL (0)
 - private volatile transient 'genericInfo' 'Lsun/reflect/generics/repository/ClassRepository;' @72  NULL (0)
 - private volatile transient 'enumConstants' '[Ljava/lang/Object;' @76  NULL (0)
 - private volatile transient 'enumConstantDirectory' 'Ljava/util/Map;' @80  NULL (0)
 - private volatile transient 'annotationData' 'Ljava/lang/Class$AnnotationData;' @84  NULL (0)
 - private volatile transient 'annotationType' 'Lsun/reflect/annotation/AnnotationType;' @88  NULL (0)
 - transient 'classValueMap' 'Ljava/lang/ClassValue$ClassValueMap;' @92  NULL (0)
 - signature: Lorg/lwjgl/system/JNI;
 - fake entry for mirror: 'org/lwjgl/system/JNI'
 - fake entry for array: NULL
 - fake entry for oop_size: 14
 - fake entry for static_oop_field_count: 0
R12=0x0 is NULL
R13={method} {0x000001924b1c7918} 'invokePP' '(JJ)J' in 'org/lwjgl/system/JNI'
R14=0x00000015c68fb090 is pointing into the stack for thread: 0x00000192047041a0
R15=0x00000192047041a0 is a thread


Registers:
RAX=0x00007ff926a71a60, RBX=0x000001924b1c7910, RCX=0x00007ff916464870, RDX=0x00000015c68fb068
RSP=0x00000015c68fafc8, RBP=0x00000015c68fb058, RSI=0x0000000000000014, RDI=0x0000000000000180
R8 =0x00007ff916464870, R9 =0x0000000000000008, R10=0x000001920c1fd5f2, R11=0x000000045f244118
R12=0x0000000000000000, R13=0x000001924b1c7910, R14=0x00000015c68fb090, R15=0x00000192047041a0
RIP=0x0000000000000008, EFLAGS=0x0000000000010206

Top of Stack: (sp=0x00000015c68fafc8)
0x00000015c68fafc8:   000001920c1fd621 0000000000000180
0x00000015c68fafd8:   000001920c1fd33c 000001924b1c7910
0x00000015c68fafe8:   0000000000000014 0000000000000180
0x00000015c68faff8:   00007ff90c4e6d57 3ff0000000000000
0x00000015c68fb008:   000001920c1fd2f6 00000015c68fb010
0x00000015c68fb018:   000001924b1c7910 00000015c68fb090
0x00000015c68fb028:   000001924b1f54e8 0000000000000000
0x00000015c68fb038:   000000045f244118 000001924b1c7910
0x00000015c68fb048:   0000000000000000 00000015c68fb078
0x00000015c68fb058:   00000015c68fb0e0 000001920c1f95cd
0x00000015c68fb068:   000000045f244118 000001920c1faf77
0x00000015c68fb078:   0000000000000008 0000000000000000
0x00000015c68fb088:   00007ff916464870 0000000000000000
0x00000015c68fb098:   00000015c68fb098 000001924b1a726e
0x00000015c68fb0a8:   00000015c68fb108 000001924b1aab80
0x00000015c68fb0b8:   0000000000000000 0000000469ba6038 

Instructions: (pc=0x0000000000000008)
0xffffffffffffff08:   


Stack slot to memory mapping:
stack at sp + 0 slots: 0x000001920c1fd621 is at code_begin+993 in an Interpreter codelet
method entry point (kind = native)  [0x000001920c1fd240, 0x000001920c1fdbc0]  2432 bytes
stack at sp + 1 slots: 0x0000000000000180 is an unknown value
stack at sp + 2 slots: 0x000001920c1fd33c is at code_begin+252 in an Interpreter codelet
method entry point (kind = native)  [0x000001920c1fd240, 0x000001920c1fdbc0]  2432 bytes
stack at sp + 3 slots: {method} {0x000001924b1c7918} 'invokePP' '(JJ)J' in 'org/lwjgl/system/JNI'
stack at sp + 4 slots: 0x0000000000000014 is an unknown value
stack at sp + 5 slots: 0x0000000000000180 is an unknown value
stack at sp + 6 slots: 0x00007ff90c4e6d57 jvm.dll
stack at sp + 7 slots: 0x3ff0000000000000 is an unknown value


---------------  P R O C E S S  ---------------

Threads class SMR info:
_java_thread_list=0x0000019248108ac0, length=24, elements={
0x00000192047041a0, 0x0000019241802e20, 0x00000192418038e0, 0x0000019241817570,
0x00000192443f5fb0, 0x00000192443f8880, 0x00000192443f9550, 0x00000192443fdcd0,
0x00000192444065e0, 0x000001924440f6b0, 0x0000019244531a30, 0x0000019244532d70,
0x000001924648fb80, 0x000001924648b350, 0x000001924648ed10, 0x000001924648b820,
0x0000019246490050, 0x000001924648c1c0, 0x000001924648c690, 0x000001924648a4e0,
0x000001924648cb60, 0x000001924648ae80, 0x000001924648a010, 0x000001924648d030
}

Java Threads: ( => current thread )
=>0x00000192047041a0 JavaThread "Render thread" [_thread_in_native, id=39312, stack(0x00000015c6800000,0x00000015c6900000)]
  0x0000019241802e20 JavaThread "Reference Handler" daemon [_thread_blocked, id=15632, stack(0x00000015c6f00000,0x00000015c7000000)]
  0x00000192418038e0 JavaThread "Finalizer" daemon [_thread_blocked, id=25732, stack(0x00000015c7000000,0x00000015c7100000)]
  0x0000019241817570 JavaThread "Signal Dispatcher" daemon [_thread_blocked, id=27484, stack(0x00000015c7100000,0x00000015c7200000)]
  0x00000192443f5fb0 JavaThread "Attach Listener" daemon [_thread_blocked, id=32148, stack(0x00000015c7200000,0x00000015c7300000)]
  0x00000192443f8880 JavaThread "Service Thread" daemon [_thread_blocked, id=30188, stack(0x00000015c7300000,0x00000015c7400000)]
  0x00000192443f9550 JavaThread "Monitor Deflation Thread" daemon [_thread_blocked, id=28820, stack(0x00000015c7400000,0x00000015c7500000)]
  0x00000192443fdcd0 JavaThread "C2 CompilerThread0" daemon [_thread_blocked, id=36284, stack(0x00000015c7500000,0x00000015c7600000)]
  0x00000192444065e0 JavaThread "C1 CompilerThread0" daemon [_thread_blocked, id=43740, stack(0x00000015c7600000,0x00000015c7700000)]
  0x000001924440f6b0 JavaThread "Sweeper thread" daemon [_thread_blocked, id=28092, stack(0x00000015c7700000,0x00000015c7800000)]
  0x0000019244531a30 JavaThread "Notification Thread" daemon [_thread_blocked, id=32108, stack(0x00000015c7800000,0x00000015c7900000)]
  0x0000019244532d70 JavaThread "Common-Cleaner" daemon [_thread_blocked, id=17872, stack(0x00000015c7a00000,0x00000015c7b00000)]
  0x000001924648fb80 JavaThread "Worker-Bootstrap-1" daemon [_thread_in_Java, id=29856, stack(0x00000015c9300000,0x00000015c9400000)]
  0x000001924648b350 JavaThread "Worker-Bootstrap-2" daemon [_thread_in_Java, id=13664, stack(0x00000015c9400000,0x00000015c9500000)]
  0x000001924648ed10 JavaThread "Worker-Bootstrap-3" daemon [_thread_in_Java, id=18732, stack(0x00000015c9500000,0x00000015c9600000)]
  0x000001924648b820 JavaThread "Worker-Bootstrap-4" daemon [_thread_in_Java, id=20296, stack(0x00000015c9600000,0x00000015c9700000)]
  0x0000019246490050 JavaThread "Worker-Bootstrap-5" daemon [_thread_in_Java, id=25876, stack(0x00000015c9700000,0x00000015c9800000)]
  0x000001924648c1c0 JavaThread "Worker-Bootstrap-6" daemon [_thread_in_Java, id=42360, stack(0x00000015c9800000,0x00000015c9900000)]
  0x000001924648c690 JavaThread "Worker-Bootstrap-7" daemon [_thread_in_Java, id=17164, stack(0x00000015c9900000,0x00000015c9a00000)]
  0x000001924648a4e0 JavaThread "Worker-Bootstrap-8" daemon [_thread_blocked, id=44028, stack(0x00000015c9a00000,0x00000015c9b00000)]
  0x000001924648cb60 JavaThread "Worker-Bootstrap-9" daemon [_thread_in_Java, id=43552, stack(0x00000015c9b00000,0x00000015c9c00000)]
  0x000001924648ae80 JavaThread "Worker-Bootstrap-10" daemon [_thread_in_Java, id=20236, stack(0x00000015c9c00000,0x00000015c9d00000)]
  0x000001924648a010 JavaThread "Worker-Bootstrap-11" daemon [_thread_in_Java, id=43516, stack(0x00000015c9d00000,0x00000015c9e00000)]
  0x000001924648d030 JavaThread "Timer hack thread" daemon [_thread_blocked, id=16524, stack(0x00000015c9200000,0x00000015c9300000)]

Other Threads:
  0x00000192417fc460 VMThread "VM Thread" [stack: 0x00000015c6e00000,0x00000015c6f00000] [id=4716]
  0x00000192047d8460 WatcherThread [stack: 0x00000015c7900000,0x00000015c7a00000] [id=10292]
  0x00000192047b2e10 GCTaskThread "GC Thread#0" [stack: 0x00000015c6900000,0x00000015c6a00000] [id=31788]
  0x000001924543d9c0 GCTaskThread "GC Thread#1" [stack: 0x00000015c7d00000,0x00000015c7e00000] [id=34144]
  0x0000019245537850 GCTaskThread "GC Thread#2" [stack: 0x00000015c7e00000,0x00000015c7f00000] [id=37520]
  0x0000019245796d80 GCTaskThread "GC Thread#3" [stack: 0x00000015c7f00000,0x00000015c8000000] [id=39852]
  0x00000192459569f0 GCTaskThread "GC Thread#4" [stack: 0x00000015c8000000,0x00000015c8100000] [id=22084]
  0x0000019245956ca0 GCTaskThread "GC Thread#5" [stack: 0x00000015c8100000,0x00000015c8200000] [id=39584]
  0x000001924561c4d0 GCTaskThread "GC Thread#6" [stack: 0x00000015c8200000,0x00000015c8300000] [id=29840]
  0x000001924561c780 GCTaskThread "GC Thread#7" [stack: 0x00000015c8300000,0x00000015c8400000] [id=28500]
  0x00000192456f7df0 GCTaskThread "GC Thread#8" [stack: 0x00000015c8400000,0x00000015c8500000] [id=9204]
  0x00000192456f80a0 GCTaskThread "GC Thread#9" [stack: 0x00000015c8500000,0x00000015c8600000] [id=34396]
  0x00000192047c3a80 ConcurrentGCThread "G1 Main Marker" [stack: 0x00000015c6a00000,0x00000015c6b00000] [id=33348]
  0x00000192047c49e0 ConcurrentGCThread "G1 Conc#0" [stack: 0x00000015c6b00000,0x00000015c6c00000] [id=21816]
  0x000001924605dcc0 ConcurrentGCThread "G1 Conc#1" [stack: 0x00000015c7c00000,0x00000015c7d00000] [id=25588]
  0x000001924605cf50 ConcurrentGCThread "G1 Conc#2" [stack: 0x00000015c9100000,0x00000015c9200000] [id=41444]
  0x00000192047de850 ConcurrentGCThread "G1 Refine#0" [stack: 0x00000015c6c00000,0x00000015c6d00000] [id=13708]
  0x00000192458b7a40 ConcurrentGCThread "G1 Refine#1" [stack: 0x00000015c8600000,0x00000015c8700000] [id=42576]
  0x00000192454c15e0 ConcurrentGCThread "G1 Refine#2" [stack: 0x00000015c8700000,0x00000015c8800000] [id=35712]
  0x00000192454c18c0 ConcurrentGCThread "G1 Refine#3" [stack: 0x00000015c8800000,0x00000015c8900000] [id=32084]
  0x00000192455e7600 ConcurrentGCThread "G1 Refine#4" [stack: 0x00000015c8900000,0x00000015c8a00000] [id=29244]
  0x00000192455e7cf0 ConcurrentGCThread "G1 Refine#5" [stack: 0x00000015c8a00000,0x00000015c8b00000] [id=30744]
  0x00000192457952a0 ConcurrentGCThread "G1 Refine#6" [stack: 0x00000015c8b00000,0x00000015c8c00000] [id=30716]
  0x000001924569e8b0 ConcurrentGCThread "G1 Refine#7" [stack: 0x00000015c8c00000,0x00000015c8d00000] [id=26804]
  0x000001924607cc50 ConcurrentGCThread "G1 Refine#8" [stack: 0x00000015c8d00000,0x00000015c8e00000] [id=39912]
  0x0000019245eafda0 ConcurrentGCThread "G1 Refine#9" [stack: 0x00000015c9e00000,0x00000015c9f00000] [id=35852]
  0x00000192417d0110 ConcurrentGCThread "G1 Service" [stack: 0x00000015c6d00000,0x00000015c6e00000] [id=26004]

Threads with active compile tasks:

VM state: not at safepoint (normal execution)

VM Mutex/Monitor currently owned by a thread: None

Heap address: 0x0000000402000000, size: 16352 MB, Compressed Oops mode: Zero based, Oop shift amount: 3

CDS archive(s) mapped at: [0x0000000800000000-0x0000000800bc0000-0x0000000800bc0000), size 12320768, SharedBaseAddress: 0x0000000800000000, ArchiveRelocationMode: 0.
Compressed class space mapped at: 0x0000000800c00000-0x0000000840c00000, reserved size: 1073741824
Narrow klass base: 0x0000000800000000, Narrow klass shift: 0, Narrow klass range: 0x100000000

GC Precious Log:
 CPUs: 12 total, 12 available
 Memory: 65398M
 Large Page Support: Disabled
 NUMA Support: Disabled
 Compressed Oops: Enabled (Zero based)
 Heap Region Size: 8M
 Heap Min Capacity: 8M
 Heap Initial Capacity: 1G
 Heap Max Capacity: 16352M
 Pre-touch: Disabled
 Parallel Workers: 10
 Concurrent Workers: 3
 Concurrent Refinement Workers: 10
 Periodic GC: Disabled

Heap:
 garbage-first heap   total 1818624K, used 769131K [0x0000000402000000, 0x0000000800000000)
  region size 8192K, 72 young (589824K), 3 survivors (24576K)
 Metaspace       used 45109K, committed 45696K, reserved 1089536K
  class space    used 6827K, committed 7104K, reserved 1048576K

Heap Regions: E=young(eden), S=young(survivor), O=old, HS=humongous(starts), HC=humongous(continues), CS=collection set, F=free, OA=open archive, CA=closed archive, TAMS=top-at-mark-start (previous, next)
|   0|0x0000000402000000, 0x0000000402800000, 0x0000000402800000|100%| O|  |TAMS 0x0000000402800000, 0x0000000402000000| Untracked 
|   1|0x0000000402800000, 0x0000000403000000, 0x0000000403000000|100%| O|  |TAMS 0x0000000402a0ce00, 0x0000000402800000| Untracked 
|   2|0x0000000403000000, 0x0000000403800000, 0x0000000403800000|100%| O|  |TAMS 0x0000000403800000, 0x0000000403000000| Untracked 
|   3|0x0000000403800000, 0x0000000404000000, 0x0000000404000000|100%| O|  |TAMS 0x0000000404000000, 0x0000000403800000| Untracked 
|   4|0x0000000404000000, 0x0000000404800000, 0x0000000404800000|100%| O|  |TAMS 0x0000000404800000, 0x0000000404000000| Untracked 
|   5|0x0000000404800000, 0x0000000405000000, 0x0000000405000000|100%|HS|  |TAMS 0x0000000405000000, 0x0000000404800000| Complete 
|   6|0x0000000405000000, 0x0000000405800000, 0x0000000405800000|100%|HC|  |TAMS 0x0000000405800000, 0x0000000405000000| Complete 
|   7|0x0000000405800000, 0x0000000405c7da00, 0x0000000406000000| 56%| O|  |TAMS 0x0000000405c7da00, 0x0000000405800000| Untracked 
|   8|0x0000000406000000, 0x0000000406800000, 0x0000000406800000|100%| O|  |TAMS 0x0000000406800000, 0x0000000406000000| Untracked 
|   9|0x0000000406800000, 0x0000000407000000, 0x0000000407000000|100%| O|  |TAMS 0x0000000407000000, 0x0000000406800000| Untracked 
|  10|0x0000000407000000, 0x0000000407800000, 0x0000000407800000|100%| O|  |TAMS 0x0000000407000000, 0x0000000407000000| Untracked 
|  11|0x0000000407800000, 0x0000000408000000, 0x0000000408000000|100%| O|  |TAMS 0x0000000407800000, 0x0000000407800000| Untracked 
|  12|0x0000000408000000, 0x0000000408800000, 0x0000000408800000|100%| O|  |TAMS 0x0000000408000000, 0x0000000408000000| Untracked 
|  13|0x0000000408800000, 0x0000000409000000, 0x0000000409000000|100%| O|  |TAMS 0x0000000408800000, 0x0000000408800000| Untracked 
|  14|0x0000000409000000, 0x0000000409800000, 0x0000000409800000|100%| O|  |TAMS 0x0000000409000000, 0x0000000409000000| Untracked 
|  15|0x0000000409800000, 0x000000040a000000, 0x000000040a000000|100%| O|  |TAMS 0x0000000409800000, 0x0000000409800000| Untracked 
|  16|0x000000040a000000, 0x000000040a800000, 0x000000040a800000|100%| O|  |TAMS 0x000000040a000000, 0x000000040a000000| Untracked 
|  17|0x000000040a800000, 0x000000040b000000, 0x000000040b000000|100%| O|  |TAMS 0x000000040a800000, 0x000000040a800000| Untracked 
|  18|0x000000040b000000, 0x000000040b800000, 0x000000040b800000|100%| O|  |TAMS 0x000000040b000000, 0x000000040b000000| Untracked 
|  19|0x000000040b800000, 0x000000040c000000, 0x000000040c000000|100%| O|  |TAMS 0x000000040b800000, 0x000000040b800000| Untracked 
|  20|0x000000040c000000, 0x000000040c800000, 0x000000040c800000|100%| O|  |TAMS 0x000000040c000000, 0x000000040c000000| Untracked 
|  21|0x000000040c800000, 0x000000040d000000, 0x000000040d000000|100%| O|  |TAMS 0x000000040c800000, 0x000000040c800000| Untracked 
|  22|0x000000040d000000, 0x000000040d800000, 0x000000040d800000|100%| O|  |TAMS 0x000000040d000000, 0x000000040d000000| Untracked 
|  23|0x000000040d800000, 0x000000040de48600, 0x000000040e000000| 78%| O|  |TAMS 0x000000040d800000, 0x000000040d800000| Untracked 
|  24|0x000000040e000000, 0x000000040e000000, 0x000000040e800000|  0%| F|  |TAMS 0x000000040e000000, 0x000000040e000000| Untracked 
|  25|0x000000040e800000, 0x000000040e800000, 0x000000040f000000|  0%| F|  |TAMS 0x000000040e800000, 0x000000040e800000| Untracked 
|  26|0x000000040f000000, 0x000000040f000000, 0x000000040f800000|  0%| F|  |TAMS 0x000000040f000000, 0x000000040f000000| Untracked 
|  27|0x000000040f800000, 0x000000040f800000, 0x0000000410000000|  0%| F|  |TAMS 0x000000040f800000, 0x000000040f800000| Untracked 
|  28|0x0000000410000000, 0x0000000410000000, 0x0000000410800000|  0%| F|  |TAMS 0x0000000410000000, 0x0000000410000000| Untracked 
|  29|0x0000000410800000, 0x0000000410800000, 0x0000000411000000|  0%| F|  |TAMS 0x0000000410800000, 0x0000000410800000| Untracked 
|  30|0x0000000411000000, 0x0000000411000000, 0x0000000411800000|  0%| F|  |TAMS 0x0000000411000000, 0x0000000411000000| Untracked 
|  31|0x0000000411800000, 0x0000000411800000, 0x0000000412000000|  0%| F|  |TAMS 0x0000000411800000, 0x0000000411800000| Untracked 
|  32|0x0000000412000000, 0x0000000412000000, 0x0000000412800000|  0%| F|  |TAMS 0x0000000412000000, 0x0000000412000000| Untracked 
|  33|0x0000000412800000, 0x0000000412800000, 0x0000000413000000|  0%| F|  |TAMS 0x0000000412800000, 0x0000000412800000| Untracked 
|  34|0x0000000413000000, 0x0000000413000000, 0x0000000413800000|  0%| F|  |TAMS 0x0000000413000000, 0x0000000413000000| Untracked 
|  35|0x0000000413800000, 0x0000000413800000, 0x0000000414000000|  0%| F|  |TAMS 0x0000000413800000, 0x0000000413800000| Untracked 
|  36|0x0000000414000000, 0x0000000414000000, 0x0000000414800000|  0%| F|  |TAMS 0x0000000414000000, 0x0000000414000000| Untracked 
|  37|0x0000000414800000, 0x0000000414800000, 0x0000000415000000|  0%| F|  |TAMS 0x0000000414800000, 0x0000000414800000| Untracked 
|  38|0x0000000415000000, 0x0000000415000000, 0x0000000415800000|  0%| F|  |TAMS 0x0000000415000000, 0x0000000415000000| Untracked 
|  39|0x0000000415800000, 0x0000000415800000, 0x0000000416000000|  0%| F|  |TAMS 0x0000000415800000, 0x0000000415800000| Untracked 
|  40|0x0000000416000000, 0x0000000416000000, 0x0000000416800000|  0%| F|  |TAMS 0x0000000416000000, 0x0000000416000000| Untracked 
|  41|0x0000000416800000, 0x0000000416800000, 0x0000000417000000|  0%| F|  |TAMS 0x0000000416800000, 0x0000000416800000| Untracked 
|  42|0x0000000417000000, 0x0000000417000000, 0x0000000417800000|  0%| F|  |TAMS 0x0000000417000000, 0x0000000417000000| Untracked 
|  43|0x0000000417800000, 0x0000000417800000, 0x0000000418000000|  0%| F|  |TAMS 0x0000000417800000, 0x0000000417800000| Untracked 
|  44|0x0000000418000000, 0x0000000418000000, 0x0000000418800000|  0%| F|  |TAMS 0x0000000418000000, 0x0000000418000000| Untracked 
|  45|0x0000000418800000, 0x0000000418800000, 0x0000000419000000|  0%| F|  |TAMS 0x0000000418800000, 0x0000000418800000| Untracked 
|  46|0x0000000419000000, 0x0000000419000000, 0x0000000419800000|  0%| F|  |TAMS 0x0000000419000000, 0x0000000419000000| Untracked 
|  47|0x0000000419800000, 0x0000000419800000, 0x000000041a000000|  0%| F|  |TAMS 0x0000000419800000, 0x0000000419800000| Untracked 
|  48|0x000000041a000000, 0x000000041a000000, 0x000000041a800000|  0%| F|  |TAMS 0x000000041a000000, 0x000000041a000000| Untracked 
|  49|0x000000041a800000, 0x000000041a800000, 0x000000041b000000|  0%| F|  |TAMS 0x000000041a800000, 0x000000041a800000| Untracked 
|  50|0x000000041b000000, 0x000000041b000000, 0x000000041b800000|  0%| F|  |TAMS 0x000000041b000000, 0x000000041b000000| Untracked 
|  51|0x000000041b800000, 0x000000041b800000, 0x000000041c000000|  0%| F|  |TAMS 0x000000041b800000, 0x000000041b800000| Untracked 
|  52|0x000000041c000000, 0x000000041c000000, 0x000000041c800000|  0%| F|  |TAMS 0x000000041c000000, 0x000000041c000000| Untracked 
|  53|0x000000041c800000, 0x000000041c800000, 0x000000041d000000|  0%| F|  |TAMS 0x000000041c800000, 0x000000041c800000| Untracked 
|  54|0x000000041d000000, 0x000000041d000000, 0x000000041d800000|  0%| F|  |TAMS 0x000000041d000000, 0x000000041d000000| Untracked 
|  55|0x000000041d800000, 0x000000041d800000, 0x000000041e000000|  0%| F|  |TAMS 0x000000041d800000, 0x000000041d800000| Untracked 
|  56|0x000000041e000000, 0x000000041e000000, 0x000000041e800000|  0%| F|  |TAMS 0x000000041e000000, 0x000000041e000000| Untracked 
|  57|0x000000041e800000, 0x000000041e800000, 0x000000041f000000|  0%| F|  |TAMS 0x000000041e800000, 0x000000041e800000| Untracked 
|  58|0x000000041f000000, 0x000000041f000000, 0x000000041f800000|  0%| F|  |TAMS 0x000000041f000000, 0x000000041f000000| Untracked 
|  59|0x000000041f800000, 0x000000041f800000, 0x0000000420000000|  0%| F|  |TAMS 0x000000041f800000, 0x000000041f800000| Untracked 
|  60|0x0000000420000000, 0x0000000420000000, 0x0000000420800000|  0%| F|  |TAMS 0x0000000420000000, 0x0000000420000000| Untracked 
|  61|0x0000000420800000, 0x0000000420800000, 0x0000000421000000|  0%| F|  |TAMS 0x0000000420800000, 0x0000000420800000| Untracked 
|  62|0x0000000421000000, 0x0000000421000000, 0x0000000421800000|  0%| F|  |TAMS 0x0000000421000000, 0x0000000421000000| Untracked 
|  63|0x0000000421800000, 0x0000000421800000, 0x0000000422000000|  0%| F|  |TAMS 0x0000000421800000, 0x0000000421800000| Untracked 
|  64|0x0000000422000000, 0x0000000422000000, 0x0000000422800000|  0%| F|  |TAMS 0x0000000422000000, 0x0000000422000000| Untracked 
|  65|0x0000000422800000, 0x0000000422800000, 0x0000000423000000|  0%| F|  |TAMS 0x0000000422800000, 0x0000000422800000| Untracked 
|  66|0x0000000423000000, 0x0000000423000000, 0x0000000423800000|  0%| F|  |TAMS 0x0000000423000000, 0x0000000423000000| Untracked 
|  67|0x0000000423800000, 0x0000000423800000, 0x0000000424000000|  0%| F|  |TAMS 0x0000000423800000, 0x0000000423800000| Untracked 
|  68|0x0000000424000000, 0x0000000424000000, 0x0000000424800000|  0%| F|  |TAMS 0x0000000424000000, 0x0000000424000000| Untracked 
|  69|0x0000000424800000, 0x0000000424800000, 0x0000000425000000|  0%| F|  |TAMS 0x0000000424800000, 0x0000000424800000| Untracked 
|  70|0x0000000425000000, 0x0000000425000000, 0x0000000425800000|  0%| F|  |TAMS 0x0000000425000000, 0x0000000425000000| Untracked 
|  71|0x0000000425800000, 0x0000000425800000, 0x0000000426000000|  0%| F|  |TAMS 0x0000000425800000, 0x0000000425800000| Untracked 
|  72|0x0000000426000000, 0x0000000426000000, 0x0000000426800000|  0%| F|  |TAMS 0x0000000426000000, 0x0000000426000000| Untracked 
|  73|0x0000000426800000, 0x0000000426800000, 0x0000000427000000|  0%| F|  |TAMS 0x0000000426800000, 0x0000000426800000| Untracked 
|  74|0x0000000427000000, 0x0000000427000000, 0x0000000427800000|  0%| F|  |TAMS 0x0000000427000000, 0x0000000427000000| Untracked 
|  75|0x0000000427800000, 0x0000000427800000, 0x0000000428000000|  0%| F|  |TAMS 0x0000000427800000, 0x0000000427800000| Untracked 
|  76|0x0000000428000000, 0x0000000428000000, 0x0000000428800000|  0%| F|  |TAMS 0x0000000428000000, 0x0000000428000000| Untracked 
|  77|0x0000000428800000, 0x0000000428800000, 0x0000000429000000|  0%| F|  |TAMS 0x0000000428800000, 0x0000000428800000| Untracked 
|  78|0x0000000429000000, 0x0000000429000000, 0x0000000429800000|  0%| F|  |TAMS 0x0000000429000000, 0x0000000429000000| Untracked 
|  79|0x0000000429800000, 0x0000000429800000, 0x000000042a000000|  0%| F|  |TAMS 0x0000000429800000, 0x0000000429800000| Untracked 
|  80|0x000000042a000000, 0x000000042a000000, 0x000000042a800000|  0%| F|  |TAMS 0x000000042a000000, 0x000000042a000000| Untracked 
|  81|0x000000042a800000, 0x000000042a800000, 0x000000042b000000|  0%| F|  |TAMS 0x000000042a800000, 0x000000042a800000| Untracked 
|  82|0x000000042b000000, 0x000000042b000000, 0x000000042b800000|  0%| F|  |TAMS 0x000000042b000000, 0x000000042b000000| Untracked 
|  83|0x000000042b800000, 0x000000042b800000, 0x000000042c000000|  0%| F|  |TAMS 0x000000042b800000, 0x000000042b800000| Untracked 
|  84|0x000000042c000000, 0x000000042c000000, 0x000000042c800000|  0%| F|  |TAMS 0x000000042c000000, 0x000000042c000000| Untracked 
|  85|0x000000042c800000, 0x000000042c800000, 0x000000042d000000|  0%| F|  |TAMS 0x000000042c800000, 0x000000042c800000| Untracked 
|  86|0x000000042d000000, 0x000000042d454e60, 0x000000042d800000| 54%| S|CS|TAMS 0x000000042d000000, 0x000000042d000000| Complete 
|  87|0x000000042d800000, 0x000000042e000000, 0x000000042e000000|100%| S|CS|TAMS 0x000000042d800000, 0x000000042d800000| Complete 
|  88|0x000000042e000000, 0x000000042e800000, 0x000000042e800000|100%| S|CS|TAMS 0x000000042e000000, 0x000000042e000000| Complete 
|  89|0x000000042e800000, 0x000000042e800000, 0x000000042f000000|  0%| F|  |TAMS 0x000000042e800000, 0x000000042e800000| Untracked 
|  90|0x000000042f000000, 0x000000042f000000, 0x000000042f800000|  0%| F|  |TAMS 0x000000042f000000, 0x000000042f000000| Untracked 
|  91|0x000000042f800000, 0x000000042f800000, 0x0000000430000000|  0%| F|  |TAMS 0x000000042f800000, 0x000000042f800000| Untracked 
|  92|0x0000000430000000, 0x0000000430000000, 0x0000000430800000|  0%| F|  |TAMS 0x0000000430000000, 0x0000000430000000| Untracked 
|  93|0x0000000430800000, 0x0000000430800000, 0x0000000431000000|  0%| F|  |TAMS 0x0000000430800000, 0x0000000430800000| Untracked 
|  94|0x0000000431000000, 0x0000000431000000, 0x0000000431800000|  0%| F|  |TAMS 0x0000000431000000, 0x0000000431000000| Untracked 
|  95|0x0000000431800000, 0x0000000431800000, 0x0000000432000000|  0%| F|  |TAMS 0x0000000431800000, 0x0000000431800000| Untracked 
|  96|0x0000000432000000, 0x0000000432000000, 0x0000000432800000|  0%| F|  |TAMS 0x0000000432000000, 0x0000000432000000| Untracked 
|  97|0x0000000432800000, 0x0000000432800000, 0x0000000433000000|  0%| F|  |TAMS 0x0000000432800000, 0x0000000432800000| Untracked 
|  98|0x0000000433000000, 0x0000000433000000, 0x0000000433800000|  0%| F|  |TAMS 0x0000000433000000, 0x0000000433000000| Untracked 
|  99|0x0000000433800000, 0x0000000433800000, 0x0000000434000000|  0%| F|  |TAMS 0x0000000433800000, 0x0000000433800000| Untracked 
| 100|0x0000000434000000, 0x0000000434000000, 0x0000000434800000|  0%| F|  |TAMS 0x0000000434000000, 0x0000000434000000| Untracked 
| 101|0x0000000434800000, 0x0000000434800000, 0x0000000435000000|  0%| F|  |TAMS 0x0000000434800000, 0x0000000434800000| Untracked 
| 102|0x0000000435000000, 0x0000000435000000, 0x0000000435800000|  0%| F|  |TAMS 0x0000000435000000, 0x0000000435000000| Untracked 
| 103|0x0000000435800000, 0x0000000435800000, 0x0000000436000000|  0%| F|  |TAMS 0x0000000435800000, 0x0000000435800000| Untracked 
| 104|0x0000000436000000, 0x0000000436000000, 0x0000000436800000|  0%| F|  |TAMS 0x0000000436000000, 0x0000000436000000| Untracked 
| 105|0x0000000436800000, 0x0000000436800000, 0x0000000437000000|  0%| F|  |TAMS 0x0000000436800000, 0x0000000436800000| Untracked 
| 106|0x0000000437000000, 0x0000000437000000, 0x0000000437800000|  0%| F|  |TAMS 0x0000000437000000, 0x0000000437000000| Untracked 
| 107|0x0000000437800000, 0x0000000437800000, 0x0000000438000000|  0%| F|  |TAMS 0x0000000437800000, 0x0000000437800000| Untracked 
| 108|0x0000000438000000, 0x0000000438000000, 0x0000000438800000|  0%| F|  |TAMS 0x0000000438000000, 0x0000000438000000| Untracked 
| 109|0x0000000438800000, 0x0000000438800000, 0x0000000439000000|  0%| F|  |TAMS 0x0000000438800000, 0x0000000438800000| Untracked 
| 110|0x0000000439000000, 0x0000000439000000, 0x0000000439800000|  0%| F|  |TAMS 0x0000000439000000, 0x0000000439000000| Untracked 
| 111|0x0000000439800000, 0x0000000439800000, 0x000000043a000000|  0%| F|  |TAMS 0x0000000439800000, 0x0000000439800000| Untracked 
| 112|0x000000043a000000, 0x000000043a000000, 0x000000043a800000|  0%| F|  |TAMS 0x000000043a000000, 0x000000043a000000| Untracked 
| 113|0x000000043a800000, 0x000000043a800000, 0x000000043b000000|  0%| F|  |TAMS 0x000000043a800000, 0x000000043a800000| Untracked 
| 114|0x000000043b000000, 0x000000043b000000, 0x000000043b800000|  0%| F|  |TAMS 0x000000043b000000, 0x000000043b000000| Untracked 
| 115|0x000000043b800000, 0x000000043b800000, 0x000000043c000000|  0%| F|  |TAMS 0x000000043b800000, 0x000000043b800000| Untracked 
| 116|0x000000043c000000, 0x000000043c000000, 0x000000043c800000|  0%| F|  |TAMS 0x000000043c000000, 0x000000043c000000| Untracked 
| 117|0x000000043c800000, 0x000000043c800000, 0x000000043d000000|  0%| F|  |TAMS 0x000000043c800000, 0x000000043c800000| Untracked 
| 118|0x000000043d000000, 0x000000043d000000, 0x000000043d800000|  0%| F|  |TAMS 0x000000043d000000, 0x000000043d000000| Untracked 
| 119|0x000000043d800000, 0x000000043d800000, 0x000000043e000000|  0%| F|  |TAMS 0x000000043d800000, 0x000000043d800000| Untracked 
| 120|0x000000043e000000, 0x000000043e000000, 0x000000043e800000|  0%| F|  |TAMS 0x000000043e000000, 0x000000043e000000| Untracked 
| 121|0x000000043e800000, 0x000000043e800000, 0x000000043f000000|  0%| F|  |TAMS 0x000000043e800000, 0x000000043e800000| Untracked 
| 122|0x000000043f000000, 0x000000043f000000, 0x000000043f800000|  0%| F|  |TAMS 0x000000043f000000, 0x000000043f000000| Untracked 
| 123|0x000000043f800000, 0x000000043f800000, 0x0000000440000000|  0%| F|  |TAMS 0x000000043f800000, 0x000000043f800000| Untracked 
| 124|0x0000000440000000, 0x0000000440000000, 0x0000000440800000|  0%| F|  |TAMS 0x0000000440000000, 0x0000000440000000| Untracked 
| 125|0x0000000440800000, 0x0000000440800000, 0x0000000441000000|  0%| F|  |TAMS 0x0000000440800000, 0x0000000440800000| Untracked 
| 126|0x0000000441000000, 0x0000000441000000, 0x0000000441800000|  0%| F|  |TAMS 0x0000000441000000, 0x0000000441000000| Untracked 
| 127|0x0000000441800000, 0x0000000441800000, 0x0000000442000000|  0%| F|  |TAMS 0x0000000441800000, 0x0000000441800000| Untracked 
| 128|0x0000000442000000, 0x0000000442000000, 0x0000000442800000|  0%| F|  |TAMS 0x0000000442000000, 0x0000000442000000| Untracked 
| 129|0x0000000442800000, 0x0000000442800000, 0x0000000443000000|  0%| F|  |TAMS 0x0000000442800000, 0x0000000442800000| Untracked 
| 130|0x0000000443000000, 0x0000000443000000, 0x0000000443800000|  0%| F|  |TAMS 0x0000000443000000, 0x0000000443000000| Untracked 
| 131|0x0000000443800000, 0x0000000443800000, 0x0000000444000000|  0%| F|  |TAMS 0x0000000443800000, 0x0000000443800000| Untracked 
| 132|0x0000000444000000, 0x0000000444000000, 0x0000000444800000|  0%| F|  |TAMS 0x0000000444000000, 0x0000000444000000| Untracked 
| 133|0x0000000444800000, 0x0000000444800000, 0x0000000445000000|  0%| F|  |TAMS 0x0000000444800000, 0x0000000444800000| Untracked 
| 134|0x0000000445000000, 0x0000000445000000, 0x0000000445800000|  0%| F|  |TAMS 0x0000000445000000, 0x0000000445000000| Untracked 
| 135|0x0000000445800000, 0x0000000445800000, 0x0000000446000000|  0%| F|  |TAMS 0x0000000445800000, 0x0000000445800000| Untracked 
| 136|0x0000000446000000, 0x0000000446000000, 0x0000000446800000|  0%| F|  |TAMS 0x0000000446000000, 0x0000000446000000| Untracked 
| 137|0x0000000446800000, 0x0000000446800000, 0x0000000447000000|  0%| F|  |TAMS 0x0000000446800000, 0x0000000446800000| Untracked 
| 138|0x0000000447000000, 0x0000000447000000, 0x0000000447800000|  0%| F|  |TAMS 0x0000000447000000, 0x0000000447000000| Untracked 
| 139|0x0000000447800000, 0x0000000447800000, 0x0000000448000000|  0%| F|  |TAMS 0x0000000447800000, 0x0000000447800000| Untracked 
| 140|0x0000000448000000, 0x0000000448000000, 0x0000000448800000|  0%| F|  |TAMS 0x0000000448000000, 0x0000000448000000| Untracked 
| 141|0x0000000448800000, 0x0000000448f69098, 0x0000000449000000| 92%| E|  |TAMS 0x0000000448800000, 0x0000000448800000| Complete 
| 142|0x0000000449000000, 0x0000000449800000, 0x0000000449800000|100%| E|CS|TAMS 0x0000000449000000, 0x0000000449000000| Complete 
| 143|0x0000000449800000, 0x000000044a000000, 0x000000044a000000|100%| E|CS|TAMS 0x0000000449800000, 0x0000000449800000| Complete 
| 144|0x000000044a000000, 0x000000044a800000, 0x000000044a800000|100%| E|CS|TAMS 0x000000044a000000, 0x000000044a000000| Complete 
| 145|0x000000044a800000, 0x000000044b000000, 0x000000044b000000|100%| E|CS|TAMS 0x000000044a800000, 0x000000044a800000| Complete 
| 146|0x000000044b000000, 0x000000044b800000, 0x000000044b800000|100%| E|CS|TAMS 0x000000044b000000, 0x000000044b000000| Complete 
| 147|0x000000044b800000, 0x000000044c000000, 0x000000044c000000|100%| E|CS|TAMS 0x000000044b800000, 0x000000044b800000| Complete 
| 148|0x000000044c000000, 0x000000044c800000, 0x000000044c800000|100%| E|CS|TAMS 0x000000044c000000, 0x000000044c000000| Complete 
| 149|0x000000044c800000, 0x000000044d000000, 0x000000044d000000|100%| E|CS|TAMS 0x000000044c800000, 0x000000044c800000| Complete 
| 150|0x000000044d000000, 0x000000044d800000, 0x000000044d800000|100%| E|CS|TAMS 0x000000044d000000, 0x000000044d000000| Complete 
| 151|0x000000044d800000, 0x000000044e000000, 0x000000044e000000|100%| E|CS|TAMS 0x000000044d800000, 0x000000044d800000| Complete 
| 152|0x000000044e000000, 0x000000044e800000, 0x000000044e800000|100%| E|CS|TAMS 0x000000044e000000, 0x000000044e000000| Complete 
| 153|0x000000044e800000, 0x000000044f000000, 0x000000044f000000|100%| E|CS|TAMS 0x000000044e800000, 0x000000044e800000| Complete 
| 154|0x000000044f000000, 0x000000044f800000, 0x000000044f800000|100%| E|CS|TAMS 0x000000044f000000, 0x000000044f000000| Complete 
| 155|0x000000044f800000, 0x0000000450000000, 0x0000000450000000|100%| E|CS|TAMS 0x000000044f800000, 0x000000044f800000| Complete 
| 156|0x0000000450000000, 0x0000000450800000, 0x0000000450800000|100%| E|CS|TAMS 0x0000000450000000, 0x0000000450000000| Complete 
| 157|0x0000000450800000, 0x0000000451000000, 0x0000000451000000|100%| E|CS|TAMS 0x0000000450800000, 0x0000000450800000| Complete 
| 158|0x0000000451000000, 0x0000000451800000, 0x0000000451800000|100%| E|CS|TAMS 0x0000000451000000, 0x0000000451000000| Complete 
| 159|0x0000000451800000, 0x0000000452000000, 0x0000000452000000|100%| E|CS|TAMS 0x0000000451800000, 0x0000000451800000| Complete 
| 160|0x0000000452000000, 0x0000000452800000, 0x0000000452800000|100%| E|CS|TAMS 0x0000000452000000, 0x0000000452000000| Complete 
| 161|0x0000000452800000, 0x0000000453000000, 0x0000000453000000|100%| E|CS|TAMS 0x0000000452800000, 0x0000000452800000| Complete 
| 162|0x0000000453000000, 0x0000000453800000, 0x0000000453800000|100%| E|CS|TAMS 0x0000000453000000, 0x0000000453000000| Complete 
| 163|0x0000000453800000, 0x0000000454000000, 0x0000000454000000|100%| E|CS|TAMS 0x0000000453800000, 0x0000000453800000| Complete 
| 164|0x0000000454000000, 0x0000000454800000, 0x0000000454800000|100%| E|CS|TAMS 0x0000000454000000, 0x0000000454000000| Complete 
| 165|0x0000000454800000, 0x0000000455000000, 0x0000000455000000|100%| E|CS|TAMS 0x0000000454800000, 0x0000000454800000| Complete 
| 166|0x0000000455000000, 0x0000000455800000, 0x0000000455800000|100%| E|CS|TAMS 0x0000000455000000, 0x0000000455000000| Complete 
| 167|0x0000000455800000, 0x0000000456000000, 0x0000000456000000|100%| E|CS|TAMS 0x0000000455800000, 0x0000000455800000| Complete 
| 168|0x0000000456000000, 0x0000000456800000, 0x0000000456800000|100%| E|CS|TAMS 0x0000000456000000, 0x0000000456000000| Complete 
| 169|0x0000000456800000, 0x0000000457000000, 0x0000000457000000|100%| E|CS|TAMS 0x0000000456800000, 0x0000000456800000| Complete 
| 170|0x0000000457000000, 0x0000000457800000, 0x0000000457800000|100%| E|CS|TAMS 0x0000000457000000, 0x0000000457000000| Complete 
| 171|0x0000000457800000, 0x0000000458000000, 0x0000000458000000|100%| E|CS|TAMS 0x0000000457800000, 0x0000000457800000| Complete 
| 172|0x0000000458000000, 0x0000000458800000, 0x0000000458800000|100%| E|CS|TAMS 0x0000000458000000, 0x0000000458000000| Complete 
| 173|0x0000000458800000, 0x0000000459000000, 0x0000000459000000|100%| E|CS|TAMS 0x0000000458800000, 0x0000000458800000| Complete 
| 174|0x0000000459000000, 0x0000000459800000, 0x0000000459800000|100%| E|CS|TAMS 0x0000000459000000, 0x0000000459000000| Complete 
| 175|0x0000000459800000, 0x000000045a000000, 0x000000045a000000|100%| E|CS|TAMS 0x0000000459800000, 0x0000000459800000| Complete 
| 176|0x000000045a000000, 0x000000045a800000, 0x000000045a800000|100%| E|CS|TAMS 0x000000045a000000, 0x000000045a000000| Complete 
| 177|0x000000045a800000, 0x000000045b000000, 0x000000045b000000|100%| E|CS|TAMS 0x000000045a800000, 0x000000045a800000| Complete 
| 178|0x000000045b000000, 0x000000045b800000, 0x000000045b800000|100%| E|CS|TAMS 0x000000045b000000, 0x000000045b000000| Complete 
| 179|0x000000045b800000, 0x000000045c000000, 0x000000045c000000|100%| E|CS|TAMS 0x000000045b800000, 0x000000045b800000| Complete 
| 180|0x000000045c000000, 0x000000045c800000, 0x000000045c800000|100%| E|CS|TAMS 0x000000045c000000, 0x000000045c000000| Complete 
| 181|0x000000045c800000, 0x000000045d000000, 0x000000045d000000|100%| E|CS|TAMS 0x000000045c800000, 0x000000045c800000| Complete 
| 182|0x000000045d000000, 0x000000045d800000, 0x000000045d800000|100%| E|CS|TAMS 0x000000045d000000, 0x000000045d000000| Complete 
| 183|0x000000045d800000, 0x000000045e000000, 0x000000045e000000|100%| E|CS|TAMS 0x000000045d800000, 0x000000045d800000| Complete 
| 184|0x000000045e000000, 0x000000045e800000, 0x000000045e800000|100%| E|CS|TAMS 0x000000045e000000, 0x000000045e000000| Complete 
| 185|0x000000045e800000, 0x000000045f000000, 0x000000045f000000|100%| E|CS|TAMS 0x000000045e800000, 0x000000045e800000| Complete 
| 186|0x000000045f000000, 0x000000045f800000, 0x000000045f800000|100%| E|CS|TAMS 0x000000045f000000, 0x000000045f000000| Complete 
| 187|0x000000045f800000, 0x0000000460000000, 0x0000000460000000|100%| E|CS|TAMS 0x000000045f800000, 0x000000045f800000| Complete 
| 188|0x0000000460000000, 0x0000000460800000, 0x0000000460800000|100%| E|CS|TAMS 0x0000000460000000, 0x0000000460000000| Complete 
| 189|0x0000000460800000, 0x0000000461000000, 0x0000000461000000|100%| E|CS|TAMS 0x0000000460800000, 0x0000000460800000| Complete 
| 190|0x0000000461000000, 0x0000000461800000, 0x0000000461800000|100%| E|CS|TAMS 0x0000000461000000, 0x0000000461000000| Complete 
| 191|0x0000000461800000, 0x0000000462000000, 0x0000000462000000|100%| E|CS|TAMS 0x0000000461800000, 0x0000000461800000| Complete 
| 192|0x0000000462000000, 0x0000000462800000, 0x0000000462800000|100%| E|CS|TAMS 0x0000000462000000, 0x0000000462000000| Complete 
| 193|0x0000000462800000, 0x0000000463000000, 0x0000000463000000|100%| E|CS|TAMS 0x0000000462800000, 0x0000000462800000| Complete 
| 194|0x0000000463000000, 0x0000000463800000, 0x0000000463800000|100%| E|CS|TAMS 0x0000000463000000, 0x0000000463000000| Complete 
| 195|0x0000000463800000, 0x0000000464000000, 0x0000000464000000|100%| E|CS|TAMS 0x0000000463800000, 0x0000000463800000| Complete 
| 196|0x0000000464000000, 0x0000000464800000, 0x0000000464800000|100%| E|CS|TAMS 0x0000000464000000, 0x0000000464000000| Complete 
| 197|0x0000000464800000, 0x0000000465000000, 0x0000000465000000|100%| E|CS|TAMS 0x0000000464800000, 0x0000000464800000| Complete 
| 198|0x0000000465000000, 0x0000000465800000, 0x0000000465800000|100%| E|CS|TAMS 0x0000000465000000, 0x0000000465000000| Complete 
| 199|0x0000000465800000, 0x0000000466000000, 0x0000000466000000|100%| E|CS|TAMS 0x0000000465800000, 0x0000000465800000| Complete 
| 200|0x0000000466000000, 0x0000000466800000, 0x0000000466800000|100%| E|CS|TAMS 0x0000000466000000, 0x0000000466000000| Complete 
| 201|0x0000000466800000, 0x0000000467000000, 0x0000000467000000|100%| E|CS|TAMS 0x0000000466800000, 0x0000000466800000| Complete 
| 202|0x0000000467000000, 0x0000000467800000, 0x0000000467800000|100%| E|CS|TAMS 0x0000000467000000, 0x0000000467000000| Complete 
| 203|0x0000000467800000, 0x0000000468000000, 0x0000000468000000|100%| E|CS|TAMS 0x0000000467800000, 0x0000000467800000| Complete 
| 204|0x0000000468000000, 0x0000000468800000, 0x0000000468800000|100%| E|CS|TAMS 0x0000000468000000, 0x0000000468000000| Complete 
| 205|0x0000000468800000, 0x0000000469000000, 0x0000000469000000|100%| E|CS|TAMS 0x0000000468800000, 0x0000000468800000| Complete 
| 206|0x0000000469000000, 0x0000000469800000, 0x0000000469800000|100%| E|CS|TAMS 0x0000000469000000, 0x0000000469000000| Complete 
| 207|0x0000000469800000, 0x000000046a000000, 0x000000046a000000|100%| E|CS|TAMS 0x0000000469800000, 0x0000000469800000| Complete 
| 208|0x000000046a000000, 0x000000046a800000, 0x000000046a800000|100%| E|CS|TAMS 0x000000046a000000, 0x000000046a000000| Complete 
| 209|0x000000046a800000, 0x000000046b000000, 0x000000046b000000|100%| E|CS|TAMS 0x000000046a800000, 0x000000046a800000| Complete 
| 210|0x000000046b000000, 0x000000046b800000, 0x000000046b800000|100%| E|CS|TAMS 0x000000046b000000, 0x000000046b000000| Complete 
| 211|0x000000046b800000, 0x000000046c000000, 0x000000046c000000|100%| E|CS|TAMS 0x000000046b800000, 0x000000046b800000| Complete 
| 212|0x000000046c000000, 0x000000046c800000, 0x000000046c800000|100%| E|CS|TAMS 0x000000046c000000, 0x000000046c000000| Complete 
| 213|0x000000046c800000, 0x000000046d000000, 0x000000046d000000|100%| E|CS|TAMS 0x000000046c800000, 0x000000046c800000| Complete 
| 214|0x000000046d000000, 0x000000046d800000, 0x000000046d800000|100%| E|CS|TAMS 0x000000046d000000, 0x000000046d000000| Complete 
| 215|0x000000046d800000, 0x000000046e000000, 0x000000046e000000|100%| E|CS|TAMS 0x000000046d800000, 0x000000046d800000| Complete 
| 216|0x000000046e000000, 0x000000046e800000, 0x000000046e800000|100%| E|CS|TAMS 0x000000046e000000, 0x000000046e000000| Complete 
| 217|0x000000046e800000, 0x000000046f000000, 0x000000046f000000|100%| E|CS|TAMS 0x000000046e800000, 0x000000046e800000| Complete 
| 218|0x000000046f000000, 0x000000046f800000, 0x000000046f800000|100%| E|CS|TAMS 0x000000046f000000, 0x000000046f000000| Complete 
| 219|0x000000046f800000, 0x0000000470000000, 0x0000000470000000|100%| E|CS|TAMS 0x000000046f800000, 0x000000046f800000| Complete 
| 220|0x0000000470000000, 0x0000000470800000, 0x0000000470800000|100%| E|CS|TAMS 0x0000000470000000, 0x0000000470000000| Complete 
| 221|0x0000000470800000, 0x0000000471000000, 0x0000000471000000|100%| E|CS|TAMS 0x0000000470800000, 0x0000000470800000| Complete 

Card table byte_map: [0x000001921d740000,0x000001921f730000] _byte_map_base: 0x000001921b730000

Marking Bits (Prev, Next): (CMBitMap*) 0x00000192047b31d0, (CMBitMap*) 0x00000192047b3210
 Prev Bits: [0x0000019221720000, 0x00000192316a0000)
 Next Bits: [0x00000192316a0000, 0x0000019241620000)

Polling page: 0x0000019203ee0000

Metaspace:

Usage:
  Non-class:     37.38 MB used.
      Class:      6.67 MB used.
       Both:     44.05 MB used.

Virtual space:
  Non-class space:       40.00 MB reserved,      37.69 MB ( 94%) committed,  5 nodes.
      Class space:        1.00 GB reserved,       6.94 MB ( <1%) committed,  1 nodes.
             Both:        1.04 GB reserved,      44.63 MB (  4%) committed. 

Chunk freelists:
   Non-Class:  2.03 MB
       Class:  1.10 MB
        Both:  3.13 MB

MaxMetaspaceSize: unlimited
CompressedClassSpaceSize: 1.00 GB
Initial GC threshold: 21.00 MB
Current GC threshold: 59.19 MB
CDS: on
MetaspaceReclaimPolicy: balanced
 - commit_granule_bytes: 65536.
 - commit_granule_words: 8192.
 - virtual_space_node_default_size: 1048576.
 - enlarge_chunks_in_place: 1.
 - new_chunks_are_fully_committed: 0.
 - uncommit_free_chunks: 1.
 - use_allocation_guard: 0.
 - handle_deallocations: 1.


Internal statistics:

num_allocs_failed_limit: 6.
num_arena_births: 796.
num_arena_deaths: 0.
num_vsnodes_births: 6.
num_vsnodes_deaths: 0.
num_space_committed: 711.
num_space_uncommitted: 0.
num_chunks_returned_to_freelist: 6.
num_chunks_taken_from_freelist: 2511.
num_chunk_merges: 6.
num_chunk_splits: 1646.
num_chunks_enlarged: 1202.
num_purges: 0.
num_inconsistent_stats: 0.

CodeHeap 'non-profiled nmethods': size=120000Kb used=3612Kb max_used=3612Kb free=116387Kb
 bounds [0x0000019213cc0000, 0x0000019214050000, 0x000001921b1f0000]
CodeHeap 'profiled nmethods': size=120000Kb used=8074Kb max_used=8847Kb free=111925Kb
 bounds [0x000001920c790000, 0x000001920d040000, 0x0000019213cc0000]
CodeHeap 'non-nmethods': size=5760Kb used=1833Kb max_used=1847Kb free=3926Kb
 bounds [0x000001920c1f0000, 0x000001920c460000, 0x000001920c790000]
 total_blobs=6150 nmethods=4833 adapters=1229
 compilation: enabled
              stopped_count=0, restarted_count=0
 full_count=0

Compilation events (20 events):
Event: 6.506 Thread 0x00000192443fdcd0 5863 %     4       sun.security.provider.SHA::implCompress0 @ 294 (506 bytes)
Event: 6.507 Thread 0x00000192444065e0 5864       3       jdk.internal.misc.Unsafe::checkPrimitivePointer (19 bytes)
Event: 6.507 Thread 0x00000192444065e0 nmethod 5864 0x000001920cac5410 code [0x000001920cac5620, 0x000001920cac5c48]
Event: 6.507 Thread 0x00000192444065e0 5865       3       jdk.internal.misc.Unsafe::checkPointer (19 bytes)
Event: 6.507 Thread 0x00000192444065e0 nmethod 5865 0x000001920cac4d10 code [0x000001920cac4ee0, 0x000001920cac5288]
Event: 6.508 Thread 0x00000192444065e0 5866       1       java.nio.HeapByteBuffer::isReadOnly (2 bytes)
Event: 6.508 Thread 0x00000192444065e0 nmethod 5866 0x0000019214045290 code [0x0000019214045420, 0x00000192140454f8]
Event: 6.509 Thread 0x00000192444065e0 5867       3       java.lang.ThreadLocal$ThreadLocalMap::nextIndex (15 bytes)
Event: 6.510 Thread 0x00000192444065e0 nmethod 5867 0x000001920c79db10 code [0x000001920c79dca0, 0x000001920c79ddd8]
Event: 6.511 Thread 0x00000192444065e0 5869       3       java.nio.ByteBuffer::flip (7 bytes)
Event: 6.511 Thread 0x00000192444065e0 nmethod 5869 0x000001920cac4910 code [0x000001920cac4aa0, 0x000001920cac4c18]
Event: 6.511 Thread 0x00000192444065e0 5870       3       java.nio.Buffer::flip (20 bytes)
Event: 6.511 Thread 0x00000192444065e0 nmethod 5870 0x000001920cac4590 code [0x000001920cac4720, 0x000001920cac4838]
Event: 6.512 Thread 0x00000192444065e0 5872       3       sun.misc.Unsafe::putByte (9 bytes)
Event: 6.512 Thread 0x00000192444065e0 nmethod 5872 0x000001920cac4010 code [0x000001920cac41a0, 0x000001920cac4318]
Event: 6.512 Thread 0x00000192444065e0 5873       3       jdk.internal.misc.Unsafe::putByte (8 bytes)
Event: 6.512 Thread 0x00000192444065e0 nmethod 5873 0x000001920c7aaa90 code [0x000001920c7aac20, 0x000001920c7aad38]
Event: 6.515 Thread 0x00000192443fdcd0 nmethod 5863% 0x0000019214045990 code [0x0000019214045b20, 0x0000019214046158]
Event: 6.515 Thread 0x00000192443fdcd0 5868       4       java.lang.ref.Reference::refersTo (6 bytes)
Event: 6.516 Thread 0x00000192443fdcd0 nmethod 5868 0x0000019214046390 code [0x0000019214046500, 0x0000019214046598]

GC Heap History (20 events):
Event: 4.379 GC heap before
{Heap before GC invocations=9 (full 0):
 garbage-first heap   total 466944K, used 211498K [0x0000000402000000, 0x0000000800000000)
  region size 8192K, 18 young (147456K), 4 survivors (32768K)
 Metaspace       used 35834K, committed 36288K, reserved 1081344K
  class space    used 5213K, committed 5440K, reserved 1048576K
}
Event: 4.404 GC heap after
{Heap after GC invocations=10 (full 0):
 garbage-first heap   total 466944K, used 121877K [0x0000000402000000, 0x0000000800000000)
  region size 8192K, 2 young (16384K), 2 survivors (16384K)
 Metaspace       used 35834K, committed 36288K, reserved 1081344K
  class space    used 5213K, committed 5440K, reserved 1048576K
}
Event: 4.738 GC heap before
{Heap before GC invocations=11 (full 0):
 garbage-first heap   total 466944K, used 310293K [0x0000000402000000, 0x0000000800000000)
  region size 8192K, 26 young (212992K), 2 survivors (16384K)
 Metaspace       used 37526K, committed 37952K, reserved 1081344K
  class space    used 5548K, committed 5760K, reserved 1048576K
}
Event: 4.762 GC heap after
{Heap after GC invocations=12 (full 0):
 garbage-first heap   total 466944K, used 143658K [0x0000000402000000, 0x0000000800000000)
  region size 8192K, 4 young (32768K), 4 survivors (32768K)
 Metaspace       used 37526K, committed 37952K, reserved 1081344K
  class space    used 5548K, committed 5760K, reserved 1048576K
}
Event: 4.924 GC heap before
{Heap before GC invocations=12 (full 0):
 garbage-first heap   total 466944K, used 323882K [0x0000000402000000, 0x0000000800000000)
  region size 8192K, 27 young (221184K), 4 survivors (32768K)
 Metaspace       used 38364K, committed 38912K, reserved 1089536K
  class space    used 5715K, committed 5952K, reserved 1048576K
}
Event: 4.955 GC heap after
{Heap after GC invocations=13 (full 0):
 garbage-first heap   total 466944K, used 170685K [0x0000000402000000, 0x0000000800000000)
  region size 8192K, 4 young (32768K), 4 survivors (32768K)
 Metaspace       used 38364K, committed 38912K, reserved 1089536K
  class space    used 5715K, committed 5952K, reserved 1048576K
}
Event: 5.112 GC heap before
{Heap before GC invocations=13 (full 0):
 garbage-first heap   total 466944K, used 334525K [0x0000000402000000, 0x0000000800000000)
  region size 8192K, 24 young (196608K), 4 survivors (32768K)
 Metaspace       used 39371K, committed 39936K, reserved 1089536K
  class space    used 5917K, committed 6208K, reserved 1048576K
}
Event: 5.143 GC heap after
{Heap after GC invocations=14 (full 0):
 garbage-first heap   total 884736K, used 193551K [0x0000000402000000, 0x0000000800000000)
  region size 8192K, 3 young (24576K), 3 survivors (24576K)
 Metaspace       used 39371K, committed 39936K, reserved 1089536K
  class space    used 5917K, committed 6208K, reserved 1048576K
}
Event: 5.337 GC heap before
{Heap before GC invocations=14 (full 0):
 garbage-first heap   total 884736K, used 644111K [0x0000000402000000, 0x0000000800000000)
  region size 8192K, 58 young (475136K), 3 survivors (24576K)
 Metaspace       used 40738K, committed 41344K, reserved 1089536K
  class space    used 6156K, committed 6464K, reserved 1048576K
}
Event: 5.353 GC heap after
{Heap after GC invocations=15 (full 0):
 garbage-first heap   total 884736K, used 202104K [0x0000000402000000, 0x0000000800000000)
  region size 8192K, 4 young (32768K), 4 survivors (32768K)
 Metaspace       used 40738K, committed 41344K, reserved 1089536K
  class space    used 6156K, committed 6464K, reserved 1048576K
}
Event: 5.466 GC heap before
{Heap before GC invocations=15 (full 0):
 garbage-first heap   total 884736K, used 685432K [0x0000000402000000, 0x0000000800000000)
  region size 8192K, 63 young (516096K), 4 survivors (32768K)
 Metaspace       used 41164K, committed 41728K, reserved 1089536K
  class space    used 6215K, committed 6528K, reserved 1048576K
}
Event: 5.484 GC heap after
{Heap after GC invocations=16 (full 0):
 garbage-first heap   total 884736K, used 209020K [0x0000000402000000, 0x0000000800000000)
  region size 8192K, 5 young (40960K), 5 survivors (40960K)
 Metaspace       used 41164K, committed 41728K, reserved 1089536K
  class space    used 6215K, committed 6528K, reserved 1048576K
}
Event: 5.600 GC heap before
{Heap before GC invocations=16 (full 0):
 garbage-first heap   total 884736K, used 692348K [0x0000000402000000, 0x0000000800000000)
  region size 8192K, 64 young (524288K), 5 survivors (40960K)
 Metaspace       used 41465K, committed 42048K, reserved 1089536K
  class space    used 6264K, committed 6528K, reserved 1048576K
}
Event: 5.621 GC heap after
{Heap after GC invocations=17 (full 0):
 garbage-first heap   total 884736K, used 210198K [0x0000000402000000, 0x0000000800000000)
  region size 8192K, 3 young (24576K), 3 survivors (24576K)
 Metaspace       used 41465K, committed 42048K, reserved 1089536K
  class space    used 6264K, committed 6528K, reserved 1048576K
}
Event: 5.723 GC heap before
{Heap before GC invocations=17 (full 0):
 garbage-first heap   total 884736K, used 709910K [0x0000000402000000, 0x0000000800000000)
  region size 8192K, 64 young (524288K), 3 survivors (24576K)
 Metaspace       used 41829K, committed 42496K, reserved 1089536K
  class space    used 6336K, committed 6656K, reserved 1048576K
}
Event: 5.736 GC heap after
{Heap after GC invocations=18 (full 0):
 garbage-first heap   total 1818624K, used 212195K [0x0000000402000000, 0x0000000800000000)
  region size 8192K, 3 young (24576K), 3 survivors (24576K)
 Metaspace       used 41829K, committed 42496K, reserved 1089536K
  class space    used 6336K, committed 6656K, reserved 1048576K
}
Event: 6.151 GC heap before
{Heap before GC invocations=18 (full 0):
 garbage-first heap   total 1818624K, used 1277155K [0x0000000402000000, 0x0000000800000000)
  region size 8192K, 133 young (1089536K), 3 survivors (24576K)
 Metaspace       used 43416K, committed 44032K, reserved 1089536K
  class space    used 6633K, committed 6912K, reserved 1048576K
}
Event: 6.162 GC heap after
{Heap after GC invocations=19 (full 0):
 garbage-first heap   total 1818624K, used 210868K [0x0000000402000000, 0x0000000800000000)
  region size 8192K, 3 young (24576K), 3 survivors (24576K)
 Metaspace       used 43416K, committed 44032K, reserved 1089536K
  class space    used 6633K, committed 6912K, reserved 1048576K
}
Event: 6.428 GC heap before
{Heap before GC invocations=19 (full 0):
 garbage-first heap   total 1818624K, used 1275828K [0x0000000402000000, 0x0000000800000000)
  region size 8192K, 133 young (1089536K), 3 survivors (24576K)
 Metaspace       used 44530K, committed 45184K, reserved 1089536K
  class space    used 6793K, committed 7104K, reserved 1048576K
}
Event: 6.439 GC heap after
{Heap after GC invocations=20 (full 0):
 garbage-first heap   total 1818624K, used 212075K [0x0000000402000000, 0x0000000800000000)
  region size 8192K, 3 young (24576K), 3 survivors (24576K)
 Metaspace       used 44530K, committed 45184K, reserved 1089536K
  class space    used 6793K, committed 7104K, reserved 1048576K
}

Deoptimization events (20 events):
Event: 6.510 Thread 0x00000192047041a0 DEOPT PACKING pc=0x000001920ca967f2 sp=0x00000015c68faca0
Event: 6.510 Thread 0x00000192047041a0 DEOPT UNPACKING pc=0x000001920c242b43 sp=0x00000015c68fa118 mode 0
Event: 6.510 Thread 0x00000192047041a0 DEOPT PACKING pc=0x000001920ca967f2 sp=0x00000015c68faca0
Event: 6.510 Thread 0x00000192047041a0 DEOPT UNPACKING pc=0x000001920c242b43 sp=0x00000015c68fa118 mode 0
Event: 6.510 Thread 0x00000192047041a0 DEOPT PACKING pc=0x000001920ca967f2 sp=0x00000015c68faca0
Event: 6.510 Thread 0x00000192047041a0 DEOPT UNPACKING pc=0x000001920c242b43 sp=0x00000015c68fa118 mode 0
Event: 6.510 Thread 0x00000192047041a0 DEOPT PACKING pc=0x000001920ca967f2 sp=0x00000015c68faca0
Event: 6.510 Thread 0x00000192047041a0 DEOPT UNPACKING pc=0x000001920c242b43 sp=0x00000015c68fa118 mode 0
Event: 6.510 Thread 0x00000192047041a0 DEOPT PACKING pc=0x000001920ca967f2 sp=0x00000015c68faca0
Event: 6.510 Thread 0x00000192047041a0 DEOPT UNPACKING pc=0x000001920c242b43 sp=0x00000015c68fa118 mode 0
Event: 6.510 Thread 0x00000192047041a0 DEOPT PACKING pc=0x000001920ca967f2 sp=0x00000015c68faca0
Event: 6.510 Thread 0x00000192047041a0 DEOPT UNPACKING pc=0x000001920c242b43 sp=0x00000015c68fa118 mode 0
Event: 6.511 Thread 0x00000192047041a0 DEOPT PACKING pc=0x000001920ca967f2 sp=0x00000015c68faca0
Event: 6.511 Thread 0x00000192047041a0 DEOPT UNPACKING pc=0x000001920c242b43 sp=0x00000015c68fa118 mode 0
Event: 6.511 Thread 0x00000192047041a0 DEOPT PACKING pc=0x000001920ca967f2 sp=0x00000015c68faca0
Event: 6.511 Thread 0x00000192047041a0 DEOPT UNPACKING pc=0x000001920c242b43 sp=0x00000015c68fa118 mode 0
Event: 6.511 Thread 0x00000192047041a0 DEOPT PACKING pc=0x000001920ca967f2 sp=0x00000015c68faca0
Event: 6.511 Thread 0x00000192047041a0 DEOPT UNPACKING pc=0x000001920c242b43 sp=0x00000015c68fa118 mode 0
Event: 6.511 Thread 0x00000192047041a0 DEOPT PACKING pc=0x000001920ca967f2 sp=0x00000015c68faca0
Event: 6.511 Thread 0x00000192047041a0 DEOPT UNPACKING pc=0x000001920c242b43 sp=0x00000015c68fa118 mode 0

Classes unloaded (0 events):
No events

Classes redefined (0 events):
No events

Internal exceptions (20 events):
Event: 5.092 Thread 0x00000192047041a0 Exception <a 'java/lang/NoSuchMethodError'{0x0000000416b90698}: 'float java.lang.invoke.DirectMethodHandle$Holder.invokeStaticInit(java.lang.Object, java.lang.Object)'> (0x0000000416b90698) 
thrown [c:\wsjdk\corretto17src\installers\windows\zip\corretto-build\buildroot\src\hotspot\share\interpreter\linkResolver.cpp, line 766]
Event: 5.110 Thread 0x00000192047041a0 Exception <a 'java/lang/NoSuchMethodError'{0x0000000415f3cfd8}: 'java.lang.Object java.lang.invoke.DirectMethodHandle$Holder.newInvokeSpecial(java.lang.Object, java.lang.Object, java.lang.Object, java.lang.Object, java.lang.Object, java.lang.Object, java.lang.Object, java.lang.Object, java.lang.Object, java.lang.Object, java.lang.Object, java.lang.Object, java.lang.Object, java.lang.Object, java.lang.Object, java.lang.Object)'> (0x0000000415f3cfd8) 
thrown [c:\wsjdk\corretto17src\installers\windows\zip\cor
Event: 5.172 Thread 0x00000192047041a0 Exception <a 'java/lang/IncompatibleClassChangeError'{0x00000004362d3b88}: Found class java.lang.Object, but interface was expected> (0x00000004362d3b88) 
thrown [c:\wsjdk\corretto17src\installers\windows\zip\corretto-build\buildroot\src\hotspot\share\interpreter\linkResolver.cpp, line 833]
Event: 5.192 Thread 0x000001924648a4e0 Implicit null exception at 0x0000019213f7fdd7 to 0x0000019213f7ff78
Event: 5.243 Thread 0x00000192047041a0 Exception <a 'java/lang/NoSuchMethodError'{0x00000004364486f0}: 'float java.lang.invoke.DirectMethodHandle$Holder.invokeStatic(java.lang.Object, float)'> (0x00000004364486f0) 
thrown [c:\wsjdk\corretto17src\installers\windows\zip\corretto-build\buildroot\src\hotspot\share\interpreter\linkResolver.cpp, line 766]
Event: 5.306 Thread 0x00000192047041a0 Exception <a 'java/lang/NoSuchMethodError'{0x00000004245753f8}: 'java.lang.Object java.lang.invoke.DirectMethodHandle$Holder.newInvokeSpecial(java.lang.Object, java.lang.Object, int, java.lang.Object)'> (0x00000004245753f8) 
thrown [c:\wsjdk\corretto17src\installers\windows\zip\corretto-build\buildroot\src\hotspot\share\interpreter\linkResolver.cpp, line 766]
Event: 5.336 Thread 0x00000192047041a0 Exception <a 'java/lang/NoSuchMethodError'{0x000000041dcb39d0}: 'int java.lang.invoke.DirectMethodHandle$Holder.invokeSpecialIFC(java.lang.Object, java.lang.Object, java.lang.Object, java.lang.Object)'> (0x000000041dcb39d0) 
thrown [c:\wsjdk\corretto17src\installers\windows\zip\corretto-build\buildroot\src\hotspot\share\interpreter\linkResolver.cpp, line 766]
Event: 5.486 Thread 0x00000192047041a0 Implicit null exception at 0x0000019213daf2c0 to 0x0000019213daf4dc
Event: 5.545 Thread 0x00000192047041a0 Exception <a 'java/lang/NoSuchMethodError'{0x0000000441e9e6f0}: 'void java.lang.invoke.DirectMethodHandle$Holder.invokeStaticInit(java.lang.Object, java.lang.Object, java.lang.Object, java.lang.Object, java.lang.Object, java.lang.Object)'> (0x0000000441e9e6f0) 
thrown [c:\wsjdk\corretto17src\installers\windows\zip\corretto-build\buildroot\src\hotspot\share\interpreter\linkResolver.cpp, line 766]
Event: 5.547 Thread 0x00000192047041a0 Exception <a 'java/lang/NoSuchMethodError'{0x0000000441ea46c8}: 'java.lang.Object java.lang.invoke.DirectMethodHandle$Holder.invokeStatic(java.lang.Object, java.lang.Object, java.lang.Object, java.lang.Object, java.lang.Object, java.lang.Object, java.lang.Object, java.lang.Object, java.lang.Object, java.lang.Object, int)'> (0x0000000441ea46c8) 
thrown [c:\wsjdk\corretto17src\installers\windows\zip\corretto-build\buildroot\src\hotspot\share\interpreter\linkResolver.cpp, line 766]
Event: 5.547 Thread 0x00000192047041a0 Exception <a 'java/lang/NoSuchMethodError'{0x0000000441ea8cb0}: 'java.lang.Object java.lang.invoke.DirectMethodHandle$Holder.invokeStaticInit(java.lang.Object, java.lang.Object, java.lang.Object, java.lang.Object, java.lang.Object, java.lang.Object, java.lang.Object, java.lang.Object, java.lang.Object, java.lang.Object, int)'> (0x0000000441ea8cb0) 
thrown [c:\wsjdk\corretto17src\installers\windows\zip\corretto-build\buildroot\src\hotspot\share\interpreter\linkResolver.cpp, line 766]
Event: 5.944 Thread 0x00000192047041a0 Exception <a 'java/lang/NoSuchMethodError'{0x000000045182d000}: 'long java.lang.invoke.DirectMethodHandle$Holder.invokeStaticInit(java.lang.Object, float)'> (0x000000045182d000) 
thrown [c:\wsjdk\corretto17src\installers\windows\zip\corretto-build\buildroot\src\hotspot\share\interpreter\linkResolver.cpp, line 766]
Event: 5.945 Thread 0x00000192047041a0 Exception <a 'java/lang/NoSuchMethodError'{0x0000000451833180}: 'float java.lang.invoke.DirectMethodHandle$Holder.invokeStatic(java.lang.Object, long)'> (0x0000000451833180) 
thrown [c:\wsjdk\corretto17src\installers\windows\zip\corretto-build\buildroot\src\hotspot\share\interpreter\linkResolver.cpp, line 766]
Event: 5.945 Thread 0x00000192047041a0 Exception <a 'java/lang/NoSuchMethodError'{0x00000004518368f0}: 'float java.lang.invoke.DirectMethodHandle$Holder.invokeStaticInit(java.lang.Object, long)'> (0x00000004518368f0) 
thrown [c:\wsjdk\corretto17src\installers\windows\zip\corretto-build\buildroot\src\hotspot\share\interpreter\linkResolver.cpp, line 766]
Event: 5.945 Thread 0x00000192047041a0 Exception <a 'java/lang/NoSuchMethodError'{0x000000045183f450}: 'java.lang.Object java.lang.invoke.DirectMethodHandle$Holder.newInvokeSpecial(java.lang.Object, java.lang.Object, java.lang.Object, java.lang.Object, java.lang.Object, java.lang.Object, java.lang.Object, long)'> (0x000000045183f450) 
thrown [c:\wsjdk\corretto17src\installers\windows\zip\corretto-build\buildroot\src\hotspot\share\interpreter\linkResolver.cpp, line 766]
Event: 6.045 Thread 0x00000192047041a0 Exception <a 'java/lang/NoSuchMethodError'{0x000000044154c0c0}: 'java.lang.Object java.lang.invoke.DirectMethodHandle$Holder.newInvokeSpecial(java.lang.Object, java.lang.Object, long)'> (0x000000044154c0c0) 
thrown [c:\wsjdk\corretto17src\installers\windows\zip\corretto-build\buildroot\src\hotspot\share\interpreter\linkResolver.cpp, line 766]
Event: 6.064 Thread 0x00000192047041a0 Exception <a 'java/lang/NoSuchMethodError'{0x00000004415a5498}: 'java.lang.Object java.lang.invoke.DirectMethodHandle$Holder.newInvokeSpecial(java.lang.Object, java.lang.Object, java.lang.Object, java.lang.Object, int, int, java.lang.Object)'> (0x00000004415a5498) 
thrown [c:\wsjdk\corretto17src\installers\windows\zip\corretto-build\buildroot\src\hotspot\share\interpreter\linkResolver.cpp, line 766]
Event: 6.342 Thread 0x00000192047041a0 Implicit null exception at 0x0000019213f60006 to 0x0000019213f604bc
Event: 6.342 Thread 0x00000192047041a0 Implicit null exception at 0x0000019213e2c2f3 to 0x0000019213e2d728
Event: 6.342 Thread 0x00000192047041a0 Implicit null exception at 0x0000019213dac900 to 0x0000019213dad258

VM Operations (20 events):
Event: 5.112 Executing VM operation: G1CollectForAllocation
Event: 5.148 Executing VM operation: G1CollectForAllocation done
Event: 5.337 Executing VM operation: G1CollectForAllocation
Event: 5.355 Executing VM operation: G1CollectForAllocation done
Event: 5.466 Executing VM operation: G1CollectForAllocation
Event: 5.487 Executing VM operation: G1CollectForAllocation done
Event: 5.600 Executing VM operation: G1CollectForAllocation
Event: 5.624 Executing VM operation: G1CollectForAllocation done
Event: 5.723 Executing VM operation: G1CollectForAllocation
Event: 5.740 Executing VM operation: G1CollectForAllocation done
Event: 5.953 Executing VM operation: HandshakeAllThreads
Event: 6.039 Executing VM operation: HandshakeAllThreads done
Event: 6.142 Executing VM operation: HandshakeAllThreads
Event: 6.150 Executing VM operation: HandshakeAllThreads done
Event: 6.150 Executing VM operation: G1CollectForAllocation
Event: 6.163 Executing VM operation: G1CollectForAllocation done
Event: 6.427 Executing VM operation: G1CollectForAllocation
Event: 6.439 Executing VM operation: G1CollectForAllocation done
Event: 6.475 Executing VM operation: HandshakeAllThreads
Event: 6.488 Executing VM operation: HandshakeAllThreads done

Events (20 events):
Event: 6.450 loading class sun/nio/ch/Util$BufferCache
Event: 6.450 loading class sun/nio/ch/Util$BufferCache done
Event: 6.450 loading class java/nio/DirectByteBuffer$Deallocator
Event: 6.450 loading class java/nio/DirectByteBuffer$Deallocator done
Event: 6.450 loading class sun/nio/ch/IOStatus
Event: 6.451 loading class sun/nio/ch/IOStatus done
Event: 6.459 loading class java/nio/DirectShortBufferU
Event: 6.459 loading class java/nio/DirectShortBufferU done
Event: 6.459 loading class java/nio/DirectCharBufferU
Event: 6.460 loading class java/nio/DirectCharBufferU done
Event: 6.460 loading class java/nio/DirectFloatBufferU
Event: 6.460 loading class java/nio/DirectFloatBufferU done
Event: 6.460 loading class java/nio/DirectDoubleBufferU
Event: 6.460 loading class java/nio/DirectDoubleBufferU done
Event: 6.474 loading class java/nio/BufferOverflowException
Event: 6.474 loading class java/nio/BufferOverflowException done
Event: 6.474 loading class java/nio/InvalidMarkException
Event: 6.474 loading class java/nio/InvalidMarkException done
Event: 6.489 loading class java/nio/BufferUnderflowException
Event: 6.489 loading class java/nio/BufferUnderflowException done


Dynamic libraries:
0x00007ff7749f0000 - 0x00007ff7749fd000 	C:\Users\lx\.jdks\corretto-17.0.2\bin\java.exe
0x00007ff97b3d0000 - 0x00007ff97b5c5000 	C:\WINDOWS\SYSTEM32\ntdll.dll
0x00007ff9794e0000 - 0x00007ff97959e000 	C:\WINDOWS\System32\KERNEL32.DLL
0x00007ff978e80000 - 0x00007ff979148000 	C:\WINDOWS\System32\KERNELBASE.dll
0x00007ff979260000 - 0x00007ff979360000 	C:\WINDOWS\System32\ucrtbase.dll
0x00007ff968fc0000 - 0x00007ff968fd8000 	C:\Users\lx\.jdks\corretto-17.0.2\bin\jli.dll
0x00007ff973900000 - 0x00007ff973915000 	C:\Users\lx\.jdks\corretto-17.0.2\bin\VCRUNTIME140.dll
0x00007ff979620000 - 0x00007ff9797c1000 	C:\WINDOWS\System32\USER32.dll
0x00007ff9793e0000 - 0x00007ff979402000 	C:\WINDOWS\System32\win32u.dll
0x00007ff97a1e0000 - 0x00007ff97a20b000 	C:\WINDOWS\System32\GDI32.dll
0x00007ff95a9e0000 - 0x00007ff95ac7a000 	C:\WINDOWS\WinSxS\amd64_microsoft.windows.common-controls_6595b64144ccf1df_6.0.19041.1110_none_60b5254171f9507e\COMCTL32.dll
0x00007ff978ae0000 - 0x00007ff978bed000 	C:\WINDOWS\System32\gdi32full.dll
0x00007ff97b2f0000 - 0x00007ff97b38e000 	C:\WINDOWS\System32\msvcrt.dll
0x00007ff978bf0000 - 0x00007ff978c8d000 	C:\WINDOWS\System32\msvcp_win.dll
0x00007ff9794b0000 - 0x00007ff9794e0000 	C:\WINDOWS\System32\IMM32.DLL
0x00007ff93f460000 - 0x00007ff93f4fb000 	C:\Users\lx\.jdks\corretto-17.0.2\bin\msvcp140.dll
0x00007ff90bef0000 - 0x00007ff90cb0a000 	C:\Users\lx\.jdks\corretto-17.0.2\bin\server\jvm.dll
0x00007ff979e30000 - 0x00007ff979edc000 	C:\WINDOWS\System32\ADVAPI32.dll
0x00007ff979410000 - 0x00007ff9794ab000 	C:\WINDOWS\System32\sechost.dll
0x00007ff979ee0000 - 0x00007ff97a00a000 	C:\WINDOWS\System32\RPCRT4.dll
0x00007ff97aac0000 - 0x00007ff97aac8000 	C:\WINDOWS\System32\PSAPI.DLL
0x00007ff965860000 - 0x00007ff965887000 	C:\WINDOWS\SYSTEM32\WINMM.dll
0x00007ff973670000 - 0x00007ff97367a000 	C:\WINDOWS\SYSTEM32\VERSION.dll
0x00007ff968af0000 - 0x00007ff968af9000 	C:\WINDOWS\SYSTEM32\WSOCK32.dll
0x00007ff97ab30000 - 0x00007ff97ab9b000 	C:\WINDOWS\System32\WS2_32.dll
0x00007ff9769b0000 - 0x00007ff9769c2000 	C:\WINDOWS\SYSTEM32\kernel.appcore.dll
0x00007ff974790000 - 0x00007ff97479a000 	C:\Users\lx\.jdks\corretto-17.0.2\bin\jimage.dll
0x00007ff969620000 - 0x00007ff969804000 	C:\WINDOWS\SYSTEM32\DBGHELP.DLL
0x00007ff964910000 - 0x00007ff96493c000 	C:\WINDOWS\SYSTEM32\dbgcore.DLL
0x00007ff978df0000 - 0x00007ff978e72000 	C:\WINDOWS\System32\bcryptPrimitives.dll
0x00007ff94b660000 - 0x00007ff94b685000 	C:\Users\lx\.jdks\corretto-17.0.2\bin\java.dll
0x00007ff93a9e0000 - 0x00007ff93aab6000 	C:\Users\lx\.jdks\corretto-17.0.2\bin\jsvml.dll
0x00007ff97aba0000 - 0x00007ff97b2e4000 	C:\WINDOWS\System32\SHELL32.dll
0x00007ff976bb0000 - 0x00007ff977344000 	C:\WINDOWS\SYSTEM32\windows.storage.dll
0x00007ff97a340000 - 0x00007ff97a695000 	C:\WINDOWS\System32\combase.dll
0x00007ff978380000 - 0x00007ff9783ae000 	C:\WINDOWS\SYSTEM32\Wldp.dll
0x00007ff97aa10000 - 0x00007ff97aabd000 	C:\WINDOWS\System32\SHCORE.dll
0x00007ff97a100000 - 0x00007ff97a155000 	C:\WINDOWS\System32\shlwapi.dll
0x00007ff978a20000 - 0x00007ff978a3f000 	C:\WINDOWS\SYSTEM32\profapi.dll
0x00007ff967d10000 - 0x00007ff967d29000 	C:\Users\lx\.jdks\corretto-17.0.2\bin\net.dll
0x00007ff973680000 - 0x00007ff97378c000 	C:\WINDOWS\SYSTEM32\WINHTTP.dll
0x00007ff978160000 - 0x00007ff9781ca000 	C:\WINDOWS\system32\mswsock.dll
0x00007ff9566e0000 - 0x00007ff9566f5000 	C:\Users\lx\.jdks\corretto-17.0.2\bin\nio.dll
0x00007ff94f200000 - 0x00007ff94f218000 	C:\Users\lx\.jdks\corretto-17.0.2\bin\zip.dll
0x00007ff968fb0000 - 0x00007ff968fb9000 	C:\Users\lx\.jdks\corretto-17.0.2\bin\management.dll
0x00007ff968d70000 - 0x00007ff968d7b000 	C:\Users\lx\.jdks\corretto-17.0.2\bin\management_ext.dll
0x00007ff965450000 - 0x00007ff965467000 	C:\WINDOWS\system32\napinsp.dll
0x00007ff965350000 - 0x00007ff96536b000 	C:\WINDOWS\system32\pnrpnsp.dll
0x00007ff964520000 - 0x00007ff964535000 	C:\WINDOWS\system32\wshbth.dll
0x00007ff9744c0000 - 0x00007ff9744dd000 	C:\WINDOWS\system32\NLAapi.dll
0x00007ff977e70000 - 0x00007ff977eab000 	C:\WINDOWS\SYSTEM32\IPHLPAPI.DLL
0x00007ff977eb0000 - 0x00007ff977f7b000 	C:\WINDOWS\SYSTEM32\DNSAPI.dll
0x00007ff97a730000 - 0x00007ff97a738000 	C:\WINDOWS\System32\NSI.dll
0x00007ff964190000 - 0x00007ff9641a2000 	C:\WINDOWS\System32\winrnr.dll
0x00000000586a0000 - 0x00000000586c6000 	C:\Program Files\Bonjour\mdnsNSP.dll
0x00007ff971d30000 - 0x00007ff971d3a000 	C:\Windows\System32\rasadhlp.dll
0x00007ff971a10000 - 0x00007ff971a8f000 	C:\WINDOWS\System32\fwpuclnt.dll
0x00007ff9793b0000 - 0x00007ff9793d7000 	C:\WINDOWS\System32\bcrypt.dll
0x00007ff9783c0000 - 0x00007ff9783d8000 	C:\WINDOWS\SYSTEM32\CRYPTSP.dll
0x00007ff977b00000 - 0x00007ff977b34000 	C:\WINDOWS\system32\rsaenh.dll
0x00007ff9789a0000 - 0x00007ff9789ce000 	C:\WINDOWS\SYSTEM32\USERENV.dll
0x00007ff9782f0000 - 0x00007ff9782fc000 	C:\WINDOWS\SYSTEM32\CRYPTBASE.dll
0x00007ff972d50000 - 0x00007ff972d67000 	C:\WINDOWS\SYSTEM32\dhcpcsvc6.DLL
0x00007ff972d30000 - 0x00007ff972d4d000 	C:\WINDOWS\SYSTEM32\dhcpcsvc.DLL
0x00007ff93f1d0000 - 0x00007ff93f215000 	C:\Users\lx\AppData\Local\Temp\jna-3468\jna3087852809082601638.dll
0x00007ff97a210000 - 0x00007ff97a33a000 	C:\WINDOWS\System32\Ole32.dll
0x00007ff9797d0000 - 0x00007ff979879000 	C:\WINDOWS\System32\clbcatq.dll
0x00007ff979d60000 - 0x00007ff979e2d000 	C:\WINDOWS\System32\OleAut32.dll
0x00007ff96dc80000 - 0x00007ff96dc99000 	C:\WINDOWS\SYSTEM32\amsi.dll
0x00007ff968a90000 - 0x00007ff968ad9000 	C:\WINDOWS\SYSTEM32\Pdh.dll
0x00007ff94d170000 - 0x00007ff94d17f000 	C:\WINDOWS\System32\perfos.dll
0x00007ff926a70000 - 0x00007ff926ae2000 	C:\normal\Codes\Code-Java\Rikaishi-Nikui\rikaishi_nikui\minecraft\versions\1.18.2\natives\lwjgl.dll
0x00007ff916460000 - 0x00007ff9166b1000 	C:\normal\Codes\Code-Java\Rikaishi-Nikui\rikaishi_nikui\minecraft\versions\1.18.2\natives\jemalloc.dll

dbghelp: loaded successfully - version: 4.0.5 - missing functions: none
symbol engine: initialized successfully - sym options: 0x614 - pdb path: .;C:\Users\lx\.jdks\corretto-17.0.2\bin;C:\WINDOWS\SYSTEM32;C:\WINDOWS\WinSxS\amd64_microsoft.windows.common-controls_6595b64144ccf1df_6.0.19041.1110_none_60b5254171f9507e;C:\Users\lx\.jdks\corretto-17.0.2\bin\server;C:\Program Files\Bonjour;C:\Users\lx\AppData\Local\Temp\jna-3468;C:\normal\Codes\Code-Java\Rikaishi-Nikui\rikaishi_nikui\minecraft\versions\1.18.2\natives

VM Arguments:
jvm_args: -Dcom.sun.jndi.ldap.object.trustURLCodebase=false -Duser.dir=C:\normal\Codes\Code-Java\Rikaishi-Nikui\rikaishi_nikui\minecraft\versions\1.18.2 -Dlog4j2.formatMsgNoLookups=true -Djava.library.path=C:\normal\Codes\Code-Java\Rikaishi-Nikui\rikaishi_nikui\minecraft\versions\1.18.2/natives/ 
java_command: net.minecraft.client.main.Main --username zhuaidadaya --version 1.18.2 --gameDir C:\normal\Codes\Code-Java\Rikaishi-Nikui\rikaishi_nikui\minecraft\versions\1.18.2 --assetsDir C:\normal\Codes\Code-Java\Rikaishi-Nikui\rikaishi_nikui\minecraft\assets --assetIndex 1.18 --uuid 278c1f83-69f3-4c48-b366-46ecfff9c718 --accessToken 278c1f83-69f3-4c48-b366-46ecfff9c718 --userProperties {} --userType Legacy --width 854 --height 480
java_class_path (initial): C:/normal/Codes/Code-Java/Rikaishi-Nikui/rikaishi_nikui/minecraft/libraries/ca/weblite/java-objc-bridge/1.0.0/java-objc-bridge-1.0.0.jar;C:/normal/Codes/Code-Java/Rikaishi-Nikui/rikaishi_nikui/minecraft/libraries/com/github/oshi/oshi-core/5.8.5/oshi-core-5.8.5.jar;C:/normal/Codes/Code-Java/Rikaishi-Nikui/rikaishi_nikui/minecraft/libraries/com/google/code/gson/gson/2.8.9/gson-2.8.9.jar;C:/normal/Codes/Code-Java/Rikaishi-Nikui/rikaishi_nikui/minecraft/libraries/com/google/guava/failureaccess/1.0.1/failureaccess-1.0.1.jar;C:/normal/Codes/Code-Java/Rikaishi-Nikui/rikaishi_nikui/minecraft/libraries/com/google/guava/guava/31.0.1-jre/guava-31.0.1-jre.jar;C:/normal/Codes/Code-Java/Rikaishi-Nikui/rikaishi_nikui/minecraft/libraries/com/ibm/icu/icu4j/70.1/icu4j-70.1.jar;C:/normal/Codes/Code-Java/Rikaishi-Nikui/rikaishi_nikui/minecraft/libraries/com/mojang/authlib/3.3.39/authlib-3.3.39.jar;C:/normal/Codes/Code-Java/Rikaishi-Nikui/rikaishi_nikui/minecraft/libraries/com/mojang/blocklist/1.0.10/blocklist-1.0.10.jar;C:/normal/Codes/Code-Java/Rikaishi-Nikui/rikaishi_nikui/minecraft/libraries/com/mojang/brigadier/1.0.18/brigadier-1.0.18.jar;C:/normal/Codes/Code-Java/Rikaishi-Nikui/rikaishi_nikui/minecraft/libraries/com/mojang/datafixerupper/4.1.27/datafixerupper-4.1.27.jar;C:/normal/Codes/Code-Java/Rikaishi-Nikui/rikaishi_nikui/minecraft/libraries/com/mojang/javabridge/1.2.24/javabridge-1.2.24.jar;C:/normal/Codes/Code-Java/Rikaishi-Nikui/rikaishi_nikui/minecraft/libraries/com/mojang/logging/1.0.0/logging-1.0.0.jar;C:/normal/Codes/Code-Java/Rikaishi-Nikui/rikaishi_nikui/minecraft/libraries/com/mojang/patchy/2.2.10/patchy-2.2.10.jar;C:/normal/Codes/Code-Java/Rikaishi-Nikui/rikaishi_nikui/minecraft/libraries/com/mojang/text2speech/1.12.4/text2speech-1.12.4.jar;C:/normal/Codes/Code-Java/Rikaishi-Nikui/rikaishi_nikui/minecraft/libraries/commons-codec/commons-codec/1.15/commons-codec-1.15.jar;C:/normal/Codes/Code-Java/Rikaishi-Nikui/rikaishi_nikui/minecraft/lib
Launcher Type: SUN_STANDARD

[Global flags]
     intx CICompilerCount                          = 4                                         {product} {ergonomic}
     uint ConcGCThreads                            = 3                                         {product} {ergonomic}
     uint G1ConcRefinementThreads                  = 10                                        {product} {ergonomic}
   size_t G1HeapRegionSize                         = 8388608                                   {product} {ergonomic}
    uintx GCDrainStackTargetSize                   = 64                                        {product} {ergonomic}
   size_t InitialHeapSize                          = 1073741824                                {product} {ergonomic}
   size_t MarkStackSize                            = 4194304                                   {product} {ergonomic}
   size_t MaxHeapSize                              = 17146314752                               {product} {ergonomic}
   size_t MaxNewSize                               = 10284433408                               {product} {ergonomic}
   size_t MinHeapDeltaBytes                        = 8388608                                   {product} {ergonomic}
   size_t MinHeapSize                              = 8388608                                   {product} {ergonomic}
    uintx NonNMethodCodeHeapSize                   = 5839372                                {pd product} {ergonomic}
    uintx NonProfiledCodeHeapSize                  = 122909434                              {pd product} {ergonomic}
    uintx ProfiledCodeHeapSize                     = 122909434                              {pd product} {ergonomic}
    uintx ReservedCodeCacheSize                    = 251658240                              {pd product} {ergonomic}
     bool SegmentedCodeCache                       = true                                      {product} {ergonomic}
   size_t SoftMaxHeapSize                          = 17146314752                            {manageable} {ergonomic}
     bool UseCompressedClassPointers               = true                           {product lp64_product} {ergonomic}
     bool UseCompressedOops                        = true                           {product lp64_product} {ergonomic}
     bool UseG1GC                                  = true                                      {product} {ergonomic}
     bool UseLargePagesIndividualAllocation        = false                                  {pd product} {ergonomic}

Logging:
Log output configuration:
 #0: stdout all=warning uptime,level,tags
 #1: stderr all=off uptime,level,tags

Environment Variables:
JAVA_HOME=C:\Users\lx\.jdks\openjdk-16.0.2
CLASSPATH=C:\Users\lx\.jdks\openjdk-16.0.2\lib\dt.jar;C:\Users\lx\.jdks\openjdk-16.0.2\lib\tools.jar
PATH=C:\Program Files\Common Files\Oracle\Java\javapath;C:\Program Files\Python39\Scripts\;C:\Program Files\Python39\;C:\Program Files (x86)\Common Files\Oracle\Java\javapath;C:\Users\lx\.jdks\openjdk-16.0.2\bin;C:\WINDOWS\system32;C:\WINDOWS;C:\WINDOWS\System32\Wbem;C:\WINDOWS\System32\WindowsPowerShell\v1.0\;C:\WINDOWS\System32\OpenSSH\;C:\Program Files\Microsoft SQL Server\130\Tools\Binn\;C:\Program Files (x86)\NVIDIA Corporation\PhysX\Common;C:\Program Files\NVIDIA Corporation\NVIDIA NvDLISR;C:\Program Files\Microsoft SQL Server\Client SDK\ODBC\170\Tools\Binn\;D:\Git\cmd;C:\Program Files (x86)\Microsoft SQL Server\150\Tools\Binn\;C:\Program Files\Microsoft SQL Server\150\Tools\Binn\;C:\Program Files\Microsoft SQL Server\150\DTS\Binn\;C:\Program Files (x86)\Microsoft SQL Server\150\DTS\Binn\;C:\Program Files\Azure Data Studio\bin;C:\Program Files\dotnet\;C:\Program Files\nodejs\;C:\ProgramData\chocolatey\bin;C:\GRADLE\bin;C:\Program Files\Intel\Intel(R) Memory and Storage Tool\;C:\Program Files\Git\cmd;C:\Us;C:\Program Files (x86)\Intel\Platform Flash Tool Lite;C:\Program Files (x86)\Intel\Phone Flash Tool Lite;C:\Users\lx\AppData\Local\Microsoft\WindowsApps;C:\Users\lx\AppData\Local\GitHubDesktop\bin;C:\Program Files\Azure Data Studio\bin;C:\Users\lx\.dotnet\tools;C:\Users\lx\AppData\Roaming\npm
USERNAME=lx
OS=Windows_NT
PROCESSOR_IDENTIFIER=Intel64 Family 6 Model 165 Stepping 0, GenuineIntel



---------------  S Y S T E M  ---------------

OS:
 Windows 10 , 64 bit Build 19041 (10.0.19041.1348)
OS uptime: 9 days 19:16 hours
Hyper-V role detected

CPU: total 12 (initial active 12) (6 cores per cpu, 2 threads per core) family 6 model 165 stepping 0 microcode 0xbe, cx8, cmov, fxsr, ht, mmx, 3dnowpref, sse, sse2, sse3, ssse3, sse4.1, sse4.2, popcnt, lzcnt, tsc, tscinvbit, avx, avx2, aes, erms, clmul, bmi1, bmi2, adx, fma, vzeroupper, clflush, clflushopt, hv

Memory: 4k page, system-wide physical 65398M (24270M free)
TotalPageFile size 72054M (AvailPageFile size 29908M)
current process WorkingSet (physical memory assigned to process): 1949M, peak: 1949M
current process commit charge ("private bytes"): 2056M, peak: 2062M

vm_info: OpenJDK 64-Bit Server VM (17.0.2+8-LTS) for windows-amd64 JRE (17.0.2+8-LTS), built on Jan 17 2022 05:07:39 by "Administrator" with MS VC++ 15.9 (VS2017)

END.
